{"timestamp":"2026-03-25T05:07:41.225Z","level":"INFO","message":"✓ MongoDB connected"}
{"timestamp":"2026-03-25T05:07:41.237Z","level":"INFO","message":"✓ Server running on port 5000"}
{"timestamp":"2026-03-25T05:07:41.238Z","level":"INFO","message":"Environment: development"}
{"timestamp":"2026-03-25T05:10:11.417Z","level":"INFO","message":"POST /login","data":{"status":200,"duration":"467ms","ip":"::1"}}
{"timestamp":"2026-03-25T05:10:11.544Z","level":"INFO","message":"GET /","data":{"status":200,"duration":"56ms","ip":"::1"}}
{"timestamp":"2026-03-25T05:10:11.550Z","level":"INFO","message":"GET /","data":{"status":200,"duration":"50ms","ip":"::1"}}
{"timestamp":"2026-03-25T05:10:14.017Z","level":"INFO","message":"GET /","data":{"status":200,"duration":"52ms","ip":"::1"}}
{"timestamp":"2026-03-25T05:10:18.894Z","level":"INFO","message":"GET /daily/entries","data":{"status":200,"duration":"23ms","ip":"::1"}}
{"timestamp":"2026-03-25T05:10:18.896Z","level":"INFO","message":"GET /daily/entries","data":{"status":200,"duration":"18ms","ip":"::1"}}
{"timestamp":"2026-03-25T05:10:42.721Z","level":"INFO","message":"GET /","data":{"status":200,"duration":"39ms","ip":"::1"}}
{"timestamp":"2026-03-25T05:10:47.706Z","level":"INFO","message":"GET /daily/entries","data":{"status":304,"duration":"1ms","ip":"::1"}}
{"timestamp":"2026-03-25T05:10:47.710Z","level":"INFO","message":"GET /daily/entries","data":{"status":304,"duration":"2ms","ip":"::1"}}
{"timestamp":"2026-03-25T05:10:48.787Z","level":"INFO","message":"GET /","data":{"status":304,"duration":"1ms","ip":"::1"}}
{"timestamp":"2026-03-25T05:10:50.998Z","level":"INFO","message":"GET /","data":{"status":304,"duration":"1ms","ip":"::1"}}
{"timestamp":"2026-03-25T05:17:35.715Z","level":"INFO","message":"GET /","data":{"status":304,"duration":"47ms","ip":"::1"}}
{"timestamp":"2026-03-25T05:35:09.501Z","level":"INFO","message":"GET /","data":{"status":304,"duration":"68ms","ip":"::1"}}
{"timestamp":"2026-03-25T05:35:51.041Z","level":"INFO","message":"GET /","data":{"status":304,"duration":"2ms","ip":"::1"}}
{"timestamp":"2026-03-25T05:36:13.971Z","level":"INFO","message":"GET /","data":{"status":304,"duration":"1ms","ip":"::1"}}
{"timestamp":"2026-03-25T05:36:39.134Z","level":"INFO","message":"GET /","data":{"status":304,"duration":"0ms","ip":"::1"}}
{"timestamp":"2026-03-25T05:36:45.744Z","level":"INFO","message":"GET /","data":{"status":304,"duration":"1ms","ip":"::1"}}
{"timestamp":"2026-03-25T05:36:51.361Z","level":"INFO","message":"GET /","data":{"status":304,"duration":"0ms","ip":"::1"}}
{"timestamp":"2026-03-25T05:36:55.720Z","level":"INFO","message":"GET /","data":{"status":304,"duration":"1ms","ip":"::1"}}
{"timestamp":"2026-03-25T05:37:12.991Z","level":"INFO","message":"GET /","data":{"status":304,"duration":"1ms","ip":"::1"}}
{"timestamp":"2026-03-25T05:37:20.675Z","level":"INFO","message":"GET /","data":{"status":304,"duration":"1ms","ip":"::1"}}
{"timestamp":"2026-03-25T05:37:33.296Z","level":"INFO","message":"GET /","data":{"status":304,"duration":"2ms","ip":"::1"}}
{"timestamp":"2026-03-25T05:37:41.352Z","level":"INFO","message":"GET /","data":{"status":304,"duration":"0ms","ip":"::1"}}
{"timestamp":"2026-03-25T05:37:46.989Z","level":"INFO","message":"GET /","data":{"status":304,"duration":"1ms","ip":"::1"}}
{"timestamp":"2026-03-25T05:37:51.025Z","level":"INFO","message":"GET /","data":{"status":304,"duration":"1ms","ip":"::1"}}
{"timestamp":"2026-03-25T05:38:00.529Z","level":"INFO","message":"GET /","data":{"status":304,"duration":"1ms","ip":"::1"}}
{"timestamp":"2026-03-25T05:38:03.361Z","level":"INFO","message":"GET /","data":{"status":304,"duration":"1ms","ip":"::1"}}
{"timestamp":"2026-03-25T05:38:05.184Z","level":"INFO","message":"GET /","data":{"status":304,"duration":"1ms","ip":"::1"}}
{"timestamp":"2026-03-25T05:38:08.980Z","level":"INFO","message":"GET /","data":{"status":304,"duration":"1ms","ip":"::1"}}
{"timestamp":"2026-03-25T05:38:26.945Z","level":"INFO","message":"GET /","data":{"status":304,"duration":"1ms","ip":"::1"}}
{"timestamp":"2026-03-25T05:38:36.932Z","level":"INFO","message":"GET /","data":{"status":304,"duration":"7ms","ip":"::1"}}
{"timestamp":"2026-03-25T05:38:38.576Z","level":"INFO","message":"GET /","data":{"status":304,"duration":"1ms","ip":"::1"}}
{"timestamp":"2026-03-25T05:38:39.955Z","level":"INFO","message":"GET /","data":{"status":304,"duration":"1ms","ip":"::1"}}
{"timestamp":"2026-03-25T05:38:42.386Z","level":"INFO","message":"GET /","data":{"status":304,"duration":"1ms","ip":"::1"}}
{"timestamp":"2026-03-25T05:39:35.406Z","level":"INFO","message":"GET /","data":{"status":304,"duration":"1ms","ip":"::1"}}
{"timestamp":"2026-03-25T05:39:38.139Z","level":"INFO","message":"GET /","data":{"status":304,"duration":"37ms","ip":"::1"}}
{"timestamp":"2026-03-25T05:39:42.072Z","level":"INFO","message":"GET /","data":{"status":304,"duration":"0ms","ip":"::1"}}
{"timestamp":"2026-03-25T05:39:43.967Z","level":"INFO","message":"GET /","data":{"status":304,"duration":"1ms","ip":"::1"}}
{"timestamp":"2026-03-25T05:39:48.975Z","level":"INFO","message":"GET /","data":{"status":304,"duration":"1ms","ip":"::1"}}
{"timestamp":"2026-03-25T05:39:51.591Z","level":"INFO","message":"GET /","data":{"status":304,"duration":"1ms","ip":"::1"}}
{"timestamp":"2026-03-25T05:41:57.235Z","level":"INFO","message":"PUT /69beedf1082685e09a8474b0","data":{"status":200,"duration":"143ms","ip":"::1"}}
{"timestamp":"2026-03-25T05:41:57.283Z","level":"INFO","message":"GET /","data":{"status":200,"duration":"43ms","ip":"::1"}}
{"timestamp":"2026-03-25T05:42:04.495Z","level":"INFO","message":"PUT /69b2999ed6b3f43bd368bfbd","data":{"status":200,"duration":"48ms","ip":"::1"}}
{"timestamp":"2026-03-25T05:42:04.559Z","level":"INFO","message":"GET /","data":{"status":200,"duration":"48ms","ip":"::1"}}
{"timestamp":"2026-03-25T05:42:10.644Z","level":"INFO","message":"PUT /69b2999ed6b3f43bd368bfbd","data":{"status":200,"duration":"22ms","ip":"::1"}}
{"timestamp":"2026-03-25T05:42:10.688Z","level":"INFO","message":"GET /","data":{"status":200,"duration":"39ms","ip":"::1"}}
{"timestamp":"2026-03-25T05:42:18.526Z","level":"INFO","message":"PUT /69beedf1082685e09a8474b0","data":{"status":200,"duration":"33ms","ip":"::1"}}
{"timestamp":"2026-03-25T05:42:18.580Z","level":"INFO","message":"GET /","data":{"status":200,"duration":"47ms","ip":"::1"}}
{"timestamp":"2026-03-25T05:59:51.798Z","level":"INFO","message":"POST /refresh","data":{"status":200,"duration":"13ms","ip":"::1"}}
{"timestamp":"2026-03-25T06:19:14.235Z","level":"INFO","message":"GET /","data":{"status":304,"duration":"129ms","ip":"::1"}}
{"timestamp":"2026-03-25T06:19:18.189Z","level":"INFO","message":"GET /","data":{"status":304,"duration":"2ms","ip":"::1"}}
{"timestamp":"2026-03-25T06:19:22.128Z","level":"INFO","message":"GET /","data":{"status":304,"duration":"4ms","ip":"::1"}}
{"timestamp":"2026-03-25T06:19:52.989Z","level":"INFO","message":"GET /","data":{"status":304,"duration":"0ms","ip":"::1"}}
{"timestamp":"2026-03-25T06:20:11.335Z","level":"INFO","message":"GET /","data":{"status":304,"duration":"1ms","ip":"::1"}}
{"timestamp":"2026-03-25T06:21:36.769Z","level":"INFO","message":"GET /","data":{"status":304,"duration":"1ms","ip":"::1"}}
{"timestamp":"2026-03-25T06:21:42.340Z","level":"INFO","message":"GET /","data":{"status":304,"duration":"1ms","ip":"::1"}}
{"timestamp":"2026-03-25T06:22:10.611Z","level":"INFO","message":"GET /","data":{"status":304,"duration":"1ms","ip":"::1"}}
{"timestamp":"2026-03-25T06:22:14.247Z","level":"INFO","message":"GET /","data":{"status":304,"duration":"0ms","ip":"::1"}}
{"timestamp":"2026-03-25T06:23:57.805Z","level":"INFO","message":"GET /","data":{"status":304,"duration":"1ms","ip":"::1"}}
{"timestamp":"2026-03-25T06:24:01.116Z","level":"INFO","message":"GET /","data":{"status":304,"duration":"1ms","ip":"::1"}}
{"timestamp":"2026-03-25T06:24:08.522Z","level":"INFO","message":"GET /","data":{"status":304,"duration":"2ms","ip":"::1"}}
{"timestamp":"2026-03-25T06:25:01.133Z","level":"INFO","message":"GET /","data":{"status":304,"duration":"55ms","ip":"::1"}}
{"timestamp":"2026-03-25T06:25:02.585Z","level":"INFO","message":"GET /","data":{"status":304,"duration":"1ms","ip":"::1"}}
{"timestamp":"2026-03-25T06:29:41.452Z","level":"INFO","message":"GET /","data":{"status":304,"duration":"1ms","ip":"::1"}}
{"timestamp":"2026-03-25T06:29:42.652Z","level":"INFO","message":"GET /","data":{"status":304,"duration":"1ms","ip":"::1"}}
{"timestamp":"2026-03-25T06:29:46.270Z","level":"INFO","message":"GET /","data":{"status":304,"duration":"1ms","ip":"::1"}}
{"timestamp":"2026-03-25T06:29:48.060Z","level":"INFO","message":"GET /","data":{"status":304,"duration":"1ms","ip":"::1"}}
{"timestamp":"2026-03-25T06:29:49.209Z","level":"INFO","message":"GET /","data":{"status":304,"duration":"1ms","ip":"::1"}}
{"timestamp":"2026-03-25T06:29:51.253Z","level":"INFO","message":"GET /","data":{"status":304,"duration":"1ms","ip":"::1"}}
{"timestamp":"2026-03-25T06:29:53.395Z","level":"INFO","message":"GET /","data":{"status":304,"duration":"1ms","ip":"::1"}}
{"timestamp":"2026-03-25T06:30:01.218Z","level":"INFO","message":"GET /","data":{"status":304,"duration":"32ms","ip":"::1"}}
{"timestamp":"2026-03-25T06:30:03.907Z","level":"INFO","message":"GET /","data":{"status":304,"duration":"1ms","ip":"::1"}}
{"timestamp":"2026-03-25T06:31:26.862Z","level":"INFO","message":"GET /","data":{"status":304,"duration":"1ms","ip":"::1"}}
{"timestamp":"2026-03-25T06:31:28.194Z","level":"INFO","message":"GET /","data":{"status":304,"duration":"1ms","ip":"::1"}}
{"timestamp":"2026-03-25T06:32:59.120Z","level":"INFO","message":"GET /","data":{"status":304,"duration":"0ms","ip":"::1"}}
{"timestamp":"2026-03-25T06:33:04.483Z","level":"INFO","message":"GET /","data":{"status":304,"duration":"0ms","ip":"::1"}}
{"timestamp":"2026-03-25T06:33:09.918Z","level":"INFO","message":"GET /","data":{"status":304,"duration":"1ms","ip":"::1"}}
{"timestamp":"2026-03-25T06:34:35.603Z","level":"INFO","message":"GET /","data":{"status":304,"duration":"1ms","ip":"::1"}}
{"timestamp":"2026-03-25T06:34:37.093Z","level":"INFO","message":"GET /","data":{"status":304,"duration":"1ms","ip":"::1"}}
{"timestamp":"2026-03-25T06:34:49.909Z","level":"INFO","message":"GET /","data":{"status":304,"duration":"2ms","ip":"::1"}}
{"timestamp":"2026-03-25T06:34:50.994Z","level":"INFO","message":"GET /","data":{"status":304,"duration":"1ms","ip":"::1"}}
{"timestamp":"2026-03-25T06:35:24.709Z","level":"INFO","message":"PUT /69b2999ed6b3f43bd368bfbd","data":{"status":200,"duration":"54ms","ip":"::1"}}
{"timestamp":"2026-03-25T06:41:34.369Z","level":"INFO","message":"GET /","data":{"status":200,"duration":"34ms","ip":"::1"}}
{"timestamp":"2026-03-25T06:41:36.634Z","level":"INFO","message":"GET /","data":{"status":304,"duration":"0ms","ip":"::1"}}
{"timestamp":"2026-03-25T06:43:26.983Z","level":"INFO","message":"GET /","data":{"status":304,"duration":"2ms","ip":"::1"}}
{"timestamp":"2026-03-25T06:48:21.035Z","level":"INFO","message":"GET /","data":{"status":304,"duration":"31ms","ip":"::1"}}
{"timestamp":"2026-03-25T06:48:31.018Z","level":"INFO","message":"GET /","data":{"status":304,"duration":"0ms","ip":"::1"}}
{"timestamp":"2026-03-25T06:48:45.154Z","level":"INFO","message":"GET /","data":{"status":304,"duration":"1ms","ip":"::1"}}
{"timestamp":"2026-03-25T06:48:46.519Z","level":"INFO","message":"GET /","data":{"status":304,"duration":"0ms","ip":"::1"}}
{"timestamp":"2026-03-25T06:51:37.275Z","level":"INFO","message":"GET /","data":{"status":304,"duration":"1ms","ip":"::1"}}
{"timestamp":"2026-03-25T06:51:38.578Z","level":"INFO","message":"GET /","data":{"status":304,"duration":"1ms","ip":"::1"}}
{"timestamp":"2026-03-25T06:51:39.692Z","level":"INFO","message":"GET /","data":{"status":304,"duration":"0ms","ip":"::1"}}
{"timestamp":"2026-03-25T06:51:41.024Z","level":"INFO","message":"GET /","data":{"status":304,"duration":"1ms","ip":"::1"}}
{"timestamp":"2026-03-25T06:51:42.263Z","level":"INFO","message":"GET /","data":{"status":304,"duration":"1ms","ip":"::1"}}
{"timestamp":"2026-03-25T06:52:40.960Z","level":"INFO","message":"GET /","data":{"status":304,"duration":"0ms","ip":"::1"}}
{"timestamp":"2026-03-25T06:54:27.117Z","level":"INFO","message":"GET /","data":{"status":304,"duration":"35ms","ip":"::1"}}
{"timestamp":"2026-03-25T06:54:40.578Z","level":"INFO","message":"GET /","data":{"status":304,"duration":"1ms","ip":"::1"}}
{"timestamp":"2026-03-25T06:55:04.164Z","level":"INFO","message":"GET /","data":{"status":304,"duration":"1ms","ip":"::1"}}
{"timestamp":"2026-03-25T06:55:20.814Z","level":"INFO","message":"GET /","data":{"status":304,"duration":"1ms","ip":"::1"}}
{"timestamp":"2026-03-25T06:55:26.877Z","level":"INFO","message":"GET /","data":{"status":304,"duration":"1ms","ip":"::1"}}
{"timestamp":"2026-03-25T06:55:40.956Z","level":"INFO","message":"GET /","data":{"status":304,"duration":"1ms","ip":"::1"}}
{"timestamp":"2026-03-25T06:55:42.765Z","level":"INFO","message":"GET /","data":{"status":304,"duration":"1ms","ip":"::1"}}
{"timestamp":"2026-03-25T06:56:00.127Z","level":"INFO","message":"GET /","data":{"status":304,"duration":"1ms","ip":"::1"}}
{"timestamp":"2026-03-25T06:56:02.808Z","level":"INFO","message":"GET /","data":{"status":304,"duration":"0ms","ip":"::1"}}
{"timestamp":"2026-03-25T06:56:32.766Z","level":"INFO","message":"GET /","data":{"status":304,"duration":"1ms","ip":"::1"}}
{"timestamp":"2026-03-25T06:56:33.896Z","level":"INFO","message":"GET /","data":{"status":304,"duration":"0ms","ip":"::1"}}
{"timestamp":"2026-03-25T06:56:37.951Z","level":"INFO","message":"GET /","data":{"status":304,"duration":"1ms","ip":"::1"}}
{"timestamp":"2026-03-25T06:56:41.322Z","level":"INFO","message":"GET /","data":{"status":304,"duration":"1ms","ip":"::1"}}
{"timestamp":"2026-03-25T06:56:43.430Z","level":"INFO","message":"GET /","data":{"status":304,"duration":"0ms","ip":"::1"}}
{"timestamp":"2026-03-25T06:57:23.881Z","level":"INFO","message":"GET /","data":{"status":304,"duration":"1ms","ip":"::1"}}
{"timestamp":"2026-03-25T06:57:26.478Z","level":"INFO","message":"GET /","data":{"status":304,"duration":"0ms","ip":"::1"}}
{"timestamp":"2026-03-25T06:57:28.072Z","level":"INFO","message":"GET /","data":{"status":304,"duration":"0ms","ip":"::1"}}
{"timestamp":"2026-03-25T06:58:26.598Z","level":"INFO","message":"GET /","data":{"status":304,"duration":"3ms","ip":"::1"}}
{"timestamp":"2026-03-25T06:58:28.363Z","level":"INFO","message":"GET /","data":{"status":304,"duration":"0ms","ip":"::1"}}
{"timestamp":"2026-03-25T07:00:09.954Z","level":"INFO","message":"GET /","data":{"status":304,"duration":"34ms","ip":"::1"}}
{"timestamp":"2026-03-25T07:00:41.304Z","level":"INFO","message":"GET /","data":{"status":304,"duration":"1ms","ip":"::1"}}
{"timestamp":"2026-03-25T07:04:37.230Z","level":"INFO","message":"GET /","data":{"status":304,"duration":"1ms","ip":"::1"}}
{"timestamp":"2026-03-25T07:04:38.469Z","level":"INFO","message":"GET /","data":{"status":304,"duration":"1ms","ip":"::1"}}
{"timestamp":"2026-03-25T07:05:20.382Z","level":"INFO","message":"GET /","data":{"status":304,"duration":"37ms","ip":"::1"}}
{"timestamp":"2026-03-25T07:05:21.861Z","level":"INFO","message":"GET /","data":{"status":304,"duration":"1ms","ip":"::1"}}
{"timestamp":"2026-03-25T07:05:23.675Z","level":"INFO","message":"GET /","data":{"status":304,"duration":"0ms","ip":"::1"}}
{"timestamp":"2026-03-25T07:05:30.002Z","level":"INFO","message":"GET /","data":{"status":304,"duration":"1ms","ip":"::1"}}
{"timestamp":"2026-03-25T07:05:46.006Z","level":"INFO","message":"GET /","data":{"status":304,"duration":"1ms","ip":"::1"}}
{"timestamp":"2026-03-25T07:24:30.888Z","level":"INFO","message":"GET /","data":{"status":304,"duration":"107ms","ip":"::1"}}
{"timestamp":"2026-03-25T07:24:40.939Z","level":"INFO","message":"GET /","data":{"status":304,"duration":"1ms","ip":"::1"}}
{"timestamp":"2026-03-25T07:24:43.419Z","level":"INFO","message":"GET /","data":{"status":304,"duration":"1ms","ip":"::1"}}
{"timestamp":"2026-03-25T07:24:45.198Z","level":"INFO","message":"GET /","data":{"status":304,"duration":"1ms","ip":"::1"}}
{"timestamp":"2026-03-25T07:24:46.249Z","level":"INFO","message":"GET /","data":{"status":304,"duration":"1ms","ip":"::1"}}
{"timestamp":"2026-03-25T07:25:13.529Z","level":"INFO","message":"GET /","data":{"status":304,"duration":"1ms","ip":"::1"}}
{"timestamp":"2026-03-25T07:25:23.663Z","level":"INFO","message":"PUT /69b2999ed6b3f43bd368bfbd","data":{"status":200,"duration":"37ms","ip":"::1"}}
{"timestamp":"2026-03-25T07:25:43.348Z","level":"INFO","message":"PUT /69b2999ed6b3f43bd368bfbd","data":{"status":200,"duration":"35ms","ip":"::1"}}
{"timestamp":"2026-03-25T07:25:48.700Z","level":"INFO","message":"PUT /69b2999ed6b3f43bd368bfbd","data":{"status":200,"duration":"21ms","ip":"::1"}}
{"timestamp":"2026-03-25T07:26:09.163Z","level":"INFO","message":"PUT /69b2999ed6b3f43bd368bfbd","data":{"status":200,"duration":"23ms","ip":"::1"}}
{"timestamp":"2026-03-25T07:26:17.609Z","level":"INFO","message":"PUT /69b2999ed6b3f43bd368bfbd","data":{"status":200,"duration":"23ms","ip":"::1"}}
{"timestamp":"2026-03-25T07:27:28.887Z","level":"INFO","message":"PUT /69b2999ed6b3f43bd368bfbd","data":{"status":200,"duration":"28ms","ip":"::1"}}
{"timestamp":"2026-03-25T07:27:33.474Z","level":"INFO","message":"GET /","data":{"status":200,"duration":"32ms","ip":"::1"}}
{"timestamp":"2026-03-25T07:27:44.708Z","level":"INFO","message":"PUT /69beedf1082685e09a8474b0","data":{"status":200,"duration":"20ms","ip":"::1"}}
{"timestamp":"2026-03-25T07:28:01.446Z","level":"INFO","message":"PUT /69b2999ed6b3f43bd368bfbd","data":{"status":200,"duration":"29ms","ip":"::1"}}
{"timestamp":"2026-03-25T07:28:14.517Z","level":"INFO","message":"PUT /69beedf1082685e09a8474b0","data":{"status":200,"duration":"18ms","ip":"::1"}}
{"timestamp":"2026-03-25T07:28:19.285Z","level":"INFO","message":"PUT /69beedf1082685e09a8474b0","data":{"status":200,"duration":"19ms","ip":"::1"}}
{"timestamp":"2026-03-25T07:28:26.089Z","level":"INFO","message":"PUT /69beedf1082685e09a8474b0","data":{"status":200,"duration":"21ms","ip":"::1"}}
{"timestamp":"2026-03-25T07:28:38.843Z","level":"INFO","message":"PUT /69b2999ed6b3f43bd368bfbd","data":{"status":200,"duration":"29ms","ip":"::1"}}
{"timestamp":"2026-03-25T07:28:53.668Z","level":"INFO","message":"PUT /69b2999ed6b3f43bd368bfbd","data":{"status":200,"duration":"18ms","ip":"::1"}}
{"timestamp":"2026-03-25T07:29:07.524Z","level":"INFO","message":"PUT /69b2999ed6b3f43bd368bfbd","data":{"status":200,"duration":"21ms","ip":"::1"}}
{"timestamp":"2026-03-25T07:29:21.932Z","level":"INFO","message":"PUT /69beedf1082685e09a8474b0","data":{"status":200,"duration":"35ms","ip":"::1"}}
{"timestamp":"2026-03-25T07:30:49.293Z","level":"INFO","message":"PUT /69b2999ed6b3f43bd368bfbd","data":{"status":200,"duration":"29ms","ip":"::1"}}
{"timestamp":"2026-03-25T07:30:52.573Z","level":"INFO","message":"PUT /69b2999ed6b3f43bd368bfbd","data":{"status":200,"duration":"19ms","ip":"::1"}}
{"timestamp":"2026-03-25T07:31:09.197Z","level":"INFO","message":"PUT /69b2999ed6b3f43bd368bfbd","data":{"status":200,"duration":"39ms","ip":"::1"}}
{"timestamp":"2026-03-25T07:31:28.613Z","level":"INFO","message":"GET /daily/entries","data":{"status":304,"duration":"38ms","ip":"::1"}}
{"timestamp":"2026-03-25T07:31:28.629Z","level":"INFO","message":"GET /daily/entries","data":{"status":304,"duration":"36ms","ip":"::1"}}
{"timestamp":"2026-03-25T07:31:30.281Z","level":"INFO","message":"GET /","data":{"status":304,"duration":"57ms","ip":"::1"}}
{"timestamp":"2026-03-25T07:31:35.107Z","level":"INFO","message":"GET /","data":{"status":200,"duration":"36ms","ip":"::1"}}
{"timestamp":"2026-03-25T07:47:34.049Z","level":"INFO","message":"POST /refresh","data":{"status":200,"duration":"49ms","ip":"::1"}}
{"timestamp":"2026-03-25T08:07:33.919Z","level":"INFO","message":"POST /refresh","data":{"status":200,"duration":"8ms","ip":"::1"}}
{"timestamp":"2026-03-25T08:21:27.063Z","level":"INFO","message":"GET /","data":{"status":304,"duration":"80ms","ip":"::1"}}
{"timestamp":"2026-03-25T08:21:30.820Z","level":"INFO","message":"GET /","data":{"status":304,"duration":"1ms","ip":"::1"}}
{"timestamp":"2026-03-25T08:21:41.331Z","level":"INFO","message":"GET /","data":{"status":304,"duration":"1ms","ip":"::1"}}
{"timestamp":"2026-03-25T08:21:43.197Z","level":"INFO","message":"GET /","data":{"status":304,"duration":"1ms","ip":"::1"}}
{"timestamp":"2026-03-25T08:35:53.958Z","level":"INFO","message":"GET /","data":{"status":304,"duration":"70ms","ip":"::1"}}
{"timestamp":"2026-03-25T08:35:55.584Z","level":"INFO","message":"GET /","data":{"status":304,"duration":"1ms","ip":"::1"}}
{"timestamp":"2026-03-25T08:37:37.175Z","level":"INFO","message":"GET /","data":{"status":304,"duration":"1ms","ip":"::1"}}
{"timestamp":"2026-03-25T08:37:54.733Z","level":"INFO","message":"GET /","data":{"status":304,"duration":"1ms","ip":"::1"}}
{"timestamp":"2026-03-25T08:37:57.245Z","level":"INFO","message":"GET /","data":{"status":304,"duration":"0ms","ip":"::1"}}
{"timestamp":"2026-03-25T08:40:16.524Z","level":"INFO","message":"GET /","data":{"status":304,"duration":"1ms","ip":"::1"}}
{"timestamp":"2026-03-25T08:40:19.770Z","level":"INFO","message":"GET /","data":{"status":304,"duration":"0ms","ip":"::1"}}
{"timestamp":"2026-03-25T08:40:25.162Z","level":"INFO","message":"GET /","data":{"status":304,"duration":"1ms","ip":"::1"}}
{"timestamp":"2026-03-25T08:40:27.329Z","level":"INFO","message":"GET /","data":{"status":304,"duration":"1ms","ip":"::1"}}
{"timestamp":"2026-03-25T08:45:51.525Z","level":"INFO","message":"GET /","data":{"status":304,"duration":"52ms","ip":"::1"}}
{"timestamp":"2026-03-25T08:45:52.775Z","level":"INFO","message":"GET /","data":{"status":304,"duration":"0ms","ip":"::1"}}
{"timestamp":"2026-03-25T08:46:28.348Z","level":"INFO","message":"GET /","data":{"status":304,"duration":"0ms","ip":"::1"}}
{"timestamp":"2026-03-25T08:46:30.184Z","level":"INFO","message":"GET /","data":{"status":304,"duration":"1ms","ip":"::1"}}
{"timestamp":"2026-03-25T08:46:37.542Z","level":"INFO","message":"GET /","data":{"status":304,"duration":"1ms","ip":"::1"}}
{"timestamp":"2026-03-25T08:46:39.699Z","level":"INFO","message":"GET /","data":{"status":304,"duration":"0ms","ip":"::1"}}
{"timestamp":"2026-03-25T08:47:24.416Z","level":"INFO","message":"GET /","data":{"status":304,"duration":"1ms","ip":"::1"}}
{"timestamp":"2026-03-25T08:47:30.311Z","level":"INFO","message":"GET /","data":{"status":304,"duration":"1ms","ip":"::1"}}
{"timestamp":"2026-03-25T08:47:31.900Z","level":"INFO","message":"GET /","data":{"status":304,"duration":"0ms","ip":"::1"}}
{"timestamp":"2026-03-25T08:50:49.175Z","level":"INFO","message":"GET /","data":{"status":304,"duration":"0ms","ip":"::1"}}
{"timestamp":"2026-03-25T08:50:51.492Z","level":"INFO","message":"GET /","data":{"status":304,"duration":"1ms","ip":"::1"}}
{"timestamp":"2026-03-25T09:10:51.924Z","level":"INFO","message":"POST /refresh","data":{"status":200,"duration":"33ms","ip":"::1"}}
{"timestamp":"2026-03-25T09:30:51.860Z","level":"INFO","message":"POST /refresh","data":{"status":200,"duration":"3ms","ip":"::1"}}
{"timestamp":"2026-03-25T09:50:51.862Z","level":"INFO","message":"POST /refresh","data":{"status":200,"duration":"6ms","ip":"::1"}}
{"timestamp":"2026-03-25T09:55:00.042Z","level":"INFO","message":"GET /","data":{"status":304,"duration":"73ms","ip":"::1"}}
{"timestamp":"2026-03-25T09:55:02.249Z","level":"INFO","message":"GET /","data":{"status":304,"duration":"1ms","ip":"::1"}}
{"timestamp":"2026-03-25T09:56:35.279Z","level":"INFO","message":"GET /","data":{"status":304,"duration":"1ms","ip":"::1"}}
{"timestamp":"2026-03-25T09:56:48.661Z","level":"INFO","message":"GET /","data":{"status":304,"duration":"1ms","ip":"::1"}}
{"timestamp":"2026-03-25T09:56:52.064Z","level":"INFO","message":"GET /","data":{"status":304,"duration":"0ms","ip":"::1"}}
{"timestamp":"2026-03-25T09:56:58.713Z","level":"INFO","message":"GET /","data":{"status":304,"duration":"0ms","ip":"::1"}}
{"timestamp":"2026-03-25T09:58:22.619Z","level":"INFO","message":"PUT /69b2999ed6b3f43bd368bfbd","data":{"status":200,"duration":"60ms","ip":"::1"}}
{"timestamp":"2026-03-25T09:58:33.242Z","level":"INFO","message":"PUT /69b2999ed6b3f43bd368bfbd","data":{"status":200,"duration":"24ms","ip":"::1"}}
{"timestamp":"2026-03-25T09:58:42.851Z","level":"INFO","message":"DELETE /69b2999ed6b3f43bd368bfbd","data":{"status":200,"duration":"68ms","ip":"::1"}}
{"timestamp":"2026-03-25T09:59:19.952Z","level":"INFO","message":"GET /","data":{"status":200,"duration":"38ms","ip":"::1"}}
{"timestamp":"2026-03-25T10:00:05.554Z","level":"INFO","message":"GET /","data":{"status":304,"duration":"1ms","ip":"::1"}}
{"timestamp":"2026-03-25T10:00:12.120Z","level":"INFO","message":"GET /","data":{"status":304,"duration":"1ms","ip":"::1"}}
{"timestamp":"2026-03-25T10:00:13.321Z","level":"INFO","message":"GET /","data":{"status":304,"duration":"1ms","ip":"::1"}}
{"timestamp":"2026-03-25T10:00:15.863Z","level":"INFO","message":"GET /","data":{"status":304,"duration":"0ms","ip":"::1"}}
{"timestamp":"2026-03-25T10:00:18.292Z","level":"INFO","message":"GET /","data":{"status":304,"duration":"1ms","ip":"::1"}}
{"timestamp":"2026-03-25T10:00:22.022Z","level":"INFO","message":"GET /","data":{"status":304,"duration":"1ms","ip":"::1"}}
{"timestamp":"2026-03-25T10:00:26.101Z","level":"INFO","message":"GET /","data":{"status":304,"duration":"1ms","ip":"::1"}}
{"timestamp":"2026-03-25T10:00:31.273Z","level":"INFO","message":"GET /","data":{"status":304,"duration":"1ms","ip":"::1"}}
{"timestamp":"2026-03-25T10:02:05.891Z","level":"INFO","message":"GET /","data":{"status":304,"duration":"1ms","ip":"::1"}}
{"timestamp":"2026-03-25T10:02:24.619Z","level":"INFO","message":"GET /","data":{"status":304,"duration":"1ms","ip":"::1"}}
{"timestamp":"2026-03-25T10:02:26.183Z","level":"INFO","message":"GET /","data":{"status":304,"duration":"1ms","ip":"::1"}}
{"timestamp":"2026-03-25T10:03:37.967Z","level":"INFO","message":"GET /","data":{"status":304,"duration":"0ms","ip":"::1"}}
{"timestamp":"2026-03-25T10:03:40.999Z","level":"INFO","message":"GET /","data":{"status":304,"duration":"0ms","ip":"::1"}}
{"timestamp":"2026-03-25T10:03:43.424Z","level":"INFO","message":"GET /","data":{"status":304,"duration":"1ms","ip":"::1"}}
{"timestamp":"2026-03-25T10:04:08.511Z","level":"INFO","message":"PUT /69beedf1082685e09a8474b0","data":{"status":200,"duration":"47ms","ip":"::1"}}
{"timestamp":"2026-03-25T10:04:09.918Z","level":"INFO","message":"PUT /69beedf1082685e09a8474b0","data":{"status":200,"duration":"23ms","ip":"::1"}}
{"timestamp":"2026-03-25T10:04:10.898Z","level":"INFO","message":"PUT /69beedf1082685e09a8474b0","data":{"status":200,"duration":"27ms","ip":"::1"}}
{"timestamp":"2026-03-25T10:04:11.535Z","level":"INFO","message":"PUT /69beedf1082685e09a8474b0","data":{"status":200,"duration":"31ms","ip":"::1"}}
{"timestamp":"2026-03-25T10:04:12.504Z","level":"INFO","message":"PUT /69beedf1082685e09a8474b0","data":{"status":200,"duration":"21ms","ip":"::1"}}
{"timestamp":"2026-03-25T10:04:12.686Z","level":"INFO","message":"PUT /69beedf1082685e09a8474b0","data":{"status":200,"duration":"23ms","ip":"::1"}}
{"timestamp":"2026-03-25T10:04:15.096Z","level":"INFO","message":"PUT /69beedf1082685e09a8474b0","data":{"status":200,"duration":"21ms","ip":"::1"}}
{"timestamp":"2026-03-25T10:04:15.601Z","level":"INFO","message":"PUT /69beedf1082685e09a8474b0","data":{"status":200,"duration":"21ms","ip":"::1"}}
{"timestamp":"2026-03-25T10:04:15.782Z","level":"INFO","message":"PUT /69beedf1082685e09a8474b0","data":{"status":200,"duration":"23ms","ip":"::1"}}
{"timestamp":"2026-03-25T10:04:15.961Z","level":"INFO","message":"PUT /69beedf1082685e09a8474b0","data":{"status":200,"duration":"22ms","ip":"::1"}}
{"timestamp":"2026-03-25T10:04:19.698Z","level":"INFO","message":"GET /","data":{"status":304,"duration":"50ms","ip":"::1"}}
{"timestamp":"2026-03-25T10:04:21.717Z","level":"INFO","message":"GET /daily/entries","data":{"status":304,"duration":"26ms","ip":"::1"}}
{"timestamp":"2026-03-25T10:04:21.732Z","level":"INFO","message":"GET /daily/entries","data":{"status":304,"duration":"32ms","ip":"::1"}}
{"timestamp":"2026-03-25T10:04:22.359Z","level":"INFO","message":"GET /","data":{"status":200,"duration":"39ms","ip":"::1"}}
{"timestamp":"2026-03-25T10:04:27.442Z","level":"INFO","message":"PUT /69beedf1082685e09a8474b0","data":{"status":200,"duration":"63ms","ip":"::1"}}
{"timestamp":"2026-03-25T10:04:27.953Z","level":"INFO","message":"PUT /69beedf1082685e09a8474b0","data":{"status":200,"duration":"22ms","ip":"::1"}}
{"timestamp":"2026-03-25T10:04:28.131Z","level":"INFO","message":"PUT /69beedf1082685e09a8474b0","data":{"status":200,"duration":"23ms","ip":"::1"}}
{"timestamp":"2026-03-25T10:04:28.340Z","level":"INFO","message":"PUT /69beedf1082685e09a8474b0","data":{"status":200,"duration":"32ms","ip":"::1"}}
{"timestamp":"2026-03-25T10:04:28.519Z","level":"INFO","message":"PUT /69beedf1082685e09a8474b0","data":{"status":200,"duration":"21ms","ip":"::1"}}
{"timestamp":"2026-03-25T10:04:28.778Z","level":"INFO","message":"PUT /69beedf1082685e09a8474b0","data":{"status":200,"duration":"24ms","ip":"::1"}}
{"timestamp":"2026-03-25T10:04:29.823Z","level":"INFO","message":"PUT /69beedf1082685e09a8474b0","data":{"status":200,"duration":"24ms","ip":"::1"}}
{"timestamp":"2026-03-25T10:04:30.064Z","level":"INFO","message":"PUT /69beedf1082685e09a8474b0","data":{"status":200,"duration":"22ms","ip":"::1"}}
{"timestamp":"2026-03-25T10:04:30.291Z","level":"INFO","message":"PUT /69beedf1082685e09a8474b0","data":{"status":200,"duration":"22ms","ip":"::1"}}
{"timestamp":"2026-03-25T10:04:30.469Z","level":"INFO","message":"PUT /69beedf1082685e09a8474b0","data":{"status":200,"duration":"23ms","ip":"::1"}}
{"timestamp":"2026-03-25T10:04:30.617Z","level":"INFO","message":"PUT /69beedf1082685e09a8474b0","data":{"status":200,"duration":"23ms","ip":"::1"}}
{"timestamp":"2026-03-25T10:04:38.261Z","level":"INFO","message":"GET /","data":{"status":200,"duration":"39ms","ip":"::1"}}
{"timestamp":"2026-03-25T10:04:40.566Z","level":"INFO","message":"GET /","data":{"status":304,"duration":"0ms","ip":"::1"}}
{"timestamp":"2026-03-25T10:04:44.292Z","level":"INFO","message":"GET /","data":{"status":304,"duration":"0ms","ip":"::1"}}
{"timestamp":"2026-03-25T10:04:47.614Z","level":"INFO","message":"GET /","data":{"status":304,"duration":"0ms","ip":"::1"}}
{"timestamp":"2026-03-25T10:04:53.938Z","level":"INFO","message":"GET /","data":{"status":304,"duration":"1ms","ip":"::1"}}
{"timestamp":"2026-03-25T10:05:03.456Z","level":"INFO","message":"GET /","data":{"status":304,"duration":"1ms","ip":"::1"}}
{"timestamp":"2026-03-25T10:05:36.424Z","level":"INFO","message":"GET /","data":{"status":304,"duration":"1ms","ip":"::1"}}
{"timestamp":"2026-03-25T10:06:00.094Z","level":"INFO","message":"DELETE /69beedf1082685e09a8474b0","data":{"status":200,"duration":"32ms","ip":"::1"}}
{"timestamp":"2026-03-25T10:06:22.908Z","level":"INFO","message":"POST /","data":{"status":201,"duration":"120ms","ip":"::1"}}
{"timestamp":"2026-03-25T10:06:50.413Z","level":"INFO","message":"PUT /69c3b39e9abef3bfdbdf1445","data":{"status":200,"duration":"36ms","ip":"::1"}}
{"timestamp":"2026-03-25T10:07:00.361Z","level":"INFO","message":"DELETE /69c3b39e9abef3bfdbdf1445","data":{"status":200,"duration":"22ms","ip":"::1"}}
{"timestamp":"2026-03-25T10:07:12.652Z","level":"INFO","message":"GET /","data":{"status":200,"duration":"37ms","ip":"::1"}}
{"timestamp":"2026-03-25T10:09:05.802Z","level":"INFO","message":"POST /","data":{"status":201,"duration":"36ms","ip":"::1"}}
{"timestamp":"2026-03-25T10:10:37.700Z","level":"INFO","message":"POST /","data":{"status":201,"duration":"24ms","ip":"::1"}}
{"timestamp":"2026-03-25T10:26:45.709Z","level":"INFO","message":"GET /","data":{"status":200,"duration":"113ms","ip":"::1"}}
{"timestamp":"2026-03-25T10:27:17.041Z","level":"INFO","message":"GET /","data":{"status":304,"duration":"0ms","ip":"::1"}}
{"timestamp":"2026-03-25T10:27:19.641Z","level":"INFO","message":"GET /","data":{"status":304,"duration":"0ms","ip":"::1"}}
{"timestamp":"2026-03-25T10:28:18.692Z","level":"INFO","message":"GET /","data":{"status":304,"duration":"1ms","ip":"::1"}}
{"timestamp":"2026-03-25T10:28:26.035Z","level":"INFO","message":"GET /","data":{"status":304,"duration":"2ms","ip":"::1"}}
{"timestamp":"2026-03-25T10:30:11.055Z","level":"INFO","message":"GET /","data":{"status":304,"duration":"0ms","ip":"::1"}}
{"timestamp":"2026-03-25T10:30:13.462Z","level":"INFO","message":"GET /","data":{"status":304,"duration":"1ms","ip":"::1"}}
{"timestamp":"2026-03-25T10:30:15.095Z","level":"INFO","message":"GET /","data":{"status":304,"duration":"0ms","ip":"::1"}}
{"timestamp":"2026-03-25T10:30:18.472Z","level":"INFO","message":"GET /","data":{"status":304,"duration":"0ms","ip":"::1"}}
{"timestamp":"2026-03-25T10:31:20.663Z","level":"INFO","message":"GET /","data":{"status":304,"duration":"1ms","ip":"::1"}}
{"timestamp":"2026-03-25T10:31:23.317Z","level":"INFO","message":"GET /","data":{"status":304,"duration":"0ms","ip":"::1"}}
{"timestamp":"2026-03-25T10:33:02.688Z","level":"INFO","message":"GET /","data":{"status":304,"duration":"62ms","ip":"::1"}}
{"timestamp":"2026-03-25T10:33:16.516Z","level":"INFO","message":"GET /","data":{"status":304,"duration":"1ms","ip":"::1"}}
{"timestamp":"2026-03-25T10:36:31.817Z","level":"INFO","message":"GET /","data":{"status":304,"duration":"1ms","ip":"::1"}}
{"timestamp":"2026-03-25T10:36:53.963Z","level":"INFO","message":"GET /","data":{"status":304,"duration":"0ms","ip":"::1"}}
{"timestamp":"2026-03-25T10:36:56.003Z","level":"INFO","message":"GET /","data":{"status":304,"duration":"0ms","ip":"::1"}}
{"timestamp":"2026-03-25T10:37:00.848Z","level":"INFO","message":"GET /","data":{"status":304,"duration":"1ms","ip":"::1"}}
{"timestamp":"2026-03-25T10:37:33.372Z","level":"INFO","message":"GET /","data":{"status":304,"duration":"1ms","ip":"::1"}}
{"timestamp":"2026-03-25T10:44:39.466Z","level":"INFO","message":"GET /","data":{"status":304,"duration":"63ms","ip":"::1"}}
{"timestamp":"2026-03-25T10:48:01.474Z","level":"INFO","message":"GET /","data":{"status":304,"duration":"1ms","ip":"::1"}}
{"timestamp":"2026-03-25T10:48:04.215Z","level":"INFO","message":"GET /","data":{"status":304,"duration":"0ms","ip":"::1"}}
{"timestamp":"2026-03-25T10:49:45.409Z","level":"INFO","message":"GET /","data":{"status":304,"duration":"55ms","ip":"::1"}}
{"timestamp":"2026-03-25T10:49:47.854Z","level":"INFO","message":"GET /","data":{"status":304,"duration":"0ms","ip":"::1"}}
{"timestamp":"2026-03-25T10:50:18.497Z","level":"INFO","message":"GET /","data":{"status":304,"duration":"1ms","ip":"::1"}}
{"timestamp":"2026-03-25T10:51:40.945Z","level":"INFO","message":"GET /","data":{"status":304,"duration":"0ms","ip":"::1"}}
{"timestamp":"2026-03-25T10:51:42.476Z","level":"INFO","message":"GET /","data":{"status":304,"duration":"1ms","ip":"::1"}}
{"timestamp":"2026-03-25T10:56:51.455Z","level":"INFO","message":"GET /","data":{"status":304,"duration":"57ms","ip":"::1"}}
{"timestamp":"2026-03-25T10:57:03.803Z","level":"INFO","message":"PUT /69c3b4419abef3bfdbdf144b","data":{"status":200,"duration":"64ms","ip":"::1"}}
{"timestamp":"2026-03-25T10:57:07.340Z","level":"INFO","message":"PUT /69c3b4419abef3bfdbdf144b","data":{"status":200,"duration":"39ms","ip":"::1"}}
{"timestamp":"2026-03-25T10:57:52.848Z","level":"INFO","message":"PUT /69c3b49d9abef3bfdbdf144d","data":{"status":200,"duration":"36ms","ip":"::1"}}
{"timestamp":"2026-03-25T10:58:03.046Z","level":"INFO","message":"PUT /69c3b49d9abef3bfdbdf144d","data":{"status":200,"duration":"29ms","ip":"::1"}}
{"timestamp":"2026-03-25T10:58:05.058Z","level":"INFO","message":"PUT /69c3b49d9abef3bfdbdf144d","data":{"status":200,"duration":"30ms","ip":"::1"}}
{"timestamp":"2026-03-25T10:58:05.937Z","level":"INFO","message":"PUT /69c3b49d9abef3bfdbdf144d","data":{"status":200,"duration":"27ms","ip":"::1"}}
{"timestamp":"2026-03-25T10:58:06.801Z","level":"INFO","message":"PUT /69c3b49d9abef3bfdbdf144d","data":{"status":200,"duration":"29ms","ip":"::1"}}
{"timestamp":"2026-03-25T10:58:07.537Z","level":"INFO","message":"PUT /69c3b49d9abef3bfdbdf144d","data":{"status":200,"duration":"30ms","ip":"::1"}}
{"timestamp":"2026-03-25T10:58:07.922Z","level":"INFO","message":"PUT /69c3b49d9abef3bfdbdf144d","data":{"status":200,"duration":"34ms","ip":"::1"}}
{"timestamp":"2026-03-25T10:58:08.131Z","level":"INFO","message":"PUT /69c3b49d9abef3bfdbdf144d","data":{"status":200,"duration":"29ms","ip":"::1"}}
{"timestamp":"2026-03-25T10:58:15.976Z","level":"INFO","message":"GET /","data":{"status":200,"duration":"52ms","ip":"::1"}}
{"timestamp":"2026-03-25T10:58:20.888Z","level":"INFO","message":"GET /","data":{"status":304,"duration":"0ms","ip":"::1"}}
{"timestamp":"2026-03-25T10:58:36.537Z","level":"INFO","message":"PUT /69c3b4419abef3bfdbdf144b","data":{"status":200,"duration":"38ms","ip":"::1"}}
{"timestamp":"2026-03-25T10:58:42.726Z","level":"INFO","message":"PUT /69c3b4419abef3bfdbdf144b","data":{"status":200,"duration":"32ms","ip":"::1"}}
{"timestamp":"2026-03-25T10:58:50.007Z","level":"INFO","message":"PUT /69c3b4419abef3bfdbdf144b","data":{"status":200,"duration":"30ms","ip":"::1"}}
{"timestamp":"2026-03-25T10:58:55.583Z","level":"INFO","message":"PUT /69c3b4419abef3bfdbdf144b","data":{"status":200,"duration":"32ms","ip":"::1"}}
{"timestamp":"2026-03-25T11:04:34.346Z","level":"INFO","message":"GET /","data":{"status":304,"duration":"66ms","ip":"::1"}}
{"timestamp":"2026-03-25T11:04:34.360Z","level":"INFO","message":"GET /","data":{"status":200,"duration":"65ms","ip":"::1"}}
{"timestamp":"2026-03-25T11:04:36.666Z","level":"INFO","message":"GET /","data":{"status":304,"duration":"51ms","ip":"::1"}}
{"timestamp":"2026-03-25T11:04:37.967Z","level":"INFO","message":"GET /daily/entries","data":{"status":304,"duration":"25ms","ip":"::1"}}
{"timestamp":"2026-03-25T11:04:37.969Z","level":"INFO","message":"GET /daily/entries","data":{"status":304,"duration":"37ms","ip":"::1"}}
{"timestamp":"2026-03-25T11:04:39.592Z","level":"INFO","message":"GET /","data":{"status":304,"duration":"0ms","ip":"::1"}}
{"timestamp":"2026-03-25T11:04:39.597Z","level":"INFO","message":"GET /","data":{"status":304,"duration":"1ms","ip":"::1"}}
{"timestamp":"2026-03-25T11:04:42.332Z","level":"INFO","message":"GET /daily/entries","data":{"status":304,"duration":"1ms","ip":"::1"}}
{"timestamp":"2026-03-25T11:04:42.334Z","level":"INFO","message":"GET /daily/entries","data":{"status":304,"duration":"0ms","ip":"::1"}}
{"timestamp":"2026-03-25T11:04:43.181Z","level":"INFO","message":"GET /","data":{"status":200,"duration":"50ms","ip":"::1"}}
{"timestamp":"2026-03-25T11:06:04.273Z","level":"INFO","message":"GET /","data":{"status":304,"duration":"1ms","ip":"::1"}}
{"timestamp":"2026-03-25T11:06:04.278Z","level":"INFO","message":"GET /","data":{"status":304,"duration":"1ms","ip":"::1"}}
{"timestamp":"2026-03-25T11:06:20.547Z","level":"INFO","message":"GET /","data":{"status":304,"duration":"1ms","ip":"::1"}}
{"timestamp":"2026-03-25T11:06:21.513Z","level":"INFO","message":"GET /daily/entries","data":{"status":304,"duration":"1ms","ip":"::1"}}
{"timestamp":"2026-03-25T11:06:21.516Z","level":"INFO","message":"GET /daily/entries","data":{"status":304,"duration":"0ms","ip":"::1"}}
{"timestamp":"2026-03-25T11:06:22.452Z","level":"INFO","message":"GET /","data":{"status":304,"duration":"1ms","ip":"::1"}}
{"timestamp":"2026-03-25T11:06:23.200Z","level":"INFO","message":"GET /dashboard","data":{"status":200,"duration":"143ms","ip":"::1"}}
{"timestamp":"2026-03-25T11:06:32.123Z","level":"INFO","message":"GET /daily/entries","data":{"status":304,"duration":"0ms","ip":"::1"}}
{"timestamp":"2026-03-25T11:06:32.126Z","level":"INFO","message":"GET /daily/entries","data":{"status":304,"duration":"1ms","ip":"::1"}}
{"timestamp":"2026-03-25T11:06:33.338Z","level":"INFO","message":"GET /","data":{"status":304,"duration":"2ms","ip":"::1"}}
{"timestamp":"2026-03-25T11:06:34.188Z","level":"INFO","message":"GET /","data":{"status":304,"duration":"1ms","ip":"::1"}}
{"timestamp":"2026-03-25T11:06:35.960Z","level":"INFO","message":"GET /","data":{"status":304,"duration":"1ms","ip":"::1"}}
{"timestamp":"2026-03-25T11:06:35.965Z","level":"INFO","message":"GET /","data":{"status":304,"duration":"2ms","ip":"::1"}}
{"timestamp":"2026-03-25T11:07:09.585Z","level":"INFO","message":"GET /","data":{"status":304,"duration":"0ms","ip":"::1"}}
{"timestamp":"2026-03-25T11:07:24.882Z","level":"INFO","message":"GET /daily/entries","data":{"status":304,"duration":"1ms","ip":"::1"}}
{"timestamp":"2026-03-25T11:07:24.884Z","level":"INFO","message":"GET /daily/entries","data":{"status":304,"duration":"0ms","ip":"::1"}}
{"timestamp":"2026-03-25T11:16:22.592Z","level":"INFO","message":"GET /daily/entries","data":{"status":304,"duration":"81ms","ip":"::1"}}
{"timestamp":"2026-03-25T11:16:22.599Z","level":"INFO","message":"GET /daily/entries","data":{"status":304,"duration":"29ms","ip":"::1"}}
{"timestamp":"2026-03-25T11:16:24.306Z","level":"INFO","message":"GET /daily/entries","data":{"status":304,"duration":"1ms","ip":"::1"}}
{"timestamp":"2026-03-25T11:16:24.310Z","level":"INFO","message":"GET /daily/entries","data":{"status":304,"duration":"0ms","ip":"::1"}}
{"timestamp":"2026-03-25T11:17:10.827Z","level":"INFO","message":"GET /daily/entries","data":{"status":304,"duration":"1ms","ip":"::1"}}
{"timestamp":"2026-03-25T11:17:10.829Z","level":"INFO","message":"GET /daily/entries","data":{"status":304,"duration":"0ms","ip":"::1"}}
{"timestamp":"2026-03-25T11:18:19.839Z","level":"INFO","message":"GET /daily/entries","data":{"status":304,"duration":"1ms","ip":"::1"}}
{"timestamp":"2026-03-25T11:18:19.842Z","level":"INFO","message":"GET /daily/entries","data":{"status":304,"duration":"1ms","ip":"::1"}}
{"timestamp":"2026-03-25T11:18:31.810Z","level":"INFO","message":"GET /daily/entries","data":{"status":304,"duration":"0ms","ip":"::1"}}
{"timestamp":"2026-03-25T11:18:31.814Z","level":"INFO","message":"GET /daily/entries","data":{"status":304,"duration":"0ms","ip":"::1"}}
{"timestamp":"2026-03-25T11:19:07.463Z","level":"INFO","message":"GET /daily/entries","data":{"status":304,"duration":"1ms","ip":"::1"}}
{"timestamp":"2026-03-25T11:19:07.465Z","level":"INFO","message":"GET /daily/entries","data":{"status":304,"duration":"1ms","ip":"::1"}}
{"timestamp":"2026-03-25T11:19:17.887Z","level":"INFO","message":"GET /daily/entries","data":{"status":304,"duration":"1ms","ip":"::1"}}
{"timestamp":"2026-03-25T11:19:17.890Z","level":"INFO","message":"GET /daily/entries","data":{"status":304,"duration":"1ms","ip":"::1"}}
{"timestamp":"2026-03-25T11:19:20.378Z","level":"INFO","message":"GET /daily/entries","data":{"status":304,"duration":"0ms","ip":"::1"}}
{"timestamp":"2026-03-25T11:19:20.380Z","level":"INFO","message":"GET /daily/entries","data":{"status":304,"duration":"0ms","ip":"::1"}}
{"timestamp":"2026-03-25T11:19:34.218Z","level":"INFO","message":"GET /daily/entries","data":{"status":304,"duration":"1ms","ip":"::1"}}
{"timestamp":"2026-03-25T11:19:34.221Z","level":"INFO","message":"GET /daily/entries","data":{"status":304,"duration":"1ms","ip":"::1"}}
{"timestamp":"2026-03-25T11:19:36.732Z","level":"INFO","message":"GET /daily/entries","data":{"status":304,"duration":"1ms","ip":"::1"}}
{"timestamp":"2026-03-25T11:19:36.734Z","level":"INFO","message":"GET /daily/entries","data":{"status":304,"duration":"0ms","ip":"::1"}}
{"timestamp":"2026-03-25T11:19:38.195Z","level":"INFO","message":"GET /daily/entries","data":{"status":304,"duration":"1ms","ip":"::1"}}
{"timestamp":"2026-03-25T11:19:38.199Z","level":"INFO","message":"GET /daily/entries","data":{"status":304,"duration":"1ms","ip":"::1"}}
{"timestamp":"2026-03-25T11:19:39.216Z","level":"INFO","message":"GET /daily/entries","data":{"status":304,"duration":"1ms","ip":"::1"}}
{"timestamp":"2026-03-25T11:19:39.218Z","level":"INFO","message":"GET /daily/entries","data":{"status":304,"duration":"1ms","ip":"::1"}}
{"timestamp":"2026-03-25T11:20:18.933Z","level":"INFO","message":"GET /daily/entries","data":{"status":304,"duration":"1ms","ip":"::1"}}
{"timestamp":"2026-03-25T11:20:18.935Z","level":"INFO","message":"GET /daily/entries","data":{"status":304,"duration":"0ms","ip":"::1"}}
{"timestamp":"2026-03-25T11:22:49.199Z","level":"INFO","message":"GET /","data":{"status":200,"duration":"474ms","ip":"::1"}}
{"timestamp":"2026-03-25T11:22:53.577Z","level":"INFO","message":"GET /","data":{"status":304,"duration":"0ms","ip":"::1"}}
{"timestamp":"2026-03-25T11:23:21.436Z","level":"INFO","message":"PUT /69c3b4419abef3bfdbdf144b","data":{"status":200,"duration":"59ms","ip":"::1"}}
{"timestamp":"2026-03-25T11:23:25.287Z","level":"INFO","message":"PUT /69c3b4419abef3bfdbdf144b","data":{"status":200,"duration":"33ms","ip":"::1"}}
{"timestamp":"2026-03-25T11:25:07.985Z","level":"INFO","message":"GET /","data":{"status":200,"duration":"50ms","ip":"::1"}}
{"timestamp":"2026-03-25T11:25:13.075Z","level":"INFO","message":"GET /","data":{"status":304,"duration":"1ms","ip":"::1"}}
{"timestamp":"2026-03-25T11:25:21.121Z","level":"INFO","message":"GET /","data":{"status":304,"duration":"1ms","ip":"::1"}}
{"timestamp":"2026-03-25T11:25:44.628Z","level":"INFO","message":"GET /dashboard","data":{"status":200,"duration":"126ms","ip":"::1"}}
{"timestamp":"2026-03-25T11:25:50.079Z","level":"INFO","message":"GET /daily/entries","data":{"status":304,"duration":"30ms","ip":"::1"}}
{"timestamp":"2026-03-25T11:25:50.095Z","level":"INFO","message":"GET /daily/entries","data":{"status":304,"duration":"40ms","ip":"::1"}}
{"timestamp":"2026-03-25T11:25:51.304Z","level":"INFO","message":"GET /","data":{"status":200,"duration":"58ms","ip":"::1"}}
{"timestamp":"2026-03-25T11:25:52.497Z","level":"INFO","message":"GET /","data":{"status":200,"duration":"50ms","ip":"::1"}}
{"timestamp":"2026-03-25T11:25:52.506Z","level":"INFO","message":"GET /","data":{"status":200,"duration":"56ms","ip":"::1"}}
{"timestamp":"2026-03-25T11:25:54.575Z","level":"INFO","message":"GET /","data":{"status":304,"duration":"1ms","ip":"::1"}}
{"timestamp":"2026-03-25T11:37:46.426Z","level":"INFO","message":"GET /","data":{"status":304,"duration":"74ms","ip":"::1"}}
{"timestamp":"2026-03-25T11:37:47.637Z","level":"INFO","message":"GET /","data":{"status":304,"duration":"1ms","ip":"::1"}}
{"timestamp":"2026-03-25T11:38:23.394Z","level":"INFO","message":"GET /","data":{"status":304,"duration":"1ms","ip":"::1"}}
{"timestamp":"2026-03-25T11:38:27.879Z","level":"INFO","message":"GET /","data":{"status":304,"duration":"1ms","ip":"::1"}}
{"timestamp":"2026-03-25T11:39:06.931Z","level":"INFO","message":"GET /","data":{"status":304,"duration":"1ms","ip":"::1"}}
{"timestamp":"2026-03-25T11:39:07.973Z","level":"INFO","message":"GET /","data":{"status":304,"duration":"1ms","ip":"::1"}}
{"timestamp":"2026-03-25T11:39:09.485Z","level":"INFO","message":"GET /","data":{"status":304,"duration":"1ms","ip":"::1"}}
{"timestamp":"2026-03-25T11:39:23.042Z","level":"INFO","message":"GET /","data":{"status":304,"duration":"1ms","ip":"::1"}}
{"timestamp":"2026-03-25T11:39:23.966Z","level":"INFO","message":"GET /","data":{"status":304,"duration":"1ms","ip":"::1"}}
{"timestamp":"2026-03-25T11:39:25.074Z","level":"INFO","message":"GET /","data":{"status":304,"duration":"1ms","ip":"::1"}}
{"timestamp":"2026-03-25T11:40:11.449Z","level":"INFO","message":"GET /","data":{"status":304,"duration":"1ms","ip":"::1"}}
{"timestamp":"2026-03-25T11:40:12.633Z","level":"INFO","message":"GET /","data":{"status":304,"duration":"1ms","ip":"::1"}}
{"timestamp":"2026-03-25T11:40:28.049Z","level":"INFO","message":"GET /","data":{"status":304,"duration":"1ms","ip":"::1"}}
{"timestamp":"2026-03-25T11:40:29.173Z","level":"INFO","message":"GET /","data":{"status":304,"duration":"0ms","ip":"::1"}}
{"timestamp":"2026-03-25T11:41:15.021Z","level":"INFO","message":"GET /","data":{"status":304,"duration":"1ms","ip":"::1"}}
{"timestamp":"2026-03-25T11:41:16.701Z","level":"INFO","message":"GET /","data":{"status":304,"duration":"1ms","ip":"::1"}}
{"timestamp":"2026-03-25T11:41:20.095Z","level":"INFO","message":"GET /","data":{"status":304,"duration":"0ms","ip":"::1"}}
{"timestamp":"2026-03-25T11:41:23.005Z","level":"INFO","message":"GET /","data":{"status":304,"duration":"1ms","ip":"::1"}}
{"timestamp":"2026-03-25T11:41:39.853Z","level":"INFO","message":"GET /","data":{"status":304,"duration":"1ms","ip":"::1"}}
{"timestamp":"2026-03-25T11:41:57.677Z","level":"INFO","message":"PUT /69c3b4419abef3bfdbdf144b","data":{"status":200,"duration":"47ms","ip":"::1"}}
{"timestamp":"2026-03-25T11:42:01.634Z","level":"INFO","message":"PUT /69c3b4419abef3bfdbdf144b","data":{"status":200,"duration":"34ms","ip":"::1"}}
{"timestamp":"2026-03-25T11:42:12.943Z","level":"INFO","message":"GET /","data":{"status":304,"duration":"56ms","ip":"::1"}}
{"timestamp":"2026-03-25T11:42:12.950Z","level":"INFO","message":"GET /","data":{"status":200,"duration":"57ms","ip":"::1"}}
{"timestamp":"2026-03-25T11:42:14.358Z","level":"INFO","message":"GET /","data":{"status":304,"duration":"51ms","ip":"::1"}}
{"timestamp":"2026-03-25T11:42:15.470Z","level":"INFO","message":"GET /daily/entries","data":{"status":304,"duration":"26ms","ip":"::1"}}
{"timestamp":"2026-03-25T11:42:15.472Z","level":"INFO","message":"GET /daily/entries","data":{"status":304,"duration":"32ms","ip":"::1"}}
{"timestamp":"2026-03-25T11:42:16.593Z","level":"INFO","message":"GET /","data":{"status":200,"duration":"55ms","ip":"::1"}}
{"timestamp":"2026-03-25T11:47:12.485Z","level":"INFO","message":"GET /","data":{"status":304,"duration":"2ms","ip":"::1"}}
{"timestamp":"2026-03-25T11:47:15.030Z","level":"INFO","message":"GET /","data":{"status":304,"duration":"1ms","ip":"::1"}}
{"timestamp":"2026-03-25T11:48:15.286Z","level":"INFO","message":"GET /","data":{"status":304,"duration":"50ms","ip":"::1"}}
{"timestamp":"2026-03-25T11:48:16.396Z","level":"INFO","message":"GET /","data":{"status":304,"duration":"0ms","ip":"::1"}}
{"timestamp":"2026-03-25T11:48:42.456Z","level":"INFO","message":"GET /","data":{"status":304,"duration":"1ms","ip":"::1"}}
{"timestamp":"2026-03-25T11:48:46.065Z","level":"INFO","message":"GET /","data":{"status":304,"duration":"1ms","ip":"::1"}}
{"timestamp":"2026-03-25T11:48:47.536Z","level":"INFO","message":"GET /","data":{"status":304,"duration":"1ms","ip":"::1"}}
{"timestamp":"2026-03-25T11:48:50.036Z","level":"INFO","message":"GET /","data":{"status":304,"duration":"1ms","ip":"::1"}}
{"timestamp":"2026-03-25T11:49:25.605Z","level":"INFO","message":"GET /","data":{"status":304,"duration":"1ms","ip":"::1"}}
{"timestamp":"2026-03-25T11:49:28.301Z","level":"INFO","message":"GET /","data":{"status":304,"duration":"1ms","ip":"::1"}}
{"timestamp":"2026-03-25T11:49:31.064Z","level":"INFO","message":"GET /","data":{"status":304,"duration":"1ms","ip":"::1"}}
{"timestamp":"2026-03-25T11:50:00.978Z","level":"INFO","message":"PUT /69c3b4419abef3bfdbdf144b","data":{"status":200,"duration":"41ms","ip":"::1"}}
{"timestamp":"2026-03-25T11:50:08.884Z","level":"INFO","message":"PUT /69c3b4419abef3bfdbdf144b","data":{"status":200,"duration":"29ms","ip":"::1"}}
{"timestamp":"2026-03-25T11:54:41.991Z","level":"INFO","message":"GET /","data":{"status":200,"duration":"53ms","ip":"::1"}}
{"timestamp":"2026-03-25T11:54:44.393Z","level":"INFO","message":"GET /","data":{"status":304,"duration":"1ms","ip":"::1"}}
{"timestamp":"2026-03-25T11:55:19.925Z","level":"INFO","message":"GET /","data":{"status":304,"duration":"1ms","ip":"::1"}}
{"timestamp":"2026-03-25T11:55:21.319Z","level":"INFO","message":"GET /","data":{"status":304,"duration":"2ms","ip":"::1"}}
{"timestamp":"2026-03-25T11:55:45.940Z","level":"INFO","message":"GET /","data":{"status":304,"duration":"1ms","ip":"::1"}}
{"timestamp":"2026-03-25T11:55:46.996Z","level":"INFO","message":"GET /","data":{"status":304,"duration":"0ms","ip":"::1"}}
{"timestamp":"2026-03-25T11:55:53.639Z","level":"INFO","message":"GET /","data":{"status":304,"duration":"0ms","ip":"::1"}}
{"timestamp":"2026-03-25T11:56:17.023Z","level":"INFO","message":"GET /","data":{"status":304,"duration":"0ms","ip":"::1"}}
{"timestamp":"2026-03-25T11:56:19.001Z","level":"INFO","message":"GET /","data":{"status":304,"duration":"1ms","ip":"::1"}}
{"timestamp":"2026-03-25T11:56:20.321Z","level":"INFO","message":"GET /","data":{"status":304,"duration":"1ms","ip":"::1"}}
{"timestamp":"2026-03-25T12:02:40.226Z","level":"INFO","message":"GET /","data":{"status":304,"duration":"64ms","ip":"::1"}}
{"timestamp":"2026-03-25T12:02:41.668Z","level":"INFO","message":"GET /","data":{"status":304,"duration":"7ms","ip":"::1"}}
{"timestamp":"2026-03-25T12:03:28.151Z","level":"INFO","message":"GET /","data":{"status":304,"duration":"1ms","ip":"::1"}}
{"timestamp":"2026-03-25T12:03:31.095Z","level":"INFO","message":"GET /","data":{"status":304,"duration":"1ms","ip":"::1"}}
{"timestamp":"2026-03-25T12:04:52.167Z","level":"INFO","message":"GET /","data":{"status":304,"duration":"1ms","ip":"::1"}}
{"timestamp":"2026-03-25T12:04:58.553Z","level":"INFO","message":"GET /","data":{"status":304,"duration":"1ms","ip":"::1"}}
{"timestamp":"2026-03-25T12:05:09.820Z","level":"INFO","message":"PUT /69c3b4419abef3bfdbdf144b","data":{"status":200,"duration":"48ms","ip":"::1"}}
{"timestamp":"2026-03-25T12:05:14.582Z","level":"INFO","message":"PUT /69c3b4419abef3bfdbdf144b","data":{"status":200,"duration":"32ms","ip":"::1"}}
{"timestamp":"2026-03-25T12:05:38.038Z","level":"INFO","message":"GET /dashboard","data":{"status":200,"duration":"90ms","ip":"::1"}}
{"timestamp":"2026-03-25T12:16:27.026Z","level":"INFO","message":"GET /dashboard","data":{"status":200,"duration":"106ms","ip":"::1"}}
{"timestamp":"2026-03-25T12:16:29.435Z","level":"INFO","message":"GET /dashboard","data":{"status":200,"duration":"86ms","ip":"::1"}}
{"timestamp":"2026-03-25T12:17:24.344Z","level":"INFO","message":"GET /dashboard","data":{"status":200,"duration":"76ms","ip":"::1"}}
{"timestamp":"2026-03-25T12:17:25.711Z","level":"INFO","message":"GET /dashboard","data":{"status":200,"duration":"75ms","ip":"::1"}}
{"timestamp":"2026-03-25T12:18:09.672Z","level":"INFO","message":"GET /dashboard","data":{"status":200,"duration":"75ms","ip":"::1"}}
{"timestamp":"2026-03-25T12:18:11.592Z","level":"INFO","message":"GET /dashboard","data":{"status":200,"duration":"93ms","ip":"::1"}}
{"timestamp":"2026-03-25T12:19:29.678Z","level":"INFO","message":"GET /dashboard","data":{"status":200,"duration":"74ms","ip":"::1"}}
{"timestamp":"2026-03-25T12:19:30.845Z","level":"INFO","message":"GET /dashboard","data":{"status":200,"duration":"78ms","ip":"::1"}}
{"timestamp":"2026-03-25T12:20:17.633Z","level":"INFO","message":"GET /dashboard","data":{"status":200,"duration":"77ms","ip":"::1"}}
{"timestamp":"2026-03-25T12:20:19.188Z","level":"INFO","message":"GET /dashboard","data":{"status":200,"duration":"91ms","ip":"::1"}}
{"timestamp":"2026-03-25T12:20:20.111Z","level":"INFO","message":"GET /dashboard","data":{"status":200,"duration":"81ms","ip":"::1"}}
{"timestamp":"2026-03-25T12:20:24.038Z","level":"INFO","message":"GET /dashboard","data":{"status":200,"duration":"82ms","ip":"::1"}}
