{"timestamp":"2026-03-17T05:17:03.996Z","level":"INFO","message":"✓ MongoDB connected"}
{"timestamp":"2026-03-17T05:17:04.001Z","level":"INFO","message":"✓ Server running on port 5000"}
{"timestamp":"2026-03-17T05:17:04.002Z","level":"INFO","message":"Environment: development"}
{"timestamp":"2026-03-17T05:18:18.175Z","level":"INFO","message":"POST /login","data":{"status":200,"duration":"393ms","ip":"::1"}}
{"timestamp":"2026-03-17T05:18:18.306Z","level":"INFO","message":"GET /","data":{"status":200,"duration":"61ms","ip":"::1"}}
{"timestamp":"2026-03-17T05:18:18.312Z","level":"INFO","message":"GET /","data":{"status":200,"duration":"82ms","ip":"::1"}}
{"timestamp":"2026-03-17T05:18:21.376Z","level":"INFO","message":"GET /","data":{"status":200,"duration":"60ms","ip":"::1"}}
{"timestamp":"2026-03-17T05:18:26.483Z","level":"INFO","message":"GET /","data":{"status":200,"duration":"103ms","ip":"::1"}}
{"timestamp":"2026-03-17T05:18:32.080Z","level":"INFO","message":"GET /","data":{"status":200,"duration":"125ms","ip":"::1"}}
{"timestamp":"2026-03-17T05:18:33.858Z","level":"INFO","message":"GET /dashboard","data":{"status":200,"duration":"165ms","ip":"::1"}}
{"timestamp":"2026-03-17T05:19:14.556Z","level":"INFO","message":"GET /","data":{"status":304,"duration":"1ms","ip":"::1"}}
{"timestamp":"2026-03-17T05:19:14.563Z","level":"INFO","message":"GET /","data":{"status":304,"duration":"1ms","ip":"::1"}}
{"timestamp":"2026-03-17T05:20:05.592Z","level":"INFO","message":"GET /","data":{"status":304,"duration":"1ms","ip":"::1"}}
{"timestamp":"2026-03-17T05:20:31.282Z","level":"INFO","message":"GET /","data":{"status":304,"duration":"1ms","ip":"::1"}}
{"timestamp":"2026-03-17T05:20:31.287Z","level":"INFO","message":"GET /","data":{"status":304,"duration":"1ms","ip":"::1"}}
{"timestamp":"2026-03-17T05:21:04.404Z","level":"INFO","message":"POST /logout","data":{"status":200,"duration":"2ms","ip":"::1"}}
{"timestamp":"2026-03-17T05:27:11.211Z","level":"INFO","message":"POST /login","data":{"status":200,"duration":"455ms","ip":"::1"}}
{"timestamp":"2026-03-17T05:27:11.390Z","level":"INFO","message":"GET /","data":{"status":304,"duration":"90ms","ip":"::1"}}
{"timestamp":"2026-03-17T05:27:11.396Z","level":"INFO","message":"GET /","data":{"status":304,"duration":"66ms","ip":"::1"}}
{"timestamp":"2026-03-17T05:29:00.448Z","level":"INFO","message":"GET /","data":{"status":304,"duration":"81ms","ip":"::1"}}
{"timestamp":"2026-03-17T05:29:13.603Z","level":"INFO","message":"GET /","data":{"status":304,"duration":"1ms","ip":"::1"}}
{"timestamp":"2026-03-17T05:29:13.615Z","level":"INFO","message":"GET /","data":{"status":304,"duration":"1ms","ip":"::1"}}
{"timestamp":"2026-03-17T05:30:06.967Z","level":"INFO","message":"POST /logout","data":{"status":200,"duration":"1ms","ip":"::1"}}
{"timestamp":"2026-03-17T05:34:54.303Z","level":"INFO","message":"POST /login","data":{"status":200,"duration":"377ms","ip":"::1"}}
{"timestamp":"2026-03-17T05:34:54.431Z","level":"INFO","message":"GET /","data":{"status":304,"duration":"62ms","ip":"::1"}}
{"timestamp":"2026-03-17T05:34:54.435Z","level":"INFO","message":"GET /","data":{"status":304,"duration":"59ms","ip":"::1"}}
{"timestamp":"2026-03-17T05:37:16.092Z","level":"INFO","message":"GET /","data":{"status":304,"duration":"2ms","ip":"::1"}}
{"timestamp":"2026-03-17T05:37:16.098Z","level":"INFO","message":"GET /","data":{"status":304,"duration":"1ms","ip":"::1"}}
{"timestamp":"2026-03-17T05:37:16.586Z","level":"INFO","message":"GET /","data":{"status":304,"duration":"2ms","ip":"::1"}}
{"timestamp":"2026-03-17T05:37:16.591Z","level":"INFO","message":"GET /","data":{"status":304,"duration":"1ms","ip":"::1"}}
{"timestamp":"2026-03-17T05:37:19.941Z","level":"INFO","message":"GET /","data":{"status":304,"duration":"1ms","ip":"::1"}}
{"timestamp":"2026-03-17T05:37:19.944Z","level":"INFO","message":"GET /","data":{"status":304,"duration":"1ms","ip":"::1"}}
{"timestamp":"2026-03-17T05:37:22.778Z","level":"INFO","message":"GET /","data":{"status":304,"duration":"1ms","ip":"::1"}}
{"timestamp":"2026-03-17T05:37:22.782Z","level":"INFO","message":"GET /","data":{"status":304,"duration":"1ms","ip":"::1"}}
{"timestamp":"2026-03-17T05:37:24.549Z","level":"INFO","message":"GET /","data":{"status":304,"duration":"1ms","ip":"::1"}}
{"timestamp":"2026-03-17T05:37:24.554Z","level":"INFO","message":"GET /","data":{"status":304,"duration":"1ms","ip":"::1"}}
{"timestamp":"2026-03-17T05:37:26.579Z","level":"INFO","message":"GET /","data":{"status":304,"duration":"0ms","ip":"::1"}}
{"timestamp":"2026-03-17T05:37:26.582Z","level":"INFO","message":"GET /","data":{"status":304,"duration":"1ms","ip":"::1"}}
{"timestamp":"2026-03-17T05:37:28.112Z","level":"INFO","message":"GET /","data":{"status":304,"duration":"3ms","ip":"::1"}}
{"timestamp":"2026-03-17T05:37:28.116Z","level":"INFO","message":"GET /","data":{"status":304,"duration":"1ms","ip":"::1"}}
{"timestamp":"2026-03-17T05:37:34.503Z","level":"INFO","message":"GET /","data":{"status":304,"duration":"2ms","ip":"::1"}}
{"timestamp":"2026-03-17T05:37:34.508Z","level":"INFO","message":"GET /","data":{"status":304,"duration":"1ms","ip":"::1"}}
{"timestamp":"2026-03-17T05:37:35.875Z","level":"INFO","message":"GET /","data":{"status":304,"duration":"1ms","ip":"::1"}}
{"timestamp":"2026-03-17T05:37:35.879Z","level":"INFO","message":"GET /","data":{"status":304,"duration":"1ms","ip":"::1"}}
{"timestamp":"2026-03-17T05:38:47.024Z","level":"INFO","message":"GET /","data":{"status":304,"duration":"1ms","ip":"::1"}}
{"timestamp":"2026-03-17T05:38:47.029Z","level":"INFO","message":"GET /","data":{"status":304,"duration":"1ms","ip":"::1"}}
{"timestamp":"2026-03-17T05:38:49.715Z","level":"INFO","message":"GET /","data":{"status":304,"duration":"2ms","ip":"::1"}}
{"timestamp":"2026-03-17T05:38:49.721Z","level":"INFO","message":"GET /","data":{"status":304,"duration":"1ms","ip":"::1"}}
{"timestamp":"2026-03-17T05:38:51.148Z","level":"INFO","message":"GET /","data":{"status":304,"duration":"2ms","ip":"::1"}}
{"timestamp":"2026-03-17T05:38:51.154Z","level":"INFO","message":"GET /","data":{"status":304,"duration":"1ms","ip":"::1"}}
{"timestamp":"2026-03-17T05:38:52.578Z","level":"INFO","message":"GET /","data":{"status":304,"duration":"2ms","ip":"::1"}}
{"timestamp":"2026-03-17T05:38:52.588Z","level":"INFO","message":"GET /","data":{"status":304,"duration":"1ms","ip":"::1"}}
{"timestamp":"2026-03-17T05:38:53.555Z","level":"INFO","message":"GET /","data":{"status":304,"duration":"1ms","ip":"::1"}}
{"timestamp":"2026-03-17T05:38:53.563Z","level":"INFO","message":"GET /","data":{"status":304,"duration":"4ms","ip":"::1"}}
{"timestamp":"2026-03-17T05:39:25.381Z","level":"INFO","message":"GET /","data":{"status":304,"duration":"1ms","ip":"::1"}}
{"timestamp":"2026-03-17T05:39:25.422Z","level":"INFO","message":"GET /","data":{"status":304,"duration":"1ms","ip":"::1"}}
{"timestamp":"2026-03-17T05:39:40.906Z","level":"INFO","message":"GET /","data":{"status":304,"duration":"1ms","ip":"::1"}}
{"timestamp":"2026-03-17T05:39:40.912Z","level":"INFO","message":"GET /","data":{"status":304,"duration":"1ms","ip":"::1"}}
{"timestamp":"2026-03-17T05:39:41.611Z","level":"INFO","message":"GET /","data":{"status":304,"duration":"1ms","ip":"::1"}}
{"timestamp":"2026-03-17T05:39:41.614Z","level":"INFO","message":"GET /","data":{"status":304,"duration":"0ms","ip":"::1"}}
{"timestamp":"2026-03-17T05:39:45.906Z","level":"INFO","message":"GET /","data":{"status":304,"duration":"1ms","ip":"::1"}}
{"timestamp":"2026-03-17T05:39:45.909Z","level":"INFO","message":"GET /","data":{"status":304,"duration":"1ms","ip":"::1"}}
{"timestamp":"2026-03-17T05:39:54.283Z","level":"INFO","message":"GET /","data":{"status":304,"duration":"2ms","ip":"::1"}}
{"timestamp":"2026-03-17T05:39:54.290Z","level":"INFO","message":"GET /","data":{"status":304,"duration":"2ms","ip":"::1"}}
{"timestamp":"2026-03-17T05:40:02.275Z","level":"INFO","message":"GET /","data":{"status":200,"duration":"2ms","ip":"::1"}}
{"timestamp":"2026-03-17T05:40:02.282Z","level":"INFO","message":"GET /","data":{"status":200,"duration":"1ms","ip":"::1"}}
{"timestamp":"2026-03-17T05:40:03.978Z","level":"INFO","message":"GET /","data":{"status":304,"duration":"4ms","ip":"::1"}}
{"timestamp":"2026-03-17T05:40:04.048Z","level":"INFO","message":"GET /","data":{"status":304,"duration":"4ms","ip":"::1"}}
{"timestamp":"2026-03-17T05:40:05.727Z","level":"INFO","message":"GET /","data":{"status":304,"duration":"1ms","ip":"::1"}}
{"timestamp":"2026-03-17T05:40:05.734Z","level":"INFO","message":"GET /","data":{"status":304,"duration":"1ms","ip":"::1"}}
{"timestamp":"2026-03-17T05:40:10.885Z","level":"INFO","message":"GET /","data":{"status":304,"duration":"1ms","ip":"::1"}}
{"timestamp":"2026-03-17T05:40:10.894Z","level":"INFO","message":"GET /","data":{"status":304,"duration":"1ms","ip":"::1"}}
{"timestamp":"2026-03-17T05:40:12.493Z","level":"INFO","message":"GET /","data":{"status":304,"duration":"1ms","ip":"::1"}}
{"timestamp":"2026-03-17T05:40:12.500Z","level":"INFO","message":"GET /","data":{"status":304,"duration":"4ms","ip":"::1"}}
{"timestamp":"2026-03-17T05:40:17.517Z","level":"INFO","message":"GET /","data":{"status":304,"duration":"2ms","ip":"::1"}}
{"timestamp":"2026-03-17T05:40:17.522Z","level":"INFO","message":"GET /","data":{"status":304,"duration":"0ms","ip":"::1"}}
{"timestamp":"2026-03-17T05:40:22.902Z","level":"INFO","message":"GET /","data":{"status":304,"duration":"1ms","ip":"::1"}}
{"timestamp":"2026-03-17T05:40:22.908Z","level":"INFO","message":"GET /","data":{"status":304,"duration":"1ms","ip":"::1"}}
{"timestamp":"2026-03-17T05:40:24.661Z","level":"INFO","message":"GET /","data":{"status":304,"duration":"1ms","ip":"::1"}}
{"timestamp":"2026-03-17T05:40:24.667Z","level":"INFO","message":"GET /","data":{"status":304,"duration":"0ms","ip":"::1"}}
{"timestamp":"2026-03-17T05:40:31.220Z","level":"INFO","message":"GET /","data":{"status":304,"duration":"1ms","ip":"::1"}}
{"timestamp":"2026-03-17T05:40:31.229Z","level":"INFO","message":"GET /","data":{"status":304,"duration":"2ms","ip":"::1"}}
{"timestamp":"2026-03-17T05:40:37.962Z","level":"INFO","message":"GET /","data":{"status":304,"duration":"1ms","ip":"::1"}}
{"timestamp":"2026-03-17T05:40:37.967Z","level":"INFO","message":"GET /","data":{"status":304,"duration":"1ms","ip":"::1"}}
{"timestamp":"2026-03-17T05:40:49.186Z","level":"INFO","message":"GET /","data":{"status":304,"duration":"2ms","ip":"::1"}}
{"timestamp":"2026-03-17T05:40:49.240Z","level":"INFO","message":"GET /","data":{"status":304,"duration":"1ms","ip":"::1"}}
{"timestamp":"2026-03-17T05:47:00.427Z","level":"INFO","message":"GET /","data":{"status":304,"duration":"377ms","ip":"::1"}}
{"timestamp":"2026-03-17T05:47:00.458Z","level":"INFO","message":"GET /","data":{"status":304,"duration":"163ms","ip":"::1"}}
{"timestamp":"2026-03-17T05:47:02.554Z","level":"INFO","message":"GET /","data":{"status":304,"duration":"0ms","ip":"::1"}}
{"timestamp":"2026-03-17T05:47:02.559Z","level":"INFO","message":"GET /","data":{"status":304,"duration":"1ms","ip":"::1"}}
{"timestamp":"2026-03-17T05:47:10.495Z","level":"INFO","message":"GET /","data":{"status":304,"duration":"6ms","ip":"::1"}}
{"timestamp":"2026-03-17T05:47:10.503Z","level":"INFO","message":"GET /","data":{"status":304,"duration":"0ms","ip":"::1"}}
{"timestamp":"2026-03-17T05:47:19.858Z","level":"INFO","message":"GET /","data":{"status":304,"duration":"1ms","ip":"::1"}}
{"timestamp":"2026-03-17T05:47:19.870Z","level":"INFO","message":"GET /","data":{"status":304,"duration":"1ms","ip":"::1"}}
{"timestamp":"2026-03-17T05:47:22.046Z","level":"INFO","message":"GET /","data":{"status":304,"duration":"1ms","ip":"::1"}}
{"timestamp":"2026-03-17T05:47:22.059Z","level":"INFO","message":"GET /","data":{"status":304,"duration":"1ms","ip":"::1"}}
{"timestamp":"2026-03-17T05:47:25.234Z","level":"INFO","message":"GET /","data":{"status":304,"duration":"2ms","ip":"::1"}}
{"timestamp":"2026-03-17T05:47:25.239Z","level":"INFO","message":"GET /","data":{"status":304,"duration":"1ms","ip":"::1"}}
{"timestamp":"2026-03-17T05:47:30.257Z","level":"INFO","message":"GET /","data":{"status":304,"duration":"1ms","ip":"::1"}}
{"timestamp":"2026-03-17T05:47:30.306Z","level":"INFO","message":"GET /","data":{"status":304,"duration":"1ms","ip":"::1"}}
{"timestamp":"2026-03-17T05:47:33.443Z","level":"INFO","message":"GET /","data":{"status":304,"duration":"1ms","ip":"::1"}}
{"timestamp":"2026-03-17T05:47:33.448Z","level":"INFO","message":"GET /","data":{"status":304,"duration":"1ms","ip":"::1"}}
{"timestamp":"2026-03-17T05:47:39.637Z","level":"INFO","message":"GET /","data":{"status":304,"duration":"1ms","ip":"::1"}}
{"timestamp":"2026-03-17T05:47:39.647Z","level":"INFO","message":"GET /","data":{"status":304,"duration":"1ms","ip":"::1"}}
{"timestamp":"2026-03-17T05:52:20.875Z","level":"INFO","message":"GET /","data":{"status":304,"duration":"128ms","ip":"::1"}}
{"timestamp":"2026-03-17T05:52:20.880Z","level":"INFO","message":"GET /","data":{"status":304,"duration":"72ms","ip":"::1"}}
{"timestamp":"2026-03-17T05:53:45.126Z","level":"INFO","message":"GET /","data":{"status":304,"duration":"1ms","ip":"::1"}}
{"timestamp":"2026-03-17T05:53:45.130Z","level":"INFO","message":"GET /","data":{"status":304,"duration":"1ms","ip":"::1"}}
{"timestamp":"2026-03-17T05:53:54.510Z","level":"INFO","message":"GET /","data":{"status":304,"duration":"1ms","ip":"::1"}}
{"timestamp":"2026-03-17T05:53:54.515Z","level":"INFO","message":"GET /","data":{"status":304,"duration":"1ms","ip":"::1"}}
{"timestamp":"2026-03-17T05:55:24.568Z","level":"INFO","message":"GET /","data":{"status":304,"duration":"1ms","ip":"::1"}}
{"timestamp":"2026-03-17T05:55:24.572Z","level":"INFO","message":"GET /","data":{"status":304,"duration":"1ms","ip":"::1"}}
{"timestamp":"2026-03-17T05:55:26.899Z","level":"INFO","message":"GET /","data":{"status":304,"duration":"2ms","ip":"::1"}}
{"timestamp":"2026-03-17T05:55:26.908Z","level":"INFO","message":"GET /","data":{"status":304,"duration":"1ms","ip":"::1"}}
{"timestamp":"2026-03-17T05:55:33.261Z","level":"INFO","message":"GET /","data":{"status":304,"duration":"1ms","ip":"::1"}}
{"timestamp":"2026-03-17T05:55:33.275Z","level":"INFO","message":"GET /","data":{"status":304,"duration":"1ms","ip":"::1"}}
{"timestamp":"2026-03-17T05:55:34.915Z","level":"INFO","message":"GET /","data":{"status":304,"duration":"0ms","ip":"::1"}}
{"timestamp":"2026-03-17T05:55:34.919Z","level":"INFO","message":"GET /","data":{"status":304,"duration":"1ms","ip":"::1"}}
{"timestamp":"2026-03-17T05:55:39.904Z","level":"INFO","message":"GET /","data":{"status":304,"duration":"1ms","ip":"::1"}}
{"timestamp":"2026-03-17T05:55:39.917Z","level":"INFO","message":"GET /","data":{"status":304,"duration":"1ms","ip":"::1"}}
{"timestamp":"2026-03-17T05:55:55.857Z","level":"INFO","message":"GET /","data":{"status":304,"duration":"1ms","ip":"::1"}}
{"timestamp":"2026-03-17T05:55:55.868Z","level":"INFO","message":"GET /","data":{"status":304,"duration":"1ms","ip":"::1"}}
{"timestamp":"2026-03-17T05:55:58.053Z","level":"INFO","message":"GET /","data":{"status":304,"duration":"1ms","ip":"::1"}}
{"timestamp":"2026-03-17T05:55:58.057Z","level":"INFO","message":"GET /","data":{"status":304,"duration":"0ms","ip":"::1"}}
{"timestamp":"2026-03-17T05:56:54.166Z","level":"INFO","message":"GET /","data":{"status":304,"duration":"105ms","ip":"::1"}}
{"timestamp":"2026-03-17T05:57:00.118Z","level":"INFO","message":"GET /","data":{"status":304,"duration":"1ms","ip":"::1"}}
{"timestamp":"2026-03-17T05:57:00.121Z","level":"INFO","message":"GET /","data":{"status":304,"duration":"1ms","ip":"::1"}}
{"timestamp":"2026-03-17T05:57:02.693Z","level":"INFO","message":"GET /","data":{"status":304,"duration":"79ms","ip":"::1"}}
{"timestamp":"2026-03-17T05:57:08.761Z","level":"INFO","message":"GET /","data":{"status":304,"duration":"1ms","ip":"::1"}}
{"timestamp":"2026-03-17T05:57:08.766Z","level":"INFO","message":"GET /","data":{"status":304,"duration":"1ms","ip":"::1"}}
{"timestamp":"2026-03-17T05:57:12.074Z","level":"INFO","message":"GET /","data":{"status":304,"duration":"1ms","ip":"::1"}}
{"timestamp":"2026-03-17T05:57:13.708Z","level":"INFO","message":"GET /","data":{"status":304,"duration":"1ms","ip":"::1"}}
{"timestamp":"2026-03-17T05:57:13.714Z","level":"INFO","message":"GET /","data":{"status":304,"duration":"1ms","ip":"::1"}}
{"timestamp":"2026-03-17T05:57:15.126Z","level":"INFO","message":"GET /","data":{"status":304,"duration":"81ms","ip":"::1"}}
{"timestamp":"2026-03-17T05:57:18.093Z","level":"INFO","message":"GET /","data":{"status":304,"duration":"1ms","ip":"::1"}}
{"timestamp":"2026-03-17T05:57:18.097Z","level":"INFO","message":"GET /","data":{"status":304,"duration":"2ms","ip":"::1"}}
{"timestamp":"2026-03-17T05:57:29.361Z","level":"INFO","message":"GET /","data":{"status":304,"duration":"1ms","ip":"::1"}}
{"timestamp":"2026-03-17T05:58:02.265Z","level":"INFO","message":"GET /","data":{"status":304,"duration":"0ms","ip":"::1"}}
{"timestamp":"2026-03-17T05:59:42.070Z","level":"INFO","message":"GET /","data":{"status":304,"duration":"1ms","ip":"::1"}}
{"timestamp":"2026-03-17T05:59:52.860Z","level":"INFO","message":"GET /","data":{"status":304,"duration":"1ms","ip":"::1"}}
{"timestamp":"2026-03-17T06:00:27.512Z","level":"INFO","message":"GET /","data":{"status":304,"duration":"72ms","ip":"::1"}}
{"timestamp":"2026-03-17T06:00:27.522Z","level":"INFO","message":"GET /","data":{"status":304,"duration":"71ms","ip":"::1"}}
{"timestamp":"2026-03-17T06:00:30.050Z","level":"INFO","message":"GET /","data":{"status":304,"duration":"1ms","ip":"::1"}}
{"timestamp":"2026-03-17T06:04:28.412Z","level":"INFO","message":"GET /","data":{"status":304,"duration":"139ms","ip":"::1"}}
{"timestamp":"2026-03-17T06:04:31.934Z","level":"INFO","message":"GET /","data":{"status":304,"duration":"92ms","ip":"::1"}}
{"timestamp":"2026-03-17T06:05:26.900Z","level":"INFO","message":"GET /","data":{"status":304,"duration":"2ms","ip":"::1"}}
{"timestamp":"2026-03-17T06:05:26.909Z","level":"INFO","message":"GET /","data":{"status":304,"duration":"4ms","ip":"::1"}}
{"timestamp":"2026-03-17T06:05:29.079Z","level":"INFO","message":"GET /","data":{"status":304,"duration":"85ms","ip":"::1"}}
{"timestamp":"2026-03-17T06:05:33.853Z","level":"INFO","message":"GET /","data":{"status":304,"duration":"1ms","ip":"::1"}}
{"timestamp":"2026-03-17T06:06:31.781Z","level":"INFO","message":"GET /","data":{"status":304,"duration":"2ms","ip":"::1"}}
{"timestamp":"2026-03-17T06:07:04.415Z","level":"INFO","message":"GET /","data":{"status":304,"duration":"4ms","ip":"::1"}}
{"timestamp":"2026-03-17T06:07:08.100Z","level":"INFO","message":"GET /","data":{"status":304,"duration":"1ms","ip":"::1"}}
{"timestamp":"2026-03-17T06:10:30.929Z","level":"INFO","message":"GET /","data":{"status":304,"duration":"91ms","ip":"::1"}}
{"timestamp":"2026-03-17T06:10:32.692Z","level":"INFO","message":"GET /","data":{"status":304,"duration":"76ms","ip":"::1"}}
{"timestamp":"2026-03-17T06:10:34.386Z","level":"INFO","message":"GET /","data":{"status":304,"duration":"72ms","ip":"::1"}}
{"timestamp":"2026-03-17T06:10:36.298Z","level":"INFO","message":"GET /","data":{"status":304,"duration":"1ms","ip":"::1"}}
{"timestamp":"2026-03-17T06:10:48.264Z","level":"INFO","message":"GET /","data":{"status":304,"duration":"2ms","ip":"::1"}}
{"timestamp":"2026-03-17T06:11:26.946Z","level":"INFO","message":"GET /","data":{"status":304,"duration":"1ms","ip":"::1"}}
{"timestamp":"2026-03-17T06:13:04.701Z","level":"INFO","message":"GET /","data":{"status":304,"duration":"1ms","ip":"::1"}}
{"timestamp":"2026-03-17T06:24:42.121Z","level":"INFO","message":"GET /","data":{"status":304,"duration":"119ms","ip":"::1"}}
{"timestamp":"2026-03-17T06:24:49.979Z","level":"INFO","message":"GET /","data":{"status":304,"duration":"78ms","ip":"::1"}}
{"timestamp":"2026-03-17T06:27:04.880Z","level":"INFO","message":"GET /","data":{"status":304,"duration":"105ms","ip":"::1"}}
{"timestamp":"2026-03-17T06:27:06.605Z","level":"INFO","message":"GET /","data":{"status":304,"duration":"1ms","ip":"::1"}}
{"timestamp":"2026-03-17T06:45:35.013Z","level":"INFO","message":"GET /","data":{"status":304,"duration":"198ms","ip":"::1"}}
{"timestamp":"2026-03-17T06:45:46.858Z","level":"INFO","message":"GET /","data":{"status":304,"duration":"90ms","ip":"::1"}}
{"timestamp":"2026-03-17T06:45:48.278Z","level":"INFO","message":"GET /","data":{"status":304,"duration":"95ms","ip":"::1"}}
{"timestamp":"2026-03-17T06:52:34.187Z","level":"INFO","message":"GET /","data":{"status":304,"duration":"151ms","ip":"::1"}}
{"timestamp":"2026-03-17T06:52:38.081Z","level":"INFO","message":"GET /","data":{"status":304,"duration":"83ms","ip":"::1"}}
{"timestamp":"2026-03-17T06:54:28.156Z","level":"INFO","message":"GET /","data":{"status":304,"duration":"88ms","ip":"::1"}}
{"timestamp":"2026-03-17T06:54:34.497Z","level":"INFO","message":"GET /","data":{"status":304,"duration":"1ms","ip":"::1"}}
{"timestamp":"2026-03-17T07:04:55.107Z","level":"INFO","message":"GET /","data":{"status":304,"duration":"68ms","ip":"::1"}}
{"timestamp":"2026-03-17T07:04:55.172Z","level":"INFO","message":"GET /","data":{"status":304,"duration":"187ms","ip":"::1"}}
{"timestamp":"2026-03-17T07:04:56.033Z","level":"INFO","message":"GET /","data":{"status":304,"duration":"74ms","ip":"::1"}}
{"timestamp":"2026-03-17T07:10:17.911Z","level":"INFO","message":"GET /","data":{"status":304,"duration":"97ms","ip":"::1"}}
{"timestamp":"2026-03-17T07:10:17.919Z","level":"INFO","message":"GET /","data":{"status":304,"duration":"136ms","ip":"::1"}}
{"timestamp":"2026-03-17T07:10:20.715Z","level":"INFO","message":"GET /","data":{"status":304,"duration":"222ms","ip":"::1"}}
{"timestamp":"2026-03-17T07:10:26.107Z","level":"INFO","message":"GET /","data":{"status":304,"duration":"69ms","ip":"::1"}}
{"timestamp":"2026-03-17T07:10:44.568Z","level":"INFO","message":"GET /","data":{"status":304,"duration":"0ms","ip":"::1"}}
{"timestamp":"2026-03-17T07:10:44.575Z","level":"INFO","message":"GET /","data":{"status":304,"duration":"1ms","ip":"::1"}}
{"timestamp":"2026-03-17T07:10:48.291Z","level":"INFO","message":"GET /","data":{"status":304,"duration":"0ms","ip":"::1"}}
{"timestamp":"2026-03-17T07:10:49.834Z","level":"INFO","message":"GET /","data":{"status":304,"duration":"1ms","ip":"::1"}}
{"timestamp":"2026-03-17T07:10:49.839Z","level":"INFO","message":"GET /","data":{"status":304,"duration":"3ms","ip":"::1"}}
{"timestamp":"2026-03-17T07:10:51.573Z","level":"INFO","message":"GET /","data":{"status":304,"duration":"61ms","ip":"::1"}}
{"timestamp":"2026-03-17T07:10:54.207Z","level":"INFO","message":"GET /","data":{"status":304,"duration":"1ms","ip":"::1"}}
{"timestamp":"2026-03-17T07:10:54.210Z","level":"INFO","message":"GET /","data":{"status":304,"duration":"0ms","ip":"::1"}}
{"timestamp":"2026-03-17T07:10:56.941Z","level":"INFO","message":"GET /","data":{"status":304,"duration":"1ms","ip":"::1"}}
{"timestamp":"2026-03-17T07:11:51.217Z","level":"INFO","message":"GET /","data":{"status":304,"duration":"1ms","ip":"::1"}}
{"timestamp":"2026-03-17T07:11:55.593Z","level":"INFO","message":"GET /","data":{"status":304,"duration":"1ms","ip":"::1"}}
{"timestamp":"2026-03-17T07:12:05.897Z","level":"INFO","message":"GET /","data":{"status":304,"duration":"1ms","ip":"::1"}}
{"timestamp":"2026-03-17T07:12:18.016Z","level":"INFO","message":"GET /","data":{"status":304,"duration":"1ms","ip":"::1"}}
{"timestamp":"2026-03-17T07:12:20.415Z","level":"INFO","message":"GET /","data":{"status":304,"duration":"1ms","ip":"::1"}}
{"timestamp":"2026-03-17T07:12:28.338Z","level":"INFO","message":"GET /","data":{"status":304,"duration":"1ms","ip":"::1"}}
{"timestamp":"2026-03-17T07:12:35.714Z","level":"INFO","message":"GET /","data":{"status":304,"duration":"9ms","ip":"::1"}}
{"timestamp":"2026-03-17T07:12:48.278Z","level":"INFO","message":"GET /","data":{"status":304,"duration":"3ms","ip":"::1"}}
{"timestamp":"2026-03-17T07:13:00.785Z","level":"INFO","message":"GET /","data":{"status":304,"duration":"0ms","ip":"::1"}}
{"timestamp":"2026-03-17T07:13:48.018Z","level":"INFO","message":"GET /","data":{"status":304,"duration":"3ms","ip":"::1"}}
{"timestamp":"2026-03-17T07:13:54.765Z","level":"INFO","message":"GET /","data":{"status":304,"duration":"1ms","ip":"::1"}}
{"timestamp":"2026-03-17T07:14:16.988Z","level":"INFO","message":"GET /","data":{"status":304,"duration":"1ms","ip":"::1"}}
{"timestamp":"2026-03-17T07:16:22.257Z","level":"INFO","message":"GET /","data":{"status":304,"duration":"564ms","ip":"::1"}}
{"timestamp":"2026-03-17T07:16:24.813Z","level":"INFO","message":"GET /","data":{"status":304,"duration":"2ms","ip":"::1"}}
{"timestamp":"2026-03-17T07:17:25.862Z","level":"INFO","message":"GET /","data":{"status":304,"duration":"1ms","ip":"::1"}}
{"timestamp":"2026-03-17T07:17:29.450Z","level":"INFO","message":"GET /","data":{"status":304,"duration":"1ms","ip":"::1"}}
{"timestamp":"2026-03-17T07:17:39.880Z","level":"INFO","message":"GET /","data":{"status":304,"duration":"1ms","ip":"::1"}}
{"timestamp":"2026-03-17T07:17:45.964Z","level":"INFO","message":"GET /","data":{"status":304,"duration":"0ms","ip":"::1"}}
{"timestamp":"2026-03-17T07:18:04.476Z","level":"INFO","message":"GET /","data":{"status":304,"duration":"2ms","ip":"::1"}}
{"timestamp":"2026-03-17T07:18:09.139Z","level":"INFO","message":"GET /","data":{"status":304,"duration":"74ms","ip":"::1"}}
{"timestamp":"2026-03-17T07:18:09.149Z","level":"INFO","message":"GET /","data":{"status":304,"duration":"58ms","ip":"::1"}}
{"timestamp":"2026-03-17T07:18:11.271Z","level":"INFO","message":"GET /","data":{"status":304,"duration":"0ms","ip":"::1"}}
{"timestamp":"2026-03-17T07:18:11.277Z","level":"INFO","message":"GET /","data":{"status":304,"duration":"1ms","ip":"::1"}}
{"timestamp":"2026-03-17T07:18:15.622Z","level":"INFO","message":"GET /","data":{"status":304,"duration":"0ms","ip":"::1"}}
{"timestamp":"2026-03-17T07:18:15.629Z","level":"INFO","message":"GET /","data":{"status":304,"duration":"1ms","ip":"::1"}}
{"timestamp":"2026-03-17T07:18:18.781Z","level":"INFO","message":"GET /","data":{"status":304,"duration":"1ms","ip":"::1"}}
{"timestamp":"2026-03-17T07:18:18.783Z","level":"INFO","message":"GET /","data":{"status":304,"duration":"0ms","ip":"::1"}}
{"timestamp":"2026-03-17T07:18:30.347Z","level":"INFO","message":"GET /","data":{"status":304,"duration":"1ms","ip":"::1"}}
{"timestamp":"2026-03-17T07:18:30.350Z","level":"INFO","message":"GET /","data":{"status":304,"duration":"1ms","ip":"::1"}}
{"timestamp":"2026-03-17T07:18:32.208Z","level":"INFO","message":"GET /","data":{"status":304,"duration":"1ms","ip":"::1"}}
{"timestamp":"2026-03-17T07:18:32.221Z","level":"INFO","message":"GET /","data":{"status":304,"duration":"1ms","ip":"::1"}}
{"timestamp":"2026-03-17T07:18:36.690Z","level":"INFO","message":"GET /","data":{"status":304,"duration":"1ms","ip":"::1"}}
{"timestamp":"2026-03-17T07:18:36.696Z","level":"INFO","message":"GET /","data":{"status":304,"duration":"1ms","ip":"::1"}}
{"timestamp":"2026-03-17T07:18:39.431Z","level":"INFO","message":"GET /","data":{"status":304,"duration":"1ms","ip":"::1"}}
{"timestamp":"2026-03-17T07:18:39.435Z","level":"INFO","message":"GET /","data":{"status":304,"duration":"1ms","ip":"::1"}}
{"timestamp":"2026-03-17T07:18:42.812Z","level":"INFO","message":"GET /","data":{"status":304,"duration":"1ms","ip":"::1"}}
{"timestamp":"2026-03-17T07:18:59.467Z","level":"INFO","message":"GET /","data":{"status":304,"duration":"0ms","ip":"::1"}}
{"timestamp":"2026-03-17T07:19:06.640Z","level":"INFO","message":"GET /","data":{"status":304,"duration":"2ms","ip":"::1"}}
{"timestamp":"2026-03-17T07:19:07.991Z","level":"INFO","message":"GET /","data":{"status":304,"duration":"2ms","ip":"::1"}}
{"timestamp":"2026-03-17T07:19:58.371Z","level":"INFO","message":"GET /","data":{"status":304,"duration":"1ms","ip":"::1"}}
{"timestamp":"2026-03-17T07:20:03.119Z","level":"INFO","message":"GET /","data":{"status":304,"duration":"1ms","ip":"::1"}}
{"timestamp":"2026-03-17T07:21:40.914Z","level":"INFO","message":"GET /","data":{"status":304,"duration":"62ms","ip":"::1"}}
{"timestamp":"2026-03-17T07:33:37.112Z","level":"INFO","message":"GET /","data":{"status":304,"duration":"126ms","ip":"::1"}}
{"timestamp":"2026-03-17T07:33:40.014Z","level":"INFO","message":"GET /","data":{"status":304,"duration":"1ms","ip":"::1"}}
{"timestamp":"2026-03-17T07:33:43.468Z","level":"INFO","message":"GET /","data":{"status":304,"duration":"1ms","ip":"::1"}}
{"timestamp":"2026-03-17T07:33:51.570Z","level":"INFO","message":"GET /","data":{"status":304,"duration":"1ms","ip":"::1"}}
{"timestamp":"2026-03-17T07:34:41.614Z","level":"INFO","message":"GET /","data":{"status":304,"duration":"2ms","ip":"::1"}}
{"timestamp":"2026-03-17T07:34:43.987Z","level":"INFO","message":"GET /","data":{"status":304,"duration":"3ms","ip":"::1"}}
{"timestamp":"2026-03-17T07:35:13.814Z","level":"INFO","message":"GET /","data":{"status":304,"duration":"2ms","ip":"::1"}}
{"timestamp":"2026-03-17T07:35:25.404Z","level":"INFO","message":"GET /","data":{"status":304,"duration":"1ms","ip":"::1"}}
{"timestamp":"2026-03-17T07:35:33.364Z","level":"INFO","message":"GET /","data":{"status":304,"duration":"69ms","ip":"::1"}}
{"timestamp":"2026-03-17T07:35:33.407Z","level":"INFO","message":"GET /","data":{"status":304,"duration":"84ms","ip":"::1"}}
{"timestamp":"2026-03-17T07:35:39.519Z","level":"INFO","message":"GET /","data":{"status":304,"duration":"2ms","ip":"::1"}}
{"timestamp":"2026-03-17T07:35:39.525Z","level":"INFO","message":"GET /","data":{"status":304,"duration":"0ms","ip":"::1"}}
{"timestamp":"2026-03-17T07:35:55.440Z","level":"INFO","message":"GET /","data":{"status":304,"duration":"1ms","ip":"::1"}}
{"timestamp":"2026-03-17T07:35:55.446Z","level":"INFO","message":"GET /","data":{"status":304,"duration":"1ms","ip":"::1"}}
{"timestamp":"2026-03-17T07:36:07.181Z","level":"INFO","message":"GET /","data":{"status":304,"duration":"2ms","ip":"::1"}}
{"timestamp":"2026-03-17T07:36:07.200Z","level":"INFO","message":"GET /","data":{"status":304,"duration":"2ms","ip":"::1"}}
{"timestamp":"2026-03-17T07:36:08.722Z","level":"INFO","message":"GET /","data":{"status":304,"duration":"6ms","ip":"::1"}}
{"timestamp":"2026-03-17T07:36:48.237Z","level":"INFO","message":"GET /","data":{"status":304,"duration":"1ms","ip":"::1"}}
{"timestamp":"2026-03-17T07:36:52.583Z","level":"INFO","message":"GET /","data":{"status":304,"duration":"1ms","ip":"::1"}}
{"timestamp":"2026-03-17T07:36:57.480Z","level":"INFO","message":"GET /","data":{"status":304,"duration":"1ms","ip":"::1"}}
{"timestamp":"2026-03-17T07:37:00.708Z","level":"INFO","message":"GET /","data":{"status":304,"duration":"0ms","ip":"::1"}}
{"timestamp":"2026-03-17T07:37:19.568Z","level":"INFO","message":"GET /","data":{"status":304,"duration":"1ms","ip":"::1"}}
{"timestamp":"2026-03-17T07:37:22.439Z","level":"INFO","message":"GET /","data":{"status":304,"duration":"1ms","ip":"::1"}}
{"timestamp":"2026-03-17T07:37:27.385Z","level":"INFO","message":"GET /","data":{"status":304,"duration":"2ms","ip":"::1"}}
{"timestamp":"2026-03-17T07:38:06.941Z","level":"INFO","message":"GET /","data":{"status":304,"duration":"11ms","ip":"::1"}}
{"timestamp":"2026-03-17T07:38:14.506Z","level":"INFO","message":"GET /","data":{"status":304,"duration":"1ms","ip":"::1"}}
{"timestamp":"2026-03-17T07:38:17.905Z","level":"INFO","message":"GET /","data":{"status":304,"duration":"1ms","ip":"::1"}}
{"timestamp":"2026-03-17T07:38:23.217Z","level":"INFO","message":"GET /","data":{"status":304,"duration":"2ms","ip":"::1"}}
{"timestamp":"2026-03-17T07:38:36.768Z","level":"INFO","message":"GET /","data":{"status":304,"duration":"2ms","ip":"::1"}}
{"timestamp":"2026-03-17T07:38:40.289Z","level":"INFO","message":"GET /","data":{"status":304,"duration":"237ms","ip":"::1"}}
{"timestamp":"2026-03-17T07:38:49.425Z","level":"INFO","message":"GET /","data":{"status":304,"duration":"1ms","ip":"::1"}}
{"timestamp":"2026-03-17T07:38:55.908Z","level":"INFO","message":"GET /","data":{"status":304,"duration":"2ms","ip":"::1"}}
{"timestamp":"2026-03-17T07:39:33.071Z","level":"INFO","message":"GET /","data":{"status":304,"duration":"0ms","ip":"::1"}}
{"timestamp":"2026-03-17T07:39:36.590Z","level":"INFO","message":"GET /","data":{"status":304,"duration":"1ms","ip":"::1"}}
{"timestamp":"2026-03-17T07:39:39.128Z","level":"INFO","message":"GET /","data":{"status":304,"duration":"1ms","ip":"::1"}}
{"timestamp":"2026-03-17T07:39:50.687Z","level":"INFO","message":"GET /","data":{"status":304,"duration":"0ms","ip":"::1"}}
{"timestamp":"2026-03-17T07:39:53.354Z","level":"INFO","message":"GET /","data":{"status":304,"duration":"1ms","ip":"::1"}}
{"timestamp":"2026-03-17T07:39:59.074Z","level":"INFO","message":"GET /","data":{"status":304,"duration":"1ms","ip":"::1"}}
{"timestamp":"2026-03-17T07:40:03.344Z","level":"INFO","message":"GET /","data":{"status":304,"duration":"1ms","ip":"::1"}}
{"timestamp":"2026-03-17T07:40:10.082Z","level":"INFO","message":"GET /","data":{"status":304,"duration":"2ms","ip":"::1"}}
{"timestamp":"2026-03-17T07:40:23.630Z","level":"INFO","message":"GET /","data":{"status":304,"duration":"1ms","ip":"::1"}}
{"timestamp":"2026-03-17T07:40:40.428Z","level":"INFO","message":"GET /","data":{"status":304,"duration":"1ms","ip":"::1"}}
{"timestamp":"2026-03-17T07:40:45.877Z","level":"INFO","message":"GET /","data":{"status":304,"duration":"2ms","ip":"::1"}}
{"timestamp":"2026-03-17T07:40:57.075Z","level":"INFO","message":"GET /","data":{"status":304,"duration":"1ms","ip":"::1"}}
{"timestamp":"2026-03-17T07:41:33.227Z","level":"INFO","message":"GET /","data":{"status":304,"duration":"1ms","ip":"::1"}}
{"timestamp":"2026-03-17T07:41:36.134Z","level":"INFO","message":"GET /","data":{"status":304,"duration":"1ms","ip":"::1"}}
{"timestamp":"2026-03-17T07:42:10.277Z","level":"INFO","message":"GET /","data":{"status":304,"duration":"1ms","ip":"::1"}}
{"timestamp":"2026-03-17T07:42:38.759Z","level":"INFO","message":"GET /","data":{"status":304,"duration":"1ms","ip":"::1"}}
{"timestamp":"2026-03-17T07:42:42.548Z","level":"INFO","message":"GET /","data":{"status":304,"duration":"0ms","ip":"::1"}}
{"timestamp":"2026-03-17T07:44:02.972Z","level":"INFO","message":"GET /","data":{"status":304,"duration":"146ms","ip":"::1"}}
{"timestamp":"2026-03-17T07:44:05.991Z","level":"INFO","message":"GET /","data":{"status":304,"duration":"1ms","ip":"::1"}}
{"timestamp":"2026-03-17T07:44:09.320Z","level":"INFO","message":"GET /","data":{"status":304,"duration":"1ms","ip":"::1"}}
{"timestamp":"2026-03-17T07:45:26.001Z","level":"INFO","message":"GET /","data":{"status":304,"duration":"2ms","ip":"::1"}}
{"timestamp":"2026-03-17T07:45:41.120Z","level":"INFO","message":"GET /","data":{"status":304,"duration":"3ms","ip":"::1"}}
{"timestamp":"2026-03-17T07:45:43.478Z","level":"INFO","message":"GET /","data":{"status":304,"duration":"0ms","ip":"::1"}}
{"timestamp":"2026-03-17T07:45:52.667Z","level":"INFO","message":"GET /","data":{"status":304,"duration":"3ms","ip":"::1"}}
{"timestamp":"2026-03-17T07:46:14.045Z","level":"INFO","message":"GET /","data":{"status":304,"duration":"1ms","ip":"::1"}}
{"timestamp":"2026-03-17T07:47:00.051Z","level":"INFO","message":"GET /","data":{"status":304,"duration":"102ms","ip":"::1"}}
{"timestamp":"2026-03-17T07:47:00.111Z","level":"INFO","message":"GET /","data":{"status":304,"duration":"179ms","ip":"::1"}}
{"timestamp":"2026-03-17T07:47:01.886Z","level":"INFO","message":"GET /","data":{"status":304,"duration":"0ms","ip":"::1"}}
{"timestamp":"2026-03-17T07:47:03.522Z","level":"INFO","message":"GET /","data":{"status":304,"duration":"77ms","ip":"::1"}}
{"timestamp":"2026-03-17T07:47:25.282Z","level":"INFO","message":"GET /","data":{"status":304,"duration":"61ms","ip":"::1"}}
{"timestamp":"2026-03-17T07:47:32.801Z","level":"INFO","message":"GET /dashboard","data":{"status":200,"duration":"142ms","ip":"::1"}}
{"timestamp":"2026-03-17T07:47:36.223Z","level":"INFO","message":"GET /","data":{"status":304,"duration":"1ms","ip":"::1"}}
{"timestamp":"2026-03-17T07:47:39.675Z","level":"INFO","message":"GET /","data":{"status":304,"duration":"1ms","ip":"::1"}}
{"timestamp":"2026-03-17T07:47:39.678Z","level":"INFO","message":"GET /","data":{"status":304,"duration":"1ms","ip":"::1"}}
{"timestamp":"2026-03-17T07:47:40.746Z","level":"INFO","message":"GET /","data":{"status":304,"duration":"1ms","ip":"::1"}}
{"timestamp":"2026-03-17T07:47:42.135Z","level":"INFO","message":"GET /","data":{"status":304,"duration":"1ms","ip":"::1"}}
{"timestamp":"2026-03-17T07:47:42.140Z","level":"INFO","message":"GET /","data":{"status":304,"duration":"2ms","ip":"::1"}}
{"timestamp":"2026-03-17T07:47:43.147Z","level":"INFO","message":"GET /","data":{"status":304,"duration":"0ms","ip":"::1"}}
{"timestamp":"2026-03-17T07:47:45.108Z","level":"INFO","message":"GET /","data":{"status":304,"duration":"1ms","ip":"::1"}}
{"timestamp":"2026-03-17T07:47:47.087Z","level":"INFO","message":"GET /dashboard","data":{"status":200,"duration":"84ms","ip":"::1"}}
{"timestamp":"2026-03-17T07:47:56.353Z","level":"INFO","message":"GET /api/v1/analytics/export","data":{"status":404,"duration":"17ms","ip":"::1"}}
{"timestamp":"2026-03-17T07:47:58.367Z","level":"INFO","message":"GET /export","data":{"status":200,"duration":"0ms","ip":"::1"}}
{"timestamp":"2026-03-17T07:47:58.772Z","level":"INFO","message":"GET /export","data":{"status":304,"duration":"1ms","ip":"::1"}}
{"timestamp":"2026-03-17T07:48:00.345Z","level":"INFO","message":"GET /","data":{"status":304,"duration":"1ms","ip":"::1"}}
{"timestamp":"2026-03-17T07:48:01.880Z","level":"INFO","message":"GET /","data":{"status":304,"duration":"1ms","ip":"::1"}}
{"timestamp":"2026-03-17T07:48:03.173Z","level":"INFO","message":"GET /","data":{"status":304,"duration":"5ms","ip":"::1"}}
{"timestamp":"2026-03-17T07:48:14.564Z","level":"INFO","message":"GET /","data":{"status":304,"duration":"1ms","ip":"::1"}}
{"timestamp":"2026-03-17T07:48:16.076Z","level":"INFO","message":"GET /","data":{"status":304,"duration":"2ms","ip":"::1"}}
{"timestamp":"2026-03-17T07:48:20.274Z","level":"INFO","message":"GET /","data":{"status":304,"duration":"1ms","ip":"::1"}}
{"timestamp":"2026-03-17T07:48:22.448Z","level":"INFO","message":"GET /","data":{"status":304,"duration":"1ms","ip":"::1"}}
{"timestamp":"2026-03-17T07:52:46.654Z","level":"INFO","message":"GET /","data":{"status":304,"duration":"102ms","ip":"::1"}}
{"timestamp":"2026-03-17T07:52:54.210Z","level":"INFO","message":"GET /","data":{"status":304,"duration":"0ms","ip":"::1"}}
{"timestamp":"2026-03-17T07:52:58.218Z","level":"INFO","message":"GET /","data":{"status":304,"duration":"1ms","ip":"::1"}}
{"timestamp":"2026-03-17T07:53:01.972Z","level":"INFO","message":"GET /","data":{"status":304,"duration":"1ms","ip":"::1"}}
{"timestamp":"2026-03-17T07:53:12.887Z","level":"INFO","message":"GET /","data":{"status":304,"duration":"1ms","ip":"::1"}}
{"timestamp":"2026-03-17T07:53:27.481Z","level":"INFO","message":"GET /","data":{"status":304,"duration":"0ms","ip":"::1"}}
{"timestamp":"2026-03-17T07:53:29.052Z","level":"INFO","message":"GET /","data":{"status":304,"duration":"1ms","ip":"::1"}}
{"timestamp":"2026-03-17T07:53:40.429Z","level":"INFO","message":"GET /","data":{"status":304,"duration":"0ms","ip":"::1"}}
{"timestamp":"2026-03-17T07:57:59.326Z","level":"INFO","message":"GET /","data":{"status":304,"duration":"347ms","ip":"::1"}}
{"timestamp":"2026-03-17T07:58:10.184Z","level":"INFO","message":"GET /","data":{"status":304,"duration":"3ms","ip":"::1"}}
{"timestamp":"2026-03-17T07:58:36.249Z","level":"INFO","message":"GET /","data":{"status":304,"duration":"1ms","ip":"::1"}}
{"timestamp":"2026-03-17T07:59:14.869Z","level":"INFO","message":"GET /","data":{"status":304,"duration":"0ms","ip":"::1"}}
{"timestamp":"2026-03-17T07:59:32.625Z","level":"INFO","message":"GET /","data":{"status":304,"duration":"0ms","ip":"::1"}}
{"timestamp":"2026-03-17T07:59:42.100Z","level":"INFO","message":"GET /","data":{"status":304,"duration":"43ms","ip":"::1"}}
{"timestamp":"2026-03-17T08:00:21.746Z","level":"INFO","message":"GET /","data":{"status":304,"duration":"1ms","ip":"::1"}}
{"timestamp":"2026-03-17T08:00:24.123Z","level":"INFO","message":"GET /","data":{"status":304,"duration":"1ms","ip":"::1"}}
{"timestamp":"2026-03-17T08:00:37.309Z","level":"INFO","message":"GET /","data":{"status":304,"duration":"1ms","ip":"::1"}}
{"timestamp":"2026-03-17T08:01:48.838Z","level":"INFO","message":"GET /","data":{"status":304,"duration":"1ms","ip":"::1"}}
{"timestamp":"2026-03-17T08:02:04.211Z","level":"INFO","message":"GET /","data":{"status":304,"duration":"1ms","ip":"::1"}}
{"timestamp":"2026-03-17T08:02:21.730Z","level":"INFO","message":"GET /","data":{"status":304,"duration":"1ms","ip":"::1"}}
{"timestamp":"2026-03-17T08:04:23.839Z","level":"INFO","message":"GET /","data":{"status":304,"duration":"138ms","ip":"::1"}}
{"timestamp":"2026-03-17T08:06:20.735Z","level":"INFO","message":"GET /","data":{"status":304,"duration":"107ms","ip":"::1"}}
{"timestamp":"2026-03-17T08:06:56.807Z","level":"INFO","message":"GET /","data":{"status":304,"duration":"1ms","ip":"::1"}}
{"timestamp":"2026-03-17T08:11:40.020Z","level":"INFO","message":"GET /","data":{"status":304,"duration":"143ms","ip":"::1"}}
{"timestamp":"2026-03-17T08:11:51.712Z","level":"INFO","message":"GET /","data":{"status":304,"duration":"1ms","ip":"::1"}}
{"timestamp":"2026-03-17T08:13:01.048Z","level":"INFO","message":"GET /","data":{"status":304,"duration":"1ms","ip":"::1"}}
{"timestamp":"2026-03-17T08:19:26.962Z","level":"INFO","message":"GET /","data":{"status":304,"duration":"93ms","ip":"::1"}}
{"timestamp":"2026-03-17T08:19:29.197Z","level":"INFO","message":"GET /","data":{"status":304,"duration":"171ms","ip":"::1"}}
{"timestamp":"2026-03-17T08:20:51.450Z","level":"INFO","message":"GET /","data":{"status":304,"duration":"2ms","ip":"::1"}}
{"timestamp":"2026-03-17T08:22:27.440Z","level":"INFO","message":"GET /","data":{"status":304,"duration":"3ms","ip":"::1"}}
{"timestamp":"2026-03-17T08:23:22.491Z","level":"INFO","message":"GET /","data":{"status":304,"duration":"1ms","ip":"::1"}}
{"timestamp":"2026-03-17T08:43:23.375Z","level":"INFO","message":"POST /refresh","data":{"status":200,"duration":"57ms","ip":"::1"}}
{"timestamp":"2026-03-17T09:03:23.331Z","level":"INFO","message":"POST /refresh","data":{"status":200,"duration":"31ms","ip":"::1"}}
{"timestamp":"2026-03-17T09:23:23.454Z","level":"INFO","message":"POST /refresh","data":{"status":200,"duration":"71ms","ip":"::1"}}
{"timestamp":"2026-03-17T09:43:23.389Z","level":"INFO","message":"POST /refresh","data":{"status":200,"duration":"62ms","ip":"::1"}}
{"timestamp":"2026-03-17T10:03:23.341Z","level":"INFO","message":"POST /refresh","data":{"status":200,"duration":"38ms","ip":"::1"}}
{"timestamp":"2026-03-17T10:23:23.372Z","level":"INFO","message":"POST /refresh","data":{"status":200,"duration":"68ms","ip":"::1"}}
{"timestamp":"2026-03-17T10:33:03.349Z","level":"INFO","message":"GET /","data":{"status":304,"duration":"198ms","ip":"::1"}}
{"timestamp":"2026-03-17T10:33:03.356Z","level":"INFO","message":"GET /","data":{"status":304,"duration":"98ms","ip":"::1"}}
{"timestamp":"2026-03-17T10:43:23.398Z","level":"INFO","message":"POST /refresh","data":{"status":200,"duration":"84ms","ip":"::1"}}
{"timestamp":"2026-03-17T11:03:23.441Z","level":"INFO","message":"POST /refresh","data":{"status":200,"duration":"71ms","ip":"::1"}}
{"timestamp":"2026-03-17T11:23:23.372Z","level":"INFO","message":"POST /refresh","data":{"status":200,"duration":"59ms","ip":"::1"}}
{"timestamp":"2026-03-17T11:43:23.324Z","level":"INFO","message":"POST /refresh","data":{"status":200,"duration":"31ms","ip":"::1"}}
{"timestamp":"2026-03-17T12:03:23.336Z","level":"INFO","message":"POST /refresh","data":{"status":200,"duration":"45ms","ip":"::1"}}
{"timestamp":"2026-03-17T12:23:23.357Z","level":"INFO","message":"POST /refresh","data":{"status":200,"duration":"52ms","ip":"::1"}}
{"timestamp":"2026-03-17T12:43:23.358Z","level":"INFO","message":"POST /refresh","data":{"status":200,"duration":"48ms","ip":"::1"}}
{"timestamp":"2026-03-17T12:44:32.504Z","level":"INFO","message":"Graceful shutdown initiated"}
{"timestamp":"2026-03-17T12:44:32.547Z","level":"INFO","message":"HTTP server closed"}
{"timestamp":"2026-03-17T12:44:32.746Z","level":"INFO","message":"Database disconnected"}
{"timestamp":"2026-03-17T16:44:35.527Z","level":"INFO","message":"✓ MongoDB connected"}
{"timestamp":"2026-03-17T16:44:35.537Z","level":"INFO","message":"✓ Server running on port 5000"}
{"timestamp":"2026-03-17T16:44:35.544Z","level":"INFO","message":"Environment: development"}
{"timestamp":"2026-03-17T16:50:18.251Z","level":"INFO","message":"POST /logout","data":{"status":200,"duration":"12ms","ip":"::1"}}
{"timestamp":"2026-03-17T16:50:33.646Z","level":"INFO","message":"POST /login","data":{"status":200,"duration":"814ms","ip":"::1"}}
{"timestamp":"2026-03-17T16:50:33.989Z","level":"INFO","message":"GET /","data":{"status":304,"duration":"93ms","ip":"::1"}}
{"timestamp":"2026-03-17T16:50:33.993Z","level":"INFO","message":"GET /","data":{"status":304,"duration":"70ms","ip":"::1"}}
{"timestamp":"2026-03-17T16:50:40.268Z","level":"INFO","message":"GET /","data":{"status":304,"duration":"32ms","ip":"::1"}}
{"timestamp":"2026-03-17T16:50:43.667Z","level":"INFO","message":"GET /","data":{"status":304,"duration":"45ms","ip":"::1"}}
{"timestamp":"2026-03-17T16:51:11.394Z","level":"INFO","message":"GET /search","data":{"status":500,"duration":"21ms","ip":"::1"}}
{"timestamp":"2026-03-17T16:51:13.338Z","level":"INFO","message":"GET /search","data":{"status":500,"duration":"5ms","ip":"::1"}}
{"timestamp":"2026-03-17T16:51:13.410Z","level":"INFO","message":"GET /search","data":{"status":200,"duration":"1ms","ip":"::1"}}
{"timestamp":"2026-03-17T16:51:15.345Z","level":"INFO","message":"GET /search","data":{"status":200,"duration":"1ms","ip":"::1"}}
{"timestamp":"2026-03-17T16:54:12.043Z","level":"INFO","message":"GET /","data":{"status":304,"duration":"2ms","ip":"::1"}}
{"timestamp":"2026-03-17T16:54:21.551Z","level":"INFO","message":"GET /","data":{"status":304,"duration":"1ms","ip":"::1"}}
{"timestamp":"2026-03-17T16:54:31.895Z","level":"INFO","message":"GET /","data":{"status":304,"duration":"1ms","ip":"::1"}}
{"timestamp":"2026-03-17T16:55:14.605Z","level":"INFO","message":"GET /","data":{"status":304,"duration":"2ms","ip":"::1"}}
{"timestamp":"2026-03-17T16:55:25.900Z","level":"INFO","message":"GET /","data":{"status":304,"duration":"1ms","ip":"::1"}}
{"timestamp":"2026-03-17T16:55:46.484Z","level":"INFO","message":"GET /","data":{"status":304,"duration":"144ms","ip":"::1"}}
{"timestamp":"2026-03-17T17:04:19.762Z","level":"INFO","message":"GET /","data":{"status":304,"duration":"565ms","ip":"::1"}}
{"timestamp":"2026-03-17T17:04:21.827Z","level":"INFO","message":"GET /","data":{"status":304,"duration":"48ms","ip":"::1"}}
{"timestamp":"2026-03-17T17:08:23.030Z","level":"INFO","message":"GET /","data":{"status":304,"duration":"8ms","ip":"::1"}}
{"timestamp":"2026-03-17T17:27:13.564Z","level":"INFO","message":"GET /","data":{"status":304,"duration":"170ms","ip":"::1"}}
{"timestamp":"2026-03-17T17:27:31.919Z","level":"INFO","message":"GET /","data":{"status":304,"duration":"2ms","ip":"::1"}}
{"timestamp":"2026-03-17T17:27:34.546Z","level":"INFO","message":"GET /","data":{"status":304,"duration":"1ms","ip":"::1"}}
{"timestamp":"2026-03-17T17:27:47.387Z","level":"INFO","message":"GET /","data":{"status":304,"duration":"1ms","ip":"::1"}}
{"timestamp":"2026-03-17T17:27:50.398Z","level":"INFO","message":"GET /","data":{"status":304,"duration":"1ms","ip":"::1"}}
{"timestamp":"2026-03-17T17:37:05.617Z","level":"INFO","message":"GET /","data":{"status":304,"duration":"146ms","ip":"::1"}}
{"timestamp":"2026-03-17T17:37:07.577Z","level":"INFO","message":"GET /","data":{"status":304,"duration":"35ms","ip":"::1"}}
{"timestamp":"2026-03-17T17:38:40.550Z","level":"INFO","message":"GET /","data":{"status":304,"duration":"4ms","ip":"::1"}}
{"timestamp":"2026-03-17T17:39:47.452Z","level":"INFO","message":"GET /","data":{"status":304,"duration":"5ms","ip":"::1"}}
{"timestamp":"2026-03-17T17:39:48.523Z","level":"INFO","message":"GET /","data":{"status":304,"duration":"2ms","ip":"::1"}}
{"timestamp":"2026-03-17T17:45:00.689Z","level":"INFO","message":"GET /","data":{"status":304,"duration":"147ms","ip":"::1"}}
{"timestamp":"2026-03-17T17:46:35.442Z","level":"INFO","message":"GET /","data":{"status":304,"duration":"51ms","ip":"::1"}}
{"timestamp":"2026-03-17T17:46:36.889Z","level":"INFO","message":"GET /","data":{"status":304,"duration":"1ms","ip":"::1"}}
{"timestamp":"2026-03-17T17:47:13.075Z","level":"INFO","message":"GET /","data":{"status":304,"duration":"1ms","ip":"::1"}}
{"timestamp":"2026-03-17T17:48:09.427Z","level":"INFO","message":"GET /","data":{"status":304,"duration":"1ms","ip":"::1"}}
{"timestamp":"2026-03-17T17:48:13.426Z","level":"INFO","message":"GET /","data":{"status":304,"duration":"55ms","ip":"::1"}}
{"timestamp":"2026-03-17T17:48:18.272Z","level":"INFO","message":"GET /","data":{"status":304,"duration":"2ms","ip":"::1"}}
{"timestamp":"2026-03-17T17:54:21.447Z","level":"INFO","message":"GET /","data":{"status":304,"duration":"110ms","ip":"::1"}}
{"timestamp":"2026-03-17T17:54:45.608Z","level":"INFO","message":"GET /","data":{"status":304,"duration":"1ms","ip":"::1"}}
{"timestamp":"2026-03-17T17:56:21.307Z","level":"INFO","message":"POST /logout","data":{"status":200,"duration":"10ms","ip":"::1"}}
{"timestamp":"2026-03-17T17:57:57.231Z","level":"INFO","message":"POST /login","data":{"status":200,"duration":"436ms","ip":"::1"}}
{"timestamp":"2026-03-17T17:57:57.454Z","level":"INFO","message":"GET /","data":{"status":304,"duration":"50ms","ip":"::1"}}
{"timestamp":"2026-03-17T17:57:57.463Z","level":"INFO","message":"GET /","data":{"status":304,"duration":"39ms","ip":"::1"}}
{"timestamp":"2026-03-17T17:58:03.567Z","level":"INFO","message":"GET /","data":{"status":304,"duration":"3ms","ip":"::1"}}
{"timestamp":"2026-03-17T17:59:13.177Z","level":"INFO","message":"GET /","data":{"status":304,"duration":"2ms","ip":"::1"}}
{"timestamp":"2026-03-17T17:59:47.572Z","level":"INFO","message":"GET /","data":{"status":304,"duration":"474ms","ip":"::1"}}
{"timestamp":"2026-03-17T17:59:57.767Z","level":"INFO","message":"GET /","data":{"status":304,"duration":"5ms","ip":"::1"}}
{"timestamp":"2026-03-17T18:00:02.252Z","level":"INFO","message":"GET /","data":{"status":304,"duration":"2ms","ip":"::1"}}
{"timestamp":"2026-03-17T18:00:08.873Z","level":"INFO","message":"GET /","data":{"status":304,"duration":"2ms","ip":"::1"}}
{"timestamp":"2026-03-17T18:00:16.105Z","level":"INFO","message":"GET /","data":{"status":304,"duration":"2ms","ip":"::1"}}
{"timestamp":"2026-03-17T18:03:42.746Z","level":"INFO","message":"GET /","data":{"status":304,"duration":"9ms","ip":"::1"}}
{"timestamp":"2026-03-17T18:06:20.068Z","level":"INFO","message":"GET /","data":{"status":304,"duration":"136ms","ip":"::1"}}
{"timestamp":"2026-03-17T18:06:23.160Z","level":"INFO","message":"GET /","data":{"status":304,"duration":"1ms","ip":"::1"}}
{"timestamp":"2026-03-17T18:06:27.696Z","level":"INFO","message":"GET /","data":{"status":304,"duration":"0ms","ip":"::1"}}
{"timestamp":"2026-03-17T18:06:31.649Z","level":"INFO","message":"GET /","data":{"status":304,"duration":"1ms","ip":"::1"}}
{"timestamp":"2026-03-17T18:06:35.321Z","level":"INFO","message":"GET /","data":{"status":304,"duration":"0ms","ip":"::1"}}
{"timestamp":"2026-03-17T18:06:38.723Z","level":"INFO","message":"GET /","data":{"status":304,"duration":"1ms","ip":"::1"}}
{"timestamp":"2026-03-17T18:07:00.654Z","level":"INFO","message":"GET /","data":{"status":304,"duration":"1ms","ip":"::1"}}
{"timestamp":"2026-03-17T18:09:07.064Z","level":"INFO","message":"GET /","data":{"status":304,"duration":"64ms","ip":"::1"}}
{"timestamp":"2026-03-17T18:09:10.922Z","level":"INFO","message":"GET /","data":{"status":304,"duration":"41ms","ip":"::1"}}
{"timestamp":"2026-03-17T18:09:11.937Z","level":"INFO","message":"GET /","data":{"status":304,"duration":"36ms","ip":"::1"}}
{"timestamp":"2026-03-17T18:09:11.994Z","level":"INFO","message":"GET /","data":{"status":304,"duration":"80ms","ip":"::1"}}
{"timestamp":"2026-03-17T18:09:13.140Z","level":"INFO","message":"GET /","data":{"status":304,"duration":"1ms","ip":"::1"}}
{"timestamp":"2026-03-17T18:09:27.020Z","level":"INFO","message":"GET /","data":{"status":200,"duration":"35ms","ip":"::1"}}
{"timestamp":"2026-03-17T18:09:31.090Z","level":"INFO","message":"GET /","data":{"status":200,"duration":"56ms","ip":"::1"}}
{"timestamp":"2026-03-17T18:09:31.578Z","level":"INFO","message":"GET /","data":{"status":200,"duration":"35ms","ip":"::1"}}
{"timestamp":"2026-03-17T18:09:37.945Z","level":"INFO","message":"GET /","data":{"status":304,"duration":"1ms","ip":"::1"}}
{"timestamp":"2026-03-17T18:09:38.497Z","level":"INFO","message":"GET /","data":{"status":304,"duration":"1ms","ip":"::1"}}
{"timestamp":"2026-03-17T18:09:39.259Z","level":"INFO","message":"GET /","data":{"status":304,"duration":"1ms","ip":"::1"}}
{"timestamp":"2026-03-17T18:11:48.640Z","level":"INFO","message":"GET /","data":{"status":304,"duration":"25ms","ip":"::1"}}
{"timestamp":"2026-03-17T18:11:57.730Z","level":"INFO","message":"GET /","data":{"status":304,"duration":"1ms","ip":"::1"}}
{"timestamp":"2026-03-17T18:12:37.661Z","level":"INFO","message":"GET /","data":{"status":304,"duration":"2ms","ip":"::1"}}
{"timestamp":"2026-03-17T18:12:48.750Z","level":"INFO","message":"GET /","data":{"status":304,"duration":"1ms","ip":"::1"}}
{"timestamp":"2026-03-17T18:12:54.252Z","level":"INFO","message":"GET /","data":{"status":304,"duration":"1ms","ip":"::1"}}
{"timestamp":"2026-03-17T18:13:03.771Z","level":"INFO","message":"GET /","data":{"status":304,"duration":"0ms","ip":"::1"}}
{"timestamp":"2026-03-17T18:13:06.494Z","level":"INFO","message":"GET /","data":{"status":304,"duration":"0ms","ip":"::1"}}
{"timestamp":"2026-03-17T18:13:10.585Z","level":"INFO","message":"GET /","data":{"status":304,"duration":"1ms","ip":"::1"}}
{"timestamp":"2026-03-17T18:13:22.567Z","level":"INFO","message":"GET /","data":{"status":304,"duration":"1ms","ip":"::1"}}
{"timestamp":"2026-03-17T18:13:59.250Z","level":"INFO","message":"GET /","data":{"status":304,"duration":"2ms","ip":"::1"}}
{"timestamp":"2026-03-17T18:14:09.563Z","level":"INFO","message":"GET /","data":{"status":304,"duration":"656ms","ip":"::1"}}
{"timestamp":"2026-03-17T18:14:12.016Z","level":"INFO","message":"GET /","data":{"status":304,"duration":"1ms","ip":"::1"}}
{"timestamp":"2026-03-17T18:14:18.345Z","level":"INFO","message":"GET /","data":{"status":304,"duration":"1ms","ip":"::1"}}
{"timestamp":"2026-03-17T18:14:34.148Z","level":"INFO","message":"GET /","data":{"status":304,"duration":"1ms","ip":"::1"}}
{"timestamp":"2026-03-17T18:14:38.030Z","level":"INFO","message":"GET /","data":{"status":304,"duration":"1ms","ip":"::1"}}
{"timestamp":"2026-03-17T18:14:52.826Z","level":"INFO","message":"GET /","data":{"status":304,"duration":"1ms","ip":"::1"}}
{"timestamp":"2026-03-17T18:15:17.793Z","level":"INFO","message":"GET /","data":{"status":304,"duration":"2ms","ip":"::1"}}
{"timestamp":"2026-03-17T18:15:20.471Z","level":"INFO","message":"GET /","data":{"status":304,"duration":"7ms","ip":"::1"}}
{"timestamp":"2026-03-17T18:15:23.643Z","level":"INFO","message":"GET /","data":{"status":304,"duration":"1ms","ip":"::1"}}
{"timestamp":"2026-03-17T18:15:27.147Z","level":"INFO","message":"GET /","data":{"status":304,"duration":"1ms","ip":"::1"}}
{"timestamp":"2026-03-17T18:15:31.462Z","level":"INFO","message":"GET /","data":{"status":304,"duration":"1ms","ip":"::1"}}
{"timestamp":"2026-03-17T18:15:35.575Z","level":"INFO","message":"GET /","data":{"status":304,"duration":"1ms","ip":"::1"}}
{"timestamp":"2026-03-17T18:15:40.701Z","level":"INFO","message":"GET /","data":{"status":304,"duration":"1ms","ip":"::1"}}
{"timestamp":"2026-03-17T18:15:56.265Z","level":"INFO","message":"GET /","data":{"status":304,"duration":"1ms","ip":"::1"}}
{"timestamp":"2026-03-17T18:16:37.135Z","level":"INFO","message":"GET /","data":{"status":304,"duration":"0ms","ip":"::1"}}
{"timestamp":"2026-03-17T18:16:53.477Z","level":"INFO","message":"GET /","data":{"status":304,"duration":"361ms","ip":"::1"}}
{"timestamp":"2026-03-17T18:17:10.003Z","level":"INFO","message":"GET /","data":{"status":304,"duration":"2ms","ip":"::1"}}
{"timestamp":"2026-03-17T18:17:29.026Z","level":"INFO","message":"GET /","data":{"status":304,"duration":"3ms","ip":"::1"}}
{"timestamp":"2026-03-17T18:20:19.007Z","level":"INFO","message":"GET /","data":{"status":304,"duration":"145ms","ip":"::1"}}
{"timestamp":"2026-03-17T18:20:22.680Z","level":"INFO","message":"GET /","data":{"status":304,"duration":"1ms","ip":"::1"}}
{"timestamp":"2026-03-17T18:20:42.415Z","level":"INFO","message":"PUT /69b2999ed6b3f43bd368bfbd","data":{"status":200,"duration":"148ms","ip":"::1"}}
{"timestamp":"2026-03-17T18:20:42.449Z","level":"INFO","message":"GET /","data":{"status":200,"duration":"26ms","ip":"::1"}}
{"timestamp":"2026-03-17T18:20:46.081Z","level":"INFO","message":"PUT /69b2999ed6b3f43bd368bfbd","data":{"status":200,"duration":"29ms","ip":"::1"}}
{"timestamp":"2026-03-17T18:20:46.120Z","level":"INFO","message":"GET /","data":{"status":200,"duration":"32ms","ip":"::1"}}
{"timestamp":"2026-03-17T18:20:55.644Z","level":"INFO","message":"PUT /69b2999ed6b3f43bd368bfbd","data":{"status":200,"duration":"29ms","ip":"::1"}}
{"timestamp":"2026-03-17T18:20:55.690Z","level":"INFO","message":"GET /","data":{"status":200,"duration":"37ms","ip":"::1"}}
{"timestamp":"2026-03-17T18:21:03.581Z","level":"INFO","message":"PUT /69b2999ed6b3f43bd368bfbd","data":{"status":200,"duration":"27ms","ip":"::1"}}
{"timestamp":"2026-03-17T18:21:03.636Z","level":"INFO","message":"GET /","data":{"status":200,"duration":"48ms","ip":"::1"}}
{"timestamp":"2026-03-17T18:21:14.490Z","level":"INFO","message":"GET /","data":{"status":304,"duration":"27ms","ip":"::1"}}
{"timestamp":"2026-03-17T18:21:14.498Z","level":"INFO","message":"GET /","data":{"status":200,"duration":"27ms","ip":"::1"}}
{"timestamp":"2026-03-17T18:21:17.691Z","level":"INFO","message":"GET /","data":{"status":304,"duration":"46ms","ip":"::1"}}
{"timestamp":"2026-03-17T18:21:22.238Z","level":"INFO","message":"GET /","data":{"status":304,"duration":"1ms","ip":"::1"}}
{"timestamp":"2026-03-17T18:21:23.663Z","level":"INFO","message":"GET /","data":{"status":304,"duration":"1ms","ip":"::1"}}
{"timestamp":"2026-03-17T18:21:24.974Z","level":"INFO","message":"GET /","data":{"status":304,"duration":"1ms","ip":"::1"}}
{"timestamp":"2026-03-17T18:21:30.565Z","level":"INFO","message":"GET /dashboard","data":{"status":200,"duration":"97ms","ip":"::1"}}
{"timestamp":"2026-03-17T18:21:41.811Z","level":"INFO","message":"GET /","data":{"status":304,"duration":"1ms","ip":"::1"}}
{"timestamp":"2026-03-17T18:21:42.601Z","level":"INFO","message":"GET /","data":{"status":304,"duration":"1ms","ip":"::1"}}
{"timestamp":"2026-03-17T18:21:43.714Z","level":"INFO","message":"GET /","data":{"status":304,"duration":"2ms","ip":"::1"}}
{"timestamp":"2026-03-17T18:21:44.706Z","level":"INFO","message":"GET /","data":{"status":304,"duration":"1ms","ip":"::1"}}
{"timestamp":"2026-03-17T18:21:44.711Z","level":"INFO","message":"GET /","data":{"status":304,"duration":"0ms","ip":"::1"}}
{"timestamp":"2026-03-17T18:40:23.327Z","level":"INFO","message":"POST /refresh","data":{"status":200,"duration":"68ms","ip":"::1"}}
{"timestamp":"2026-03-17T18:49:05.660Z","level":"INFO","message":"GET /","data":{"status":304,"duration":"341ms","ip":"::1"}}
{"timestamp":"2026-03-17T18:49:05.671Z","level":"INFO","message":"GET /","data":{"status":304,"duration":"75ms","ip":"::1"}}
{"timestamp":"2026-03-17T18:53:26.576Z","level":"INFO","message":"GET /","data":{"status":304,"duration":"30ms","ip":"::1"}}
{"timestamp":"2026-03-17T18:53:28.658Z","level":"INFO","message":"GET /","data":{"status":304,"duration":"33ms","ip":"::1"}}
{"timestamp":"2026-03-17T18:55:20.005Z","level":"INFO","message":"GET /","data":{"status":304,"duration":"28ms","ip":"::1"}}
{"timestamp":"2026-03-17T19:03:42.235Z","level":"INFO","message":"GET /","data":{"status":304,"duration":"144ms","ip":"::1"}}
{"timestamp":"2026-03-17T19:03:42.251Z","level":"INFO","message":"GET /","data":{"status":304,"duration":"97ms","ip":"::1"}}
{"timestamp":"2026-03-17T19:23:11.303Z","level":"INFO","message":"POST /refresh","data":{"status":200,"duration":"52ms","ip":"::1"}}
{"timestamp":"2026-03-17T19:43:11.326Z","level":"INFO","message":"POST /refresh","data":{"status":200,"duration":"61ms","ip":"::1"}}
{"timestamp":"2026-03-17T19:46:31.106Z","level":"INFO","message":"GET /","data":{"status":304,"duration":"124ms","ip":"::1"}}
{"timestamp":"2026-03-17T19:46:31.112Z","level":"INFO","message":"GET /","data":{"status":304,"duration":"40ms","ip":"::1"}}
{"timestamp":"2026-03-17T19:58:14.071Z","level":"INFO","message":"GET /","data":{"status":304,"duration":"77ms","ip":"::1"}}
{"timestamp":"2026-03-17T19:58:14.078Z","level":"INFO","message":"GET /","data":{"status":304,"duration":"36ms","ip":"::1"}}
{"timestamp":"2026-03-17T20:05:05.140Z","level":"INFO","message":"GET /","data":{"status":304,"duration":"166ms","ip":"::1"}}
{"timestamp":"2026-03-17T20:05:05.150Z","level":"INFO","message":"GET /","data":{"status":304,"duration":"57ms","ip":"::1"}}
{"timestamp":"2026-03-17T20:05:29.101Z","level":"INFO","message":"GET /","data":{"status":304,"duration":"3ms","ip":"::1"}}
{"timestamp":"2026-03-17T20:05:29.125Z","level":"INFO","message":"GET /","data":{"status":304,"duration":"5ms","ip":"::1"}}
{"timestamp":"2026-03-17T20:05:50.215Z","level":"INFO","message":"GET /dashboard","data":{"status":200,"duration":"102ms","ip":"::1"}}
{"timestamp":"2026-03-17T20:06:02.972Z","level":"INFO","message":"GET /","data":{"status":304,"duration":"40ms","ip":"::1"}}
{"timestamp":"2026-03-17T20:06:08.922Z","level":"INFO","message":"GET /dashboard","data":{"status":200,"duration":"45ms","ip":"::1"}}
{"timestamp":"2026-03-17T20:07:19.650Z","level":"INFO","message":"GET /","data":{"status":304,"duration":"1ms","ip":"::1"}}
{"timestamp":"2026-03-17T20:07:19.659Z","level":"INFO","message":"GET /","data":{"status":304,"duration":"2ms","ip":"::1"}}
{"timestamp":"2026-03-17T20:07:22.543Z","level":"INFO","message":"GET /","data":{"status":304,"duration":"33ms","ip":"::1"}}
{"timestamp":"2026-03-17T20:07:24.746Z","level":"INFO","message":"GET /","data":{"status":304,"duration":"39ms","ip":"::1"}}
{"timestamp":"2026-03-17T20:09:07.654Z","level":"INFO","message":"Graceful shutdown initiated"}
{"timestamp":"2026-03-17T20:09:07.681Z","level":"INFO","message":"HTTP server closed"}
{"timestamp":"2026-03-17T20:09:07.840Z","level":"INFO","message":"Database disconnected"}
