{"timestamp":"2026-03-20T09:24:42.019Z","level":"INFO","message":"✓ MongoDB connected"}
{"timestamp":"2026-03-20T09:24:42.033Z","level":"INFO","message":"✓ Server running on port 5000"}
{"timestamp":"2026-03-20T09:24:42.034Z","level":"INFO","message":"Environment: development"}
{"timestamp":"2026-03-20T09:25:37.893Z","level":"INFO","message":"POST /login","data":{"status":200,"duration":"352ms","ip":"::1"}}
{"timestamp":"2026-03-20T09:25:38.029Z","level":"INFO","message":"GET /","data":{"status":200,"duration":"52ms","ip":"::1"}}
{"timestamp":"2026-03-20T09:25:38.048Z","level":"INFO","message":"GET /","data":{"status":200,"duration":"54ms","ip":"::1"}}
{"timestamp":"2026-03-20T09:25:45.099Z","level":"INFO","message":"GET /","data":{"status":200,"duration":"37ms","ip":"::1"}}
{"timestamp":"2026-03-20T09:25:52.569Z","level":"INFO","message":"GET /daily/entries","data":{"status":200,"duration":"23ms","ip":"::1"}}
{"timestamp":"2026-03-20T09:25:52.586Z","level":"INFO","message":"GET /daily/entries","data":{"status":200,"duration":"30ms","ip":"::1"}}
{"timestamp":"2026-03-20T09:25:56.718Z","level":"INFO","message":"GET /daily/entries","data":{"status":200,"duration":"18ms","ip":"::1"}}
{"timestamp":"2026-03-20T09:26:50.696Z","level":"INFO","message":"GET /daily/entries","data":{"status":304,"duration":"2ms","ip":"::1"}}
{"timestamp":"2026-03-20T09:26:54.314Z","level":"INFO","message":"GET /","data":{"status":200,"duration":"39ms","ip":"::1"}}
{"timestamp":"2026-03-20T09:26:58.628Z","level":"INFO","message":"GET /daily/entries","data":{"status":304,"duration":"0ms","ip":"::1"}}
{"timestamp":"2026-03-20T09:26:58.631Z","level":"INFO","message":"GET /daily/entries","data":{"status":304,"duration":"0ms","ip":"::1"}}
{"timestamp":"2026-03-20T09:26:59.862Z","level":"INFO","message":"GET /","data":{"status":304,"duration":"1ms","ip":"::1"}}
{"timestamp":"2026-03-20T09:27:01.212Z","level":"INFO","message":"GET /","data":{"status":304,"duration":"2ms","ip":"::1"}}
{"timestamp":"2026-03-20T09:27:02.756Z","level":"INFO","message":"GET /daily/entries","data":{"status":304,"duration":"0ms","ip":"::1"}}
{"timestamp":"2026-03-20T09:27:02.758Z","level":"INFO","message":"GET /daily/entries","data":{"status":304,"duration":"0ms","ip":"::1"}}
{"timestamp":"2026-03-20T09:27:11.806Z","level":"INFO","message":"GET /","data":{"status":304,"duration":"1ms","ip":"::1"}}
{"timestamp":"2026-03-20T09:27:24.542Z","level":"INFO","message":"GET /dashboard","data":{"status":200,"duration":"60ms","ip":"::1"}}
{"timestamp":"2026-03-20T09:31:40.007Z","level":"INFO","message":"POST /login","data":{"status":200,"duration":"331ms","ip":"::1"}}
{"timestamp":"2026-03-20T09:31:40.099Z","level":"INFO","message":"GET /","data":{"status":200,"duration":"38ms","ip":"::1"}}
{"timestamp":"2026-03-20T09:31:40.102Z","level":"INFO","message":"GET /","data":{"status":200,"duration":"35ms","ip":"::1"}}
{"timestamp":"2026-03-20T09:31:43.904Z","level":"INFO","message":"GET /","data":{"status":200,"duration":"32ms","ip":"::1"}}
{"timestamp":"2026-03-20T09:31:45.119Z","level":"INFO","message":"GET /daily/entries","data":{"status":200,"duration":"18ms","ip":"::1"}}
{"timestamp":"2026-03-20T09:31:45.121Z","level":"INFO","message":"GET /daily/entries","data":{"status":200,"duration":"14ms","ip":"::1"}}
{"timestamp":"2026-03-20T09:31:46.182Z","level":"INFO","message":"GET /","data":{"status":200,"duration":"1ms","ip":"::1"}}
{"timestamp":"2026-03-20T09:31:47.242Z","level":"INFO","message":"GET /dashboard","data":{"status":200,"duration":"46ms","ip":"::1"}}
{"timestamp":"2026-03-20T09:31:47.689Z","level":"INFO","message":"GET /","data":{"status":304,"duration":"1ms","ip":"::1"}}
{"timestamp":"2026-03-20T09:31:47.692Z","level":"INFO","message":"GET /","data":{"status":304,"duration":"1ms","ip":"::1"}}
{"timestamp":"2026-03-20T09:33:49.812Z","level":"INFO","message":"GET /","data":{"status":304,"duration":"1ms","ip":"::1"}}
{"timestamp":"2026-03-20T09:33:52.513Z","level":"INFO","message":"GET /","data":{"status":304,"duration":"1ms","ip":"::1"}}
{"timestamp":"2026-03-20T09:33:52.518Z","level":"INFO","message":"GET /","data":{"status":304,"duration":"1ms","ip":"::1"}}
{"timestamp":"2026-03-20T09:33:53.440Z","level":"INFO","message":"GET /daily/entries","data":{"status":304,"duration":"1ms","ip":"::1"}}
{"timestamp":"2026-03-20T09:33:53.444Z","level":"INFO","message":"GET /daily/entries","data":{"status":304,"duration":"1ms","ip":"::1"}}
{"timestamp":"2026-03-20T09:33:54.918Z","level":"INFO","message":"GET /","data":{"status":304,"duration":"4ms","ip":"::1"}}
{"timestamp":"2026-03-20T09:33:54.923Z","level":"INFO","message":"GET /","data":{"status":304,"duration":"1ms","ip":"::1"}}
{"timestamp":"2026-03-20T09:34:09.425Z","level":"INFO","message":"GET /","data":{"status":304,"duration":"1ms","ip":"::1"}}
{"timestamp":"2026-03-20T09:35:33.013Z","level":"INFO","message":"GET /","data":{"status":304,"duration":"2ms","ip":"::1"}}
{"timestamp":"2026-03-20T09:35:33.017Z","level":"INFO","message":"GET /","data":{"status":304,"duration":"1ms","ip":"::1"}}
{"timestamp":"2026-03-20T09:46:41.418Z","level":"INFO","message":"GET /","data":{"status":304,"duration":"77ms","ip":"::1"}}
{"timestamp":"2026-03-20T09:46:41.423Z","level":"INFO","message":"GET /","data":{"status":304,"duration":"40ms","ip":"::1"}}
{"timestamp":"2026-03-20T09:47:01.984Z","level":"INFO","message":"GET /","data":{"status":304,"duration":"1ms","ip":"::1"}}
{"timestamp":"2026-03-20T09:47:01.987Z","level":"INFO","message":"GET /","data":{"status":304,"duration":"1ms","ip":"::1"}}
{"timestamp":"2026-03-20T09:48:16.637Z","level":"INFO","message":"GET /","data":{"status":304,"duration":"1ms","ip":"::1"}}
{"timestamp":"2026-03-20T09:48:16.639Z","level":"INFO","message":"GET /","data":{"status":304,"duration":"0ms","ip":"::1"}}
{"timestamp":"2026-03-20T09:48:20.961Z","level":"INFO","message":"GET /","data":{"status":304,"duration":"1ms","ip":"::1"}}
{"timestamp":"2026-03-20T09:48:20.964Z","level":"INFO","message":"GET /","data":{"status":304,"duration":"0ms","ip":"::1"}}
{"timestamp":"2026-03-20T09:55:09.024Z","level":"INFO","message":"GET /","data":{"status":304,"duration":"91ms","ip":"::1"}}
{"timestamp":"2026-03-20T09:55:09.030Z","level":"INFO","message":"GET /","data":{"status":304,"duration":"56ms","ip":"::1"}}
{"timestamp":"2026-03-20T09:55:10.975Z","level":"INFO","message":"GET /","data":{"status":304,"duration":"2ms","ip":"::1"}}
{"timestamp":"2026-03-20T09:55:10.978Z","level":"INFO","message":"GET /","data":{"status":304,"duration":"0ms","ip":"::1"}}
{"timestamp":"2026-03-20T09:55:14.121Z","level":"INFO","message":"GET /","data":{"status":304,"duration":"1ms","ip":"::1"}}
{"timestamp":"2026-03-20T09:55:14.123Z","level":"INFO","message":"GET /","data":{"status":304,"duration":"0ms","ip":"::1"}}
{"timestamp":"2026-03-20T09:57:33.359Z","level":"INFO","message":"GET /","data":{"status":304,"duration":"1ms","ip":"::1"}}
{"timestamp":"2026-03-20T09:57:33.362Z","level":"INFO","message":"GET /","data":{"status":304,"duration":"1ms","ip":"::1"}}
{"timestamp":"2026-03-20T09:57:35.365Z","level":"INFO","message":"GET /","data":{"status":304,"duration":"2ms","ip":"::1"}}
{"timestamp":"2026-03-20T09:57:35.369Z","level":"INFO","message":"GET /","data":{"status":304,"duration":"1ms","ip":"::1"}}
{"timestamp":"2026-03-20T09:58:50.646Z","level":"INFO","message":"GET /","data":{"status":304,"duration":"2ms","ip":"::1"}}
{"timestamp":"2026-03-20T09:58:50.650Z","level":"INFO","message":"GET /","data":{"status":304,"duration":"2ms","ip":"::1"}}
{"timestamp":"2026-03-20T09:59:09.156Z","level":"INFO","message":"GET /","data":{"status":304,"duration":"0ms","ip":"::1"}}
{"timestamp":"2026-03-20T09:59:09.159Z","level":"INFO","message":"GET /","data":{"status":304,"duration":"1ms","ip":"::1"}}
{"timestamp":"2026-03-20T09:59:18.878Z","level":"INFO","message":"GET /","data":{"status":304,"duration":"2ms","ip":"::1"}}
{"timestamp":"2026-03-20T09:59:18.883Z","level":"INFO","message":"GET /","data":{"status":304,"duration":"1ms","ip":"::1"}}
{"timestamp":"2026-03-20T09:59:34.340Z","level":"INFO","message":"GET /","data":{"status":304,"duration":"42ms","ip":"::1"}}
{"timestamp":"2026-03-20T09:59:37.690Z","level":"INFO","message":"GET /","data":{"status":304,"duration":"0ms","ip":"::1"}}
{"timestamp":"2026-03-20T09:59:37.694Z","level":"INFO","message":"GET /","data":{"status":304,"duration":"0ms","ip":"::1"}}
{"timestamp":"2026-03-20T10:12:56.594Z","level":"INFO","message":"GET /","data":{"status":304,"duration":"89ms","ip":"::1"}}
{"timestamp":"2026-03-20T10:12:56.602Z","level":"INFO","message":"GET /","data":{"status":304,"duration":"47ms","ip":"::1"}}
{"timestamp":"2026-03-20T10:15:53.137Z","level":"INFO","message":"GET /","data":{"status":304,"duration":"1ms","ip":"::1"}}
{"timestamp":"2026-03-20T10:15:53.140Z","level":"INFO","message":"GET /","data":{"status":304,"duration":"1ms","ip":"::1"}}
{"timestamp":"2026-03-20T10:17:41.638Z","level":"INFO","message":"GET /","data":{"status":304,"duration":"46ms","ip":"::1"}}
{"timestamp":"2026-03-20T10:17:43.646Z","level":"INFO","message":"GET /","data":{"status":304,"duration":"2ms","ip":"::1"}}
{"timestamp":"2026-03-20T10:17:43.650Z","level":"INFO","message":"GET /","data":{"status":304,"duration":"1ms","ip":"::1"}}
{"timestamp":"2026-03-20T10:17:53.646Z","level":"INFO","message":"GET /","data":{"status":304,"duration":"2ms","ip":"::1"}}
{"timestamp":"2026-03-20T10:17:53.649Z","level":"INFO","message":"GET /","data":{"status":304,"duration":"1ms","ip":"::1"}}
{"timestamp":"2026-03-20T10:17:55.248Z","level":"INFO","message":"GET /","data":{"status":304,"duration":"1ms","ip":"::1"}}
{"timestamp":"2026-03-20T10:17:55.260Z","level":"INFO","message":"GET /","data":{"status":304,"duration":"0ms","ip":"::1"}}
{"timestamp":"2026-03-20T10:18:20.551Z","level":"INFO","message":"POST /login","data":{"status":200,"duration":"386ms","ip":"::1"}}
{"timestamp":"2026-03-20T10:18:20.665Z","level":"INFO","message":"GET /","data":{"status":304,"duration":"60ms","ip":"::1"}}
{"timestamp":"2026-03-20T10:18:20.669Z","level":"INFO","message":"GET /","data":{"status":304,"duration":"71ms","ip":"::1"}}
{"timestamp":"2026-03-20T10:19:32.719Z","level":"INFO","message":"POST /login","data":{"status":200,"duration":"384ms","ip":"::1"}}
{"timestamp":"2026-03-20T10:19:32.735Z","level":"INFO","message":"GET /","data":{"status":304,"duration":"2ms","ip":"::1"}}
{"timestamp":"2026-03-20T10:19:32.739Z","level":"INFO","message":"GET /","data":{"status":304,"duration":"1ms","ip":"::1"}}
{"timestamp":"2026-03-20T10:29:27.018Z","level":"INFO","message":"GET /","data":{"status":304,"duration":"91ms","ip":"::1"}}
{"timestamp":"2026-03-20T10:29:27.022Z","level":"INFO","message":"GET /","data":{"status":304,"duration":"62ms","ip":"::1"}}
{"timestamp":"2026-03-20T10:41:05.413Z","level":"INFO","message":"GET /","data":{"status":304,"duration":"60ms","ip":"::1"}}
{"timestamp":"2026-03-20T10:41:05.418Z","level":"INFO","message":"GET /","data":{"status":304,"duration":"118ms","ip":"::1"}}
{"timestamp":"2026-03-20T10:51:41.998Z","level":"INFO","message":"GET /","data":{"status":304,"duration":"111ms","ip":"::1"}}
{"timestamp":"2026-03-20T10:51:42.008Z","level":"INFO","message":"GET /","data":{"status":304,"duration":"78ms","ip":"::1"}}
{"timestamp":"2026-03-20T10:51:52.753Z","level":"INFO","message":"GET /69b7b084a46770c92fb7e63c","data":{"status":200,"duration":"97ms","ip":"::1"}}
{"timestamp":"2026-03-20T10:51:58.554Z","level":"INFO","message":"GET /","data":{"status":304,"duration":"1ms","ip":"::1"}}
{"timestamp":"2026-03-20T10:51:58.562Z","level":"INFO","message":"GET /","data":{"status":304,"duration":"5ms","ip":"::1"}}
{"timestamp":"2026-03-20T10:52:00.437Z","level":"INFO","message":"GET /69b297d4d6b3f43bd368bfa3","data":{"status":200,"duration":"27ms","ip":"::1"}}
{"timestamp":"2026-03-20T10:52:03.177Z","level":"INFO","message":"GET /","data":{"status":304,"duration":"1ms","ip":"::1"}}
{"timestamp":"2026-03-20T10:52:03.179Z","level":"INFO","message":"GET /","data":{"status":304,"duration":"0ms","ip":"::1"}}
{"timestamp":"2026-03-20T10:57:18.799Z","level":"INFO","message":"GET /","data":{"status":304,"duration":"57ms","ip":"::1"}}
{"timestamp":"2026-03-20T10:57:18.807Z","level":"INFO","message":"GET /","data":{"status":304,"duration":"59ms","ip":"::1"}}
{"timestamp":"2026-03-20T11:06:29.866Z","level":"INFO","message":"GET /","data":{"status":304,"duration":"57ms","ip":"::1"}}
{"timestamp":"2026-03-20T11:06:29.870Z","level":"INFO","message":"GET /","data":{"status":304,"duration":"81ms","ip":"::1"}}
{"timestamp":"2026-03-20T11:06:37.586Z","level":"INFO","message":"GET /69b7b084a46770c92fb7e63c","data":{"status":304,"duration":"41ms","ip":"::1"}}
{"timestamp":"2026-03-20T11:06:54.114Z","level":"INFO","message":"GET /","data":{"status":304,"duration":"1ms","ip":"::1"}}
{"timestamp":"2026-03-20T11:06:54.117Z","level":"INFO","message":"GET /","data":{"status":304,"duration":"1ms","ip":"::1"}}
{"timestamp":"2026-03-20T11:06:56.227Z","level":"INFO","message":"GET /69b297d4d6b3f43bd368bfa3","data":{"status":304,"duration":"32ms","ip":"::1"}}
{"timestamp":"2026-03-20T11:06:58.301Z","level":"INFO","message":"GET /","data":{"status":304,"duration":"1ms","ip":"::1"}}
{"timestamp":"2026-03-20T11:06:58.303Z","level":"INFO","message":"GET /","data":{"status":304,"duration":"0ms","ip":"::1"}}
{"timestamp":"2026-03-20T11:07:02.543Z","level":"INFO","message":"GET /69b29453bdc05c26d3bb3a6c","data":{"status":200,"duration":"62ms","ip":"::1"}}
{"timestamp":"2026-03-20T11:07:04.619Z","level":"INFO","message":"GET /","data":{"status":304,"duration":"0ms","ip":"::1"}}
{"timestamp":"2026-03-20T11:07:04.623Z","level":"INFO","message":"GET /","data":{"status":304,"duration":"1ms","ip":"::1"}}
{"timestamp":"2026-03-20T11:07:22.451Z","level":"INFO","message":"GET /","data":{"status":304,"duration":"57ms","ip":"::1"}}
{"timestamp":"2026-03-20T11:07:29.953Z","level":"INFO","message":"GET /","data":{"status":304,"duration":"1ms","ip":"::1"}}
{"timestamp":"2026-03-20T11:07:29.974Z","level":"INFO","message":"GET /","data":{"status":304,"duration":"1ms","ip":"::1"}}
{"timestamp":"2026-03-20T11:07:32.541Z","level":"INFO","message":"GET /69b7b084a46770c92fb7e63c","data":{"status":304,"duration":"2ms","ip":"::1"}}
{"timestamp":"2026-03-20T11:07:38.018Z","level":"INFO","message":"GET /","data":{"status":304,"duration":"1ms","ip":"::1"}}
{"timestamp":"2026-03-20T11:07:38.021Z","level":"INFO","message":"GET /","data":{"status":304,"duration":"1ms","ip":"::1"}}
{"timestamp":"2026-03-20T11:07:40.593Z","level":"INFO","message":"GET /69b7b084a46770c92fb7e63c","data":{"status":304,"duration":"11ms","ip":"::1"}}
{"timestamp":"2026-03-20T11:11:52.134Z","level":"INFO","message":"GET /69b7b084a46770c92fb7e63c","data":{"status":304,"duration":"26ms","ip":"::1"}}
{"timestamp":"2026-03-20T11:12:21.434Z","level":"INFO","message":"POST /login","data":{"status":200,"duration":"385ms","ip":"::1"}}
{"timestamp":"2026-03-20T11:12:21.518Z","level":"INFO","message":"GET /","data":{"status":304,"duration":"35ms","ip":"::1"}}
{"timestamp":"2026-03-20T11:12:21.525Z","level":"INFO","message":"GET /","data":{"status":304,"duration":"48ms","ip":"::1"}}
{"timestamp":"2026-03-20T11:12:32.098Z","level":"INFO","message":"GET /69b297d4d6b3f43bd368bfa3","data":{"status":304,"duration":"21ms","ip":"::1"}}
{"timestamp":"2026-03-20T11:12:46.179Z","level":"INFO","message":"GET /","data":{"status":304,"duration":"1ms","ip":"::1"}}
{"timestamp":"2026-03-20T11:12:46.182Z","level":"INFO","message":"GET /","data":{"status":304,"duration":"0ms","ip":"::1"}}
{"timestamp":"2026-03-20T11:16:30.231Z","level":"INFO","message":"GET /","data":{"status":304,"duration":"1ms","ip":"::1"}}
{"timestamp":"2026-03-20T11:16:30.233Z","level":"INFO","message":"GET /","data":{"status":304,"duration":"0ms","ip":"::1"}}
{"timestamp":"2026-03-20T11:16:37.416Z","level":"INFO","message":"GET /","data":{"status":304,"duration":"1ms","ip":"::1"}}
{"timestamp":"2026-03-20T11:16:37.420Z","level":"INFO","message":"GET /","data":{"status":304,"duration":"1ms","ip":"::1"}}
{"timestamp":"2026-03-20T11:16:41.642Z","level":"INFO","message":"GET /","data":{"status":304,"duration":"1ms","ip":"::1"}}
{"timestamp":"2026-03-20T11:16:41.646Z","level":"INFO","message":"GET /","data":{"status":304,"duration":"1ms","ip":"::1"}}
{"timestamp":"2026-03-20T11:16:42.949Z","level":"INFO","message":"GET /","data":{"status":304,"duration":"1ms","ip":"::1"}}
{"timestamp":"2026-03-20T11:16:42.953Z","level":"INFO","message":"GET /","data":{"status":304,"duration":"1ms","ip":"::1"}}
{"timestamp":"2026-03-20T11:16:44.246Z","level":"INFO","message":"GET /","data":{"status":304,"duration":"1ms","ip":"::1"}}
{"timestamp":"2026-03-20T11:16:44.249Z","level":"INFO","message":"GET /","data":{"status":304,"duration":"1ms","ip":"::1"}}
{"timestamp":"2026-03-20T11:17:14.747Z","level":"INFO","message":"GET /69b7b084a46770c92fb7e63c","data":{"status":304,"duration":"22ms","ip":"::1"}}
{"timestamp":"2026-03-20T11:17:16.490Z","level":"INFO","message":"GET /69b7b084a46770c92fb7e63c","data":{"status":304,"duration":"1ms","ip":"::1"}}
{"timestamp":"2026-03-20T11:36:45.059Z","level":"INFO","message":"POST /refresh","data":{"status":200,"duration":"44ms","ip":"::1"}}
{"timestamp":"2026-03-20T11:51:39.439Z","level":"INFO","message":"POST /logout","data":{"status":200,"duration":"8ms","ip":"::1"}}
{"timestamp":"2026-03-20T11:51:42.200Z","level":"INFO","message":"POST /logout","data":{"status":200,"duration":"1ms","ip":"::1"}}
{"timestamp":"2026-03-20T11:57:37.742Z","level":"INFO","message":"POST /login","data":{"status":200,"duration":"463ms","ip":"::1"}}
{"timestamp":"2026-03-20T11:57:37.899Z","level":"INFO","message":"GET /","data":{"status":304,"duration":"87ms","ip":"::1"}}
{"timestamp":"2026-03-20T11:57:37.905Z","level":"INFO","message":"GET /","data":{"status":304,"duration":"107ms","ip":"::1"}}
{"timestamp":"2026-03-20T11:57:41.433Z","level":"INFO","message":"GET /69b7b084a46770c92fb7e63c","data":{"status":304,"duration":"22ms","ip":"::1"}}
{"timestamp":"2026-03-20T11:57:42.831Z","level":"INFO","message":"GET /69b7b084a46770c92fb7e63c","data":{"status":304,"duration":"1ms","ip":"::1"}}
{"timestamp":"2026-03-20T11:58:13.858Z","level":"INFO","message":"PUT /69b7b084a46770c92fb7e63c","data":{"status":200,"duration":"125ms","ip":"::1"}}
{"timestamp":"2026-03-20T11:58:13.895Z","level":"INFO","message":"GET /69b7b084a46770c92fb7e63c","data":{"status":200,"duration":"24ms","ip":"::1"}}
{"timestamp":"2026-03-20T11:58:17.280Z","level":"INFO","message":"GET /","data":{"status":304,"duration":"1ms","ip":"::1"}}
{"timestamp":"2026-03-20T11:58:17.319Z","level":"INFO","message":"GET /","data":{"status":200,"duration":"46ms","ip":"::1"}}
{"timestamp":"2026-03-20T11:58:21.651Z","level":"INFO","message":"GET /69b7b084a46770c92fb7e63c","data":{"status":304,"duration":"1ms","ip":"::1"}}
{"timestamp":"2026-03-20T11:58:31.011Z","level":"INFO","message":"DELETE /69b7b084a46770c92fb7e63c","data":{"status":200,"duration":"33ms","ip":"::1"}}
{"timestamp":"2026-03-20T11:58:32.592Z","level":"INFO","message":"GET /","data":{"status":200,"duration":"40ms","ip":"::1"}}
{"timestamp":"2026-03-20T11:58:36.271Z","level":"INFO","message":"GET /","data":{"status":304,"duration":"1ms","ip":"::1"}}
{"timestamp":"2026-03-20T11:58:36.302Z","level":"INFO","message":"GET /","data":{"status":200,"duration":"51ms","ip":"::1"}}
{"timestamp":"2026-03-20T12:01:26.451Z","level":"INFO","message":"GET /","data":{"status":304,"duration":"1ms","ip":"::1"}}
{"timestamp":"2026-03-20T12:01:26.454Z","level":"INFO","message":"GET /","data":{"status":304,"duration":"1ms","ip":"::1"}}
{"timestamp":"2026-03-20T12:02:19.598Z","level":"INFO","message":"GET /","data":{"status":304,"duration":"1ms","ip":"::1"}}
{"timestamp":"2026-03-20T12:02:19.601Z","level":"INFO","message":"GET /","data":{"status":304,"duration":"1ms","ip":"::1"}}
{"timestamp":"2026-03-20T12:02:21.106Z","level":"INFO","message":"GET /","data":{"status":304,"duration":"0ms","ip":"::1"}}
{"timestamp":"2026-03-20T12:02:21.109Z","level":"INFO","message":"GET /","data":{"status":304,"duration":"1ms","ip":"::1"}}
{"timestamp":"2026-03-20T12:02:38.651Z","level":"INFO","message":"GET /","data":{"status":304,"duration":"1ms","ip":"::1"}}
{"timestamp":"2026-03-20T12:02:38.697Z","level":"INFO","message":"GET /","data":{"status":304,"duration":"44ms","ip":"::1"}}
{"timestamp":"2026-03-20T12:03:25.671Z","level":"INFO","message":"GET /","data":{"status":304,"duration":"1ms","ip":"::1"}}
{"timestamp":"2026-03-20T12:03:25.674Z","level":"INFO","message":"GET /","data":{"status":304,"duration":"0ms","ip":"::1"}}
{"timestamp":"2026-03-20T12:03:27.546Z","level":"INFO","message":"GET /","data":{"status":304,"duration":"1ms","ip":"::1"}}
{"timestamp":"2026-03-20T12:03:27.550Z","level":"INFO","message":"GET /","data":{"status":304,"duration":"1ms","ip":"::1"}}
{"timestamp":"2026-03-20T12:03:56.539Z","level":"INFO","message":"GET /","data":{"status":304,"duration":"2ms","ip":"::1"}}
{"timestamp":"2026-03-20T12:03:56.572Z","level":"INFO","message":"GET /","data":{"status":304,"duration":"43ms","ip":"::1"}}
{"timestamp":"2026-03-20T12:05:51.867Z","level":"INFO","message":"GET /","data":{"status":304,"duration":"1ms","ip":"::1"}}
{"timestamp":"2026-03-20T12:05:51.869Z","level":"INFO","message":"GET /","data":{"status":304,"duration":"0ms","ip":"::1"}}
{"timestamp":"2026-03-20T12:05:54.421Z","level":"INFO","message":"GET /","data":{"status":304,"duration":"1ms","ip":"::1"}}
{"timestamp":"2026-03-20T12:05:54.423Z","level":"INFO","message":"GET /","data":{"status":304,"duration":"0ms","ip":"::1"}}
{"timestamp":"2026-03-20T12:06:01.056Z","level":"INFO","message":"GET /","data":{"status":304,"duration":"1ms","ip":"::1"}}
{"timestamp":"2026-03-20T12:06:01.059Z","level":"INFO","message":"GET /","data":{"status":304,"duration":"1ms","ip":"::1"}}
{"timestamp":"2026-03-20T12:06:03.112Z","level":"INFO","message":"GET /","data":{"status":304,"duration":"2ms","ip":"::1"}}
{"timestamp":"2026-03-20T12:06:03.114Z","level":"INFO","message":"GET /","data":{"status":304,"duration":"0ms","ip":"::1"}}
{"timestamp":"2026-03-20T12:07:05.740Z","level":"INFO","message":"GET /","data":{"status":304,"duration":"2ms","ip":"::1"}}
{"timestamp":"2026-03-20T12:07:05.745Z","level":"INFO","message":"GET /","data":{"status":304,"duration":"1ms","ip":"::1"}}
{"timestamp":"2026-03-20T12:07:07.243Z","level":"INFO","message":"GET /","data":{"status":304,"duration":"1ms","ip":"::1"}}
{"timestamp":"2026-03-20T12:07:07.246Z","level":"INFO","message":"GET /","data":{"status":304,"duration":"1ms","ip":"::1"}}
{"timestamp":"2026-03-20T12:07:22.925Z","level":"INFO","message":"GET /69b297d4d6b3f43bd368bfa3","data":{"status":304,"duration":"37ms","ip":"::1"}}
{"timestamp":"2026-03-20T12:07:38.684Z","level":"INFO","message":"POST /login","data":{"status":200,"duration":"345ms","ip":"::1"}}
{"timestamp":"2026-03-20T12:07:38.698Z","level":"INFO","message":"GET /","data":{"status":304,"duration":"1ms","ip":"::1"}}
{"timestamp":"2026-03-20T12:07:38.739Z","level":"INFO","message":"GET /","data":{"status":304,"duration":"39ms","ip":"::1"}}
{"timestamp":"2026-03-20T12:07:41.408Z","level":"INFO","message":"GET /69b297d4d6b3f43bd368bfa3","data":{"status":304,"duration":"1ms","ip":"::1"}}
{"timestamp":"2026-03-20T12:07:44.354Z","level":"INFO","message":"GET /69b297d4d6b3f43bd368bfa3","data":{"status":304,"duration":"1ms","ip":"::1"}}
{"timestamp":"2026-03-20T12:07:46.263Z","level":"INFO","message":"GET /","data":{"status":304,"duration":"1ms","ip":"::1"}}
{"timestamp":"2026-03-20T12:07:46.268Z","level":"INFO","message":"GET /","data":{"status":304,"duration":"2ms","ip":"::1"}}
{"timestamp":"2026-03-20T12:07:47.412Z","level":"INFO","message":"GET /69b297d4d6b3f43bd368bfa3","data":{"status":304,"duration":"1ms","ip":"::1"}}
{"timestamp":"2026-03-20T12:07:49.218Z","level":"INFO","message":"GET /","data":{"status":304,"duration":"0ms","ip":"::1"}}
{"timestamp":"2026-03-20T12:07:49.222Z","level":"INFO","message":"GET /","data":{"status":304,"duration":"1ms","ip":"::1"}}
{"timestamp":"2026-03-20T12:07:51.476Z","level":"INFO","message":"GET /","data":{"status":304,"duration":"40ms","ip":"::1"}}
{"timestamp":"2026-03-20T12:08:36.001Z","level":"INFO","message":"GET /","data":{"status":304,"duration":"1ms","ip":"::1"}}
{"timestamp":"2026-03-20T12:08:38.893Z","level":"INFO","message":"GET /","data":{"status":304,"duration":"1ms","ip":"::1"}}
{"timestamp":"2026-03-20T12:08:38.896Z","level":"INFO","message":"GET /","data":{"status":304,"duration":"0ms","ip":"::1"}}
{"timestamp":"2026-03-20T12:08:40.026Z","level":"INFO","message":"GET /69b297d4d6b3f43bd368bfa3","data":{"status":304,"duration":"1ms","ip":"::1"}}
{"timestamp":"2026-03-20T12:10:10.996Z","level":"INFO","message":"POST /login","data":{"status":200,"duration":"323ms","ip":"::1"}}
{"timestamp":"2026-03-20T12:10:11.021Z","level":"INFO","message":"GET /","data":{"status":304,"duration":"1ms","ip":"::1"}}
{"timestamp":"2026-03-20T12:10:11.048Z","level":"INFO","message":"GET /","data":{"status":304,"duration":"35ms","ip":"::1"}}
{"timestamp":"2026-03-20T12:11:53.175Z","level":"INFO","message":"GET /","data":{"status":304,"duration":"1ms","ip":"::1"}}
{"timestamp":"2026-03-20T12:11:53.179Z","level":"INFO","message":"GET /","data":{"status":304,"duration":"1ms","ip":"::1"}}
{"timestamp":"2026-03-20T12:15:32.483Z","level":"INFO","message":"GET /","data":{"status":304,"duration":"34ms","ip":"::1"}}
{"timestamp":"2026-03-20T12:15:32.487Z","level":"INFO","message":"GET /","data":{"status":304,"duration":"57ms","ip":"::1"}}
{"timestamp":"2026-03-20T12:21:15.687Z","level":"INFO","message":"GET /69b297d4d6b3f43bd368bfa3","data":{"status":304,"duration":"37ms","ip":"::1"}}
{"timestamp":"2026-03-20T12:21:16.815Z","level":"INFO","message":"GET /69b297d4d6b3f43bd368bfa3","data":{"status":304,"duration":"1ms","ip":"::1"}}
{"timestamp":"2026-03-20T12:21:26.178Z","level":"INFO","message":"PUT /69b297d4d6b3f43bd368bfa3","data":{"status":200,"duration":"67ms","ip":"::1"}}
{"timestamp":"2026-03-20T12:21:26.276Z","level":"INFO","message":"GET /","data":{"status":200,"duration":"57ms","ip":"::1"}}
{"timestamp":"2026-03-20T12:21:35.845Z","level":"INFO","message":"GET /","data":{"status":200,"duration":"50ms","ip":"::1"}}
{"timestamp":"2026-03-20T12:21:35.857Z","level":"INFO","message":"GET /","data":{"status":304,"duration":"52ms","ip":"::1"}}
{"timestamp":"2026-03-20T12:21:37.236Z","level":"INFO","message":"GET /69b297d4d6b3f43bd368bfa3","data":{"status":200,"duration":"17ms","ip":"::1"}}
{"timestamp":"2026-03-20T12:21:39.436Z","level":"INFO","message":"GET /","data":{"status":304,"duration":"1ms","ip":"::1"}}
{"timestamp":"2026-03-20T12:21:39.440Z","level":"INFO","message":"GET /","data":{"status":304,"duration":"1ms","ip":"::1"}}
{"timestamp":"2026-03-20T12:21:46.504Z","level":"INFO","message":"GET /69b291976cdc6cec14b0d688","data":{"status":200,"duration":"18ms","ip":"::1"}}
{"timestamp":"2026-03-20T12:21:52.232Z","level":"INFO","message":"DELETE /69b291976cdc6cec14b0d688","data":{"status":200,"duration":"23ms","ip":"::1"}}
{"timestamp":"2026-03-20T12:21:53.275Z","level":"INFO","message":"GET /","data":{"status":200,"duration":"48ms","ip":"::1"}}
{"timestamp":"2026-03-20T12:21:57.821Z","level":"INFO","message":"GET /","data":{"status":304,"duration":"1ms","ip":"::1"}}
{"timestamp":"2026-03-20T12:21:57.846Z","level":"INFO","message":"GET /","data":{"status":200,"duration":"35ms","ip":"::1"}}
{"timestamp":"2026-03-20T12:22:00.703Z","level":"INFO","message":"GET /","data":{"status":304,"duration":"0ms","ip":"::1"}}
{"timestamp":"2026-03-20T12:22:02.432Z","level":"INFO","message":"GET /","data":{"status":304,"duration":"1ms","ip":"::1"}}
{"timestamp":"2026-03-20T12:22:02.434Z","level":"INFO","message":"GET /","data":{"status":304,"duration":"0ms","ip":"::1"}}
{"timestamp":"2026-03-20T12:22:46.035Z","level":"INFO","message":"GET /","data":{"status":304,"duration":"1ms","ip":"::1"}}
{"timestamp":"2026-03-20T12:35:32.952Z","level":"INFO","message":"POST /refresh","data":{"status":200,"duration":"13ms","ip":"::1"}}
{"timestamp":"2026-03-20T12:36:41.075Z","level":"INFO","message":"GET /","data":{"status":304,"duration":"34ms","ip":"::1"}}
{"timestamp":"2026-03-20T12:36:41.079Z","level":"INFO","message":"GET /","data":{"status":304,"duration":"52ms","ip":"::1"}}
{"timestamp":"2026-03-20T12:36:43.035Z","level":"INFO","message":"GET /69b297d4d6b3f43bd368bfa3","data":{"status":304,"duration":"21ms","ip":"::1"}}
{"timestamp":"2026-03-20T12:36:44.978Z","level":"INFO","message":"GET /","data":{"status":304,"duration":"1ms","ip":"::1"}}
{"timestamp":"2026-03-20T12:36:44.981Z","level":"INFO","message":"GET /","data":{"status":304,"duration":"1ms","ip":"::1"}}
{"timestamp":"2026-03-20T12:36:48.086Z","level":"INFO","message":"GET /","data":{"status":304,"duration":"39ms","ip":"::1"}}
{"timestamp":"2026-03-20T12:37:01.588Z","level":"INFO","message":"GET /","data":{"status":304,"duration":"2ms","ip":"::1"}}
{"timestamp":"2026-03-20T12:37:01.593Z","level":"INFO","message":"GET /","data":{"status":304,"duration":"1ms","ip":"::1"}}
{"timestamp":"2026-03-20T12:37:02.963Z","level":"INFO","message":"GET /daily/entries","data":{"status":304,"duration":"15ms","ip":"::1"}}
{"timestamp":"2026-03-20T12:37:02.965Z","level":"INFO","message":"GET /daily/entries","data":{"status":304,"duration":"33ms","ip":"::1"}}
{"timestamp":"2026-03-20T12:37:06.358Z","level":"INFO","message":"GET /","data":{"status":304,"duration":"1ms","ip":"::1"}}
{"timestamp":"2026-03-20T12:37:11.754Z","level":"INFO","message":"GET /","data":{"status":304,"duration":"0ms","ip":"::1"}}
{"timestamp":"2026-03-20T12:39:19.924Z","level":"INFO","message":"GET /","data":{"status":304,"duration":"1ms","ip":"::1"}}
{"timestamp":"2026-03-20T12:39:19.927Z","level":"INFO","message":"GET /","data":{"status":304,"duration":"1ms","ip":"::1"}}
{"timestamp":"2026-03-20T12:39:20.817Z","level":"INFO","message":"GET /69b297d4d6b3f43bd368bfa3","data":{"status":304,"duration":"1ms","ip":"::1"}}
{"timestamp":"2026-03-20T12:39:22.880Z","level":"INFO","message":"GET /","data":{"status":304,"duration":"1ms","ip":"::1"}}
{"timestamp":"2026-03-20T12:39:22.886Z","level":"INFO","message":"GET /","data":{"status":304,"duration":"1ms","ip":"::1"}}
{"timestamp":"2026-03-20T12:39:25.672Z","level":"INFO","message":"GET /","data":{"status":304,"duration":"1ms","ip":"::1"}}
{"timestamp":"2026-03-20T12:39:35.098Z","level":"INFO","message":"Graceful shutdown initiated"}
{"timestamp":"2026-03-20T12:39:35.107Z","level":"INFO","message":"HTTP server closed"}
{"timestamp":"2026-03-20T12:39:35.171Z","level":"INFO","message":"Database disconnected"}
