{"timestamp":"2026-03-07T04:59:40.437Z","level":"INFO","message":"✓ MongoDB connected"}
{"timestamp":"2026-03-07T04:59:40.451Z","level":"INFO","message":"✓ Server running on port 3000"}
{"timestamp":"2026-03-07T04:59:40.452Z","level":"INFO","message":"Environment: development"}
{"timestamp":"2026-03-07T05:10:14.085Z","level":"INFO","message":"GET /stores","data":{"status":404,"duration":"15ms","ip":"::1"}}
{"timestamp":"2026-03-07T05:10:14.279Z","level":"INFO","message":"GET /favicon.ico","data":{"status":404,"duration":"1ms","ip":"::1"}}
{"timestamp":"2026-03-07T05:11:03.645Z","level":"INFO","message":"POST /login","data":{"status":200,"duration":"490ms","ip":"::1"}}
{"timestamp":"2026-03-07T05:11:03.671Z","level":"INFO","message":"GET /","data":{"status":401,"duration":"2ms","ip":"::1"}}
{"timestamp":"2026-03-07T05:11:03.676Z","level":"INFO","message":"GET /","data":{"status":401,"duration":"1ms","ip":"::1"}}
{"timestamp":"2026-03-07T05:11:05.736Z","level":"INFO","message":"GET /","data":{"status":200,"duration":"10ms","ip":"::1"}}
{"timestamp":"2026-03-07T05:11:05.740Z","level":"INFO","message":"GET /","data":{"status":200,"duration":"1ms","ip":"::1"}}
{"timestamp":"2026-03-07T05:11:08.058Z","level":"INFO","message":"GET /","data":{"status":401,"duration":"1ms","ip":"::1"}}
{"timestamp":"2026-03-07T05:11:10.067Z","level":"INFO","message":"GET /","data":{"status":200,"duration":"1ms","ip":"::1"}}
{"timestamp":"2026-03-07T05:11:41.103Z","level":"INFO","message":"GET /","data":{"status":401,"duration":"2ms","ip":"::1"}}
{"timestamp":"2026-03-07T05:11:43.108Z","level":"INFO","message":"GET /","data":{"status":200,"duration":"0ms","ip":"::1"}}
{"timestamp":"2026-03-07T05:11:44.896Z","level":"INFO","message":"GET /","data":{"status":401,"duration":"0ms","ip":"::1"}}
{"timestamp":"2026-03-07T05:11:46.909Z","level":"INFO","message":"GET /","data":{"status":200,"duration":"1ms","ip":"::1"}}
{"timestamp":"2026-03-07T05:12:15.901Z","level":"INFO","message":"GET /","data":{"status":304,"duration":"1ms","ip":"::1"}}
{"timestamp":"2026-03-07T05:12:17.059Z","level":"INFO","message":"GET /","data":{"status":304,"duration":"0ms","ip":"::1"}}
{"timestamp":"2026-03-07T05:12:17.062Z","level":"INFO","message":"GET /","data":{"status":304,"duration":"1ms","ip":"::1"}}
{"timestamp":"2026-03-07T05:16:01.308Z","level":"INFO","message":"GET /me","data":{"status":401,"duration":"3ms","ip":"::1"}}
{"timestamp":"2026-03-07T05:16:03.334Z","level":"INFO","message":"GET /me","data":{"status":401,"duration":"1ms","ip":"::1"}}
{"timestamp":"2026-03-07T05:16:06.086Z","level":"INFO","message":"GET /me","data":{"status":401,"duration":"3ms","ip":"::1"}}
{"timestamp":"2026-03-07T05:16:08.349Z","level":"INFO","message":"GET /me","data":{"status":401,"duration":"9ms","ip":"::1"}}
{"timestamp":"2026-03-07T05:16:13.359Z","level":"INFO","message":"GET /me","data":{"status":401,"duration":"10ms","ip":"::1"}}
{"timestamp":"2026-03-07T05:16:15.546Z","level":"INFO","message":"GET /me","data":{"status":401,"duration":"1ms","ip":"::1"}}
{"timestamp":"2026-03-07T05:16:18.351Z","level":"INFO","message":"GET /me","data":{"status":401,"duration":"1ms","ip":"::1"}}
{"timestamp":"2026-03-07T05:16:23.340Z","level":"INFO","message":"GET /me","data":{"status":401,"duration":"0ms","ip":"::1"}}
{"timestamp":"2026-03-07T05:16:32.341Z","level":"INFO","message":"GET /me","data":{"status":401,"duration":"1ms","ip":"::1"}}
{"timestamp":"2026-03-07T05:16:32.374Z","level":"INFO","message":"GET /","data":{"status":401,"duration":"1ms","ip":"::1"}}
{"timestamp":"2026-03-07T05:16:32.377Z","level":"INFO","message":"GET /","data":{"status":401,"duration":"1ms","ip":"::1"}}
{"timestamp":"2026-03-07T05:16:35.341Z","level":"INFO","message":"GET /","data":{"status":304,"duration":"1ms","ip":"::1"}}
{"timestamp":"2026-03-07T05:16:35.342Z","level":"INFO","message":"GET /","data":{"status":304,"duration":"0ms","ip":"::1"}}
{"timestamp":"2026-03-07T05:29:08.645Z","level":"INFO","message":"GET /","data":{"status":401,"duration":"1ms","ip":"::1"}}
{"timestamp":"2026-03-07T05:29:10.653Z","level":"INFO","message":"GET /","data":{"status":304,"duration":"1ms","ip":"::1"}}
{"timestamp":"2026-03-07T05:29:12.367Z","level":"INFO","message":"POST /logout","data":{"status":200,"duration":"2ms","ip":"::1"}}
{"timestamp":"2026-03-07T05:29:26.734Z","level":"INFO","message":"POST /login","data":{"status":200,"duration":"428ms","ip":"::1"}}
{"timestamp":"2026-03-07T05:29:26.748Z","level":"INFO","message":"GET /","data":{"status":401,"duration":"1ms","ip":"::1"}}
{"timestamp":"2026-03-07T05:29:26.751Z","level":"INFO","message":"GET /","data":{"status":401,"duration":"0ms","ip":"::1"}}
{"timestamp":"2026-03-07T05:29:28.755Z","level":"INFO","message":"GET /","data":{"status":304,"duration":"0ms","ip":"::1"}}
{"timestamp":"2026-03-07T05:29:28.758Z","level":"INFO","message":"GET /","data":{"status":304,"duration":"1ms","ip":"::1"}}
{"timestamp":"2026-03-07T05:31:07.538Z","level":"INFO","message":"GET /","data":{"status":304,"duration":"1ms","ip":"::1"}}
{"timestamp":"2026-03-07T05:31:17.395Z","level":"INFO","message":"GET /","data":{"status":401,"duration":"1ms","ip":"::1"}}
{"timestamp":"2026-03-07T05:31:19.405Z","level":"INFO","message":"GET /","data":{"status":304,"duration":"0ms","ip":"::1"}}
{"timestamp":"2026-03-07T05:31:29.930Z","level":"INFO","message":"GET /","data":{"status":401,"duration":"1ms","ip":"::1"}}
{"timestamp":"2026-03-07T05:31:31.938Z","level":"INFO","message":"GET /","data":{"status":304,"duration":"1ms","ip":"::1"}}
{"timestamp":"2026-03-07T05:31:34.402Z","level":"INFO","message":"GET /","data":{"status":304,"duration":"1ms","ip":"::1"}}
{"timestamp":"2026-03-07T05:31:44.725Z","level":"INFO","message":"POST /","data":{"status":401,"duration":"0ms","ip":"::1"}}
{"timestamp":"2026-03-07T05:31:46.733Z","level":"INFO","message":"POST /","data":{"status":200,"duration":"1ms","ip":"::1"}}
{"timestamp":"2026-03-07T05:31:47.248Z","level":"INFO","message":"GET /","data":{"status":304,"duration":"1ms","ip":"::1"}}
{"timestamp":"2026-03-07T05:31:51.174Z","level":"INFO","message":"GET /","data":{"status":304,"duration":"1ms","ip":"::1"}}
{"timestamp":"2026-03-07T05:31:52.530Z","level":"INFO","message":"GET /","data":{"status":304,"duration":"0ms","ip":"::1"}}
{"timestamp":"2026-03-07T05:31:54.221Z","level":"INFO","message":"GET /","data":{"status":304,"duration":"1ms","ip":"::1"}}
{"timestamp":"2026-03-07T05:36:34.069Z","level":"INFO","message":"GET /me","data":{"status":401,"duration":"1ms","ip":"::1"}}
{"timestamp":"2026-03-07T05:36:36.206Z","level":"INFO","message":"GET /me","data":{"status":401,"duration":"0ms","ip":"::1"}}
{"timestamp":"2026-03-07T05:36:41.199Z","level":"INFO","message":"GET /me","data":{"status":401,"duration":"0ms","ip":"::1"}}
{"timestamp":"2026-03-07T05:36:50.211Z","level":"INFO","message":"GET /me","data":{"status":401,"duration":"0ms","ip":"::1"}}
{"timestamp":"2026-03-07T05:36:50.293Z","level":"INFO","message":"GET /","data":{"status":401,"duration":"0ms","ip":"::1"}}
{"timestamp":"2026-03-07T05:36:53.204Z","level":"INFO","message":"GET /","data":{"status":304,"duration":"1ms","ip":"::1"}}
{"timestamp":"2026-03-07T05:37:16.390Z","level":"INFO","message":"GET /me","data":{"status":401,"duration":"1ms","ip":"::1"}}
{"timestamp":"2026-03-07T05:37:19.200Z","level":"INFO","message":"GET /me","data":{"status":401,"duration":"0ms","ip":"::1"}}
{"timestamp":"2026-03-07T05:37:24.200Z","level":"INFO","message":"GET /me","data":{"status":401,"duration":"0ms","ip":"::1"}}
{"timestamp":"2026-03-07T05:37:33.207Z","level":"INFO","message":"GET /me","data":{"status":401,"duration":"1ms","ip":"::1"}}
{"timestamp":"2026-03-07T05:37:33.289Z","level":"INFO","message":"GET /","data":{"status":304,"duration":"1ms","ip":"::1"}}
{"timestamp":"2026-03-07T05:37:47.338Z","level":"INFO","message":"GET /me","data":{"status":401,"duration":"1ms","ip":"::1"}}
{"timestamp":"2026-03-07T05:37:50.192Z","level":"INFO","message":"GET /me","data":{"status":401,"duration":"1ms","ip":"::1"}}
{"timestamp":"2026-03-07T05:37:55.194Z","level":"INFO","message":"GET /me","data":{"status":401,"duration":"1ms","ip":"::1"}}
{"timestamp":"2026-03-07T05:38:04.203Z","level":"INFO","message":"GET /me","data":{"status":401,"duration":"0ms","ip":"::1"}}
{"timestamp":"2026-03-07T05:38:04.231Z","level":"INFO","message":"GET /","data":{"status":304,"duration":"0ms","ip":"::1"}}
{"timestamp":"2026-03-07T05:41:37.117Z","level":"INFO","message":"Graceful shutdown initiated"}
{"timestamp":"2026-03-07T05:41:37.124Z","level":"INFO","message":"HTTP server closed"}
{"timestamp":"2026-03-07T05:41:37.199Z","level":"INFO","message":"Database disconnected"}
{"timestamp":"2026-03-07T05:43:38.264Z","level":"INFO","message":"✓ MongoDB connected"}
{"timestamp":"2026-03-07T05:43:38.282Z","level":"INFO","message":"✓ Server running on port 3000"}
{"timestamp":"2026-03-07T05:43:38.285Z","level":"INFO","message":"Environment: development"}
{"timestamp":"2026-03-07T05:51:57.921Z","level":"INFO","message":"POST /login","data":{"status":200,"duration":"428ms","ip":"::1"}}
{"timestamp":"2026-03-07T05:51:57.950Z","level":"INFO","message":"GET /","data":{"status":401,"duration":"3ms","ip":"::1"}}
{"timestamp":"2026-03-07T05:51:57.953Z","level":"INFO","message":"GET /","data":{"status":401,"duration":"1ms","ip":"::1"}}
{"timestamp":"2026-03-07T05:52:00.030Z","level":"INFO","message":"GET /","data":{"status":200,"duration":"1ms","ip":"::1"}}
{"timestamp":"2026-03-07T05:52:00.035Z","level":"INFO","message":"GET /","data":{"status":200,"duration":"1ms","ip":"::1"}}
{"timestamp":"2026-03-07T05:52:00.137Z","level":"INFO","message":"GET /","data":{"status":401,"duration":"1ms","ip":"::1"}}
{"timestamp":"2026-03-07T05:52:02.152Z","level":"INFO","message":"GET /","data":{"status":200,"duration":"4ms","ip":"::1"}}
{"timestamp":"2026-03-07T05:52:09.208Z","level":"INFO","message":"GET /","data":{"status":401,"duration":"1ms","ip":"::1"}}
{"timestamp":"2026-03-07T05:52:11.218Z","level":"INFO","message":"GET /","data":{"status":200,"duration":"1ms","ip":"::1"}}
{"timestamp":"2026-03-07T05:52:12.845Z","level":"INFO","message":"GET /","data":{"status":401,"duration":"0ms","ip":"::1"}}
{"timestamp":"2026-03-07T05:52:14.851Z","level":"INFO","message":"GET /","data":{"status":200,"duration":"0ms","ip":"::1"}}
{"timestamp":"2026-03-07T05:52:40.795Z","level":"INFO","message":"GET /","data":{"status":304,"duration":"3ms","ip":"::1"}}
{"timestamp":"2026-03-07T05:52:41.908Z","level":"INFO","message":"GET /","data":{"status":304,"duration":"1ms","ip":"::1"}}
{"timestamp":"2026-03-07T05:52:41.910Z","level":"INFO","message":"GET /","data":{"status":304,"duration":"1ms","ip":"::1"}}
{"timestamp":"2026-03-07T05:53:43.631Z","level":"INFO","message":"GET /","data":{"status":304,"duration":"0ms","ip":"::1"}}
{"timestamp":"2026-03-07T05:53:56.851Z","level":"INFO","message":"GET /","data":{"status":304,"duration":"1ms","ip":"::1"}}
{"timestamp":"2026-03-07T05:56:06.343Z","level":"INFO","message":"POST /","data":{"status":401,"duration":"2ms","ip":"::1"}}
{"timestamp":"2026-03-07T05:56:08.362Z","level":"INFO","message":"POST /","data":{"status":200,"duration":"2ms","ip":"::1"}}
{"timestamp":"2026-03-07T05:56:08.914Z","level":"INFO","message":"GET /","data":{"status":304,"duration":"5ms","ip":"::1"}}
{"timestamp":"2026-03-07T05:56:18.986Z","level":"INFO","message":"GET /","data":{"status":304,"duration":"2ms","ip":"::1"}}
{"timestamp":"2026-03-07T05:56:22.676Z","level":"INFO","message":"GET /","data":{"status":304,"duration":"2ms","ip":"::1"}}
{"timestamp":"2026-03-07T05:56:24.381Z","level":"INFO","message":"GET /","data":{"status":304,"duration":"1ms","ip":"::1"}}
{"timestamp":"2026-03-07T05:56:25.744Z","level":"INFO","message":"GET /","data":{"status":304,"duration":"2ms","ip":"::1"}}
{"timestamp":"2026-03-07T05:56:54.837Z","level":"INFO","message":"POST /","data":{"status":401,"duration":"6ms","ip":"::1"}}
{"timestamp":"2026-03-07T05:56:56.855Z","level":"INFO","message":"POST /","data":{"status":200,"duration":"2ms","ip":"::1"}}
{"timestamp":"2026-03-07T05:56:57.174Z","level":"INFO","message":"GET /","data":{"status":304,"duration":"2ms","ip":"::1"}}
{"timestamp":"2026-03-07T05:57:03.694Z","level":"INFO","message":"GET /","data":{"status":304,"duration":"1ms","ip":"::1"}}
{"timestamp":"2026-03-07T05:57:57.959Z","level":"INFO","message":"POST /","data":{"status":401,"duration":"2ms","ip":"::1"}}
{"timestamp":"2026-03-07T05:57:59.979Z","level":"INFO","message":"POST /","data":{"status":200,"duration":"3ms","ip":"::1"}}
{"timestamp":"2026-03-07T05:57:59.998Z","level":"INFO","message":"GET /","data":{"status":401,"duration":"3ms","ip":"::1"}}
{"timestamp":"2026-03-07T05:58:02.021Z","level":"INFO","message":"GET /","data":{"status":304,"duration":"3ms","ip":"::1"}}
{"timestamp":"2026-03-07T05:58:28.969Z","level":"INFO","message":"GET /","data":{"status":401,"duration":"2ms","ip":"::1"}}
{"timestamp":"2026-03-07T05:58:30.982Z","level":"INFO","message":"GET /","data":{"status":304,"duration":"1ms","ip":"::1"}}
{"timestamp":"2026-03-07T05:58:34.898Z","level":"INFO","message":"GET /","data":{"status":401,"duration":"1ms","ip":"::1"}}
{"timestamp":"2026-03-07T05:58:36.904Z","level":"INFO","message":"GET /","data":{"status":304,"duration":"2ms","ip":"::1"}}
{"timestamp":"2026-03-07T05:59:02.681Z","level":"INFO","message":"GET /","data":{"status":304,"duration":"1ms","ip":"::1"}}
{"timestamp":"2026-03-07T05:59:03.963Z","level":"INFO","message":"GET /","data":{"status":401,"duration":"1ms","ip":"::1"}}
{"timestamp":"2026-03-07T05:59:03.968Z","level":"INFO","message":"GET /","data":{"status":401,"duration":"1ms","ip":"::1"}}
{"timestamp":"2026-03-07T05:59:05.982Z","level":"INFO","message":"GET /","data":{"status":304,"duration":"2ms","ip":"::1"}}
{"timestamp":"2026-03-07T05:59:05.992Z","level":"INFO","message":"GET /","data":{"status":304,"duration":"1ms","ip":"::1"}}
{"timestamp":"2026-03-07T05:59:12.635Z","level":"INFO","message":"GET /","data":{"status":304,"duration":"5ms","ip":"::1"}}
{"timestamp":"2026-03-07T05:59:14.267Z","level":"INFO","message":"GET /","data":{"status":304,"duration":"3ms","ip":"::1"}}
{"timestamp":"2026-03-07T05:59:15.521Z","level":"INFO","message":"GET /","data":{"status":304,"duration":"2ms","ip":"::1"}}
{"timestamp":"2026-03-07T05:59:19.969Z","level":"INFO","message":"GET /","data":{"status":304,"duration":"2ms","ip":"::1"}}
{"timestamp":"2026-03-07T05:59:19.977Z","level":"INFO","message":"GET /","data":{"status":304,"duration":"1ms","ip":"::1"}}
{"timestamp":"2026-03-07T05:59:54.286Z","level":"INFO","message":"GET /","data":{"status":304,"duration":"1ms","ip":"::1"}}
{"timestamp":"2026-03-07T06:00:16.439Z","level":"INFO","message":"GET /","data":{"status":304,"duration":"1ms","ip":"::1"}}
{"timestamp":"2026-03-07T06:00:29.355Z","level":"INFO","message":"GET /","data":{"status":304,"duration":"0ms","ip":"::1"}}
{"timestamp":"2026-03-07T06:00:36.732Z","level":"INFO","message":"GET /","data":{"status":304,"duration":"1ms","ip":"::1"}}
{"timestamp":"2026-03-07T06:00:37.733Z","level":"INFO","message":"GET /api/v1/api/v1/analytics/dashboard","data":{"status":404,"duration":"1ms","ip":"::1"}}
{"timestamp":"2026-03-07T06:00:41.084Z","level":"INFO","message":"GET /api/v1/api/v1/analytics/dashboard","data":{"status":404,"duration":"2ms","ip":"::1"}}
{"timestamp":"2026-03-07T06:04:22.758Z","level":"INFO","message":"Graceful shutdown initiated"}
{"timestamp":"2026-03-07T06:04:22.760Z","level":"INFO","message":"HTTP server closed"}
{"timestamp":"2026-03-07T06:04:22.777Z","level":"INFO","message":"Database disconnected"}
{"timestamp":"2026-03-07T06:09:17.607Z","level":"INFO","message":"✓ MongoDB connected"}
{"timestamp":"2026-03-07T06:09:17.614Z","level":"INFO","message":"✓ Server running on port 3000"}
{"timestamp":"2026-03-07T06:09:17.618Z","level":"INFO","message":"Environment: development"}
{"timestamp":"2026-03-07T06:12:09.461Z","level":"INFO","message":"POST /login","data":{"status":200,"duration":"451ms","ip":"::1"}}
{"timestamp":"2026-03-07T06:12:09.487Z","level":"INFO","message":"GET /","data":{"status":401,"duration":"2ms","ip":"::1"}}
{"timestamp":"2026-03-07T06:12:09.490Z","level":"INFO","message":"GET /","data":{"status":401,"duration":"1ms","ip":"::1"}}
{"timestamp":"2026-03-07T06:12:11.565Z","level":"INFO","message":"GET /","data":{"status":200,"duration":"3ms","ip":"::1"}}
{"timestamp":"2026-03-07T06:12:11.585Z","level":"INFO","message":"GET /","data":{"status":200,"duration":"6ms","ip":"::1"}}
{"timestamp":"2026-03-07T06:12:23.571Z","level":"INFO","message":"GET /me","data":{"status":401,"duration":"1ms","ip":"::1"}}
{"timestamp":"2026-03-07T06:12:25.593Z","level":"INFO","message":"GET /me","data":{"status":401,"duration":"1ms","ip":"::1"}}
{"timestamp":"2026-03-07T06:12:29.616Z","level":"INFO","message":"GET /me","data":{"status":401,"duration":"1ms","ip":"::1"}}
{"timestamp":"2026-03-07T06:12:37.633Z","level":"INFO","message":"GET /me","data":{"status":401,"duration":"2ms","ip":"::1"}}
{"timestamp":"2026-03-07T06:12:37.706Z","level":"INFO","message":"GET /","data":{"status":304,"duration":"1ms","ip":"::1"}}
{"timestamp":"2026-03-07T06:12:37.709Z","level":"INFO","message":"GET /","data":{"status":304,"duration":"0ms","ip":"::1"}}
{"timestamp":"2026-03-07T06:12:41.376Z","level":"INFO","message":"GET /","data":{"status":401,"duration":"1ms","ip":"::1"}}
{"timestamp":"2026-03-07T06:12:43.411Z","level":"INFO","message":"GET /","data":{"status":200,"duration":"1ms","ip":"::1"}}
{"timestamp":"2026-03-07T06:13:03.516Z","level":"INFO","message":"GET /me","data":{"status":401,"duration":"2ms","ip":"::1"}}
{"timestamp":"2026-03-07T06:13:05.542Z","level":"INFO","message":"GET /me","data":{"status":401,"duration":"1ms","ip":"::1"}}
{"timestamp":"2026-03-07T06:13:09.562Z","level":"INFO","message":"GET /me","data":{"status":401,"duration":"1ms","ip":"::1"}}
{"timestamp":"2026-03-07T06:13:17.587Z","level":"INFO","message":"GET /me","data":{"status":401,"duration":"1ms","ip":"::1"}}
{"timestamp":"2026-03-07T06:13:17.711Z","level":"INFO","message":"GET /","data":{"status":304,"duration":"1ms","ip":"::1"}}
{"timestamp":"2026-03-07T06:18:37.396Z","level":"INFO","message":"GET /me","data":{"status":401,"duration":"16ms","ip":"::1"}}
{"timestamp":"2026-03-07T06:18:40.324Z","level":"INFO","message":"GET /me","data":{"status":401,"duration":"1ms","ip":"::1"}}
{"timestamp":"2026-03-07T06:18:41.805Z","level":"INFO","message":"GET /me","data":{"status":401,"duration":"2ms","ip":"::1"}}
{"timestamp":"2026-03-07T06:18:44.045Z","level":"INFO","message":"GET /me","data":{"status":401,"duration":"0ms","ip":"::1"}}
{"timestamp":"2026-03-07T06:18:49.051Z","level":"INFO","message":"GET /me","data":{"status":401,"duration":"0ms","ip":"::1"}}
{"timestamp":"2026-03-07T06:18:58.051Z","level":"INFO","message":"GET /me","data":{"status":401,"duration":"1ms","ip":"::1"}}
{"timestamp":"2026-03-07T06:18:58.142Z","level":"INFO","message":"GET /","data":{"status":401,"duration":"3ms","ip":"::1"}}
{"timestamp":"2026-03-07T06:19:01.065Z","level":"INFO","message":"GET /","data":{"status":304,"duration":"13ms","ip":"::1"}}
{"timestamp":"2026-03-07T06:20:33.606Z","level":"INFO","message":"GET /me","data":{"status":401,"duration":"1ms","ip":"::1"}}
{"timestamp":"2026-03-07T06:20:36.047Z","level":"INFO","message":"GET /me","data":{"status":401,"duration":"1ms","ip":"::1"}}
{"timestamp":"2026-03-07T06:20:41.045Z","level":"INFO","message":"GET /me","data":{"status":401,"duration":"0ms","ip":"::1"}}
{"timestamp":"2026-03-07T06:20:45.265Z","level":"INFO","message":"GET /me","data":{"status":401,"duration":"1ms","ip":"::1"}}
{"timestamp":"2026-03-07T06:20:48.044Z","level":"INFO","message":"GET /me","data":{"status":401,"duration":"0ms","ip":"::1"}}
{"timestamp":"2026-03-07T06:20:53.045Z","level":"INFO","message":"GET /me","data":{"status":401,"duration":"0ms","ip":"::1"}}
{"timestamp":"2026-03-07T06:21:02.047Z","level":"INFO","message":"GET /me","data":{"status":401,"duration":"1ms","ip":"::1"}}
{"timestamp":"2026-03-07T06:21:02.153Z","level":"INFO","message":"GET /","data":{"status":304,"duration":"1ms","ip":"::1"}}
{"timestamp":"2026-03-07T06:23:24.323Z","level":"INFO","message":"GET /me","data":{"status":401,"duration":"3ms","ip":"::1"}}
{"timestamp":"2026-03-07T06:23:26.337Z","level":"INFO","message":"GET /me","data":{"status":401,"duration":"1ms","ip":"::1"}}
{"timestamp":"2026-03-07T06:23:30.347Z","level":"INFO","message":"GET /me","data":{"status":401,"duration":"0ms","ip":"::1"}}
{"timestamp":"2026-03-07T06:23:38.363Z","level":"INFO","message":"GET /me","data":{"status":401,"duration":"0ms","ip":"::1"}}
{"timestamp":"2026-03-07T06:23:38.433Z","level":"INFO","message":"GET /","data":{"status":304,"duration":"0ms","ip":"::1"}}
{"timestamp":"2026-03-07T06:25:02.279Z","level":"INFO","message":"GET /","data":{"status":401,"duration":"1ms","ip":"::1"}}
{"timestamp":"2026-03-07T06:25:04.296Z","level":"INFO","message":"GET /","data":{"status":304,"duration":"0ms","ip":"::1"}}
{"timestamp":"2026-03-07T06:25:19.313Z","level":"INFO","message":"POST /","data":{"status":401,"duration":"2ms","ip":"::1"}}
{"timestamp":"2026-03-07T06:25:21.331Z","level":"INFO","message":"POST /","data":{"status":200,"duration":"2ms","ip":"::1"}}
{"timestamp":"2026-03-07T06:25:21.867Z","level":"INFO","message":"GET /","data":{"status":304,"duration":"0ms","ip":"::1"}}
{"timestamp":"2026-03-07T06:25:43.137Z","level":"INFO","message":"Graceful shutdown initiated"}
{"timestamp":"2026-03-07T06:25:43.143Z","level":"INFO","message":"HTTP server closed"}
{"timestamp":"2026-03-07T06:25:43.231Z","level":"INFO","message":"Database disconnected"}
{"timestamp":"2026-03-07T06:28:03.896Z","level":"INFO","message":"✓ MongoDB connected"}
{"timestamp":"2026-03-07T06:28:03.914Z","level":"INFO","message":"✓ Server running on port 3000"}
{"timestamp":"2026-03-07T06:28:03.916Z","level":"INFO","message":"Environment: development"}
{"timestamp":"2026-03-07T06:29:57.822Z","level":"INFO","message":"POST /login","data":{"status":401,"duration":"381ms","ip":"::1"}}
{"timestamp":"2026-03-07T06:30:13.547Z","level":"INFO","message":"POST /login","data":{"status":200,"duration":"387ms","ip":"::1"}}
{"timestamp":"2026-03-07T06:30:13.574Z","level":"INFO","message":"GET /","data":{"status":401,"duration":"2ms","ip":"::1"}}
{"timestamp":"2026-03-07T06:30:13.579Z","level":"INFO","message":"GET /","data":{"status":401,"duration":"2ms","ip":"::1"}}
{"timestamp":"2026-03-07T06:30:15.648Z","level":"INFO","message":"GET /","data":{"status":200,"duration":"4ms","ip":"::1"}}
{"timestamp":"2026-03-07T06:30:15.658Z","level":"INFO","message":"GET /","data":{"status":200,"duration":"1ms","ip":"::1"}}
{"timestamp":"2026-03-07T06:30:22.219Z","level":"INFO","message":"GET /","data":{"status":401,"duration":"1ms","ip":"::1"}}
{"timestamp":"2026-03-07T06:30:24.239Z","level":"INFO","message":"GET /","data":{"status":200,"duration":"3ms","ip":"::1"}}
{"timestamp":"2026-03-07T06:30:45.167Z","level":"INFO","message":"GET /","data":{"status":304,"duration":"6ms","ip":"::1"}}
{"timestamp":"2026-03-07T06:31:17.937Z","level":"INFO","message":"POST /","data":{"status":401,"duration":"2ms","ip":"::1"}}
{"timestamp":"2026-03-07T06:31:19.951Z","level":"INFO","message":"POST /","data":{"status":200,"duration":"1ms","ip":"::1"}}
{"timestamp":"2026-03-07T06:31:20.513Z","level":"INFO","message":"GET /","data":{"status":304,"duration":"2ms","ip":"::1"}}
{"timestamp":"2026-03-07T06:35:53.048Z","level":"INFO","message":"POST /login","data":{"status":401,"duration":"352ms","ip":"::1"}}
{"timestamp":"2026-03-07T06:36:07.212Z","level":"INFO","message":"POST /login","data":{"status":200,"duration":"476ms","ip":"::1"}}
{"timestamp":"2026-03-07T06:36:07.234Z","level":"INFO","message":"GET /","data":{"status":401,"duration":"1ms","ip":"::1"}}
{"timestamp":"2026-03-07T06:36:07.238Z","level":"INFO","message":"GET /","data":{"status":401,"duration":"1ms","ip":"::1"}}
{"timestamp":"2026-03-07T06:36:09.279Z","level":"INFO","message":"GET /","data":{"status":200,"duration":"0ms","ip":"::1"}}
{"timestamp":"2026-03-07T06:36:09.283Z","level":"INFO","message":"GET /","data":{"status":200,"duration":"1ms","ip":"::1"}}
{"timestamp":"2026-03-07T06:36:09.390Z","level":"INFO","message":"GET /","data":{"status":401,"duration":"1ms","ip":"::1"}}
{"timestamp":"2026-03-07T06:36:11.399Z","level":"INFO","message":"GET /","data":{"status":200,"duration":"0ms","ip":"::1"}}
{"timestamp":"2026-03-07T06:36:12.466Z","level":"INFO","message":"GET /","data":{"status":401,"duration":"1ms","ip":"::1"}}
{"timestamp":"2026-03-07T06:36:14.475Z","level":"INFO","message":"GET /","data":{"status":200,"duration":"0ms","ip":"::1"}}
{"timestamp":"2026-03-07T06:36:22.949Z","level":"INFO","message":"GET /","data":{"status":304,"duration":"1ms","ip":"::1"}}
{"timestamp":"2026-03-07T06:36:35.804Z","level":"INFO","message":"POST /","data":{"status":401,"duration":"0ms","ip":"::1"}}
{"timestamp":"2026-03-07T06:36:37.815Z","level":"INFO","message":"POST /","data":{"status":200,"duration":"0ms","ip":"::1"}}
{"timestamp":"2026-03-07T06:36:38.340Z","level":"INFO","message":"GET /","data":{"status":304,"duration":"1ms","ip":"::1"}}
{"timestamp":"2026-03-07T06:36:49.249Z","level":"INFO","message":"GET /","data":{"status":304,"duration":"0ms","ip":"::1"}}
{"timestamp":"2026-03-07T06:36:54.321Z","level":"INFO","message":"GET /","data":{"status":304,"duration":"1ms","ip":"::1"}}
{"timestamp":"2026-03-07T06:37:20.032Z","level":"INFO","message":"POST /","data":{"status":401,"duration":"2ms","ip":"::1"}}
{"timestamp":"2026-03-07T06:37:22.062Z","level":"INFO","message":"POST /","data":{"status":200,"duration":"2ms","ip":"::1"}}
{"timestamp":"2026-03-07T06:37:22.074Z","level":"INFO","message":"GET /","data":{"status":304,"duration":"1ms","ip":"::1"}}
{"timestamp":"2026-03-07T06:38:04.534Z","level":"INFO","message":"GET /","data":{"status":401,"duration":"1ms","ip":"::1"}}
{"timestamp":"2026-03-07T06:38:06.544Z","level":"INFO","message":"GET /","data":{"status":200,"duration":"0ms","ip":"::1"}}
{"timestamp":"2026-03-07T06:38:30.457Z","level":"INFO","message":"POST /","data":{"status":401,"duration":"1ms","ip":"::1"}}
{"timestamp":"2026-03-07T06:38:32.471Z","level":"INFO","message":"POST /","data":{"status":200,"duration":"1ms","ip":"::1"}}
{"timestamp":"2026-03-07T06:38:32.793Z","level":"INFO","message":"GET /","data":{"status":304,"duration":"3ms","ip":"::1"}}
{"timestamp":"2026-03-07T06:38:59.420Z","level":"INFO","message":"GET /","data":{"status":304,"duration":"1ms","ip":"::1"}}
{"timestamp":"2026-03-07T06:39:28.974Z","level":"INFO","message":"GET /","data":{"status":304,"duration":"1ms","ip":"::1"}}
{"timestamp":"2026-03-07T06:39:33.970Z","level":"INFO","message":"GET /","data":{"status":304,"duration":"1ms","ip":"::1"}}
{"timestamp":"2026-03-07T06:40:47.929Z","level":"INFO","message":"POST /","data":{"status":200,"duration":"3ms","ip":"::1"}}
{"timestamp":"2026-03-07T06:40:48.508Z","level":"INFO","message":"GET /","data":{"status":304,"duration":"1ms","ip":"::1"}}
{"timestamp":"2026-03-07T06:40:50.806Z","level":"INFO","message":"GET /","data":{"status":304,"duration":"2ms","ip":"::1"}}
{"timestamp":"2026-03-07T06:41:07.876Z","level":"INFO","message":"POST /","data":{"status":200,"duration":"2ms","ip":"::1"}}
{"timestamp":"2026-03-07T06:41:08.420Z","level":"INFO","message":"GET /","data":{"status":304,"duration":"0ms","ip":"::1"}}
{"timestamp":"2026-03-07T06:43:55.626Z","level":"INFO","message":"POST /logout","data":{"status":200,"duration":"12ms","ip":"::1"}}
{"timestamp":"2026-03-07T06:44:53.777Z","level":"INFO","message":"POST /login","data":{"status":200,"duration":"385ms","ip":"::1"}}
{"timestamp":"2026-03-07T06:44:53.796Z","level":"INFO","message":"GET /","data":{"status":401,"duration":"0ms","ip":"::1"}}
{"timestamp":"2026-03-07T06:44:53.801Z","level":"INFO","message":"GET /","data":{"status":401,"duration":"0ms","ip":"::1"}}
{"timestamp":"2026-03-07T06:44:55.844Z","level":"INFO","message":"GET /","data":{"status":200,"duration":"1ms","ip":"::1"}}
{"timestamp":"2026-03-07T06:44:55.846Z","level":"INFO","message":"GET /","data":{"status":200,"duration":"1ms","ip":"::1"}}
{"timestamp":"2026-03-07T06:46:18.323Z","level":"INFO","message":"GET /","data":{"status":401,"duration":"1ms","ip":"::1"}}
{"timestamp":"2026-03-07T06:46:20.338Z","level":"INFO","message":"GET /","data":{"status":200,"duration":"3ms","ip":"::1"}}
{"timestamp":"2026-03-07T06:46:34.755Z","level":"INFO","message":"POST /","data":{"status":401,"duration":"1ms","ip":"::1"}}
{"timestamp":"2026-03-07T06:46:36.770Z","level":"INFO","message":"POST /","data":{"status":200,"duration":"1ms","ip":"::1"}}
{"timestamp":"2026-03-07T06:46:37.322Z","level":"INFO","message":"GET /","data":{"status":304,"duration":"2ms","ip":"::1"}}
{"timestamp":"2026-03-07T06:54:37.913Z","level":"INFO","message":"Graceful shutdown initiated"}
{"timestamp":"2026-03-07T06:54:37.927Z","level":"INFO","message":"HTTP server closed"}
{"timestamp":"2026-03-07T06:54:38.003Z","level":"INFO","message":"Database disconnected"}
{"timestamp":"2026-03-07T06:56:10.515Z","level":"INFO","message":"✓ MongoDB connected"}
{"timestamp":"2026-03-07T06:56:10.519Z","level":"INFO","message":"✓ Server running on port 3000"}
{"timestamp":"2026-03-07T06:56:10.520Z","level":"INFO","message":"Environment: development"}
{"timestamp":"2026-03-07T06:59:45.915Z","level":"INFO","message":"POST /login","data":{"status":200,"duration":"501ms","ip":"::1"}}
{"timestamp":"2026-03-07T06:59:45.940Z","level":"INFO","message":"GET /","data":{"status":401,"duration":"2ms","ip":"::1"}}
{"timestamp":"2026-03-07T06:59:45.943Z","level":"INFO","message":"GET /","data":{"status":401,"duration":"1ms","ip":"::1"}}
{"timestamp":"2026-03-07T06:59:48.000Z","level":"INFO","message":"GET /","data":{"status":200,"duration":"3ms","ip":"::1"}}
{"timestamp":"2026-03-07T06:59:48.029Z","level":"INFO","message":"GET /","data":{"status":200,"duration":"12ms","ip":"::1"}}
{"timestamp":"2026-03-07T06:59:48.179Z","level":"INFO","message":"GET /","data":{"status":401,"duration":"1ms","ip":"::1"}}
{"timestamp":"2026-03-07T06:59:50.185Z","level":"INFO","message":"GET /","data":{"status":200,"duration":"1ms","ip":"::1"}}
{"timestamp":"2026-03-07T07:00:00.300Z","level":"INFO","message":"POST /","data":{"status":401,"duration":"1ms","ip":"::1"}}
{"timestamp":"2026-03-07T07:00:02.313Z","level":"INFO","message":"POST /","data":{"status":200,"duration":"0ms","ip":"::1"}}
{"timestamp":"2026-03-07T07:00:02.838Z","level":"INFO","message":"GET /","data":{"status":304,"duration":"2ms","ip":"::1"}}
{"timestamp":"2026-03-07T07:00:44.066Z","level":"INFO","message":"GET /","data":{"status":304,"duration":"4ms","ip":"::1"}}
{"timestamp":"2026-03-07T07:01:02.405Z","level":"INFO","message":"POST /","data":{"status":200,"duration":"2ms","ip":"::1"}}
{"timestamp":"2026-03-07T07:01:02.962Z","level":"INFO","message":"GET /","data":{"status":304,"duration":"3ms","ip":"::1"}}
{"timestamp":"2026-03-07T07:03:05.072Z","level":"INFO","message":"Graceful shutdown initiated"}
{"timestamp":"2026-03-07T07:03:05.074Z","level":"INFO","message":"HTTP server closed"}
{"timestamp":"2026-03-07T07:03:05.097Z","level":"INFO","message":"Database disconnected"}
{"timestamp":"2026-03-07T07:04:02.834Z","level":"INFO","message":"✓ MongoDB connected"}
{"timestamp":"2026-03-07T07:04:02.838Z","level":"INFO","message":"✓ Server running on port 3000"}
{"timestamp":"2026-03-07T07:04:02.839Z","level":"INFO","message":"Environment: development"}
{"timestamp":"2026-03-07T07:04:42.648Z","level":"INFO","message":"POST /login","data":{"status":200,"duration":"400ms","ip":"::1"}}
{"timestamp":"2026-03-07T07:04:42.674Z","level":"INFO","message":"GET /","data":{"status":401,"duration":"2ms","ip":"::1"}}
{"timestamp":"2026-03-07T07:04:42.679Z","level":"INFO","message":"GET /","data":{"status":401,"duration":"2ms","ip":"::1"}}
{"timestamp":"2026-03-07T07:04:44.729Z","level":"INFO","message":"GET /","data":{"status":401,"duration":"2ms","ip":"::1"}}
{"timestamp":"2026-03-07T07:04:44.738Z","level":"INFO","message":"GET /","data":{"status":200,"duration":"1ms","ip":"::1"}}
{"timestamp":"2026-03-07T07:04:44.742Z","level":"INFO","message":"GET /","data":{"status":200,"duration":"1ms","ip":"::1"}}
{"timestamp":"2026-03-07T07:04:46.751Z","level":"INFO","message":"GET /","data":{"status":200,"duration":"3ms","ip":"::1"}}
{"timestamp":"2026-03-07T07:04:56.735Z","level":"INFO","message":"POST /","data":{"status":401,"duration":"1ms","ip":"::1"}}
{"timestamp":"2026-03-07T07:04:58.751Z","level":"INFO","message":"POST /","data":{"status":200,"duration":"3ms","ip":"::1"}}
{"timestamp":"2026-03-07T07:04:59.301Z","level":"INFO","message":"GET /","data":{"status":304,"duration":"4ms","ip":"::1"}}
{"timestamp":"2026-03-07T07:05:54.658Z","level":"INFO","message":"GET /me","data":{"status":401,"duration":"1ms","ip":"::1"}}
{"timestamp":"2026-03-07T07:05:56.977Z","level":"INFO","message":"GET /me","data":{"status":401,"duration":"1ms","ip":"::1"}}
{"timestamp":"2026-03-07T07:06:01.982Z","level":"INFO","message":"GET /me","data":{"status":401,"duration":"1ms","ip":"::1"}}
{"timestamp":"2026-03-07T07:06:10.975Z","level":"INFO","message":"GET /me","data":{"status":401,"duration":"2ms","ip":"::1"}}
{"timestamp":"2026-03-07T07:06:11.017Z","level":"INFO","message":"GET /","data":{"status":304,"duration":"1ms","ip":"::1"}}
{"timestamp":"2026-03-07T07:10:08.280Z","level":"INFO","message":"Graceful shutdown initiated"}
{"timestamp":"2026-03-07T07:10:08.282Z","level":"INFO","message":"HTTP server closed"}
{"timestamp":"2026-03-07T07:10:08.294Z","level":"INFO","message":"Database disconnected"}
{"timestamp":"2026-03-07T07:14:19.368Z","level":"INFO","message":"✓ MongoDB connected"}
{"timestamp":"2026-03-07T07:14:19.373Z","level":"INFO","message":"✓ Server running on port 3000"}
{"timestamp":"2026-03-07T07:14:19.374Z","level":"INFO","message":"Environment: development"}
{"timestamp":"2026-03-07T07:15:11.147Z","level":"INFO","message":"POST /login","data":{"status":200,"duration":"422ms","ip":"::1"}}
{"timestamp":"2026-03-07T07:15:11.175Z","level":"INFO","message":"GET /","data":{"status":401,"duration":"5ms","ip":"::1"}}
{"timestamp":"2026-03-07T07:15:11.179Z","level":"INFO","message":"GET /","data":{"status":401,"duration":"2ms","ip":"::1"}}
{"timestamp":"2026-03-07T07:15:13.228Z","level":"INFO","message":"GET /","data":{"status":200,"duration":"4ms","ip":"::1"}}
{"timestamp":"2026-03-07T07:15:13.236Z","level":"INFO","message":"GET /","data":{"status":200,"duration":"3ms","ip":"::1"}}
{"timestamp":"2026-03-07T07:15:16.795Z","level":"INFO","message":"GET /","data":{"status":401,"duration":"2ms","ip":"::1"}}
{"timestamp":"2026-03-07T07:15:18.802Z","level":"INFO","message":"GET /","data":{"status":200,"duration":"0ms","ip":"::1"}}
{"timestamp":"2026-03-07T07:15:36.162Z","level":"INFO","message":"POST /","data":{"status":401,"duration":"1ms","ip":"::1"}}
{"timestamp":"2026-03-07T07:15:38.178Z","level":"INFO","message":"POST /","data":{"status":200,"duration":"3ms","ip":"::1"}}
{"timestamp":"2026-03-07T07:15:38.726Z","level":"INFO","message":"GET /","data":{"status":304,"duration":"4ms","ip":"::1"}}
{"timestamp":"2026-03-07T07:17:28.892Z","level":"INFO","message":"GET /","data":{"status":304,"duration":"1ms","ip":"::1"}}
{"timestamp":"2026-03-07T07:19:57.203Z","level":"INFO","message":"GET /me","data":{"status":401,"duration":"7ms","ip":"::1"}}
{"timestamp":"2026-03-07T07:19:59.232Z","level":"INFO","message":"GET /me","data":{"status":401,"duration":"3ms","ip":"::1"}}
{"timestamp":"2026-03-07T07:20:03.276Z","level":"INFO","message":"GET /me","data":{"status":401,"duration":"6ms","ip":"::1"}}
{"timestamp":"2026-03-07T07:20:11.296Z","level":"INFO","message":"GET /me","data":{"status":401,"duration":"1ms","ip":"::1"}}
{"timestamp":"2026-03-07T07:20:11.366Z","level":"INFO","message":"GET /","data":{"status":304,"duration":"1ms","ip":"::1"}}
{"timestamp":"2026-03-07T07:21:08.216Z","level":"INFO","message":"GET /me","data":{"status":401,"duration":"2ms","ip":"::1"}}
{"timestamp":"2026-03-07T07:21:10.229Z","level":"INFO","message":"GET /me","data":{"status":401,"duration":"1ms","ip":"::1"}}
{"timestamp":"2026-03-07T07:21:14.249Z","level":"INFO","message":"GET /me","data":{"status":401,"duration":"1ms","ip":"::1"}}
{"timestamp":"2026-03-07T07:21:22.263Z","level":"INFO","message":"GET /me","data":{"status":401,"duration":"1ms","ip":"::1"}}
{"timestamp":"2026-03-07T07:21:22.359Z","level":"INFO","message":"GET /","data":{"status":401,"duration":"1ms","ip":"::1"}}
{"timestamp":"2026-03-07T07:21:24.377Z","level":"INFO","message":"GET /","data":{"status":304,"duration":"1ms","ip":"::1"}}
{"timestamp":"2026-03-07T07:25:55.156Z","level":"INFO","message":"GET /me","data":{"status":401,"duration":"4ms","ip":"::1"}}
{"timestamp":"2026-03-07T07:25:57.195Z","level":"INFO","message":"GET /me","data":{"status":401,"duration":"3ms","ip":"::1"}}
{"timestamp":"2026-03-07T07:26:01.225Z","level":"INFO","message":"GET /me","data":{"status":401,"duration":"1ms","ip":"::1"}}
{"timestamp":"2026-03-07T07:26:09.251Z","level":"INFO","message":"GET /me","data":{"status":401,"duration":"4ms","ip":"::1"}}
{"timestamp":"2026-03-07T07:26:09.353Z","level":"INFO","message":"GET /","data":{"status":304,"duration":"1ms","ip":"::1"}}
{"timestamp":"2026-03-07T07:30:58.314Z","level":"INFO","message":"GET /me","data":{"status":401,"duration":"2ms","ip":"::1"}}
{"timestamp":"2026-03-07T07:31:00.968Z","level":"INFO","message":"GET /me","data":{"status":401,"duration":"2ms","ip":"::1"}}
{"timestamp":"2026-03-07T07:31:05.957Z","level":"INFO","message":"GET /me","data":{"status":401,"duration":"1ms","ip":"::1"}}
{"timestamp":"2026-03-07T07:31:14.971Z","level":"INFO","message":"GET /me","data":{"status":401,"duration":"3ms","ip":"::1"}}
{"timestamp":"2026-03-07T07:31:15.070Z","level":"INFO","message":"GET /","data":{"status":401,"duration":"1ms","ip":"::1"}}
{"timestamp":"2026-03-07T07:31:17.963Z","level":"INFO","message":"GET /","data":{"status":304,"duration":"1ms","ip":"::1"}}
{"timestamp":"2026-03-07T07:31:21.444Z","level":"INFO","message":"GET /me","data":{"status":401,"duration":"2ms","ip":"::1"}}
{"timestamp":"2026-03-07T07:31:23.961Z","level":"INFO","message":"GET /me","data":{"status":401,"duration":"2ms","ip":"::1"}}
{"timestamp":"2026-03-07T07:31:28.962Z","level":"INFO","message":"GET /me","data":{"status":401,"duration":"1ms","ip":"::1"}}
{"timestamp":"2026-03-07T07:31:37.971Z","level":"INFO","message":"GET /me","data":{"status":401,"duration":"1ms","ip":"::1"}}
{"timestamp":"2026-03-07T07:31:38.049Z","level":"INFO","message":"GET /","data":{"status":304,"duration":"1ms","ip":"::1"}}
{"timestamp":"2026-03-07T07:32:28.624Z","level":"INFO","message":"Graceful shutdown initiated"}
{"timestamp":"2026-03-07T07:32:28.629Z","level":"INFO","message":"HTTP server closed"}
{"timestamp":"2026-03-07T07:32:28.667Z","level":"INFO","message":"Database disconnected"}
{"timestamp":"2026-03-07T07:40:27.878Z","level":"INFO","message":"✓ MongoDB connected"}
{"timestamp":"2026-03-07T07:40:27.881Z","level":"INFO","message":"✓ Server running on port 3000"}
{"timestamp":"2026-03-07T07:40:27.882Z","level":"INFO","message":"Environment: development"}
{"timestamp":"2026-03-07T07:42:07.021Z","level":"INFO","message":"POST /login","data":{"status":200,"duration":"20609ms","ip":"::1"}}
{"timestamp":"2026-03-07T07:42:07.052Z","level":"INFO","message":"GET /","data":{"status":401,"duration":"2ms","ip":"::1"}}
{"timestamp":"2026-03-07T07:42:07.058Z","level":"INFO","message":"GET /","data":{"status":401,"duration":"1ms","ip":"::1"}}
{"timestamp":"2026-03-07T07:42:09.136Z","level":"INFO","message":"GET /","data":{"status":200,"duration":"3ms","ip":"::1"}}
{"timestamp":"2026-03-07T07:42:09.150Z","level":"INFO","message":"GET /","data":{"status":200,"duration":"5ms","ip":"::1"}}
{"timestamp":"2026-03-07T07:42:28.817Z","level":"INFO","message":"GET /","data":{"status":401,"duration":"1ms","ip":"::1"}}
{"timestamp":"2026-03-07T07:42:30.823Z","level":"INFO","message":"GET /","data":{"status":200,"duration":"0ms","ip":"::1"}}
{"timestamp":"2026-03-07T07:59:41.556Z","level":"INFO","message":"GET /","data":{"status":401,"duration":"3ms","ip":"::1"}}
{"timestamp":"2026-03-07T07:59:43.581Z","level":"INFO","message":"GET /","data":{"status":304,"duration":"3ms","ip":"::1"}}
{"timestamp":"2026-03-07T07:59:53.790Z","level":"INFO","message":"Graceful shutdown initiated"}
{"timestamp":"2026-03-07T07:59:53.792Z","level":"INFO","message":"HTTP server closed"}
{"timestamp":"2026-03-07T07:59:53.827Z","level":"INFO","message":"Database disconnected"}
{"timestamp":"2026-03-07T08:00:39.235Z","level":"ERROR","message":"✗ Failed to start server","data":"querySrv ETIMEOUT _mongodb._tcp.fitnova.5stbsmv.mongodb.net","stack":"Error: querySrv ETIMEOUT _mongodb._tcp.fitnova.5stbsmv.mongodb.net\n    at QueryReqWrap.onresolve [as oncomplete] (node:internal/dns/promises:294:17)"}
