{"timestamp":"2026-03-26T10:09:22.647Z","level":"ERROR","message":"✗ Failed to start server","data":"querySrv ECONNREFUSED _mongodb._tcp.fitnova.5stbsmv.mongodb.net","stack":"Error: querySrv ECONNREFUSED _mongodb._tcp.fitnova.5stbsmv.mongodb.net\n    at QueryReqWrap.onresolve [as oncomplete] (node:internal/dns/promises:294:17)"}
{"timestamp":"2026-03-26T10:09:34.397Z","level":"ERROR","message":"✗ Failed to start server","data":"querySrv ECONNREFUSED _mongodb._tcp.fitnova.5stbsmv.mongodb.net","stack":"Error: querySrv ECONNREFUSED _mongodb._tcp.fitnova.5stbsmv.mongodb.net\n    at QueryReqWrap.onresolve [as oncomplete] (node:internal/dns/promises:294:17)"}
{"timestamp":"2026-03-26T10:34:13.036Z","level":"INFO","message":"✓ MongoDB connected"}
{"timestamp":"2026-03-26T10:34:13.088Z","level":"INFO","message":"✓ Server running on port 5000"}
{"timestamp":"2026-03-26T10:34:13.091Z","level":"INFO","message":"Environment: development"}
{"timestamp":"2026-03-26T11:21:56.592Z","level":"INFO","message":"POST /login","data":{"status":200,"duration":"432ms","ip":"::1"}}
{"timestamp":"2026-03-26T11:21:56.707Z","level":"INFO","message":"GET /","data":{"status":200,"duration":"45ms","ip":"::1"}}
{"timestamp":"2026-03-26T11:21:56.713Z","level":"INFO","message":"GET /","data":{"status":200,"duration":"31ms","ip":"::1"}}
{"timestamp":"2026-03-26T11:22:00.102Z","level":"INFO","message":"GET /dashboard","data":{"status":200,"duration":"56ms","ip":"::1"}}
{"timestamp":"2026-03-26T11:22:32.925Z","level":"INFO","message":"GET /dashboard","data":{"status":200,"duration":"50ms","ip":"::1"}}
{"timestamp":"2026-03-26T11:22:34.567Z","level":"INFO","message":"GET /dashboard","data":{"status":200,"duration":"31ms","ip":"::1"}}
{"timestamp":"2026-03-26T11:22:39.699Z","level":"INFO","message":"GET /dashboard","data":{"status":200,"duration":"41ms","ip":"::1"}}
{"timestamp":"2026-03-26T11:36:37.622Z","level":"INFO","message":"GET /dashboard","data":{"status":200,"duration":"69ms","ip":"::1"}}
{"timestamp":"2026-03-26T11:41:40.332Z","level":"INFO","message":"GET /dashboard","data":{"status":200,"duration":"47ms","ip":"::1"}}
{"timestamp":"2026-03-26T11:42:28.557Z","level":"INFO","message":"GET /dashboard","data":{"status":200,"duration":"33ms","ip":"::1"}}
{"timestamp":"2026-03-26T11:43:14.576Z","level":"INFO","message":"GET /dashboard","data":{"status":200,"duration":"613ms","ip":"::1"}}
{"timestamp":"2026-03-26T11:45:41.284Z","level":"INFO","message":"GET /dashboard","data":{"status":200,"duration":"193ms","ip":"::1"}}
{"timestamp":"2026-03-26T11:45:45.129Z","level":"INFO","message":"GET /dashboard","data":{"status":200,"duration":"48ms","ip":"::1"}}
{"timestamp":"2026-03-26T11:48:54.837Z","level":"INFO","message":"GET /dashboard","data":{"status":200,"duration":"34ms","ip":"::1"}}
{"timestamp":"2026-03-26T11:49:44.299Z","level":"INFO","message":"GET /dashboard","data":{"status":200,"duration":"41ms","ip":"::1"}}
{"timestamp":"2026-03-26T11:50:40.943Z","level":"INFO","message":"GET /dashboard","data":{"status":200,"duration":"266ms","ip":"::1"}}
{"timestamp":"2026-03-26T11:50:57.751Z","level":"INFO","message":"GET /dashboard","data":{"status":200,"duration":"37ms","ip":"::1"}}
{"timestamp":"2026-03-26T11:51:05.015Z","level":"INFO","message":"GET /dashboard","data":{"status":200,"duration":"291ms","ip":"::1"}}
{"timestamp":"2026-03-26T11:51:12.177Z","level":"INFO","message":"GET /dashboard","data":{"status":200,"duration":"43ms","ip":"::1"}}
{"timestamp":"2026-03-26T11:51:13.657Z","level":"INFO","message":"GET /dashboard","data":{"status":200,"duration":"47ms","ip":"::1"}}
{"timestamp":"2026-03-26T11:51:17.736Z","level":"INFO","message":"GET /api/v1/analytics/export","data":{"status":404,"duration":"4ms","ip":"::1"}}
{"timestamp":"2026-03-26T11:51:19.744Z","level":"INFO","message":"GET /export","data":{"status":200,"duration":"0ms","ip":"::1"}}
{"timestamp":"2026-03-26T11:51:21.455Z","level":"INFO","message":"GET /export","data":{"status":304,"duration":"2ms","ip":"::1"}}
{"timestamp":"2026-03-26T12:10:41.161Z","level":"INFO","message":"POST /refresh","data":{"status":200,"duration":"19ms","ip":"::1"}}
{"timestamp":"2026-03-26T12:16:12.550Z","level":"INFO","message":"GET /dashboard","data":{"status":200,"duration":"49ms","ip":"::1"}}
{"timestamp":"2026-03-26T12:16:24.116Z","level":"INFO","message":"GET /dashboard","data":{"status":200,"duration":"34ms","ip":"::1"}}
{"timestamp":"2026-03-26T12:17:13.811Z","level":"INFO","message":"GET /dashboard","data":{"status":200,"duration":"39ms","ip":"::1"}}
{"timestamp":"2026-03-26T12:17:15.884Z","level":"INFO","message":"GET /dashboard","data":{"status":200,"duration":"30ms","ip":"::1"}}
{"timestamp":"2026-03-26T12:18:48.687Z","level":"INFO","message":"GET /dashboard","data":{"status":200,"duration":"61ms","ip":"::1"}}
{"timestamp":"2026-03-26T12:18:52.132Z","level":"INFO","message":"GET /dashboard","data":{"status":200,"duration":"39ms","ip":"::1"}}
{"timestamp":"2026-03-26T12:18:55.891Z","level":"INFO","message":"GET /dashboard","data":{"status":200,"duration":"218ms","ip":"::1"}}
{"timestamp":"2026-03-26T12:19:02.232Z","level":"INFO","message":"GET /dashboard","data":{"status":200,"duration":"40ms","ip":"::1"}}
{"timestamp":"2026-03-26T12:19:05.428Z","level":"INFO","message":"GET /dashboard","data":{"status":200,"duration":"31ms","ip":"::1"}}
{"timestamp":"2026-03-26T12:20:08.010Z","level":"INFO","message":"GET /dashboard","data":{"status":200,"duration":"622ms","ip":"::1"}}
{"timestamp":"2026-03-26T12:20:09.332Z","level":"INFO","message":"GET /dashboard","data":{"status":200,"duration":"35ms","ip":"::1"}}
{"timestamp":"2026-03-26T12:27:29.203Z","level":"INFO","message":"GET /dashboard","data":{"status":200,"duration":"33ms","ip":"::1"}}
{"timestamp":"2026-03-26T12:27:32.289Z","level":"INFO","message":"GET /dashboard","data":{"status":200,"duration":"36ms","ip":"::1"}}
{"timestamp":"2026-03-26T12:30:57.004Z","level":"INFO","message":"GET /dashboard","data":{"status":200,"duration":"50ms","ip":"::1"}}
{"timestamp":"2026-03-26T12:31:06.748Z","level":"INFO","message":"GET /dashboard","data":{"status":200,"duration":"42ms","ip":"::1"}}
{"timestamp":"2026-03-26T12:31:09.397Z","level":"INFO","message":"GET /dashboard","data":{"status":200,"duration":"33ms","ip":"::1"}}
{"timestamp":"2026-03-26T12:38:59.952Z","level":"INFO","message":"GET /dashboard","data":{"status":200,"duration":"34ms","ip":"::1"}}
{"timestamp":"2026-03-26T12:41:48.610Z","level":"INFO","message":"GET /dashboard","data":{"status":200,"duration":"35ms","ip":"::1"}}
{"timestamp":"2026-03-26T12:42:55.376Z","level":"INFO","message":"GET /api/v1/analytics/export","data":{"status":404,"duration":"4ms","ip":"::1"}}
{"timestamp":"2026-03-26T12:42:57.389Z","level":"INFO","message":"GET /export","data":{"status":200,"duration":"2ms","ip":"::1"}}
{"timestamp":"2026-03-26T12:42:57.837Z","level":"INFO","message":"GET /dashboard","data":{"status":200,"duration":"52ms","ip":"::1"}}
{"timestamp":"2026-03-26T12:43:01.182Z","level":"INFO","message":"GET /dashboard","data":{"status":200,"duration":"32ms","ip":"::1"}}
{"timestamp":"2026-03-26T13:01:49.151Z","level":"INFO","message":"POST /refresh","data":{"status":200,"duration":"15ms","ip":"::1"}}
{"timestamp":"2026-03-26T13:47:28.435Z","level":"INFO","message":"POST /refresh","data":{"status":200,"duration":"52ms","ip":"::1"}}
{"timestamp":"2026-03-26T14:01:14.882Z","level":"INFO","message":"GET /dashboard","data":{"status":200,"duration":"71ms","ip":"::1"}}
{"timestamp":"2026-03-26T14:02:38.714Z","level":"INFO","message":"GET /dashboard","data":{"status":200,"duration":"52ms","ip":"::1"}}
{"timestamp":"2026-03-26T14:03:21.884Z","level":"INFO","message":"GET /dashboard","data":{"status":200,"duration":"32ms","ip":"::1"}}
{"timestamp":"2026-03-26T14:08:24.258Z","level":"INFO","message":"GET /dashboard","data":{"status":200,"duration":"48ms","ip":"::1"}}
{"timestamp":"2026-03-26T14:08:25.898Z","level":"INFO","message":"GET /dashboard","data":{"status":200,"duration":"38ms","ip":"::1"}}
{"timestamp":"2026-03-26T14:09:23.945Z","level":"INFO","message":"GET /dashboard","data":{"status":200,"duration":"32ms","ip":"::1"}}
{"timestamp":"2026-03-26T14:09:30.405Z","level":"INFO","message":"GET /dashboard","data":{"status":200,"duration":"29ms","ip":"::1"}}
{"timestamp":"2026-03-26T14:09:42.228Z","level":"INFO","message":"GET /dashboard","data":{"status":200,"duration":"56ms","ip":"::1"}}
{"timestamp":"2026-03-26T14:09:45.846Z","level":"INFO","message":"GET /dashboard","data":{"status":200,"duration":"31ms","ip":"::1"}}
{"timestamp":"2026-03-26T14:09:53.883Z","level":"INFO","message":"GET /api/v1/analytics/export","data":{"status":404,"duration":"6ms","ip":"::1"}}
{"timestamp":"2026-03-26T14:09:55.897Z","level":"INFO","message":"GET /export","data":{"status":200,"duration":"1ms","ip":"::1"}}
{"timestamp":"2026-03-26T14:09:55.964Z","level":"INFO","message":"GET /export","data":{"status":304,"duration":"2ms","ip":"::1"}}
{"timestamp":"2026-03-26T14:10:52.932Z","level":"INFO","message":"GET /dashboard","data":{"status":200,"duration":"80ms","ip":"::1"}}
{"timestamp":"2026-03-26T14:11:33.938Z","level":"INFO","message":"GET /dashboard","data":{"status":200,"duration":"42ms","ip":"::1"}}
{"timestamp":"2026-03-26T14:18:52.850Z","level":"INFO","message":"GET /dashboard","data":{"status":200,"duration":"45ms","ip":"::1"}}
{"timestamp":"2026-03-26T14:18:55.743Z","level":"INFO","message":"GET /dashboard","data":{"status":200,"duration":"39ms","ip":"::1"}}
{"timestamp":"2026-03-26T14:19:15.641Z","level":"INFO","message":"GET /dashboard","data":{"status":200,"duration":"34ms","ip":"::1"}}
{"timestamp":"2026-03-26T14:19:16.692Z","level":"INFO","message":"GET /dashboard","data":{"status":200,"duration":"29ms","ip":"::1"}}
{"timestamp":"2026-03-26T14:19:19.200Z","level":"INFO","message":"GET /dashboard","data":{"status":200,"duration":"70ms","ip":"::1"}}
{"timestamp":"2026-03-26T14:19:54.121Z","level":"INFO","message":"GET /dashboard","data":{"status":200,"duration":"72ms","ip":"::1"}}
{"timestamp":"2026-03-26T14:20:04.706Z","level":"INFO","message":"GET /api/v1/analytics/export","data":{"status":404,"duration":"2ms","ip":"::1"}}
{"timestamp":"2026-03-26T14:20:05.916Z","level":"INFO","message":"GET /dashboard","data":{"status":200,"duration":"52ms","ip":"::1"}}
{"timestamp":"2026-03-26T14:20:06.718Z","level":"INFO","message":"GET /export","data":{"status":200,"duration":"0ms","ip":"::1"}}
{"timestamp":"2026-03-26T14:20:08.699Z","level":"INFO","message":"GET /dashboard","data":{"status":200,"duration":"28ms","ip":"::1"}}
{"timestamp":"2026-03-26T14:39:54.091Z","level":"INFO","message":"POST /refresh","data":{"status":200,"duration":"9ms","ip":"::1"}}
{"timestamp":"2026-03-26T15:55:06.851Z","level":"INFO","message":"POST /refresh","data":{"status":200,"duration":"17ms","ip":"::1"}}
{"timestamp":"2026-03-26T15:56:34.854Z","level":"INFO","message":"✓ MongoDB connected"}
{"timestamp":"2026-03-26T15:56:34.859Z","level":"INFO","message":"✓ Server running on port 5000"}
{"timestamp":"2026-03-26T15:56:34.859Z","level":"INFO","message":"Environment: development"}
{"timestamp":"2026-03-26T15:56:41.891Z","level":"INFO","message":"GET /dashboard","data":{"status":200,"duration":"113ms","ip":"::1"}}
{"timestamp":"2026-03-26T15:56:46.677Z","level":"INFO","message":"GET /dashboard","data":{"status":200,"duration":"270ms","ip":"::1"}}
{"timestamp":"2026-03-26T15:56:48.288Z","level":"INFO","message":"GET /dashboard","data":{"status":200,"duration":"313ms","ip":"::1"}}
{"timestamp":"2026-03-26T15:58:47.796Z","level":"INFO","message":"GET /dashboard","data":{"status":200,"duration":"70ms","ip":"::1"}}
{"timestamp":"2026-03-26T15:58:49.099Z","level":"INFO","message":"GET /api/v1/analytics/export","data":{"status":404,"duration":"2ms","ip":"::1"}}
{"timestamp":"2026-03-26T15:58:51.106Z","level":"INFO","message":"GET /export","data":{"status":200,"duration":"0ms","ip":"::1"}}
{"timestamp":"2026-03-26T16:04:50.560Z","level":"INFO","message":"GET /dashboard","data":{"status":200,"duration":"278ms","ip":"::1"}}
{"timestamp":"2026-03-26T16:11:02.509Z","level":"INFO","message":"GET /dashboard","data":{"status":200,"duration":"136ms","ip":"::1"}}
{"timestamp":"2026-03-26T16:11:52.137Z","level":"INFO","message":"GET /dashboard","data":{"status":200,"duration":"52ms","ip":"::1"}}
{"timestamp":"2026-03-26T16:16:04.821Z","level":"INFO","message":"GET /dashboard","data":{"status":200,"duration":"49ms","ip":"::1"}}
{"timestamp":"2026-03-26T16:16:07.923Z","level":"INFO","message":"GET /dashboard","data":{"status":200,"duration":"48ms","ip":"::1"}}
{"timestamp":"2026-03-26T16:17:29.458Z","level":"INFO","message":"GET /dashboard","data":{"status":200,"duration":"46ms","ip":"::1"}}
{"timestamp":"2026-03-26T16:17:54.807Z","level":"INFO","message":"GET /dashboard","data":{"status":200,"duration":"45ms","ip":"::1"}}
{"timestamp":"2026-03-26T16:19:38.725Z","level":"INFO","message":"GET /dashboard","data":{"status":200,"duration":"179ms","ip":"::1"}}
{"timestamp":"2026-03-26T16:39:39.289Z","level":"INFO","message":"POST /refresh","data":{"status":200,"duration":"31ms","ip":"::1"}}
{"timestamp":"2026-03-26T16:59:39.199Z","level":"INFO","message":"POST /refresh","data":{"status":200,"duration":"42ms","ip":"::1"}}
{"timestamp":"2026-03-26T17:07:18.117Z","level":"INFO","message":"GET /dashboard","data":{"status":200,"duration":"147ms","ip":"::1"}}
{"timestamp":"2026-03-26T17:14:26.518Z","level":"INFO","message":"GET /dashboard","data":{"status":200,"duration":"37ms","ip":"::1"}}
{"timestamp":"2026-03-26T17:14:30.095Z","level":"INFO","message":"GET /dashboard","data":{"status":200,"duration":"43ms","ip":"::1"}}
{"timestamp":"2026-03-26T17:16:57.913Z","level":"INFO","message":"GET /dashboard","data":{"status":200,"duration":"35ms","ip":"::1"}}
{"timestamp":"2026-03-26T17:17:01.580Z","level":"INFO","message":"GET /dashboard","data":{"status":200,"duration":"36ms","ip":"::1"}}
{"timestamp":"2026-03-26T17:18:37.591Z","level":"INFO","message":"GET /dashboard","data":{"status":200,"duration":"124ms","ip":"::1"}}
{"timestamp":"2026-03-26T17:18:43.543Z","level":"INFO","message":"GET /dashboard","data":{"status":200,"duration":"114ms","ip":"::1"}}
{"timestamp":"2026-03-26T17:19:02.840Z","level":"INFO","message":"GET /","data":{"status":200,"duration":"93ms","ip":"::1"}}
{"timestamp":"2026-03-26T17:19:02.844Z","level":"INFO","message":"GET /","data":{"status":200,"duration":"55ms","ip":"::1"}}
{"timestamp":"2026-03-26T17:19:52.397Z","level":"INFO","message":"GET /dashboard","data":{"status":200,"duration":"52ms","ip":"::1"}}
{"timestamp":"2026-03-26T17:37:02.066Z","level":"INFO","message":"POST /refresh","data":{"status":200,"duration":"12ms","ip":"::1"}}
{"timestamp":"2026-03-26T17:42:28.063Z","level":"INFO","message":"GET /dashboard","data":{"status":200,"duration":"133ms","ip":"::1"}}
{"timestamp":"2026-03-26T18:02:28.310Z","level":"INFO","message":"POST /refresh","data":{"status":200,"duration":"30ms","ip":"::1"}}
{"timestamp":"2026-03-26T18:22:28.108Z","level":"INFO","message":"POST /refresh","data":{"status":200,"duration":"19ms","ip":"::1"}}
{"timestamp":"2026-03-26T18:42:28.048Z","level":"INFO","message":"POST /refresh","data":{"status":200,"duration":"6ms","ip":"::1"}}
{"timestamp":"2026-03-26T19:02:29.097Z","level":"INFO","message":"POST /refresh","data":{"status":200,"duration":"6ms","ip":"::1"}}
{"timestamp":"2026-03-26T19:06:10.189Z","level":"INFO","message":"GET /dashboard","data":{"status":200,"duration":"100ms","ip":"::1"}}
{"timestamp":"2026-03-26T19:06:16.332Z","level":"INFO","message":"POST /logout","data":{"status":200,"duration":"7ms","ip":"::1"}}
{"timestamp":"2026-03-26T19:06:22.851Z","level":"INFO","message":"Graceful shutdown initiated"}
{"timestamp":"2026-03-26T19:06:22.860Z","level":"INFO","message":"HTTP server closed"}
{"timestamp":"2026-03-26T19:06:22.963Z","level":"INFO","message":"Database disconnected"}
{"timestamp":"2026-03-26T19:26:35.131Z","level":"INFO","message":"✓ MongoDB connected"}
{"timestamp":"2026-03-26T19:26:35.147Z","level":"INFO","message":"✓ Server running on port 5000"}
{"timestamp":"2026-03-26T19:26:35.147Z","level":"INFO","message":"Environment: development"}
{"timestamp":"2026-03-26T19:32:10.447Z","level":"INFO","message":"POST /login","data":{"status":200,"duration":"357ms","ip":"::1"}}
{"timestamp":"2026-03-26T19:32:10.556Z","level":"INFO","message":"GET /","data":{"status":200,"duration":"37ms","ip":"::1"}}
{"timestamp":"2026-03-26T19:32:10.562Z","level":"INFO","message":"GET /","data":{"status":200,"duration":"34ms","ip":"::1"}}
{"timestamp":"2026-03-26T19:32:15.229Z","level":"INFO","message":"GET /dashboard","data":{"status":200,"duration":"39ms","ip":"::1"}}
{"timestamp":"2026-03-26T19:32:22.827Z","level":"INFO","message":"GET /dashboard","data":{"status":200,"duration":"39ms","ip":"::1"}}
