{"timestamp":"2026-03-27T07:20:31.482Z","level":"INFO","message":"✓ MongoDB connected"}
{"timestamp":"2026-03-27T07:20:31.489Z","level":"INFO","message":"✓ Server running on port 5000"}
{"timestamp":"2026-03-27T07:20:31.490Z","level":"INFO","message":"Environment: development"}
{"timestamp":"2026-03-27T07:21:19.661Z","level":"INFO","message":"POST /login","data":{"status":200,"duration":"374ms","ip":"::1"}}
{"timestamp":"2026-03-27T07:21:19.785Z","level":"INFO","message":"GET /","data":{"status":200,"duration":"65ms","ip":"::1"}}
{"timestamp":"2026-03-27T07:21:19.795Z","level":"INFO","message":"GET /","data":{"status":200,"duration":"64ms","ip":"::1"}}
{"timestamp":"2026-03-27T07:21:24.059Z","level":"INFO","message":"GET /daily/entries","data":{"status":200,"duration":"30ms","ip":"::1"}}
{"timestamp":"2026-03-27T07:21:24.065Z","level":"INFO","message":"GET /daily/entries","data":{"status":200,"duration":"29ms","ip":"::1"}}
{"timestamp":"2026-03-27T07:21:27.247Z","level":"INFO","message":"GET /dashboard","data":{"status":200,"duration":"81ms","ip":"::1"}}
{"timestamp":"2026-03-27T07:21:33.414Z","level":"INFO","message":"GET /dashboard","data":{"status":200,"duration":"82ms","ip":"::1"}}
{"timestamp":"2026-03-27T07:21:43.487Z","level":"INFO","message":"GET /dashboard","data":{"status":200,"duration":"86ms","ip":"::1"}}
{"timestamp":"2026-03-27T07:21:45.971Z","level":"INFO","message":"GET /dashboard","data":{"status":200,"duration":"77ms","ip":"::1"}}
{"timestamp":"2026-03-27T07:41:20.673Z","level":"INFO","message":"POST /refresh","data":{"status":200,"duration":"51ms","ip":"::1"}}
{"timestamp":"2026-03-27T08:01:20.620Z","level":"INFO","message":"POST /refresh","data":{"status":200,"duration":"35ms","ip":"::1"}}
{"timestamp":"2026-03-27T08:21:20.573Z","level":"INFO","message":"POST /refresh","data":{"status":200,"duration":"26ms","ip":"::1"}}
{"timestamp":"2026-03-27T08:41:20.561Z","level":"INFO","message":"POST /refresh","data":{"status":200,"duration":"24ms","ip":"::1"}}
{"timestamp":"2026-03-27T09:01:20.600Z","level":"INFO","message":"POST /refresh","data":{"status":200,"duration":"35ms","ip":"::1"}}
{"timestamp":"2026-03-27T09:21:20.571Z","level":"INFO","message":"POST /refresh","data":{"status":200,"duration":"20ms","ip":"::1"}}
{"timestamp":"2026-03-27T09:41:20.560Z","level":"INFO","message":"POST /refresh","data":{"status":200,"duration":"27ms","ip":"::1"}}
{"timestamp":"2026-03-27T09:56:49.443Z","level":"INFO","message":"GET /dashboard","data":{"status":200,"duration":"146ms","ip":"::1"}}
{"timestamp":"2026-03-27T09:56:50.446Z","level":"INFO","message":"GET /dashboard","data":{"status":200,"duration":"83ms","ip":"::1"}}
{"timestamp":"2026-03-27T09:56:52.759Z","level":"INFO","message":"GET /dashboard","data":{"status":200,"duration":"65ms","ip":"::1"}}
{"timestamp":"2026-03-27T09:56:55.126Z","level":"INFO","message":"GET /dashboard","data":{"status":200,"duration":"41ms","ip":"::1"}}
{"timestamp":"2026-03-27T09:56:59.973Z","level":"INFO","message":"GET /dashboard","data":{"status":200,"duration":"41ms","ip":"::1"}}
{"timestamp":"2026-03-27T09:57:07.470Z","level":"INFO","message":"GET /dashboard","data":{"status":200,"duration":"46ms","ip":"::1"}}
{"timestamp":"2026-03-27T09:57:10.354Z","level":"INFO","message":"GET /dashboard","data":{"status":200,"duration":"55ms","ip":"::1"}}
{"timestamp":"2026-03-27T09:57:12.616Z","level":"INFO","message":"GET /dashboard","data":{"status":200,"duration":"46ms","ip":"::1"}}
{"timestamp":"2026-03-27T09:57:14.460Z","level":"INFO","message":"GET /dashboard","data":{"status":200,"duration":"45ms","ip":"::1"}}
{"timestamp":"2026-03-27T09:57:20.895Z","level":"INFO","message":"GET /dashboard","data":{"status":200,"duration":"62ms","ip":"::1"}}
{"timestamp":"2026-03-27T09:58:34.423Z","level":"INFO","message":"GET /dashboard","data":{"status":200,"duration":"47ms","ip":"::1"}}
{"timestamp":"2026-03-27T10:01:08.029Z","level":"INFO","message":"GET /dashboard","data":{"status":200,"duration":"62ms","ip":"::1"}}
{"timestamp":"2026-03-27T10:01:09.314Z","level":"INFO","message":"GET /dashboard","data":{"status":200,"duration":"45ms","ip":"::1"}}
{"timestamp":"2026-03-27T10:01:12.834Z","level":"INFO","message":"GET /dashboard","data":{"status":200,"duration":"43ms","ip":"::1"}}
{"timestamp":"2026-03-27T10:01:21.299Z","level":"INFO","message":"GET /dashboard","data":{"status":200,"duration":"46ms","ip":"::1"}}
{"timestamp":"2026-03-27T10:01:23.435Z","level":"INFO","message":"GET /dashboard","data":{"status":200,"duration":"41ms","ip":"::1"}}
{"timestamp":"2026-03-27T10:01:24.701Z","level":"INFO","message":"GET /dashboard","data":{"status":200,"duration":"56ms","ip":"::1"}}
{"timestamp":"2026-03-27T10:01:30.458Z","level":"INFO","message":"GET /dashboard","data":{"status":200,"duration":"51ms","ip":"::1"}}
{"timestamp":"2026-03-27T10:03:08.772Z","level":"INFO","message":"GET /dashboard","data":{"status":200,"duration":"42ms","ip":"::1"}}
{"timestamp":"2026-03-27T10:03:13.978Z","level":"INFO","message":"GET /dashboard","data":{"status":200,"duration":"45ms","ip":"::1"}}
{"timestamp":"2026-03-27T10:03:24.079Z","level":"INFO","message":"GET /dashboard","data":{"status":200,"duration":"45ms","ip":"::1"}}
{"timestamp":"2026-03-27T10:03:28.435Z","level":"INFO","message":"GET /dashboard","data":{"status":200,"duration":"41ms","ip":"::1"}}
{"timestamp":"2026-03-27T10:03:34.797Z","level":"INFO","message":"GET /dashboard","data":{"status":200,"duration":"57ms","ip":"::1"}}
{"timestamp":"2026-03-27T10:04:09.993Z","level":"INFO","message":"GET /dashboard","data":{"status":200,"duration":"46ms","ip":"::1"}}
{"timestamp":"2026-03-27T10:04:13.586Z","level":"INFO","message":"GET /dashboard","data":{"status":200,"duration":"55ms","ip":"::1"}}
{"timestamp":"2026-03-27T10:04:23.079Z","level":"INFO","message":"GET /dashboard","data":{"status":200,"duration":"41ms","ip":"::1"}}
{"timestamp":"2026-03-27T10:06:55.387Z","level":"INFO","message":"GET /dashboard","data":{"status":200,"duration":"47ms","ip":"::1"}}
{"timestamp":"2026-03-27T10:07:05.582Z","level":"INFO","message":"GET /dashboard","data":{"status":200,"duration":"46ms","ip":"::1"}}
{"timestamp":"2026-03-27T10:07:11.840Z","level":"INFO","message":"GET /dashboard","data":{"status":200,"duration":"49ms","ip":"::1"}}
{"timestamp":"2026-03-27T10:27:12.667Z","level":"INFO","message":"POST /refresh","data":{"status":200,"duration":"50ms","ip":"::1"}}
{"timestamp":"2026-03-27T10:35:13.254Z","level":"INFO","message":"GET /export","data":{"status":200,"duration":"25ms","ip":"::1"}}
{"timestamp":"2026-03-27T10:47:12.569Z","level":"INFO","message":"POST /refresh","data":{"status":200,"duration":"26ms","ip":"::1"}}
{"timestamp":"2026-03-27T10:50:22.329Z","level":"INFO","message":"GET /dashboard","data":{"status":200,"duration":"103ms","ip":"::1"}}
{"timestamp":"2026-03-27T10:50:25.043Z","level":"INFO","message":"GET /dashboard","data":{"status":200,"duration":"44ms","ip":"::1"}}
{"timestamp":"2026-03-27T10:50:31.041Z","level":"INFO","message":"GET /dashboard","data":{"status":200,"duration":"49ms","ip":"::1"}}
{"timestamp":"2026-03-27T10:50:39.387Z","level":"INFO","message":"GET /dashboard","data":{"status":200,"duration":"61ms","ip":"::1"}}
{"timestamp":"2026-03-27T11:07:12.584Z","level":"INFO","message":"POST /refresh","data":{"status":200,"duration":"28ms","ip":"::1"}}
{"timestamp":"2026-03-27T11:31:25.613Z","level":"INFO","message":"POST /refresh","data":{"status":200,"duration":"49ms","ip":"::1"}}
{"timestamp":"2026-03-27T11:47:12.486Z","level":"INFO","message":"POST /refresh","data":{"status":200,"duration":"10ms","ip":"::1"}}
{"timestamp":"2026-03-27T12:07:12.481Z","level":"INFO","message":"POST /refresh","data":{"status":200,"duration":"6ms","ip":"::1"}}
{"timestamp":"2026-03-27T12:27:12.577Z","level":"INFO","message":"POST /refresh","data":{"status":200,"duration":"52ms","ip":"::1"}}
{"timestamp":"2026-03-27T12:32:49.919Z","level":"INFO","message":"GET /dashboard","data":{"status":200,"duration":"165ms","ip":"::1"}}
{"timestamp":"2026-03-27T12:33:20.634Z","level":"INFO","message":"GET /dashboard","data":{"status":200,"duration":"53ms","ip":"::1"}}
{"timestamp":"2026-03-27T12:33:22.634Z","level":"INFO","message":"GET /dashboard","data":{"status":200,"duration":"45ms","ip":"::1"}}
{"timestamp":"2026-03-27T12:33:24.233Z","level":"INFO","message":"GET /dashboard","data":{"status":200,"duration":"53ms","ip":"::1"}}
{"timestamp":"2026-03-27T12:34:20.619Z","level":"INFO","message":"GET /dashboard","data":{"status":200,"duration":"44ms","ip":"::1"}}
{"timestamp":"2026-03-27T12:34:51.552Z","level":"INFO","message":"GET /dashboard","data":{"status":200,"duration":"50ms","ip":"::1"}}
{"timestamp":"2026-03-27T12:34:52.819Z","level":"INFO","message":"GET /dashboard","data":{"status":200,"duration":"57ms","ip":"::1"}}
{"timestamp":"2026-03-27T12:34:56.616Z","level":"INFO","message":"GET /dashboard","data":{"status":200,"duration":"50ms","ip":"::1"}}
{"timestamp":"2026-03-27T12:36:25.549Z","level":"INFO","message":"GET /dashboard","data":{"status":200,"duration":"44ms","ip":"::1"}}
{"timestamp":"2026-03-27T12:37:03.235Z","level":"INFO","message":"GET /export","data":{"status":304,"duration":"14ms","ip":"::1"}}
{"timestamp":"2026-03-27T12:37:08.025Z","level":"INFO","message":"GET /dashboard","data":{"status":200,"duration":"75ms","ip":"::1"}}
{"timestamp":"2026-03-27T12:37:10.209Z","level":"INFO","message":"GET /dashboard","data":{"status":200,"duration":"53ms","ip":"::1"}}
{"timestamp":"2026-03-27T12:37:15.065Z","level":"INFO","message":"GET /dashboard","data":{"status":200,"duration":"49ms","ip":"::1"}}
{"timestamp":"2026-03-27T12:37:27.347Z","level":"INFO","message":"GET /dashboard","data":{"status":200,"duration":"64ms","ip":"::1"}}
{"timestamp":"2026-03-27T12:37:28.302Z","level":"INFO","message":"GET /dashboard","data":{"status":200,"duration":"52ms","ip":"::1"}}
{"timestamp":"2026-03-27T12:37:30.690Z","level":"INFO","message":"GET /dashboard","data":{"status":200,"duration":"43ms","ip":"::1"}}
{"timestamp":"2026-03-27T12:37:32.337Z","level":"INFO","message":"GET /dashboard","data":{"status":200,"duration":"42ms","ip":"::1"}}
{"timestamp":"2026-03-27T12:37:33.918Z","level":"INFO","message":"GET /dashboard","data":{"status":200,"duration":"61ms","ip":"::1"}}
{"timestamp":"2026-03-27T12:37:37.183Z","level":"INFO","message":"GET /dashboard","data":{"status":200,"duration":"48ms","ip":"::1"}}
{"timestamp":"2026-03-27T12:37:49.598Z","level":"INFO","message":"GET /","data":{"status":200,"duration":"59ms","ip":"::1"}}
{"timestamp":"2026-03-27T12:38:01.679Z","level":"INFO","message":"GET /","data":{"status":304,"duration":"6ms","ip":"::1"}}
{"timestamp":"2026-03-27T12:38:04.649Z","level":"INFO","message":"GET /dashboard","data":{"status":200,"duration":"46ms","ip":"::1"}}
{"timestamp":"2026-03-27T12:38:06.082Z","level":"INFO","message":"GET /","data":{"status":304,"duration":"1ms","ip":"::1"}}
{"timestamp":"2026-03-27T12:38:28.972Z","level":"INFO","message":"GET /dashboard","data":{"status":200,"duration":"46ms","ip":"::1"}}
{"timestamp":"2026-03-27T12:38:55.628Z","level":"INFO","message":"GET /","data":{"status":304,"duration":"2ms","ip":"::1"}}
{"timestamp":"2026-03-27T12:38:57.331Z","level":"INFO","message":"GET /dashboard","data":{"status":200,"duration":"45ms","ip":"::1"}}
{"timestamp":"2026-03-27T12:38:59.323Z","level":"INFO","message":"GET /daily/entries","data":{"status":200,"duration":"22ms","ip":"::1"}}
{"timestamp":"2026-03-27T12:38:59.335Z","level":"INFO","message":"GET /daily/entries","data":{"status":200,"duration":"24ms","ip":"::1"}}
{"timestamp":"2026-03-27T12:39:00.926Z","level":"INFO","message":"GET /","data":{"status":200,"duration":"37ms","ip":"::1"}}
{"timestamp":"2026-03-27T12:39:01.844Z","level":"INFO","message":"GET /","data":{"status":200,"duration":"32ms","ip":"::1"}}
{"timestamp":"2026-03-27T12:39:01.846Z","level":"INFO","message":"GET /","data":{"status":200,"duration":"29ms","ip":"::1"}}
{"timestamp":"2026-03-27T12:39:04.726Z","level":"INFO","message":"GET /daily/entries","data":{"status":304,"duration":"0ms","ip":"::1"}}
{"timestamp":"2026-03-27T12:39:04.729Z","level":"INFO","message":"GET /daily/entries","data":{"status":304,"duration":"1ms","ip":"::1"}}
{"timestamp":"2026-03-27T12:39:05.555Z","level":"INFO","message":"GET /","data":{"status":304,"duration":"1ms","ip":"::1"}}
{"timestamp":"2026-03-27T12:39:07.105Z","level":"INFO","message":"GET /dashboard","data":{"status":200,"duration":"43ms","ip":"::1"}}
{"timestamp":"2026-03-27T12:39:14.286Z","level":"INFO","message":"GET /","data":{"status":304,"duration":"1ms","ip":"::1"}}
{"timestamp":"2026-03-27T12:39:14.290Z","level":"INFO","message":"GET /","data":{"status":304,"duration":"1ms","ip":"::1"}}
{"timestamp":"2026-03-27T12:39:17.359Z","level":"INFO","message":"GET /","data":{"status":304,"duration":"1ms","ip":"::1"}}
{"timestamp":"2026-03-27T12:39:18.694Z","level":"INFO","message":"GET /dashboard","data":{"status":200,"duration":"48ms","ip":"::1"}}
{"timestamp":"2026-03-27T12:39:20.533Z","level":"INFO","message":"GET /","data":{"status":304,"duration":"1ms","ip":"::1"}}
{"timestamp":"2026-03-27T12:39:20.539Z","level":"INFO","message":"GET /","data":{"status":304,"duration":"3ms","ip":"::1"}}
{"timestamp":"2026-03-27T12:39:22.611Z","level":"INFO","message":"GET /dashboard","data":{"status":200,"duration":"44ms","ip":"::1"}}
{"timestamp":"2026-03-27T12:39:23.896Z","level":"INFO","message":"GET /","data":{"status":304,"duration":"1ms","ip":"::1"}}
{"timestamp":"2026-03-27T12:39:23.899Z","level":"INFO","message":"GET /","data":{"status":304,"duration":"1ms","ip":"::1"}}
{"timestamp":"2026-03-27T12:39:25.838Z","level":"INFO","message":"GET /dashboard","data":{"status":200,"duration":"44ms","ip":"::1"}}
{"timestamp":"2026-03-27T12:39:29.820Z","level":"INFO","message":"GET /dashboard","data":{"status":200,"duration":"41ms","ip":"::1"}}
{"timestamp":"2026-03-27T12:39:32.859Z","level":"INFO","message":"GET /dashboard","data":{"status":200,"duration":"107ms","ip":"::1"}}
{"timestamp":"2026-03-27T12:43:01.857Z","level":"INFO","message":"GET /dashboard","data":{"status":200,"duration":"67ms","ip":"::1"}}
{"timestamp":"2026-03-27T12:43:06.043Z","level":"INFO","message":"GET /dashboard","data":{"status":200,"duration":"45ms","ip":"::1"}}
{"timestamp":"2026-03-27T12:49:20.473Z","level":"INFO","message":"GET /dashboard","data":{"status":200,"duration":"92ms","ip":"::1"}}
{"timestamp":"2026-03-27T12:50:54.593Z","level":"INFO","message":"GET /dashboard","data":{"status":200,"duration":"54ms","ip":"::1"}}
{"timestamp":"2026-03-27T12:51:12.457Z","level":"INFO","message":"Graceful shutdown initiated"}
{"timestamp":"2026-03-27T12:51:12.464Z","level":"INFO","message":"HTTP server closed"}
{"timestamp":"2026-03-27T12:51:12.555Z","level":"INFO","message":"Database disconnected"}
