{"timestamp":"2026-03-03T06:44:20.082Z","level":"INFO","message":"✓ MongoDB connected"}
{"timestamp":"2026-03-03T06:44:20.091Z","level":"INFO","message":"✓ Server running on port 3000"}
{"timestamp":"2026-03-03T06:44:20.092Z","level":"INFO","message":"Environment: development"}
{"timestamp":"2026-03-03T06:45:20.923Z","level":"INFO","message":"GET /health","data":{"status":200,"duration":"4ms","ip":"::1"}}
{"timestamp":"2026-03-03T06:56:07.112Z","level":"INFO","message":"GET /","data":{"status":401,"duration":"7ms","ip":"::1"}}
{"timestamp":"2026-03-03T06:56:54.253Z","level":"INFO","message":"GET /","data":{"status":200,"duration":"1ms","ip":"::1"}}
{"timestamp":"2026-03-03T06:59:08.704Z","level":"INFO","message":"GET /health","data":{"status":200,"duration":"4ms","ip":"::1"}}
{"timestamp":"2026-03-03T07:09:36.456Z","level":"INFO","message":"GET /","data":{"status":401,"duration":"5ms","ip":"::1"}}
{"timestamp":"2026-03-03T07:14:51.853Z","level":"INFO","message":"GET /","data":{"status":401,"duration":"3ms","ip":"::1"}}
{"timestamp":"2026-03-03T07:17:23.404Z","level":"INFO","message":"GET /","data":{"status":304,"duration":"8ms","ip":"::1"}}
{"timestamp":"2026-03-03T07:17:25.315Z","level":"INFO","message":"GET /","data":{"status":304,"duration":"5ms","ip":"::1"}}
{"timestamp":"2026-03-03T07:18:52.862Z","level":"INFO","message":"GET /","data":{"status":304,"duration":"3ms","ip":"::1"}}
{"timestamp":"2026-03-03T07:21:54.755Z","level":"INFO","message":"GET /","data":{"status":401,"duration":"3ms","ip":"::1"}}
{"timestamp":"2026-03-03T07:22:28.628Z","level":"INFO","message":"GET /","data":{"status":304,"duration":"2ms","ip":"::1"}}
{"timestamp":"2026-03-03T07:34:34.003Z","level":"INFO","message":"✓ MongoDB connected"}
{"timestamp":"2026-03-03T07:34:34.027Z","level":"INFO","message":"✓ Server running on port 3000"}
{"timestamp":"2026-03-03T07:34:34.029Z","level":"INFO","message":"Environment: development"}
{"timestamp":"2026-03-03T07:55:32.008Z","level":"INFO","message":"POST /register","data":{"status":201,"duration":"609ms","ip":"::1"}}
{"timestamp":"2026-03-03T07:55:44.687Z","level":"INFO","message":"GET /","data":{"status":401,"duration":"5ms","ip":"::1"}}
{"timestamp":"2026-03-03T07:55:46.515Z","level":"INFO","message":"GET /","data":{"status":304,"duration":"2ms","ip":"::1"}}
{"timestamp":"2026-03-03T08:12:06.029Z","level":"INFO","message":"GET /","data":{"status":401,"duration":"7ms","ip":"::1"}}
{"timestamp":"2026-03-03T08:27:31.067Z","level":"INFO","message":"POST /login","data":{"status":200,"duration":"873ms","ip":"::1"}}
{"timestamp":"2026-03-03T08:27:39.026Z","level":"INFO","message":"GET /","data":{"status":401,"duration":"9ms","ip":"::1"}}
{"timestamp":"2026-03-03T17:26:22.375Z","level":"INFO","message":"✓ MongoDB connected"}
{"timestamp":"2026-03-03T17:26:22.391Z","level":"INFO","message":"✓ Server running on port 3000"}
{"timestamp":"2026-03-03T17:26:22.393Z","level":"INFO","message":"Environment: development"}
{"timestamp":"2026-03-03T17:35:46.057Z","level":"INFO","message":"GET /","data":{"status":404,"duration":"12ms","ip":"::1"}}
{"timestamp":"2026-03-03T17:38:09.900Z","level":"INFO","message":"POST /login","data":{"status":200,"duration":"484ms","ip":"::1"}}
{"timestamp":"2026-03-03T17:38:09.945Z","level":"INFO","message":"GET /","data":{"status":401,"duration":"4ms","ip":"::1"}}
{"timestamp":"2026-03-03T17:38:09.953Z","level":"INFO","message":"GET /","data":{"status":401,"duration":"1ms","ip":"::1"}}
{"timestamp":"2026-03-03T17:38:17.352Z","level":"INFO","message":"GET /api/v1/api/v1/analytics/dashboard","data":{"status":404,"duration":"1ms","ip":"::1"}}
{"timestamp":"2026-03-03T17:38:20.970Z","level":"INFO","message":"GET /","data":{"status":401,"duration":"1ms","ip":"::1"}}
{"timestamp":"2026-03-03T17:38:25.167Z","level":"INFO","message":"GET /","data":{"status":401,"duration":"2ms","ip":"::1"}}
{"timestamp":"2026-03-03T17:38:26.535Z","level":"INFO","message":"GET /","data":{"status":401,"duration":"1ms","ip":"::1"}}
{"timestamp":"2026-03-03T17:38:29.086Z","level":"INFO","message":"GET /","data":{"status":200,"duration":"4ms","ip":"::1"}}
{"timestamp":"2026-03-03T17:38:29.097Z","level":"INFO","message":"GET /","data":{"status":200,"duration":"2ms","ip":"::1"}}
{"timestamp":"2026-03-03T17:38:30.467Z","level":"INFO","message":"GET /","data":{"status":304,"duration":"1ms","ip":"::1"}}
{"timestamp":"2026-03-03T17:38:31.532Z","level":"INFO","message":"GET /","data":{"status":200,"duration":"1ms","ip":"::1"}}
{"timestamp":"2026-03-03T17:38:32.674Z","level":"INFO","message":"GET /","data":{"status":200,"duration":"1ms","ip":"::1"}}
{"timestamp":"2026-03-03T17:38:33.943Z","level":"INFO","message":"GET /api/v1/api/v1/analytics/dashboard","data":{"status":404,"duration":"0ms","ip":"::1"}}
{"timestamp":"2026-03-03T17:40:10.861Z","level":"INFO","message":"POST /login","data":{"status":401,"duration":"308ms","ip":"::1"}}
{"timestamp":"2026-03-03T17:40:13.126Z","level":"INFO","message":"POST /login","data":{"status":200,"duration":"317ms","ip":"::1"}}
{"timestamp":"2026-03-03T17:40:13.161Z","level":"INFO","message":"GET /","data":{"status":304,"duration":"2ms","ip":"::1"}}
{"timestamp":"2026-03-03T17:40:13.165Z","level":"INFO","message":"GET /","data":{"status":304,"duration":"0ms","ip":"::1"}}
{"timestamp":"2026-03-03T17:40:14.996Z","level":"INFO","message":"GET /","data":{"status":304,"duration":"0ms","ip":"::1"}}
{"timestamp":"2026-03-03T17:40:16.042Z","level":"INFO","message":"GET /","data":{"status":304,"duration":"1ms","ip":"::1"}}
{"timestamp":"2026-03-03T17:40:16.927Z","level":"INFO","message":"GET /","data":{"status":304,"duration":"1ms","ip":"::1"}}
{"timestamp":"2026-03-03T17:40:17.736Z","level":"INFO","message":"GET /api/v1/api/v1/analytics/dashboard","data":{"status":404,"duration":"1ms","ip":"::1"}}
{"timestamp":"2026-03-03T17:41:29.060Z","level":"INFO","message":"GET /api/v1/api/v1/analytics/dashboard","data":{"status":404,"duration":"1ms","ip":"::1"}}
{"timestamp":"2026-03-03T17:41:54.049Z","level":"INFO","message":"GET /api/v1/api/v1/analytics/dashboard","data":{"status":404,"duration":"0ms","ip":"::1"}}
{"timestamp":"2026-03-03T17:42:00.089Z","level":"INFO","message":"GET /","data":{"status":304,"duration":"0ms","ip":"::1"}}
{"timestamp":"2026-03-03T17:42:01.241Z","level":"INFO","message":"GET /","data":{"status":304,"duration":"1ms","ip":"::1"}}
{"timestamp":"2026-03-03T17:42:02.619Z","level":"INFO","message":"GET /api/v1/api/v1/analytics/dashboard","data":{"status":404,"duration":"2ms","ip":"::1"}}
{"timestamp":"2026-03-03T17:42:06.481Z","level":"INFO","message":"GET /","data":{"status":304,"duration":"1ms","ip":"::1"}}
{"timestamp":"2026-03-03T17:42:06.484Z","level":"INFO","message":"GET /","data":{"status":304,"duration":"1ms","ip":"::1"}}
{"timestamp":"2026-03-03T17:43:48.259Z","level":"INFO","message":"GET /","data":{"status":401,"duration":"0ms","ip":"::1"}}
{"timestamp":"2026-03-03T17:43:54.287Z","level":"INFO","message":"GET /","data":{"status":401,"duration":"1ms","ip":"::1"}}
{"timestamp":"2026-03-03T17:43:56.920Z","level":"INFO","message":"GET /","data":{"status":401,"duration":"1ms","ip":"::1"}}
{"timestamp":"2026-03-03T17:43:56.928Z","level":"INFO","message":"GET /","data":{"status":401,"duration":"1ms","ip":"::1"}}
{"timestamp":"2026-03-03T17:46:37.856Z","level":"INFO","message":"POST /login","data":{"status":401,"duration":"282ms","ip":"::1"}}
{"timestamp":"2026-03-03T17:46:41.916Z","level":"INFO","message":"POST /login","data":{"status":401,"duration":"279ms","ip":"::1"}}
{"timestamp":"2026-03-03T17:46:50.256Z","level":"WARN","message":"AppError: RATE_LIMIT","data":{"message":"Too many requests, please try again later"}}
{"timestamp":"2026-03-03T17:46:50.258Z","level":"INFO","message":"POST /api/v1/auth/login","data":{"status":429,"duration":"5ms","ip":"::1"}}
{"timestamp":"2026-03-03T17:47:01.799Z","level":"WARN","message":"AppError: RATE_LIMIT","data":{"message":"Too many requests, please try again later"}}
{"timestamp":"2026-03-03T17:47:01.800Z","level":"INFO","message":"POST /api/v1/auth/login","data":{"status":429,"duration":"1ms","ip":"::1"}}
{"timestamp":"2026-03-03T17:48:10.274Z","level":"WARN","message":"AppError: RATE_LIMIT","data":{"message":"Too many requests, please try again later"}}
{"timestamp":"2026-03-03T17:48:10.276Z","level":"INFO","message":"POST /api/v1/auth/login","data":{"status":429,"duration":"1ms","ip":"::1"}}
{"timestamp":"2026-03-03T17:48:20.748Z","level":"WARN","message":"AppError: RATE_LIMIT","data":{"message":"Too many requests, please try again later"}}
{"timestamp":"2026-03-03T17:48:20.754Z","level":"INFO","message":"POST /api/v1/auth/login","data":{"status":429,"duration":"5ms","ip":"::1"}}
{"timestamp":"2026-03-03T17:48:37.250Z","level":"WARN","message":"AppError: RATE_LIMIT","data":{"message":"Too many requests, please try again later"}}
{"timestamp":"2026-03-03T17:48:37.252Z","level":"INFO","message":"POST /api/v1/auth/login","data":{"status":429,"duration":"2ms","ip":"::1"}}
{"timestamp":"2026-03-03T17:48:58.466Z","level":"WARN","message":"AppError: RATE_LIMIT","data":{"message":"Too many requests, please try again later"}}
{"timestamp":"2026-03-03T17:48:58.467Z","level":"INFO","message":"POST /api/v1/auth/login","data":{"status":429,"duration":"1ms","ip":"::1"}}
{"timestamp":"2026-03-03T17:49:00.714Z","level":"WARN","message":"AppError: RATE_LIMIT","data":{"message":"Too many requests, please try again later"}}
{"timestamp":"2026-03-03T17:49:00.715Z","level":"INFO","message":"POST /api/v1/auth/login","data":{"status":429,"duration":"1ms","ip":"::1"}}
{"timestamp":"2026-03-03T17:50:42.874Z","level":"INFO","message":"GET /","data":{"status":401,"duration":"1ms","ip":"::1"}}
{"timestamp":"2026-03-03T17:50:42.881Z","level":"INFO","message":"GET /","data":{"status":401,"duration":"1ms","ip":"::1"}}
{"timestamp":"2026-03-03T17:50:50.754Z","level":"INFO","message":"GET /","data":{"status":304,"duration":"0ms","ip":"::1"}}
{"timestamp":"2026-03-03T17:50:50.756Z","level":"INFO","message":"GET /","data":{"status":304,"duration":"0ms","ip":"::1"}}
{"timestamp":"2026-03-03T17:50:55.654Z","level":"INFO","message":"GET /stores/20","data":{"status":404,"duration":"1ms","ip":"::1"}}
{"timestamp":"2026-03-03T17:50:55.890Z","level":"INFO","message":"GET /favicon.ico","data":{"status":404,"duration":"1ms","ip":"::1"}}
{"timestamp":"2026-03-03T17:51:15.833Z","level":"INFO","message":"Graceful shutdown initiated"}
{"timestamp":"2026-03-03T17:51:45.847Z","level":"ERROR","message":"Forced shutdown after 30 seconds"}
{"timestamp":"2026-03-03T17:54:04.221Z","level":"INFO","message":"✓ MongoDB connected"}
{"timestamp":"2026-03-03T17:54:04.224Z","level":"INFO","message":"✓ Server running on port 3000"}
{"timestamp":"2026-03-03T17:54:04.225Z","level":"INFO","message":"Environment: development"}
{"timestamp":"2026-03-03T17:56:28.742Z","level":"INFO","message":"POST /login","data":{"status":200,"duration":"373ms","ip":"::1"}}
{"timestamp":"2026-03-03T17:56:28.780Z","level":"INFO","message":"GET /","data":{"status":401,"duration":"1ms","ip":"::1"}}
{"timestamp":"2026-03-03T17:56:28.784Z","level":"INFO","message":"GET /","data":{"status":401,"duration":"1ms","ip":"::1"}}
{"timestamp":"2026-03-03T17:56:32.239Z","level":"INFO","message":"GET /","data":{"status":401,"duration":"1ms","ip":"::1"}}
{"timestamp":"2026-03-03T17:56:35.366Z","level":"INFO","message":"GET /","data":{"status":401,"duration":"3ms","ip":"::1"}}
{"timestamp":"2026-03-03T17:56:36.925Z","level":"INFO","message":"GET /","data":{"status":401,"duration":"2ms","ip":"::1"}}
{"timestamp":"2026-03-03T17:56:38.971Z","level":"INFO","message":"GET /api/v1/api/v1/analytics/dashboard","data":{"status":404,"duration":"1ms","ip":"::1"}}
{"timestamp":"2026-03-03T17:56:45.137Z","level":"INFO","message":"GET /","data":{"status":304,"duration":"1ms","ip":"::1"}}
{"timestamp":"2026-03-03T17:56:45.142Z","level":"INFO","message":"GET /","data":{"status":304,"duration":"2ms","ip":"::1"}}
{"timestamp":"2026-03-03T18:01:48.812Z","level":"INFO","message":"GET /","data":{"status":401,"duration":"11ms","ip":"::1"}}
{"timestamp":"2026-03-03T18:01:48.859Z","level":"INFO","message":"GET /","data":{"status":401,"duration":"6ms","ip":"::1"}}
{"timestamp":"2026-03-03T18:02:21.629Z","level":"INFO","message":"GET /","data":{"status":304,"duration":"2ms","ip":"::1"}}
{"timestamp":"2026-03-03T18:02:21.640Z","level":"INFO","message":"GET /","data":{"status":304,"duration":"1ms","ip":"::1"}}
{"timestamp":"2026-03-03T18:02:51.183Z","level":"INFO","message":"GET /","data":{"status":304,"duration":"2ms","ip":"::1"}}
{"timestamp":"2026-03-03T18:02:51.186Z","level":"INFO","message":"GET /","data":{"status":304,"duration":"1ms","ip":"::1"}}
{"timestamp":"2026-03-03T18:05:32.667Z","level":"INFO","message":"POST /login","data":{"status":200,"duration":"376ms","ip":"::1"}}
{"timestamp":"2026-03-03T18:05:32.683Z","level":"INFO","message":"GET /","data":{"status":304,"duration":"1ms","ip":"::1"}}
{"timestamp":"2026-03-03T18:05:32.688Z","level":"INFO","message":"GET /","data":{"status":304,"duration":"0ms","ip":"::1"}}
{"timestamp":"2026-03-03T18:07:00.654Z","level":"INFO","message":"GET /","data":{"status":401,"duration":"1ms","ip":"::1"}}
{"timestamp":"2026-03-03T18:07:03.284Z","level":"INFO","message":"GET /","data":{"status":401,"duration":"2ms","ip":"::1"}}
{"timestamp":"2026-03-03T18:07:54.886Z","level":"INFO","message":"GET /","data":{"status":304,"duration":"4ms","ip":"::1"}}
{"timestamp":"2026-03-03T18:08:46.428Z","level":"INFO","message":"GET /api/v1/api/v1/analytics/dashboard","data":{"status":404,"duration":"2ms","ip":"::1"}}
{"timestamp":"2026-03-03T18:08:50.542Z","level":"INFO","message":"GET /api/v1/api/v1/analytics/dashboard","data":{"status":404,"duration":"2ms","ip":"::1"}}
{"timestamp":"2026-03-03T18:15:39.755Z","level":"INFO","message":"GET /api/v1/api/v1/analytics/dashboard","data":{"status":404,"duration":"4ms","ip":"::1"}}
{"timestamp":"2026-03-03T18:15:53.935Z","level":"INFO","message":"GET /api/v1/api/v1/analytics/dashboard","data":{"status":404,"duration":"1ms","ip":"::1"}}
{"timestamp":"2026-03-03T18:16:13.859Z","level":"INFO","message":"GET /api/v1/api/v1/analytics/dashboard","data":{"status":404,"duration":"1ms","ip":"::1"}}
{"timestamp":"2026-03-03T18:16:19.705Z","level":"INFO","message":"GET /api/v1/api/v1/analytics/dashboard","data":{"status":404,"duration":"1ms","ip":"::1"}}
{"timestamp":"2026-03-03T18:16:24.631Z","level":"INFO","message":"GET /api/v1/api/v1/analytics/dashboard","data":{"status":404,"duration":"2ms","ip":"::1"}}
{"timestamp":"2026-03-03T18:16:30.480Z","level":"INFO","message":"GET /api/v1/api/v1/analytics/dashboard","data":{"status":404,"duration":"1ms","ip":"::1"}}
{"timestamp":"2026-03-03T18:16:38.794Z","level":"INFO","message":"GET /api/v1/api/v1/analytics/dashboard","data":{"status":404,"duration":"4ms","ip":"::1"}}
{"timestamp":"2026-03-03T18:16:45.074Z","level":"INFO","message":"GET /api/v1/api/v1/analytics/dashboard","data":{"status":404,"duration":"1ms","ip":"::1"}}
{"timestamp":"2026-03-03T18:16:51.399Z","level":"INFO","message":"GET /api/v1/api/v1/analytics/dashboard","data":{"status":404,"duration":"1ms","ip":"::1"}}
{"timestamp":"2026-03-03T18:17:47.994Z","level":"INFO","message":"GET /api/v1/api/v1/analytics/dashboard","data":{"status":404,"duration":"4ms","ip":"::1"}}
{"timestamp":"2026-03-03T18:19:33.886Z","level":"INFO","message":"GET /","data":{"status":401,"duration":"4ms","ip":"::1"}}
{"timestamp":"2026-03-03T18:19:39.130Z","level":"INFO","message":"GET /","data":{"status":401,"duration":"1ms","ip":"::1"}}
{"timestamp":"2026-03-03T18:19:39.137Z","level":"INFO","message":"GET /","data":{"status":401,"duration":"1ms","ip":"::1"}}
{"timestamp":"2026-03-03T18:19:40.128Z","level":"INFO","message":"GET /","data":{"status":401,"duration":"1ms","ip":"::1"}}
{"timestamp":"2026-03-03T18:20:49.638Z","level":"INFO","message":"GET /","data":{"status":304,"duration":"1ms","ip":"::1"}}
{"timestamp":"2026-03-03T18:20:52.366Z","level":"INFO","message":"GET /","data":{"status":304,"duration":"1ms","ip":"::1"}}
{"timestamp":"2026-03-03T18:20:52.372Z","level":"INFO","message":"GET /","data":{"status":304,"duration":"1ms","ip":"::1"}}
{"timestamp":"2026-03-03T18:28:45.184Z","level":"INFO","message":"Graceful shutdown initiated"}
{"timestamp":"2026-03-03T18:28:45.196Z","level":"INFO","message":"HTTP server closed"}
{"timestamp":"2026-03-03T18:28:45.290Z","level":"INFO","message":"Database disconnected"}
{"timestamp":"2026-03-03T18:28:59.026Z","level":"INFO","message":"✓ MongoDB connected"}
{"timestamp":"2026-03-03T18:28:59.037Z","level":"INFO","message":"✓ Server running on port 3000"}
{"timestamp":"2026-03-03T18:28:59.038Z","level":"INFO","message":"Environment: development"}
{"timestamp":"2026-03-03T18:47:11.763Z","level":"INFO","message":"POST /login","data":{"status":401,"duration":"325ms","ip":"::1"}}
{"timestamp":"2026-03-03T18:55:26.685Z","level":"INFO","message":"Graceful shutdown initiated"}
{"timestamp":"2026-03-03T18:55:26.689Z","level":"INFO","message":"HTTP server closed"}
{"timestamp":"2026-03-03T18:55:26.730Z","level":"INFO","message":"Database disconnected"}
{"timestamp":"2026-03-03T18:55:49.921Z","level":"INFO","message":"✓ MongoDB connected"}
{"timestamp":"2026-03-03T18:55:49.924Z","level":"INFO","message":"✓ Server running on port 3000"}
{"timestamp":"2026-03-03T18:55:49.925Z","level":"INFO","message":"Environment: development"}
{"timestamp":"2026-03-03T19:02:14.983Z","level":"INFO","message":"POST /login","data":{"status":200,"duration":"499ms","ip":"::1"}}
{"timestamp":"2026-03-03T19:02:15.179Z","level":"INFO","message":"GET /","data":{"status":401,"duration":"1ms","ip":"::1"}}
{"timestamp":"2026-03-03T19:02:15.181Z","level":"INFO","message":"GET /","data":{"status":401,"duration":"1ms","ip":"::1"}}
{"timestamp":"2026-03-03T19:02:17.872Z","level":"INFO","message":"GET /","data":{"status":401,"duration":"0ms","ip":"::1"}}
{"timestamp":"2026-03-03T19:02:21.600Z","level":"INFO","message":"GET /","data":{"status":401,"duration":"1ms","ip":"::1"}}
{"timestamp":"2026-03-03T19:02:24.519Z","level":"INFO","message":"GET /","data":{"status":401,"duration":"1ms","ip":"::1"}}
{"timestamp":"2026-03-03T19:02:27.677Z","level":"INFO","message":"GET /api/v1/api/v1/analytics/dashboard","data":{"status":404,"duration":"1ms","ip":"::1"}}
{"timestamp":"2026-03-03T19:02:30.485Z","level":"INFO","message":"GET /api/v1/api/v1/analytics/dashboard","data":{"status":404,"duration":"2ms","ip":"::1"}}
{"timestamp":"2026-03-03T19:10:25.288Z","level":"INFO","message":"GET /api/v1/api/v1/analytics/dashboard","data":{"status":404,"duration":"2ms","ip":"::1"}}
{"timestamp":"2026-03-03T19:12:15.592Z","level":"INFO","message":"GET /api/v1/api/v1/analytics/dashboard","data":{"status":404,"duration":"1ms","ip":"::1"}}
{"timestamp":"2026-03-03T19:14:20.625Z","level":"INFO","message":"GET /","data":{"status":401,"duration":"2ms","ip":"::1"}}
{"timestamp":"2026-03-03T19:14:20.629Z","level":"INFO","message":"GET /","data":{"status":401,"duration":"2ms","ip":"::1"}}
{"timestamp":"2026-03-03T19:14:28.820Z","level":"INFO","message":"GET /","data":{"status":304,"duration":"11ms","ip":"::1"}}
{"timestamp":"2026-03-03T19:14:28.824Z","level":"INFO","message":"GET /","data":{"status":304,"duration":"0ms","ip":"::1"}}
{"timestamp":"2026-03-03T19:21:52.104Z","level":"INFO","message":"GET /","data":{"status":401,"duration":"4ms","ip":"::1"}}
{"timestamp":"2026-03-03T19:21:52.118Z","level":"INFO","message":"GET /","data":{"status":401,"duration":"1ms","ip":"::1"}}
{"timestamp":"2026-03-03T19:26:33.693Z","level":"INFO","message":"GET /","data":{"status":304,"duration":"1ms","ip":"::1"}}
{"timestamp":"2026-03-03T19:26:33.699Z","level":"INFO","message":"GET /","data":{"status":304,"duration":"1ms","ip":"::1"}}
{"timestamp":"2026-03-03T19:26:54.051Z","level":"INFO","message":"POST /login","data":{"status":200,"duration":"538ms","ip":"::1"}}
{"timestamp":"2026-03-03T19:26:54.072Z","level":"INFO","message":"GET /","data":{"status":401,"duration":"1ms","ip":"::1"}}
{"timestamp":"2026-03-03T19:26:54.076Z","level":"INFO","message":"GET /","data":{"status":401,"duration":"1ms","ip":"::1"}}
{"timestamp":"2026-03-03T19:27:08.533Z","level":"INFO","message":"GET /api/v1/api/v1/analytics/dashboard","data":{"status":404,"duration":"1ms","ip":"::1"}}
{"timestamp":"2026-03-03T19:27:12.445Z","level":"INFO","message":"GET /","data":{"status":401,"duration":"1ms","ip":"::1"}}
{"timestamp":"2026-03-03T19:27:15.145Z","level":"INFO","message":"GET /","data":{"status":401,"duration":"2ms","ip":"::1"}}
{"timestamp":"2026-03-03T19:27:16.842Z","level":"INFO","message":"GET /","data":{"status":401,"duration":"1ms","ip":"::1"}}
{"timestamp":"2026-03-03T19:27:17.978Z","level":"INFO","message":"GET /","data":{"status":304,"duration":"1ms","ip":"::1"}}
{"timestamp":"2026-03-03T19:27:17.982Z","level":"INFO","message":"GET /","data":{"status":304,"duration":"1ms","ip":"::1"}}
{"timestamp":"2026-03-03T19:29:02.131Z","level":"INFO","message":"GET /","data":{"status":304,"duration":"1ms","ip":"::1"}}
{"timestamp":"2026-03-03T19:29:05.614Z","level":"INFO","message":"GET /","data":{"status":304,"duration":"1ms","ip":"::1"}}
{"timestamp":"2026-03-03T19:29:07.083Z","level":"INFO","message":"GET /","data":{"status":304,"duration":"3ms","ip":"::1"}}
{"timestamp":"2026-03-03T19:29:07.095Z","level":"INFO","message":"GET /","data":{"status":304,"duration":"1ms","ip":"::1"}}
{"timestamp":"2026-03-03T19:30:19.928Z","level":"INFO","message":"GET /","data":{"status":304,"duration":"1ms","ip":"::1"}}
{"timestamp":"2026-03-03T19:30:22.501Z","level":"INFO","message":"GET /","data":{"status":304,"duration":"1ms","ip":"::1"}}
{"timestamp":"2026-03-03T19:30:22.506Z","level":"INFO","message":"GET /","data":{"status":304,"duration":"1ms","ip":"::1"}}
{"timestamp":"2026-03-03T19:30:25.722Z","level":"INFO","message":"GET /","data":{"status":304,"duration":"1ms","ip":"::1"}}
{"timestamp":"2026-03-03T19:30:25.745Z","level":"INFO","message":"GET /","data":{"status":304,"duration":"5ms","ip":"::1"}}
{"timestamp":"2026-03-03T19:30:48.288Z","level":"INFO","message":"POST /login","data":{"status":200,"duration":"391ms","ip":"::1"}}
{"timestamp":"2026-03-03T19:30:48.305Z","level":"INFO","message":"GET /","data":{"status":304,"duration":"0ms","ip":"::1"}}
{"timestamp":"2026-03-03T19:30:48.312Z","level":"INFO","message":"GET /","data":{"status":304,"duration":"1ms","ip":"::1"}}
{"timestamp":"2026-03-03T19:30:59.953Z","level":"INFO","message":"GET /","data":{"status":304,"duration":"1ms","ip":"::1"}}
{"timestamp":"2026-03-03T19:30:59.957Z","level":"INFO","message":"GET /","data":{"status":304,"duration":"2ms","ip":"::1"}}
{"timestamp":"2026-03-03T19:32:14.047Z","level":"INFO","message":"GET /","data":{"status":401,"duration":"1ms","ip":"::1"}}
{"timestamp":"2026-03-03T19:32:14.053Z","level":"INFO","message":"GET /","data":{"status":401,"duration":"1ms","ip":"::1"}}
{"timestamp":"2026-03-03T19:32:20.815Z","level":"INFO","message":"GET /api/v1/auth/me","data":{"status":404,"duration":"7ms","ip":"::1"}}
{"timestamp":"2026-03-03T19:32:20.845Z","level":"INFO","message":"GET /","data":{"status":304,"duration":"0ms","ip":"::1"}}
{"timestamp":"2026-03-03T19:32:20.853Z","level":"INFO","message":"GET /","data":{"status":304,"duration":"0ms","ip":"::1"}}
{"timestamp":"2026-03-03T19:37:03.533Z","level":"INFO","message":"POST /login","data":{"status":200,"duration":"352ms","ip":"::1"}}
{"timestamp":"2026-03-03T19:37:03.553Z","level":"INFO","message":"GET /","data":{"status":304,"duration":"1ms","ip":"::1"}}
{"timestamp":"2026-03-03T19:37:03.556Z","level":"INFO","message":"GET /","data":{"status":304,"duration":"1ms","ip":"::1"}}
{"timestamp":"2026-03-03T19:37:07.075Z","level":"INFO","message":"GET /api/v1/auth/me","data":{"status":404,"duration":"2ms","ip":"::1"}}
{"timestamp":"2026-03-03T19:37:07.103Z","level":"INFO","message":"GET /","data":{"status":304,"duration":"0ms","ip":"::1"}}
{"timestamp":"2026-03-03T19:37:07.106Z","level":"INFO","message":"GET /","data":{"status":304,"duration":"1ms","ip":"::1"}}
{"timestamp":"2026-03-03T19:38:53.510Z","level":"WARN","message":"AppError: RATE_LIMIT","data":{"message":"Too many requests, please try again later"}}
{"timestamp":"2026-03-03T19:38:53.517Z","level":"INFO","message":"GET /api/v1/auth/me","data":{"status":429,"duration":"23ms","ip":"::1"}}
{"timestamp":"2026-03-03T19:39:00.124Z","level":"WARN","message":"AppError: RATE_LIMIT","data":{"message":"Too many requests, please try again later"}}
{"timestamp":"2026-03-03T19:39:00.126Z","level":"INFO","message":"GET /api/v1/auth/me","data":{"status":429,"duration":"2ms","ip":"::1"}}
{"timestamp":"2026-03-03T19:40:40.516Z","level":"WARN","message":"AppError: RATE_LIMIT","data":{"message":"Too many requests, please try again later"}}
{"timestamp":"2026-03-03T19:40:40.518Z","level":"INFO","message":"POST /api/v1/auth/login","data":{"status":429,"duration":"2ms","ip":"::1"}}
{"timestamp":"2026-03-03T19:40:48.557Z","level":"WARN","message":"AppError: RATE_LIMIT","data":{"message":"Too many requests, please try again later"}}
{"timestamp":"2026-03-03T19:40:48.558Z","level":"INFO","message":"POST /api/v1/auth/login","data":{"status":429,"duration":"1ms","ip":"::1"}}
{"timestamp":"2026-03-03T19:40:49.437Z","level":"WARN","message":"AppError: RATE_LIMIT","data":{"message":"Too many requests, please try again later"}}
{"timestamp":"2026-03-03T19:40:49.439Z","level":"INFO","message":"POST /api/v1/auth/login","data":{"status":429,"duration":"2ms","ip":"::1"}}
{"timestamp":"2026-03-03T19:40:51.917Z","level":"WARN","message":"AppError: RATE_LIMIT","data":{"message":"Too many requests, please try again later"}}
{"timestamp":"2026-03-03T19:40:51.921Z","level":"INFO","message":"GET /api/v1/auth/me","data":{"status":429,"duration":"4ms","ip":"::1"}}
{"timestamp":"2026-03-03T19:41:06.826Z","level":"WARN","message":"AppError: RATE_LIMIT","data":{"message":"Too many requests, please try again later"}}
{"timestamp":"2026-03-03T19:41:06.828Z","level":"INFO","message":"POST /api/v1/auth/login","data":{"status":429,"duration":"2ms","ip":"::1"}}
{"timestamp":"2026-03-03T19:41:33.351Z","level":"WARN","message":"AppError: RATE_LIMIT","data":{"message":"Too many requests, please try again later"}}
{"timestamp":"2026-03-03T19:41:33.353Z","level":"INFO","message":"GET /api/v1/auth/me","data":{"status":429,"duration":"2ms","ip":"::1"}}
{"timestamp":"2026-03-03T19:41:33.401Z","level":"WARN","message":"AppError: RATE_LIMIT","data":{"message":"Too many requests, please try again later"}}
{"timestamp":"2026-03-03T19:41:33.403Z","level":"INFO","message":"GET /api/v1/auth/me","data":{"status":429,"duration":"3ms","ip":"::1"}}
{"timestamp":"2026-03-03T19:41:33.407Z","level":"INFO","message":"GET /","data":{"status":401,"duration":"2ms","ip":"::1"}}
{"timestamp":"2026-03-03T19:41:33.410Z","level":"INFO","message":"GET /","data":{"status":401,"duration":"2ms","ip":"::1"}}
{"timestamp":"2026-03-03T19:41:49.159Z","level":"WARN","message":"AppError: RATE_LIMIT","data":{"message":"Too many requests, please try again later"}}
{"timestamp":"2026-03-03T19:41:49.161Z","level":"INFO","message":"POST /api/v1/auth/login","data":{"status":429,"duration":"2ms","ip":"::1"}}
{"timestamp":"2026-03-03T19:41:49.165Z","level":"WARN","message":"AppError: RATE_LIMIT","data":{"message":"Too many requests, please try again later"}}
{"timestamp":"2026-03-03T19:41:49.166Z","level":"INFO","message":"GET /api/v1/auth/me","data":{"status":429,"duration":"1ms","ip":"::1"}}
{"timestamp":"2026-03-03T19:41:52.172Z","level":"WARN","message":"AppError: RATE_LIMIT","data":{"message":"Too many requests, please try again later"}}
{"timestamp":"2026-03-03T19:41:52.173Z","level":"INFO","message":"GET /api/v1/auth/me","data":{"status":429,"duration":"2ms","ip":"::1"}}
{"timestamp":"2026-03-03T19:42:00.731Z","level":"INFO","message":"POST /login","data":{"status":200,"duration":"317ms","ip":"::1"}}
{"timestamp":"2026-03-03T19:42:00.756Z","level":"INFO","message":"GET /","data":{"status":304,"duration":"1ms","ip":"::1"}}
{"timestamp":"2026-03-03T19:42:00.764Z","level":"INFO","message":"GET /","data":{"status":304,"duration":"1ms","ip":"::1"}}
{"timestamp":"2026-03-03T19:42:03.809Z","level":"INFO","message":"GET /api/v1/auth/me","data":{"status":404,"duration":"1ms","ip":"::1"}}
{"timestamp":"2026-03-03T19:42:03.838Z","level":"INFO","message":"GET /api/v1/auth/me","data":{"status":404,"duration":"1ms","ip":"::1"}}
{"timestamp":"2026-03-03T19:42:03.841Z","level":"INFO","message":"GET /","data":{"status":304,"duration":"1ms","ip":"::1"}}
{"timestamp":"2026-03-03T19:42:03.862Z","level":"INFO","message":"GET /","data":{"status":304,"duration":"1ms","ip":"::1"}}
{"timestamp":"2026-03-03T19:42:05.431Z","level":"INFO","message":"GET /api/v1/auth/me","data":{"status":404,"duration":"1ms","ip":"::1"}}
{"timestamp":"2026-03-03T19:42:05.464Z","level":"INFO","message":"GET /api/v1/auth/me","data":{"status":404,"duration":"0ms","ip":"::1"}}
{"timestamp":"2026-03-03T19:42:05.472Z","level":"INFO","message":"GET /","data":{"status":304,"duration":"3ms","ip":"::1"}}
{"timestamp":"2026-03-03T19:42:05.475Z","level":"INFO","message":"GET /","data":{"status":304,"duration":"1ms","ip":"::1"}}
{"timestamp":"2026-03-03T19:43:03.570Z","level":"WARN","message":"AppError: RATE_LIMIT","data":{"message":"Too many requests, please try again later"}}
{"timestamp":"2026-03-03T19:43:03.573Z","level":"INFO","message":"GET /api/v1/auth/me","data":{"status":429,"duration":"3ms","ip":"::1"}}
{"timestamp":"2026-03-03T19:43:11.196Z","level":"WARN","message":"AppError: RATE_LIMIT","data":{"message":"Too many requests, please try again later"}}
{"timestamp":"2026-03-03T19:43:11.198Z","level":"INFO","message":"GET /api/v1/auth/me","data":{"status":429,"duration":"2ms","ip":"::1"}}
{"timestamp":"2026-03-03T19:43:34.434Z","level":"WARN","message":"AppError: RATE_LIMIT","data":{"message":"Too many requests, please try again later"}}
{"timestamp":"2026-03-03T19:43:34.436Z","level":"INFO","message":"GET /api/v1/auth/me","data":{"status":429,"duration":"2ms","ip":"::1"}}
{"timestamp":"2026-03-03T19:44:08.158Z","level":"WARN","message":"AppError: RATE_LIMIT","data":{"message":"Too many requests, please try again later"}}
{"timestamp":"2026-03-03T19:44:08.161Z","level":"INFO","message":"GET /api/v1/auth/me","data":{"status":429,"duration":"3ms","ip":"::1"}}
{"timestamp":"2026-03-03T19:44:45.443Z","level":"WARN","message":"AppError: RATE_LIMIT","data":{"message":"Too many requests, please try again later"}}
{"timestamp":"2026-03-03T19:44:45.444Z","level":"INFO","message":"POST /api/v1/auth/login","data":{"status":429,"duration":"2ms","ip":"::1"}}
{"timestamp":"2026-03-03T19:44:47.499Z","level":"WARN","message":"AppError: RATE_LIMIT","data":{"message":"Too many requests, please try again later"}}
{"timestamp":"2026-03-03T19:44:47.501Z","level":"INFO","message":"POST /api/v1/auth/login","data":{"status":429,"duration":"2ms","ip":"::1"}}
{"timestamp":"2026-03-03T19:45:01.670Z","level":"WARN","message":"AppError: RATE_LIMIT","data":{"message":"Too many requests, please try again later"}}
{"timestamp":"2026-03-03T19:45:01.673Z","level":"INFO","message":"POST /api/v1/auth/login","data":{"status":429,"duration":"3ms","ip":"::1"}}
{"timestamp":"2026-03-03T19:45:02.550Z","level":"WARN","message":"AppError: RATE_LIMIT","data":{"message":"Too many requests, please try again later"}}
{"timestamp":"2026-03-03T19:45:02.551Z","level":"INFO","message":"POST /api/v1/auth/login","data":{"status":429,"duration":"1ms","ip":"::1"}}
{"timestamp":"2026-03-03T19:45:11.797Z","level":"WARN","message":"AppError: RATE_LIMIT","data":{"message":"Too many requests, please try again later"}}
{"timestamp":"2026-03-03T19:45:11.799Z","level":"INFO","message":"GET /api/v1/auth/me","data":{"status":429,"duration":"2ms","ip":"::1"}}
{"timestamp":"2026-03-03T19:45:13.642Z","level":"WARN","message":"AppError: RATE_LIMIT","data":{"message":"Too many requests, please try again later"}}
{"timestamp":"2026-03-03T19:45:13.651Z","level":"INFO","message":"GET /api/v1/auth/me","data":{"status":429,"duration":"9ms","ip":"::1"}}
{"timestamp":"2026-03-03T19:45:33.327Z","level":"WARN","message":"AppError: RATE_LIMIT","data":{"message":"Too many requests, please try again later"}}
{"timestamp":"2026-03-03T19:45:33.329Z","level":"INFO","message":"POST /api/v1/auth/login","data":{"status":429,"duration":"2ms","ip":"::1"}}
{"timestamp":"2026-03-03T19:45:35.038Z","level":"WARN","message":"AppError: RATE_LIMIT","data":{"message":"Too many requests, please try again later"}}
{"timestamp":"2026-03-03T19:45:35.040Z","level":"INFO","message":"POST /api/v1/auth/login","data":{"status":429,"duration":"2ms","ip":"::1"}}
{"timestamp":"2026-03-03T19:45:48.601Z","level":"WARN","message":"AppError: RATE_LIMIT","data":{"message":"Too many requests, please try again later"}}
{"timestamp":"2026-03-03T19:45:48.607Z","level":"INFO","message":"POST /api/v1/auth/login","data":{"status":429,"duration":"6ms","ip":"::1"}}
{"timestamp":"2026-03-03T19:46:23.829Z","level":"WARN","message":"AppError: RATE_LIMIT","data":{"message":"Too many requests, please try again later"}}
{"timestamp":"2026-03-03T19:46:23.831Z","level":"INFO","message":"POST /api/v1/auth/login","data":{"status":429,"duration":"2ms","ip":"::1"}}
{"timestamp":"2026-03-03T19:46:44.374Z","level":"WARN","message":"AppError: RATE_LIMIT","data":{"message":"Too many requests, please try again later"}}
{"timestamp":"2026-03-03T19:46:44.375Z","level":"INFO","message":"POST /api/v1/auth/login","data":{"status":429,"duration":"1ms","ip":"::1"}}
{"timestamp":"2026-03-03T19:46:45.134Z","level":"WARN","message":"AppError: RATE_LIMIT","data":{"message":"Too many requests, please try again later"}}
{"timestamp":"2026-03-03T19:46:45.136Z","level":"INFO","message":"POST /api/v1/auth/login","data":{"status":429,"duration":"2ms","ip":"::1"}}
{"timestamp":"2026-03-03T19:46:45.305Z","level":"WARN","message":"AppError: RATE_LIMIT","data":{"message":"Too many requests, please try again later"}}
{"timestamp":"2026-03-03T19:46:45.307Z","level":"INFO","message":"POST /api/v1/auth/login","data":{"status":429,"duration":"2ms","ip":"::1"}}
{"timestamp":"2026-03-03T19:46:45.463Z","level":"WARN","message":"AppError: RATE_LIMIT","data":{"message":"Too many requests, please try again later"}}
{"timestamp":"2026-03-03T19:46:45.464Z","level":"INFO","message":"POST /api/v1/auth/login","data":{"status":429,"duration":"2ms","ip":"::1"}}
{"timestamp":"2026-03-03T19:46:45.620Z","level":"WARN","message":"AppError: RATE_LIMIT","data":{"message":"Too many requests, please try again later"}}
{"timestamp":"2026-03-03T19:46:45.621Z","level":"INFO","message":"POST /api/v1/auth/login","data":{"status":429,"duration":"1ms","ip":"::1"}}
{"timestamp":"2026-03-03T19:46:45.757Z","level":"WARN","message":"AppError: RATE_LIMIT","data":{"message":"Too many requests, please try again later"}}
{"timestamp":"2026-03-03T19:46:45.758Z","level":"INFO","message":"POST /api/v1/auth/login","data":{"status":429,"duration":"1ms","ip":"::1"}}
{"timestamp":"2026-03-03T19:46:45.893Z","level":"WARN","message":"AppError: RATE_LIMIT","data":{"message":"Too many requests, please try again later"}}
{"timestamp":"2026-03-03T19:46:45.894Z","level":"INFO","message":"POST /api/v1/auth/login","data":{"status":429,"duration":"2ms","ip":"::1"}}
{"timestamp":"2026-03-03T19:46:46.014Z","level":"WARN","message":"AppError: RATE_LIMIT","data":{"message":"Too many requests, please try again later"}}
{"timestamp":"2026-03-03T19:46:46.015Z","level":"INFO","message":"POST /api/v1/auth/login","data":{"status":429,"duration":"1ms","ip":"::1"}}
{"timestamp":"2026-03-03T19:46:46.244Z","level":"WARN","message":"AppError: RATE_LIMIT","data":{"message":"Too many requests, please try again later"}}
{"timestamp":"2026-03-03T19:46:46.246Z","level":"INFO","message":"POST /api/v1/auth/login","data":{"status":429,"duration":"2ms","ip":"::1"}}
{"timestamp":"2026-03-03T19:46:46.466Z","level":"WARN","message":"AppError: RATE_LIMIT","data":{"message":"Too many requests, please try again later"}}
{"timestamp":"2026-03-03T19:46:46.478Z","level":"INFO","message":"POST /api/v1/auth/login","data":{"status":429,"duration":"12ms","ip":"::1"}}
{"timestamp":"2026-03-03T19:47:00.443Z","level":"INFO","message":"Graceful shutdown initiated"}
{"timestamp":"2026-03-03T19:47:00.453Z","level":"INFO","message":"HTTP server closed"}
{"timestamp":"2026-03-03T19:47:00.554Z","level":"INFO","message":"Database disconnected"}
{"timestamp":"2026-03-03T19:47:21.916Z","level":"INFO","message":"✓ MongoDB connected"}
{"timestamp":"2026-03-03T19:47:21.930Z","level":"INFO","message":"✓ Server running on port 3000"}
{"timestamp":"2026-03-03T19:47:21.931Z","level":"INFO","message":"Environment: development"}
{"timestamp":"2026-03-03T19:48:31.174Z","level":"INFO","message":"POST /login","data":{"status":200,"duration":"345ms","ip":"::1"}}
{"timestamp":"2026-03-03T19:48:31.208Z","level":"INFO","message":"GET /","data":{"status":401,"duration":"2ms","ip":"::1"}}
{"timestamp":"2026-03-03T19:48:31.212Z","level":"INFO","message":"GET /","data":{"status":401,"duration":"1ms","ip":"::1"}}
{"timestamp":"2026-03-03T19:48:34.783Z","level":"INFO","message":"GET /me","data":{"status":401,"duration":"2ms","ip":"::1"}}
{"timestamp":"2026-03-03T19:48:34.819Z","level":"INFO","message":"GET /me","data":{"status":401,"duration":"2ms","ip":"::1"}}
{"timestamp":"2026-03-03T19:48:34.823Z","level":"INFO","message":"GET /","data":{"status":304,"duration":"2ms","ip":"::1"}}
{"timestamp":"2026-03-03T19:48:34.828Z","level":"INFO","message":"GET /","data":{"status":304,"duration":"1ms","ip":"::1"}}
{"timestamp":"2026-03-03T19:48:36.490Z","level":"INFO","message":"GET /me","data":{"status":401,"duration":"1ms","ip":"::1"}}
{"timestamp":"2026-03-03T19:48:36.527Z","level":"INFO","message":"GET /me","data":{"status":401,"duration":"1ms","ip":"::1"}}
{"timestamp":"2026-03-03T19:48:36.533Z","level":"INFO","message":"GET /","data":{"status":304,"duration":"3ms","ip":"::1"}}
{"timestamp":"2026-03-03T19:48:36.536Z","level":"INFO","message":"GET /","data":{"status":304,"duration":"0ms","ip":"::1"}}
{"timestamp":"2026-03-03T19:48:39.651Z","level":"INFO","message":"GET /","data":{"status":401,"duration":"1ms","ip":"::1"}}
{"timestamp":"2026-03-03T19:49:11.013Z","level":"WARN","message":"AppError: RATE_LIMIT","data":{"message":"Too many requests, please try again later"}}
{"timestamp":"2026-03-03T19:49:11.015Z","level":"INFO","message":"POST /api/v1/auth/login","data":{"status":429,"duration":"2ms","ip":"::1"}}
{"timestamp":"2026-03-03T19:49:11.020Z","level":"WARN","message":"AppError: RATE_LIMIT","data":{"message":"Too many requests, please try again later"}}
{"timestamp":"2026-03-03T19:49:11.021Z","level":"INFO","message":"GET /api/v1/auth/me","data":{"status":429,"duration":"2ms","ip":"::1"}}
{"timestamp":"2026-03-03T19:49:14.026Z","level":"WARN","message":"AppError: RATE_LIMIT","data":{"message":"Too many requests, please try again later"}}
{"timestamp":"2026-03-03T19:49:14.028Z","level":"INFO","message":"GET /api/v1/auth/me","data":{"status":429,"duration":"2ms","ip":"::1"}}
{"timestamp":"2026-03-03T19:49:26.335Z","level":"INFO","message":"Graceful shutdown initiated"}
{"timestamp":"2026-03-03T19:49:26.337Z","level":"INFO","message":"HTTP server closed"}
{"timestamp":"2026-03-03T19:49:26.353Z","level":"INFO","message":"Database disconnected"}
