{"timestamp":"2026-03-18T04:42:47.256Z","level":"INFO","message":"✓ MongoDB connected"}
{"timestamp":"2026-03-18T04:42:47.262Z","level":"INFO","message":"✓ Server running on port 5000"}
{"timestamp":"2026-03-18T04:42:47.265Z","level":"INFO","message":"Environment: development"}
{"timestamp":"2026-03-18T04:43:17.939Z","level":"INFO","message":"GET /","data":{"status":304,"duration":"94ms","ip":"::1"}}
{"timestamp":"2026-03-18T04:43:17.947Z","level":"INFO","message":"GET /","data":{"status":304,"duration":"60ms","ip":"::1"}}
{"timestamp":"2026-03-18T04:43:24.875Z","level":"INFO","message":"POST /logout","data":{"status":200,"duration":"1ms","ip":"::1"}}
{"timestamp":"2026-03-18T04:43:45.884Z","level":"INFO","message":"POST /login","data":{"status":200,"duration":"382ms","ip":"::1"}}
{"timestamp":"2026-03-18T04:43:45.914Z","level":"INFO","message":"GET /","data":{"status":304,"duration":"2ms","ip":"::1"}}
{"timestamp":"2026-03-18T04:43:45.918Z","level":"INFO","message":"GET /","data":{"status":304,"duration":"2ms","ip":"::1"}}
{"timestamp":"2026-03-18T04:43:52.354Z","level":"INFO","message":"GET /","data":{"status":304,"duration":"75ms","ip":"::1"}}
{"timestamp":"2026-03-18T04:43:53.404Z","level":"INFO","message":"GET /","data":{"status":304,"duration":"80ms","ip":"::1"}}
{"timestamp":"2026-03-18T04:43:55.450Z","level":"INFO","message":"GET /","data":{"status":304,"duration":"80ms","ip":"::1"}}
{"timestamp":"2026-03-18T04:44:02.132Z","level":"INFO","message":"GET /","data":{"status":304,"duration":"1ms","ip":"::1"}}
{"timestamp":"2026-03-18T04:44:25.564Z","level":"INFO","message":"PUT /69b2999ed6b3f43bd368bfbd","data":{"status":200,"duration":"31ms","ip":"::1"}}
{"timestamp":"2026-03-18T04:44:25.613Z","level":"INFO","message":"GET /","data":{"status":200,"duration":"42ms","ip":"::1"}}
{"timestamp":"2026-03-18T04:44:30.948Z","level":"INFO","message":"GET /","data":{"status":304,"duration":"1ms","ip":"::1"}}
{"timestamp":"2026-03-18T04:44:39.917Z","level":"INFO","message":"GET /","data":{"status":304,"duration":"1ms","ip":"::1"}}
{"timestamp":"2026-03-18T04:44:55.327Z","level":"INFO","message":"GET /","data":{"status":304,"duration":"1ms","ip":"::1"}}
{"timestamp":"2026-03-18T04:44:58.363Z","level":"INFO","message":"GET /","data":{"status":304,"duration":"38ms","ip":"::1"}}
{"timestamp":"2026-03-18T04:44:58.520Z","level":"INFO","message":"GET /","data":{"status":200,"duration":"38ms","ip":"::1"}}
{"timestamp":"2026-03-18T04:44:58.688Z","level":"INFO","message":"GET /","data":{"status":200,"duration":"35ms","ip":"::1"}}
{"timestamp":"2026-03-18T04:44:58.911Z","level":"INFO","message":"GET /","data":{"status":200,"duration":"39ms","ip":"::1"}}
{"timestamp":"2026-03-18T04:44:59.469Z","level":"INFO","message":"GET /","data":{"status":200,"duration":"36ms","ip":"::1"}}
{"timestamp":"2026-03-18T04:44:59.849Z","level":"INFO","message":"GET /","data":{"status":200,"duration":"36ms","ip":"::1"}}
{"timestamp":"2026-03-18T04:45:00.015Z","level":"INFO","message":"GET /","data":{"status":200,"duration":"43ms","ip":"::1"}}
{"timestamp":"2026-03-18T04:45:00.313Z","level":"INFO","message":"GET /","data":{"status":200,"duration":"35ms","ip":"::1"}}
{"timestamp":"2026-03-18T04:45:00.470Z","level":"INFO","message":"GET /","data":{"status":200,"duration":"40ms","ip":"::1"}}
{"timestamp":"2026-03-18T04:45:00.618Z","level":"INFO","message":"GET /","data":{"status":200,"duration":"38ms","ip":"::1"}}
{"timestamp":"2026-03-18T04:45:00.780Z","level":"INFO","message":"GET /","data":{"status":200,"duration":"43ms","ip":"::1"}}
{"timestamp":"2026-03-18T04:45:00.938Z","level":"INFO","message":"GET /","data":{"status":200,"duration":"43ms","ip":"::1"}}
{"timestamp":"2026-03-18T04:45:01.071Z","level":"INFO","message":"GET /","data":{"status":200,"duration":"33ms","ip":"::1"}}
{"timestamp":"2026-03-18T04:45:01.230Z","level":"INFO","message":"GET /","data":{"status":200,"duration":"35ms","ip":"::1"}}
{"timestamp":"2026-03-18T04:45:01.394Z","level":"INFO","message":"GET /","data":{"status":200,"duration":"38ms","ip":"::1"}}
{"timestamp":"2026-03-18T04:45:01.545Z","level":"INFO","message":"GET /","data":{"status":200,"duration":"34ms","ip":"::1"}}
{"timestamp":"2026-03-18T04:45:01.708Z","level":"INFO","message":"GET /","data":{"status":200,"duration":"39ms","ip":"::1"}}
{"timestamp":"2026-03-18T04:45:01.881Z","level":"INFO","message":"GET /","data":{"status":200,"duration":"45ms","ip":"::1"}}
{"timestamp":"2026-03-18T04:45:02.020Z","level":"INFO","message":"GET /","data":{"status":200,"duration":"38ms","ip":"::1"}}
{"timestamp":"2026-03-18T04:45:02.185Z","level":"INFO","message":"GET /","data":{"status":200,"duration":"37ms","ip":"::1"}}
{"timestamp":"2026-03-18T04:45:02.352Z","level":"INFO","message":"GET /","data":{"status":200,"duration":"39ms","ip":"::1"}}
{"timestamp":"2026-03-18T04:45:02.522Z","level":"INFO","message":"GET /","data":{"status":200,"duration":"39ms","ip":"::1"}}
{"timestamp":"2026-03-18T04:45:02.672Z","level":"INFO","message":"GET /","data":{"status":200,"duration":"39ms","ip":"::1"}}
{"timestamp":"2026-03-18T04:45:02.845Z","level":"INFO","message":"GET /","data":{"status":200,"duration":"39ms","ip":"::1"}}
{"timestamp":"2026-03-18T04:45:03.194Z","level":"INFO","message":"GET /","data":{"status":200,"duration":"38ms","ip":"::1"}}
{"timestamp":"2026-03-18T04:45:03.357Z","level":"INFO","message":"GET /","data":{"status":200,"duration":"35ms","ip":"::1"}}
{"timestamp":"2026-03-18T04:45:03.545Z","level":"INFO","message":"GET /","data":{"status":200,"duration":"38ms","ip":"::1"}}
{"timestamp":"2026-03-18T04:45:03.719Z","level":"INFO","message":"GET /","data":{"status":200,"duration":"38ms","ip":"::1"}}
{"timestamp":"2026-03-18T04:45:03.897Z","level":"INFO","message":"GET /","data":{"status":200,"duration":"38ms","ip":"::1"}}
{"timestamp":"2026-03-18T04:45:04.074Z","level":"INFO","message":"GET /","data":{"status":200,"duration":"35ms","ip":"::1"}}
{"timestamp":"2026-03-18T04:45:04.246Z","level":"INFO","message":"GET /","data":{"status":200,"duration":"36ms","ip":"::1"}}
{"timestamp":"2026-03-18T04:45:04.414Z","level":"INFO","message":"GET /","data":{"status":200,"duration":"40ms","ip":"::1"}}
{"timestamp":"2026-03-18T04:45:04.580Z","level":"INFO","message":"GET /","data":{"status":200,"duration":"34ms","ip":"::1"}}
{"timestamp":"2026-03-18T04:45:04.764Z","level":"INFO","message":"GET /","data":{"status":200,"duration":"47ms","ip":"::1"}}
{"timestamp":"2026-03-18T04:45:05.101Z","level":"INFO","message":"GET /","data":{"status":200,"duration":"37ms","ip":"::1"}}
{"timestamp":"2026-03-18T04:45:05.290Z","level":"INFO","message":"GET /","data":{"status":200,"duration":"42ms","ip":"::1"}}
{"timestamp":"2026-03-18T04:45:05.463Z","level":"INFO","message":"GET /","data":{"status":200,"duration":"42ms","ip":"::1"}}
{"timestamp":"2026-03-18T04:45:05.631Z","level":"INFO","message":"GET /","data":{"status":200,"duration":"40ms","ip":"::1"}}
{"timestamp":"2026-03-18T04:45:05.799Z","level":"INFO","message":"GET /","data":{"status":200,"duration":"36ms","ip":"::1"}}
{"timestamp":"2026-03-18T04:45:05.978Z","level":"INFO","message":"GET /","data":{"status":200,"duration":"41ms","ip":"::1"}}
{"timestamp":"2026-03-18T04:45:06.169Z","level":"INFO","message":"GET /","data":{"status":200,"duration":"49ms","ip":"::1"}}
{"timestamp":"2026-03-18T04:45:06.482Z","level":"INFO","message":"GET /","data":{"status":200,"duration":"41ms","ip":"::1"}}
{"timestamp":"2026-03-18T04:45:06.661Z","level":"INFO","message":"GET /","data":{"status":200,"duration":"39ms","ip":"::1"}}
{"timestamp":"2026-03-18T04:45:07.809Z","level":"INFO","message":"GET /","data":{"status":200,"duration":"36ms","ip":"::1"}}
{"timestamp":"2026-03-18T04:45:08.171Z","level":"INFO","message":"GET /","data":{"status":200,"duration":"38ms","ip":"::1"}}
{"timestamp":"2026-03-18T04:45:08.335Z","level":"INFO","message":"GET /","data":{"status":200,"duration":"38ms","ip":"::1"}}
{"timestamp":"2026-03-18T04:45:08.509Z","level":"INFO","message":"GET /","data":{"status":200,"duration":"38ms","ip":"::1"}}
{"timestamp":"2026-03-18T04:45:08.665Z","level":"INFO","message":"GET /","data":{"status":200,"duration":"37ms","ip":"::1"}}
{"timestamp":"2026-03-18T04:45:08.844Z","level":"INFO","message":"GET /","data":{"status":200,"duration":"46ms","ip":"::1"}}
{"timestamp":"2026-03-18T04:45:09.007Z","level":"INFO","message":"GET /","data":{"status":200,"duration":"38ms","ip":"::1"}}
{"timestamp":"2026-03-18T04:45:09.174Z","level":"INFO","message":"GET /","data":{"status":200,"duration":"40ms","ip":"::1"}}
{"timestamp":"2026-03-18T04:45:09.321Z","level":"INFO","message":"GET /","data":{"status":200,"duration":"37ms","ip":"::1"}}
{"timestamp":"2026-03-18T04:45:09.481Z","level":"INFO","message":"GET /","data":{"status":200,"duration":"40ms","ip":"::1"}}
{"timestamp":"2026-03-18T04:45:09.613Z","level":"INFO","message":"GET /","data":{"status":200,"duration":"35ms","ip":"::1"}}
{"timestamp":"2026-03-18T04:45:09.776Z","level":"INFO","message":"GET /","data":{"status":200,"duration":"46ms","ip":"::1"}}
{"timestamp":"2026-03-18T04:45:09.988Z","level":"INFO","message":"GET /","data":{"status":200,"duration":"35ms","ip":"::1"}}
{"timestamp":"2026-03-18T04:45:10.878Z","level":"INFO","message":"GET /","data":{"status":200,"duration":"40ms","ip":"::1"}}
{"timestamp":"2026-03-18T04:45:11.598Z","level":"INFO","message":"GET /","data":{"status":200,"duration":"51ms","ip":"::1"}}
{"timestamp":"2026-03-18T04:45:12.993Z","level":"INFO","message":"GET /","data":{"status":304,"duration":"1ms","ip":"::1"}}
{"timestamp":"2026-03-18T04:45:13.157Z","level":"INFO","message":"GET /","data":{"status":304,"duration":"1ms","ip":"::1"}}
{"timestamp":"2026-03-18T04:45:13.307Z","level":"INFO","message":"GET /","data":{"status":304,"duration":"1ms","ip":"::1"}}
{"timestamp":"2026-03-18T04:45:13.465Z","level":"INFO","message":"GET /","data":{"status":304,"duration":"1ms","ip":"::1"}}
{"timestamp":"2026-03-18T04:45:13.609Z","level":"INFO","message":"GET /","data":{"status":304,"duration":"1ms","ip":"::1"}}
{"timestamp":"2026-03-18T04:45:13.765Z","level":"INFO","message":"GET /","data":{"status":304,"duration":"1ms","ip":"::1"}}
{"timestamp":"2026-03-18T04:45:13.913Z","level":"INFO","message":"GET /","data":{"status":304,"duration":"1ms","ip":"::1"}}
{"timestamp":"2026-03-18T04:45:14.062Z","level":"INFO","message":"GET /","data":{"status":304,"duration":"1ms","ip":"::1"}}
{"timestamp":"2026-03-18T04:45:14.212Z","level":"INFO","message":"GET /","data":{"status":304,"duration":"1ms","ip":"::1"}}
{"timestamp":"2026-03-18T04:45:14.434Z","level":"INFO","message":"GET /","data":{"status":304,"duration":"1ms","ip":"::1"}}
{"timestamp":"2026-03-18T04:54:37.418Z","level":"INFO","message":"GET /","data":{"status":304,"duration":"84ms","ip":"::1"}}
{"timestamp":"2026-03-18T04:54:39.939Z","level":"INFO","message":"GET /","data":{"status":304,"duration":"1ms","ip":"::1"}}
{"timestamp":"2026-03-18T04:55:40.815Z","level":"INFO","message":"GET /","data":{"status":304,"duration":"1ms","ip":"::1"}}
{"timestamp":"2026-03-18T05:15:40.960Z","level":"INFO","message":"POST /refresh","data":{"status":200,"duration":"22ms","ip":"::1"}}
{"timestamp":"2026-03-18T05:35:40.956Z","level":"INFO","message":"POST /refresh","data":{"status":200,"duration":"14ms","ip":"::1"}}
{"timestamp":"2026-03-18T05:47:30.844Z","level":"INFO","message":"GET /","data":{"status":304,"duration":"106ms","ip":"::1"}}
{"timestamp":"2026-03-18T05:47:31.978Z","level":"INFO","message":"GET /","data":{"status":200,"duration":"57ms","ip":"::1"}}
{"timestamp":"2026-03-18T05:47:34.063Z","level":"INFO","message":"POST /logout","data":{"status":200,"duration":"10ms","ip":"::1"}}
{"timestamp":"2026-03-18T05:47:51.962Z","level":"INFO","message":"POST /login","data":{"status":200,"duration":"401ms","ip":"::1"}}
{"timestamp":"2026-03-18T05:47:52.092Z","level":"INFO","message":"GET /","data":{"status":304,"duration":"58ms","ip":"::1"}}
{"timestamp":"2026-03-18T05:47:52.114Z","level":"INFO","message":"GET /","data":{"status":200,"duration":"72ms","ip":"::1"}}
{"timestamp":"2026-03-18T05:47:55.858Z","level":"INFO","message":"GET /","data":{"status":304,"duration":"50ms","ip":"::1"}}
{"timestamp":"2026-03-18T05:47:57.686Z","level":"INFO","message":"GET /","data":{"status":304,"duration":"0ms","ip":"::1"}}
{"timestamp":"2026-03-18T05:48:00.483Z","level":"INFO","message":"GET /","data":{"status":304,"duration":"0ms","ip":"::1"}}
{"timestamp":"2026-03-18T05:48:01.423Z","level":"INFO","message":"GET /","data":{"status":304,"duration":"60ms","ip":"::1"}}
{"timestamp":"2026-03-18T05:48:02.430Z","level":"INFO","message":"GET /","data":{"status":304,"duration":"53ms","ip":"::1"}}
{"timestamp":"2026-03-18T05:48:04.499Z","level":"INFO","message":"GET /","data":{"status":304,"duration":"0ms","ip":"::1"}}
{"timestamp":"2026-03-18T05:48:09.308Z","level":"INFO","message":"GET /","data":{"status":304,"duration":"0ms","ip":"::1"}}
{"timestamp":"2026-03-18T05:48:10.023Z","level":"INFO","message":"GET /","data":{"status":304,"duration":"56ms","ip":"::1"}}
{"timestamp":"2026-03-18T05:48:12.076Z","level":"INFO","message":"GET /","data":{"status":304,"duration":"1ms","ip":"::1"}}
{"timestamp":"2026-03-18T05:48:13.371Z","level":"INFO","message":"GET /","data":{"status":304,"duration":"1ms","ip":"::1"}}
{"timestamp":"2026-03-18T05:48:15.314Z","level":"INFO","message":"GET /","data":{"status":304,"duration":"0ms","ip":"::1"}}
{"timestamp":"2026-03-18T05:48:16.011Z","level":"INFO","message":"GET /","data":{"status":304,"duration":"1ms","ip":"::1"}}
{"timestamp":"2026-03-18T05:48:24.864Z","level":"INFO","message":"GET /","data":{"status":304,"duration":"54ms","ip":"::1"}}
{"timestamp":"2026-03-18T05:48:27.518Z","level":"INFO","message":"GET /dashboard","data":{"status":200,"duration":"114ms","ip":"::1"}}
{"timestamp":"2026-03-18T05:48:30.326Z","level":"INFO","message":"GET /","data":{"status":304,"duration":"1ms","ip":"::1"}}
{"timestamp":"2026-03-18T05:48:35.608Z","level":"INFO","message":"Graceful shutdown initiated"}
{"timestamp":"2026-03-18T05:48:35.617Z","level":"INFO","message":"HTTP server closed"}
{"timestamp":"2026-03-18T05:48:35.711Z","level":"INFO","message":"Database disconnected"}
{"timestamp":"2026-03-18T05:48:45.237Z","level":"INFO","message":"✓ MongoDB connected"}
{"timestamp":"2026-03-18T05:48:45.249Z","level":"INFO","message":"✓ Server running on port 5000"}
{"timestamp":"2026-03-18T05:48:45.252Z","level":"INFO","message":"Environment: development"}
{"timestamp":"2026-03-18T05:55:50.838Z","level":"INFO","message":"POST /","data":{"status":400,"duration":"11ms","ip":"::1"}}
{"timestamp":"2026-03-18T05:55:52.873Z","level":"INFO","message":"POST /","data":{"status":400,"duration":"5ms","ip":"::1"}}
{"timestamp":"2026-03-18T05:55:56.888Z","level":"INFO","message":"POST /","data":{"status":400,"duration":"4ms","ip":"::1"}}
{"timestamp":"2026-03-18T05:56:04.903Z","level":"INFO","message":"POST /","data":{"status":400,"duration":"4ms","ip":"::1"}}
{"timestamp":"2026-03-18T05:57:19.217Z","level":"INFO","message":"GET /","data":{"status":304,"duration":"81ms","ip":"::1"}}
{"timestamp":"2026-03-18T05:57:29.619Z","level":"INFO","message":"GET /dashboard","data":{"status":200,"duration":"90ms","ip":"::1"}}
{"timestamp":"2026-03-18T05:57:31.732Z","level":"INFO","message":"GET /","data":{"status":304,"duration":"1ms","ip":"::1"}}
{"timestamp":"2026-03-18T05:57:32.566Z","level":"INFO","message":"GET /","data":{"status":304,"duration":"57ms","ip":"::1"}}
{"timestamp":"2026-03-18T05:57:32.584Z","level":"INFO","message":"GET /","data":{"status":304,"duration":"66ms","ip":"::1"}}
{"timestamp":"2026-03-18T05:57:35.114Z","level":"INFO","message":"GET /","data":{"status":304,"duration":"1ms","ip":"::1"}}
{"timestamp":"2026-03-18T05:57:37.448Z","level":"INFO","message":"GET /","data":{"status":200,"duration":"55ms","ip":"::1"}}
{"timestamp":"2026-03-18T06:00:37.067Z","level":"INFO","message":"GET /api/v1/nutrition/daily/entries","data":{"status":404,"duration":"6ms","ip":"::1"}}
{"timestamp":"2026-03-18T06:00:39.935Z","level":"INFO","message":"GET /daily/entries","data":{"status":200,"duration":"1ms","ip":"::1"}}
{"timestamp":"2026-03-18T06:46:41.493Z","level":"INFO","message":"POST /refresh","data":{"status":200,"duration":"108ms","ip":"::1"}}
{"timestamp":"2026-03-18T07:00:37.109Z","level":"INFO","message":"POST /refresh","data":{"status":200,"duration":"42ms","ip":"::1"}}
{"timestamp":"2026-03-18T07:10:59.493Z","level":"INFO","message":"POST /logout","data":{"status":200,"duration":"10ms","ip":"::1"}}
{"timestamp":"2026-03-18T07:11:40.355Z","level":"INFO","message":"POST /login","data":{"status":401,"duration":"5092ms","ip":"::1"}}
{"timestamp":"2026-03-18T07:12:01.832Z","level":"INFO","message":"Graceful shutdown initiated"}
{"timestamp":"2026-03-18T07:12:01.839Z","level":"INFO","message":"HTTP server closed"}
{"timestamp":"2026-03-18T07:12:01.879Z","level":"INFO","message":"Database disconnected"}
{"timestamp":"2026-03-18T07:12:11.560Z","level":"ERROR","message":"✗ Failed to start server","data":"querySrv ECONNREFUSED _mongodb._tcp.fitnova.5stbsmv.mongodb.net","stack":"Error: querySrv ECONNREFUSED _mongodb._tcp.fitnova.5stbsmv.mongodb.net\n    at QueryReqWrap.onresolve [as oncomplete] (node:internal/dns/promises:294:17)"}
{"timestamp":"2026-03-18T08:40:13.670Z","level":"INFO","message":"✓ MongoDB connected"}
{"timestamp":"2026-03-18T08:40:13.690Z","level":"INFO","message":"✓ Server running on port 5000"}
{"timestamp":"2026-03-18T08:40:13.693Z","level":"INFO","message":"Environment: development"}
{"timestamp":"2026-03-18T08:42:45.876Z","level":"INFO","message":"POST /login","data":{"status":200,"duration":"882ms","ip":"::1"}}
{"timestamp":"2026-03-18T08:42:46.162Z","level":"INFO","message":"GET /","data":{"status":304,"duration":"114ms","ip":"::1"}}
{"timestamp":"2026-03-18T08:42:46.170Z","level":"INFO","message":"GET /","data":{"status":304,"duration":"134ms","ip":"::1"}}
{"timestamp":"2026-03-18T08:42:51.924Z","level":"INFO","message":"GET /","data":{"status":304,"duration":"120ms","ip":"::1"}}
{"timestamp":"2026-03-18T08:42:58.779Z","level":"INFO","message":"GET /daily/entries","data":{"status":200,"duration":"94ms","ip":"::1"}}
{"timestamp":"2026-03-18T08:43:02.415Z","level":"INFO","message":"GET /daily/entries","data":{"status":200,"duration":"74ms","ip":"::1"}}
{"timestamp":"2026-03-18T08:43:03.220Z","level":"INFO","message":"GET /daily/entries","data":{"status":200,"duration":"60ms","ip":"::1"}}
{"timestamp":"2026-03-18T08:43:04.099Z","level":"INFO","message":"GET /daily/entries","data":{"status":200,"duration":"91ms","ip":"::1"}}
{"timestamp":"2026-03-18T08:43:04.734Z","level":"INFO","message":"GET /daily/entries","data":{"status":200,"duration":"105ms","ip":"::1"}}
{"timestamp":"2026-03-18T08:43:07.111Z","level":"INFO","message":"GET /daily/entries","data":{"status":200,"duration":"142ms","ip":"::1"}}
{"timestamp":"2026-03-18T08:43:07.872Z","level":"INFO","message":"GET /daily/entries","data":{"status":200,"duration":"109ms","ip":"::1"}}
{"timestamp":"2026-03-18T08:43:08.634Z","level":"INFO","message":"GET /daily/entries","data":{"status":200,"duration":"77ms","ip":"::1"}}
{"timestamp":"2026-03-18T08:43:10.280Z","level":"INFO","message":"GET /daily/entries","data":{"status":304,"duration":"3ms","ip":"::1"}}
{"timestamp":"2026-03-18T08:43:10.965Z","level":"INFO","message":"GET /daily/entries","data":{"status":304,"duration":"2ms","ip":"::1"}}
{"timestamp":"2026-03-18T08:43:11.595Z","level":"INFO","message":"GET /daily/entries","data":{"status":304,"duration":"3ms","ip":"::1"}}
{"timestamp":"2026-03-18T08:43:12.256Z","level":"INFO","message":"GET /daily/entries","data":{"status":304,"duration":"1ms","ip":"::1"}}
{"timestamp":"2026-03-18T08:43:12.622Z","level":"INFO","message":"GET /daily/entries","data":{"status":304,"duration":"2ms","ip":"::1"}}
{"timestamp":"2026-03-18T08:43:12.853Z","level":"INFO","message":"GET /daily/entries","data":{"status":304,"duration":"4ms","ip":"::1"}}
{"timestamp":"2026-03-18T08:43:13.334Z","level":"INFO","message":"GET /daily/entries","data":{"status":304,"duration":"2ms","ip":"::1"}}
{"timestamp":"2026-03-18T08:43:13.592Z","level":"INFO","message":"GET /daily/entries","data":{"status":200,"duration":"103ms","ip":"::1"}}
{"timestamp":"2026-03-18T08:43:13.909Z","level":"INFO","message":"GET /daily/entries","data":{"status":200,"duration":"69ms","ip":"::1"}}
{"timestamp":"2026-03-18T08:43:19.710Z","level":"INFO","message":"GET /daily/entries","data":{"status":304,"duration":"2ms","ip":"::1"}}
{"timestamp":"2026-03-18T08:43:20.364Z","level":"INFO","message":"GET /daily/entries","data":{"status":304,"duration":"1ms","ip":"::1"}}
{"timestamp":"2026-03-18T08:43:21.888Z","level":"INFO","message":"GET /daily/entries","data":{"status":304,"duration":"2ms","ip":"::1"}}
{"timestamp":"2026-03-18T08:43:22.398Z","level":"INFO","message":"GET /daily/entries","data":{"status":304,"duration":"2ms","ip":"::1"}}
{"timestamp":"2026-03-18T08:43:25.136Z","level":"INFO","message":"GET /daily/entries","data":{"status":304,"duration":"2ms","ip":"::1"}}
{"timestamp":"2026-03-18T08:43:25.284Z","level":"INFO","message":"GET /daily/entries","data":{"status":304,"duration":"2ms","ip":"::1"}}
{"timestamp":"2026-03-18T08:43:25.404Z","level":"INFO","message":"GET /daily/entries","data":{"status":304,"duration":"1ms","ip":"::1"}}
{"timestamp":"2026-03-18T08:43:29.223Z","level":"INFO","message":"GET /","data":{"status":304,"duration":"129ms","ip":"::1"}}
{"timestamp":"2026-03-18T08:43:35.718Z","level":"INFO","message":"GET /dashboard","data":{"status":200,"duration":"141ms","ip":"::1"}}
{"timestamp":"2026-03-18T08:43:39.324Z","level":"INFO","message":"GET /","data":{"status":304,"duration":"12ms","ip":"::1"}}
{"timestamp":"2026-03-18T08:43:39.341Z","level":"INFO","message":"GET /","data":{"status":304,"duration":"3ms","ip":"::1"}}
{"timestamp":"2026-03-18T08:44:21.822Z","level":"INFO","message":"GET /","data":{"status":304,"duration":"8ms","ip":"::1"}}
{"timestamp":"2026-03-18T08:44:21.833Z","level":"INFO","message":"GET /","data":{"status":304,"duration":"3ms","ip":"::1"}}
{"timestamp":"2026-03-18T08:44:41.596Z","level":"INFO","message":"GET /dashboard","data":{"status":200,"duration":"288ms","ip":"::1"}}
{"timestamp":"2026-03-18T08:45:43.850Z","level":"INFO","message":"Graceful shutdown initiated"}
{"timestamp":"2026-03-18T08:45:43.861Z","level":"INFO","message":"HTTP server closed"}
{"timestamp":"2026-03-18T08:45:43.915Z","level":"INFO","message":"Database disconnected"}
{"timestamp":"2026-03-18T10:40:23.115Z","level":"INFO","message":"✓ MongoDB connected"}
{"timestamp":"2026-03-18T10:40:23.121Z","level":"INFO","message":"✓ Server running on port 5000"}
{"timestamp":"2026-03-18T10:40:23.122Z","level":"INFO","message":"Environment: development"}
{"timestamp":"2026-03-18T11:17:56.074Z","level":"INFO","message":"GET /","data":{"status":304,"duration":"282ms","ip":"::1"}}
{"timestamp":"2026-03-18T11:17:56.081Z","level":"INFO","message":"GET /","data":{"status":304,"duration":"72ms","ip":"::1"}}
{"timestamp":"2026-03-18T11:17:59.355Z","level":"INFO","message":"GET /","data":{"status":304,"duration":"3ms","ip":"::1"}}
{"timestamp":"2026-03-18T11:17:59.364Z","level":"INFO","message":"GET /","data":{"status":304,"duration":"4ms","ip":"::1"}}
{"timestamp":"2026-03-18T11:18:09.762Z","level":"INFO","message":"POST /logout","data":{"status":200,"duration":"4ms","ip":"::1"}}
{"timestamp":"2026-03-18T11:18:31.962Z","level":"INFO","message":"POST /login","data":{"status":200,"duration":"453ms","ip":"::1"}}
{"timestamp":"2026-03-18T11:18:31.999Z","level":"INFO","message":"GET /","data":{"status":304,"duration":"1ms","ip":"::1"}}
{"timestamp":"2026-03-18T11:18:32.004Z","level":"INFO","message":"GET /","data":{"status":304,"duration":"1ms","ip":"::1"}}
{"timestamp":"2026-03-18T11:18:44.831Z","level":"INFO","message":"GET /","data":{"status":304,"duration":"2ms","ip":"::1"}}
{"timestamp":"2026-03-18T11:18:44.842Z","level":"INFO","message":"GET /","data":{"status":304,"duration":"3ms","ip":"::1"}}
{"timestamp":"2026-03-18T11:24:42.089Z","level":"INFO","message":"GET /","data":{"status":304,"duration":"48ms","ip":"::1"}}
{"timestamp":"2026-03-18T11:24:42.098Z","level":"INFO","message":"GET /","data":{"status":304,"duration":"44ms","ip":"::1"}}
{"timestamp":"2026-03-18T11:24:58.314Z","level":"INFO","message":"GET /","data":{"status":304,"duration":"1ms","ip":"::1"}}
{"timestamp":"2026-03-18T11:24:58.321Z","level":"INFO","message":"GET /","data":{"status":304,"duration":"0ms","ip":"::1"}}
{"timestamp":"2026-03-18T11:25:07.207Z","level":"INFO","message":"GET /","data":{"status":304,"duration":"1ms","ip":"::1"}}
{"timestamp":"2026-03-18T11:25:07.220Z","level":"INFO","message":"GET /","data":{"status":304,"duration":"1ms","ip":"::1"}}
{"timestamp":"2026-03-18T11:25:56.697Z","level":"INFO","message":"GET /","data":{"status":304,"duration":"1ms","ip":"::1"}}
{"timestamp":"2026-03-18T11:25:56.711Z","level":"INFO","message":"GET /","data":{"status":304,"duration":"1ms","ip":"::1"}}
{"timestamp":"2026-03-18T11:26:19.147Z","level":"INFO","message":"GET /","data":{"status":304,"duration":"1ms","ip":"::1"}}
{"timestamp":"2026-03-18T11:26:19.173Z","level":"INFO","message":"GET /","data":{"status":304,"duration":"1ms","ip":"::1"}}
{"timestamp":"2026-03-18T11:31:13.093Z","level":"INFO","message":"GET /","data":{"status":304,"duration":"96ms","ip":"::1"}}
{"timestamp":"2026-03-18T11:31:13.100Z","level":"INFO","message":"GET /","data":{"status":304,"duration":"42ms","ip":"::1"}}
{"timestamp":"2026-03-18T11:31:21.639Z","level":"INFO","message":"GET /","data":{"status":304,"duration":"1ms","ip":"::1"}}
{"timestamp":"2026-03-18T11:31:21.644Z","level":"INFO","message":"GET /","data":{"status":304,"duration":"1ms","ip":"::1"}}
{"timestamp":"2026-03-18T11:31:45.824Z","level":"INFO","message":"GET /","data":{"status":304,"duration":"46ms","ip":"::1"}}
{"timestamp":"2026-03-18T11:31:49.642Z","level":"INFO","message":"GET /","data":{"status":304,"duration":"2ms","ip":"::1"}}
{"timestamp":"2026-03-18T11:31:49.648Z","level":"INFO","message":"GET /","data":{"status":304,"duration":"2ms","ip":"::1"}}
{"timestamp":"2026-03-18T11:31:57.420Z","level":"INFO","message":"GET /","data":{"status":304,"duration":"2ms","ip":"::1"}}
{"timestamp":"2026-03-18T11:32:04.732Z","level":"INFO","message":"GET /daily/entries","data":{"status":304,"duration":"45ms","ip":"::1"}}
{"timestamp":"2026-03-18T11:32:12.116Z","level":"INFO","message":"GET /search","data":{"status":500,"duration":"22ms","ip":"::1"}}
{"timestamp":"2026-03-18T11:32:14.127Z","level":"INFO","message":"GET /search","data":{"status":200,"duration":"1ms","ip":"::1"}}
{"timestamp":"2026-03-18T11:32:17.617Z","level":"INFO","message":"GET /search","data":{"status":500,"duration":"10ms","ip":"::1"}}
{"timestamp":"2026-03-18T11:32:18.609Z","level":"INFO","message":"GET /search","data":{"status":500,"duration":"4ms","ip":"::1"}}
{"timestamp":"2026-03-18T11:32:19.629Z","level":"INFO","message":"GET /search","data":{"status":200,"duration":"1ms","ip":"::1"}}
{"timestamp":"2026-03-18T11:32:20.630Z","level":"INFO","message":"GET /search","data":{"status":200,"duration":"1ms","ip":"::1"}}
{"timestamp":"2026-03-18T11:32:30.398Z","level":"INFO","message":"GET /","data":{"status":304,"duration":"40ms","ip":"::1"}}
{"timestamp":"2026-03-18T11:32:34.177Z","level":"INFO","message":"GET /dashboard","data":{"status":200,"duration":"68ms","ip":"::1"}}
{"timestamp":"2026-03-18T11:32:37.334Z","level":"INFO","message":"GET /dashboard","data":{"status":200,"duration":"108ms","ip":"::1"}}
{"timestamp":"2026-03-18T11:32:39.201Z","level":"INFO","message":"GET /","data":{"status":304,"duration":"1ms","ip":"::1"}}
{"timestamp":"2026-03-18T11:32:41.126Z","level":"INFO","message":"GET /dashboard","data":{"status":200,"duration":"60ms","ip":"::1"}}
{"timestamp":"2026-03-18T11:52:37.274Z","level":"INFO","message":"POST /refresh","data":{"status":200,"duration":"46ms","ip":"::1"}}
{"timestamp":"2026-03-18T12:12:37.189Z","level":"INFO","message":"POST /refresh","data":{"status":200,"duration":"22ms","ip":"::1"}}
{"timestamp":"2026-03-18T12:28:29.684Z","level":"INFO","message":"GET /","data":{"status":304,"duration":"168ms","ip":"::1"}}
{"timestamp":"2026-03-18T12:28:29.690Z","level":"INFO","message":"GET /","data":{"status":304,"duration":"59ms","ip":"::1"}}
{"timestamp":"2026-03-18T12:28:46.343Z","level":"INFO","message":"GET /","data":{"status":304,"duration":"8ms","ip":"::1"}}
{"timestamp":"2026-03-18T12:28:46.379Z","level":"INFO","message":"GET /","data":{"status":304,"duration":"8ms","ip":"::1"}}
{"timestamp":"2026-03-18T12:28:56.812Z","level":"INFO","message":"Graceful shutdown initiated"}
{"timestamp":"2026-03-18T12:28:56.822Z","level":"INFO","message":"HTTP server closed"}
{"timestamp":"2026-03-18T12:28:56.918Z","level":"INFO","message":"Database disconnected"}
