{"timestamp":"2026-03-19T05:34:26.815Z","level":"INFO","message":"✓ MongoDB connected"}
{"timestamp":"2026-03-19T05:34:26.823Z","level":"INFO","message":"✓ Server running on port 5000"}
{"timestamp":"2026-03-19T05:34:26.825Z","level":"INFO","message":"Environment: development"}
{"timestamp":"2026-03-19T05:35:05.856Z","level":"INFO","message":"GET /","data":{"status":304,"duration":"48ms","ip":"::1"}}
{"timestamp":"2026-03-19T05:35:05.859Z","level":"INFO","message":"GET /","data":{"status":304,"duration":"36ms","ip":"::1"}}
{"timestamp":"2026-03-19T05:35:13.530Z","level":"INFO","message":"POST /logout","data":{"status":200,"duration":"1ms","ip":"::1"}}
{"timestamp":"2026-03-19T05:35:48.418Z","level":"INFO","message":"POST /login","data":{"status":200,"duration":"329ms","ip":"::1"}}
{"timestamp":"2026-03-19T05:35:48.483Z","level":"INFO","message":"GET /","data":{"status":304,"duration":"2ms","ip":"::1"}}
{"timestamp":"2026-03-19T05:35:48.486Z","level":"INFO","message":"GET /","data":{"status":304,"duration":"1ms","ip":"::1"}}
{"timestamp":"2026-03-19T05:35:59.331Z","level":"INFO","message":"GET /","data":{"status":304,"duration":"1ms","ip":"::1"}}
{"timestamp":"2026-03-19T05:35:59.334Z","level":"INFO","message":"GET /","data":{"status":304,"duration":"1ms","ip":"::1"}}
{"timestamp":"2026-03-19T05:36:01.308Z","level":"INFO","message":"GET /","data":{"status":304,"duration":"96ms","ip":"::1"}}
{"timestamp":"2026-03-19T05:36:05.345Z","level":"INFO","message":"GET /daily/entries","data":{"status":200,"duration":"52ms","ip":"::1"}}
{"timestamp":"2026-03-19T05:36:06.467Z","level":"INFO","message":"GET /","data":{"status":304,"duration":"1ms","ip":"::1"}}
{"timestamp":"2026-03-19T05:36:06.469Z","level":"INFO","message":"GET /","data":{"status":304,"duration":"0ms","ip":"::1"}}
{"timestamp":"2026-03-19T05:36:13.826Z","level":"INFO","message":"GET /","data":{"status":304,"duration":"1ms","ip":"::1"}}
{"timestamp":"2026-03-19T05:38:35.332Z","level":"INFO","message":"GET /","data":{"status":304,"duration":"2ms","ip":"::1"}}
{"timestamp":"2026-03-19T05:38:38.620Z","level":"INFO","message":"GET /","data":{"status":304,"duration":"11ms","ip":"::1"}}
{"timestamp":"2026-03-19T05:39:05.726Z","level":"INFO","message":"GET /","data":{"status":304,"duration":"2ms","ip":"::1"}}
{"timestamp":"2026-03-19T05:39:05.742Z","level":"INFO","message":"GET /","data":{"status":304,"duration":"2ms","ip":"::1"}}
{"timestamp":"2026-03-19T05:39:08.748Z","level":"INFO","message":"GET /","data":{"status":304,"duration":"1ms","ip":"::1"}}
{"timestamp":"2026-03-19T05:40:17.381Z","level":"INFO","message":"GET /","data":{"status":304,"duration":"1ms","ip":"::1"}}
{"timestamp":"2026-03-19T05:50:08.579Z","level":"INFO","message":"GET /","data":{"status":304,"duration":"64ms","ip":"::1"}}
{"timestamp":"2026-03-19T05:50:44.979Z","level":"INFO","message":"GET /","data":{"status":304,"duration":"1ms","ip":"::1"}}
{"timestamp":"2026-03-19T05:50:48.912Z","level":"INFO","message":"GET /","data":{"status":304,"duration":"1ms","ip":"::1"}}
{"timestamp":"2026-03-19T05:52:12.910Z","level":"INFO","message":"✓ MongoDB connected"}
{"timestamp":"2026-03-19T05:52:12.916Z","level":"INFO","message":"✓ Server running on port 5000"}
{"timestamp":"2026-03-19T05:52:12.917Z","level":"INFO","message":"Environment: development"}
{"timestamp":"2026-03-19T05:53:46.638Z","level":"INFO","message":"GET /","data":{"status":304,"duration":"65ms","ip":"::1"}}
{"timestamp":"2026-03-19T06:00:05.801Z","level":"INFO","message":"GET /","data":{"status":304,"duration":"157ms","ip":"::1"}}
{"timestamp":"2026-03-19T06:08:43.399Z","level":"INFO","message":"GET /","data":{"status":304,"duration":"36ms","ip":"::1"}}
{"timestamp":"2026-03-19T06:08:47.849Z","level":"INFO","message":"GET /","data":{"status":304,"duration":"2ms","ip":"::1"}}
{"timestamp":"2026-03-19T06:09:04.782Z","level":"INFO","message":"GET /","data":{"status":304,"duration":"1ms","ip":"::1"}}
{"timestamp":"2026-03-19T06:11:37.369Z","level":"INFO","message":"GET /","data":{"status":304,"duration":"1ms","ip":"::1"}}
{"timestamp":"2026-03-19T06:11:48.676Z","level":"INFO","message":"GET /","data":{"status":304,"duration":"54ms","ip":"::1"}}
{"timestamp":"2026-03-19T06:11:48.686Z","level":"INFO","message":"GET /","data":{"status":304,"duration":"55ms","ip":"::1"}}
{"timestamp":"2026-03-19T06:11:49.691Z","level":"INFO","message":"GET /","data":{"status":304,"duration":"6ms","ip":"::1"}}
{"timestamp":"2026-03-19T06:11:51.453Z","level":"INFO","message":"GET /","data":{"status":304,"duration":"1ms","ip":"::1"}}
{"timestamp":"2026-03-19T06:12:38.069Z","level":"INFO","message":"GET /","data":{"status":304,"duration":"1ms","ip":"::1"}}
{"timestamp":"2026-03-19T06:12:42.883Z","level":"INFO","message":"GET /","data":{"status":304,"duration":"2ms","ip":"::1"}}
{"timestamp":"2026-03-19T06:12:53.805Z","level":"INFO","message":"GET /","data":{"status":304,"duration":"1ms","ip":"::1"}}
{"timestamp":"2026-03-19T06:13:00.664Z","level":"INFO","message":"GET /","data":{"status":304,"duration":"1ms","ip":"::1"}}
{"timestamp":"2026-03-19T06:14:01.867Z","level":"INFO","message":"GET /","data":{"status":304,"duration":"41ms","ip":"::1"}}
{"timestamp":"2026-03-19T06:14:10.017Z","level":"INFO","message":"GET /","data":{"status":304,"duration":"1ms","ip":"::1"}}
{"timestamp":"2026-03-19T06:14:50.235Z","level":"INFO","message":"GET /","data":{"status":304,"duration":"1ms","ip":"::1"}}
{"timestamp":"2026-03-19T06:15:13.528Z","level":"INFO","message":"GET /","data":{"status":304,"duration":"1ms","ip":"::1"}}
{"timestamp":"2026-03-19T06:15:17.459Z","level":"INFO","message":"GET /","data":{"status":304,"duration":"1ms","ip":"::1"}}
{"timestamp":"2026-03-19T06:15:40.636Z","level":"INFO","message":"GET /","data":{"status":304,"duration":"1ms","ip":"::1"}}
{"timestamp":"2026-03-19T06:15:48.760Z","level":"INFO","message":"GET /","data":{"status":304,"duration":"1ms","ip":"::1"}}
{"timestamp":"2026-03-19T06:15:54.436Z","level":"INFO","message":"GET /","data":{"status":304,"duration":"1ms","ip":"::1"}}
{"timestamp":"2026-03-19T06:16:04.935Z","level":"INFO","message":"GET /","data":{"status":304,"duration":"1ms","ip":"::1"}}
{"timestamp":"2026-03-19T06:16:21.617Z","level":"INFO","message":"GET /","data":{"status":304,"duration":"1ms","ip":"::1"}}
{"timestamp":"2026-03-19T06:16:24.914Z","level":"INFO","message":"GET /","data":{"status":304,"duration":"1ms","ip":"::1"}}
{"timestamp":"2026-03-19T06:16:26.392Z","level":"INFO","message":"GET /","data":{"status":304,"duration":"1ms","ip":"::1"}}
{"timestamp":"2026-03-19T06:16:30.107Z","level":"INFO","message":"GET /","data":{"status":304,"duration":"1ms","ip":"::1"}}
{"timestamp":"2026-03-19T06:16:32.910Z","level":"INFO","message":"GET /","data":{"status":304,"duration":"10ms","ip":"::1"}}
{"timestamp":"2026-03-19T06:33:17.124Z","level":"INFO","message":"GET /","data":{"status":304,"duration":"44ms","ip":"::1"}}
{"timestamp":"2026-03-19T06:33:21.702Z","level":"INFO","message":"GET /daily/entries","data":{"status":304,"duration":"61ms","ip":"::1"}}
{"timestamp":"2026-03-19T06:33:27.011Z","level":"INFO","message":"GET /daily/entries","data":{"status":304,"duration":"1ms","ip":"::1"}}
{"timestamp":"2026-03-19T06:34:37.110Z","level":"INFO","message":"GET /","data":{"status":304,"duration":"3ms","ip":"::1"}}
{"timestamp":"2026-03-19T06:35:29.759Z","level":"INFO","message":"GET /daily/entries","data":{"status":304,"duration":"3ms","ip":"::1"}}
{"timestamp":"2026-03-19T06:36:00.180Z","level":"INFO","message":"GET /daily/entries","data":{"status":304,"duration":"1ms","ip":"::1"}}
{"timestamp":"2026-03-19T06:36:51.849Z","level":"INFO","message":"GET /daily/entries","data":{"status":304,"duration":"1ms","ip":"::1"}}
{"timestamp":"2026-03-19T06:36:56.468Z","level":"INFO","message":"GET /daily/entries","data":{"status":304,"duration":"1ms","ip":"::1"}}
{"timestamp":"2026-03-19T06:40:48.370Z","level":"INFO","message":"GET /daily/entries","data":{"status":304,"duration":"95ms","ip":"::1"}}
{"timestamp":"2026-03-19T06:41:11.607Z","level":"INFO","message":"GET /daily/entries","data":{"status":304,"duration":"1ms","ip":"::1"}}
{"timestamp":"2026-03-19T06:42:07.518Z","level":"INFO","message":"GET /","data":{"status":304,"duration":"39ms","ip":"::1"}}
{"timestamp":"2026-03-19T06:42:12.206Z","level":"INFO","message":"GET /","data":{"status":304,"duration":"1ms","ip":"::1"}}
{"timestamp":"2026-03-19T06:42:17.499Z","level":"INFO","message":"GET /daily/entries","data":{"status":304,"duration":"0ms","ip":"::1"}}
{"timestamp":"2026-03-19T06:43:51.070Z","level":"INFO","message":"GET /daily/entries","data":{"status":304,"duration":"1ms","ip":"::1"}}
{"timestamp":"2026-03-19T06:46:56.099Z","level":"INFO","message":"GET /daily/entries","data":{"status":304,"duration":"17ms","ip":"::1"}}
{"timestamp":"2026-03-19T06:46:57.655Z","level":"INFO","message":"GET /daily/entries","data":{"status":304,"duration":"1ms","ip":"::1"}}
{"timestamp":"2026-03-19T06:47:00.171Z","level":"INFO","message":"GET /daily/entries","data":{"status":304,"duration":"0ms","ip":"::1"}}
{"timestamp":"2026-03-19T06:47:02.213Z","level":"INFO","message":"GET /daily/entries","data":{"status":304,"duration":"1ms","ip":"::1"}}
{"timestamp":"2026-03-19T06:47:15.099Z","level":"INFO","message":"GET /daily/entries","data":{"status":304,"duration":"1ms","ip":"::1"}}
{"timestamp":"2026-03-19T06:47:20.149Z","level":"INFO","message":"GET /daily/entries","data":{"status":304,"duration":"0ms","ip":"::1"}}
{"timestamp":"2026-03-19T06:47:29.398Z","level":"INFO","message":"GET /daily/entries","data":{"status":304,"duration":"1ms","ip":"::1"}}
{"timestamp":"2026-03-19T06:47:34.032Z","level":"INFO","message":"GET /","data":{"status":304,"duration":"40ms","ip":"::1"}}
{"timestamp":"2026-03-19T06:47:39.404Z","level":"INFO","message":"GET /daily/entries","data":{"status":304,"duration":"1ms","ip":"::1"}}
{"timestamp":"2026-03-19T06:47:39.956Z","level":"INFO","message":"GET /","data":{"status":304,"duration":"46ms","ip":"::1"}}
{"timestamp":"2026-03-19T06:47:42.788Z","level":"INFO","message":"GET /daily/entries","data":{"status":304,"duration":"1ms","ip":"::1"}}
{"timestamp":"2026-03-19T06:47:47.783Z","level":"INFO","message":"GET /daily/entries","data":{"status":304,"duration":"1ms","ip":"::1"}}
{"timestamp":"2026-03-19T06:47:53.228Z","level":"INFO","message":"GET /","data":{"status":304,"duration":"9ms","ip":"::1"}}
{"timestamp":"2026-03-19T06:48:06.415Z","level":"INFO","message":"GET /","data":{"status":304,"duration":"1ms","ip":"::1"}}
{"timestamp":"2026-03-19T06:48:10.622Z","level":"INFO","message":"GET /","data":{"status":304,"duration":"0ms","ip":"::1"}}
{"timestamp":"2026-03-19T06:48:27.012Z","level":"INFO","message":"GET /","data":{"status":304,"duration":"0ms","ip":"::1"}}
{"timestamp":"2026-03-19T06:48:29.730Z","level":"INFO","message":"GET /","data":{"status":304,"duration":"1ms","ip":"::1"}}
{"timestamp":"2026-03-19T06:48:34.096Z","level":"INFO","message":"GET /","data":{"status":304,"duration":"2ms","ip":"::1"}}
{"timestamp":"2026-03-19T06:48:36.654Z","level":"INFO","message":"GET /dashboard","data":{"status":200,"duration":"100ms","ip":"::1"}}
{"timestamp":"2026-03-19T06:48:37.220Z","level":"INFO","message":"GET /daily/entries","data":{"status":304,"duration":"0ms","ip":"::1"}}
{"timestamp":"2026-03-19T06:48:37.538Z","level":"INFO","message":"GET /","data":{"status":304,"duration":"1ms","ip":"::1"}}
{"timestamp":"2026-03-19T06:48:46.828Z","level":"INFO","message":"GET /","data":{"status":304,"duration":"1ms","ip":"::1"}}
{"timestamp":"2026-03-19T06:48:49.342Z","level":"INFO","message":"GET /","data":{"status":304,"duration":"1ms","ip":"::1"}}
{"timestamp":"2026-03-19T06:48:52.546Z","level":"INFO","message":"GET /","data":{"status":304,"duration":"0ms","ip":"::1"}}
{"timestamp":"2026-03-19T06:48:56.321Z","level":"INFO","message":"GET /daily/entries","data":{"status":304,"duration":"3ms","ip":"::1"}}
{"timestamp":"2026-03-19T06:48:58.938Z","level":"INFO","message":"GET /","data":{"status":304,"duration":"1ms","ip":"::1"}}
{"timestamp":"2026-03-19T06:49:27.838Z","level":"INFO","message":"GET /","data":{"status":304,"duration":"1ms","ip":"::1"}}
{"timestamp":"2026-03-19T06:49:39.935Z","level":"INFO","message":"GET /","data":{"status":304,"duration":"1ms","ip":"::1"}}
{"timestamp":"2026-03-19T06:49:45.898Z","level":"INFO","message":"GET /","data":{"status":304,"duration":"0ms","ip":"::1"}}
{"timestamp":"2026-03-19T06:49:51.267Z","level":"INFO","message":"GET /","data":{"status":304,"duration":"1ms","ip":"::1"}}
{"timestamp":"2026-03-19T06:50:03.811Z","level":"INFO","message":"GET /","data":{"status":304,"duration":"0ms","ip":"::1"}}
{"timestamp":"2026-03-19T06:50:07.717Z","level":"INFO","message":"GET /","data":{"status":304,"duration":"1ms","ip":"::1"}}
{"timestamp":"2026-03-19T06:50:12.273Z","level":"INFO","message":"GET /","data":{"status":304,"duration":"1ms","ip":"::1"}}
{"timestamp":"2026-03-19T06:50:19.909Z","level":"INFO","message":"GET /daily/entries","data":{"status":304,"duration":"1ms","ip":"::1"}}
{"timestamp":"2026-03-19T06:54:04.362Z","level":"INFO","message":"GET /daily/entries","data":{"status":304,"duration":"18ms","ip":"::1"}}
{"timestamp":"2026-03-19T06:54:19.377Z","level":"INFO","message":"GET /daily/entries","data":{"status":304,"duration":"1ms","ip":"::1"}}
{"timestamp":"2026-03-19T06:54:23.430Z","level":"INFO","message":"GET /daily/entries","data":{"status":304,"duration":"1ms","ip":"::1"}}
{"timestamp":"2026-03-19T06:56:38.582Z","level":"INFO","message":"GET /daily/entries","data":{"status":304,"duration":"0ms","ip":"::1"}}
{"timestamp":"2026-03-19T06:57:17.036Z","level":"INFO","message":"GET /","data":{"status":304,"duration":"45ms","ip":"::1"}}
{"timestamp":"2026-03-19T06:57:19.739Z","level":"INFO","message":"GET /","data":{"status":304,"duration":"37ms","ip":"::1"}}
{"timestamp":"2026-03-19T06:57:22.961Z","level":"INFO","message":"GET /dashboard","data":{"status":200,"duration":"58ms","ip":"::1"}}
{"timestamp":"2026-03-19T06:57:25.974Z","level":"INFO","message":"GET /","data":{"status":304,"duration":"1ms","ip":"::1"}}
{"timestamp":"2026-03-19T06:57:29.091Z","level":"INFO","message":"GET /daily/entries","data":{"status":304,"duration":"0ms","ip":"::1"}}
{"timestamp":"2026-03-19T06:57:34.663Z","level":"INFO","message":"GET /daily/entries","data":{"status":200,"duration":"22ms","ip":"::1"}}
{"timestamp":"2026-03-19T06:57:35.347Z","level":"INFO","message":"GET /daily/entries","data":{"status":200,"duration":"14ms","ip":"::1"}}
{"timestamp":"2026-03-19T06:57:36.368Z","level":"INFO","message":"GET /daily/entries","data":{"status":200,"duration":"29ms","ip":"::1"}}
{"timestamp":"2026-03-19T06:57:36.858Z","level":"INFO","message":"GET /daily/entries","data":{"status":200,"duration":"15ms","ip":"::1"}}
{"timestamp":"2026-03-19T06:57:38.179Z","level":"INFO","message":"GET /daily/entries","data":{"status":200,"duration":"23ms","ip":"::1"}}
{"timestamp":"2026-03-19T06:57:38.743Z","level":"INFO","message":"GET /daily/entries","data":{"status":200,"duration":"16ms","ip":"::1"}}
{"timestamp":"2026-03-19T06:57:39.623Z","level":"INFO","message":"GET /daily/entries","data":{"status":200,"duration":"17ms","ip":"::1"}}
{"timestamp":"2026-03-19T06:57:40.578Z","level":"INFO","message":"GET /daily/entries","data":{"status":200,"duration":"14ms","ip":"::1"}}
{"timestamp":"2026-03-19T06:57:41.152Z","level":"INFO","message":"GET /daily/entries","data":{"status":200,"duration":"14ms","ip":"::1"}}
{"timestamp":"2026-03-19T06:57:41.814Z","level":"INFO","message":"GET /daily/entries","data":{"status":200,"duration":"13ms","ip":"::1"}}
{"timestamp":"2026-03-19T06:57:42.854Z","level":"INFO","message":"GET /daily/entries","data":{"status":200,"duration":"16ms","ip":"::1"}}
{"timestamp":"2026-03-19T06:57:43.512Z","level":"INFO","message":"GET /daily/entries","data":{"status":200,"duration":"15ms","ip":"::1"}}
{"timestamp":"2026-03-19T06:57:44.094Z","level":"INFO","message":"GET /daily/entries","data":{"status":200,"duration":"15ms","ip":"::1"}}
{"timestamp":"2026-03-19T06:57:45.638Z","level":"INFO","message":"GET /daily/entries","data":{"status":304,"duration":"0ms","ip":"::1"}}
{"timestamp":"2026-03-19T06:57:45.818Z","level":"INFO","message":"GET /daily/entries","data":{"status":304,"duration":"0ms","ip":"::1"}}
{"timestamp":"2026-03-19T06:57:46.160Z","level":"INFO","message":"GET /daily/entries","data":{"status":304,"duration":"0ms","ip":"::1"}}
{"timestamp":"2026-03-19T06:57:46.422Z","level":"INFO","message":"GET /daily/entries","data":{"status":304,"duration":"1ms","ip":"::1"}}
{"timestamp":"2026-03-19T06:57:46.661Z","level":"INFO","message":"GET /daily/entries","data":{"status":304,"duration":"1ms","ip":"::1"}}
{"timestamp":"2026-03-19T06:57:46.955Z","level":"INFO","message":"GET /daily/entries","data":{"status":304,"duration":"1ms","ip":"::1"}}
{"timestamp":"2026-03-19T06:57:47.314Z","level":"INFO","message":"GET /daily/entries","data":{"status":304,"duration":"0ms","ip":"::1"}}
{"timestamp":"2026-03-19T06:57:47.702Z","level":"INFO","message":"GET /daily/entries","data":{"status":304,"duration":"1ms","ip":"::1"}}
{"timestamp":"2026-03-19T06:57:48.136Z","level":"INFO","message":"GET /daily/entries","data":{"status":304,"duration":"0ms","ip":"::1"}}
{"timestamp":"2026-03-19T06:57:48.627Z","level":"INFO","message":"GET /daily/entries","data":{"status":304,"duration":"0ms","ip":"::1"}}
{"timestamp":"2026-03-19T06:57:49.121Z","level":"INFO","message":"GET /daily/entries","data":{"status":304,"duration":"0ms","ip":"::1"}}
{"timestamp":"2026-03-19T06:57:49.780Z","level":"INFO","message":"GET /daily/entries","data":{"status":304,"duration":"1ms","ip":"::1"}}
{"timestamp":"2026-03-19T06:57:54.484Z","level":"INFO","message":"GET /daily/entries","data":{"status":304,"duration":"1ms","ip":"::1"}}
{"timestamp":"2026-03-19T06:57:55.235Z","level":"INFO","message":"GET /daily/entries","data":{"status":200,"duration":"25ms","ip":"::1"}}
{"timestamp":"2026-03-19T06:57:56.058Z","level":"INFO","message":"GET /daily/entries","data":{"status":200,"duration":"31ms","ip":"::1"}}
{"timestamp":"2026-03-19T06:58:04.591Z","level":"INFO","message":"GET /daily/entries","data":{"status":304,"duration":"1ms","ip":"::1"}}
{"timestamp":"2026-03-19T06:58:06.706Z","level":"INFO","message":"GET /daily/entries","data":{"status":304,"duration":"1ms","ip":"::1"}}
{"timestamp":"2026-03-19T06:59:44.254Z","level":"INFO","message":"GET /","data":{"status":304,"duration":"60ms","ip":"::1"}}
{"timestamp":"2026-03-19T06:59:44.265Z","level":"INFO","message":"GET /","data":{"status":304,"duration":"61ms","ip":"::1"}}
{"timestamp":"2026-03-19T06:59:45.563Z","level":"INFO","message":"GET /daily/entries","data":{"status":304,"duration":"18ms","ip":"::1"}}
{"timestamp":"2026-03-19T06:59:51.335Z","level":"INFO","message":"GET /daily/entries","data":{"status":304,"duration":"1ms","ip":"::1"}}
{"timestamp":"2026-03-19T06:59:52.093Z","level":"INFO","message":"GET /daily/entries","data":{"status":304,"duration":"1ms","ip":"::1"}}
{"timestamp":"2026-03-19T06:59:52.842Z","level":"INFO","message":"GET /daily/entries","data":{"status":304,"duration":"1ms","ip":"::1"}}
{"timestamp":"2026-03-19T06:59:53.732Z","level":"INFO","message":"GET /daily/entries","data":{"status":304,"duration":"1ms","ip":"::1"}}
{"timestamp":"2026-03-19T06:59:54.631Z","level":"INFO","message":"GET /daily/entries","data":{"status":304,"duration":"0ms","ip":"::1"}}
{"timestamp":"2026-03-19T06:59:55.623Z","level":"INFO","message":"GET /daily/entries","data":{"status":304,"duration":"0ms","ip":"::1"}}
{"timestamp":"2026-03-19T06:59:56.162Z","level":"INFO","message":"GET /daily/entries","data":{"status":304,"duration":"0ms","ip":"::1"}}
{"timestamp":"2026-03-19T06:59:56.643Z","level":"INFO","message":"GET /daily/entries","data":{"status":304,"duration":"1ms","ip":"::1"}}
{"timestamp":"2026-03-19T06:59:57.099Z","level":"INFO","message":"GET /daily/entries","data":{"status":304,"duration":"0ms","ip":"::1"}}
{"timestamp":"2026-03-19T06:59:57.608Z","level":"INFO","message":"GET /daily/entries","data":{"status":304,"duration":"2ms","ip":"::1"}}
{"timestamp":"2026-03-19T06:59:58.082Z","level":"INFO","message":"GET /daily/entries","data":{"status":304,"duration":"1ms","ip":"::1"}}
{"timestamp":"2026-03-19T06:59:58.522Z","level":"INFO","message":"GET /daily/entries","data":{"status":304,"duration":"0ms","ip":"::1"}}
{"timestamp":"2026-03-19T06:59:59.056Z","level":"INFO","message":"GET /daily/entries","data":{"status":304,"duration":"0ms","ip":"::1"}}
{"timestamp":"2026-03-19T06:59:59.560Z","level":"INFO","message":"GET /daily/entries","data":{"status":200,"duration":"19ms","ip":"::1"}}
{"timestamp":"2026-03-19T06:59:59.943Z","level":"INFO","message":"GET /daily/entries","data":{"status":200,"duration":"15ms","ip":"::1"}}
{"timestamp":"2026-03-19T07:00:00.394Z","level":"INFO","message":"GET /daily/entries","data":{"status":200,"duration":"14ms","ip":"::1"}}
{"timestamp":"2026-03-19T07:00:00.802Z","level":"INFO","message":"GET /daily/entries","data":{"status":200,"duration":"14ms","ip":"::1"}}
{"timestamp":"2026-03-19T07:00:01.223Z","level":"INFO","message":"GET /daily/entries","data":{"status":200,"duration":"17ms","ip":"::1"}}
{"timestamp":"2026-03-19T07:00:01.644Z","level":"INFO","message":"GET /daily/entries","data":{"status":200,"duration":"22ms","ip":"::1"}}
{"timestamp":"2026-03-19T07:00:02.268Z","level":"INFO","message":"GET /daily/entries","data":{"status":200,"duration":"15ms","ip":"::1"}}
{"timestamp":"2026-03-19T07:00:02.731Z","level":"INFO","message":"GET /daily/entries","data":{"status":200,"duration":"14ms","ip":"::1"}}
{"timestamp":"2026-03-19T07:00:03.181Z","level":"INFO","message":"GET /daily/entries","data":{"status":200,"duration":"16ms","ip":"::1"}}
{"timestamp":"2026-03-19T07:00:03.611Z","level":"INFO","message":"GET /daily/entries","data":{"status":200,"duration":"17ms","ip":"::1"}}
{"timestamp":"2026-03-19T07:00:04.038Z","level":"INFO","message":"GET /daily/entries","data":{"status":200,"duration":"15ms","ip":"::1"}}
{"timestamp":"2026-03-19T07:00:04.506Z","level":"INFO","message":"GET /daily/entries","data":{"status":200,"duration":"13ms","ip":"::1"}}
{"timestamp":"2026-03-19T07:00:07.834Z","level":"INFO","message":"GET /daily/entries","data":{"status":304,"duration":"1ms","ip":"::1"}}
{"timestamp":"2026-03-19T07:00:08.456Z","level":"INFO","message":"GET /daily/entries","data":{"status":304,"duration":"0ms","ip":"::1"}}
{"timestamp":"2026-03-19T07:00:10.023Z","level":"INFO","message":"GET /daily/entries","data":{"status":304,"duration":"1ms","ip":"::1"}}
{"timestamp":"2026-03-19T07:00:16.391Z","level":"INFO","message":"GET /daily/entries","data":{"status":304,"duration":"0ms","ip":"::1"}}
{"timestamp":"2026-03-19T07:00:16.834Z","level":"INFO","message":"GET /daily/entries","data":{"status":304,"duration":"2ms","ip":"::1"}}
{"timestamp":"2026-03-19T07:20:10.256Z","level":"INFO","message":"POST /refresh","data":{"status":200,"duration":"29ms","ip":"::1"}}
{"timestamp":"2026-03-19T07:24:08.913Z","level":"INFO","message":"GET /daily/entries","data":{"status":304,"duration":"54ms","ip":"::1"}}
{"timestamp":"2026-03-19T07:35:39.426Z","level":"INFO","message":"GET /daily/entries","data":{"status":304,"duration":"32ms","ip":"::1"}}
{"timestamp":"2026-03-19T07:36:10.536Z","level":"INFO","message":"GET /daily/entries","data":{"status":304,"duration":"0ms","ip":"::1"}}
{"timestamp":"2026-03-19T07:36:16.593Z","level":"INFO","message":"GET /daily/entries","data":{"status":304,"duration":"1ms","ip":"::1"}}
{"timestamp":"2026-03-19T07:36:38.932Z","level":"INFO","message":"GET /daily/entries","data":{"status":304,"duration":"0ms","ip":"::1"}}
{"timestamp":"2026-03-19T07:36:42.011Z","level":"INFO","message":"GET /daily/entries","data":{"status":304,"duration":"20ms","ip":"::1"}}
{"timestamp":"2026-03-19T07:36:42.675Z","level":"INFO","message":"GET /daily/entries","data":{"status":304,"duration":"16ms","ip":"::1"}}
{"timestamp":"2026-03-19T07:36:43.784Z","level":"INFO","message":"GET /daily/entries","data":{"status":304,"duration":"0ms","ip":"::1"}}
{"timestamp":"2026-03-19T07:36:44.021Z","level":"INFO","message":"GET /daily/entries","data":{"status":304,"duration":"0ms","ip":"::1"}}
{"timestamp":"2026-03-19T07:36:44.644Z","level":"INFO","message":"GET /daily/entries","data":{"status":304,"duration":"16ms","ip":"::1"}}
{"timestamp":"2026-03-19T07:36:44.823Z","level":"INFO","message":"GET /daily/entries","data":{"status":304,"duration":"20ms","ip":"::1"}}
{"timestamp":"2026-03-19T07:36:45.946Z","level":"INFO","message":"GET /daily/entries","data":{"status":304,"duration":"1ms","ip":"::1"}}
{"timestamp":"2026-03-19T07:36:46.130Z","level":"INFO","message":"GET /daily/entries","data":{"status":304,"duration":"1ms","ip":"::1"}}
{"timestamp":"2026-03-19T07:36:46.278Z","level":"INFO","message":"GET /daily/entries","data":{"status":304,"duration":"0ms","ip":"::1"}}
{"timestamp":"2026-03-19T07:36:46.418Z","level":"INFO","message":"GET /daily/entries","data":{"status":304,"duration":"1ms","ip":"::1"}}
{"timestamp":"2026-03-19T07:36:54.689Z","level":"INFO","message":"GET /daily/entries","data":{"status":304,"duration":"1ms","ip":"::1"}}
{"timestamp":"2026-03-19T07:36:55.329Z","level":"INFO","message":"GET /daily/entries","data":{"status":304,"duration":"0ms","ip":"::1"}}
{"timestamp":"2026-03-19T07:36:56.634Z","level":"INFO","message":"GET /daily/entries","data":{"status":304,"duration":"2ms","ip":"::1"}}
{"timestamp":"2026-03-19T07:36:56.830Z","level":"INFO","message":"GET /daily/entries","data":{"status":304,"duration":"2ms","ip":"::1"}}
{"timestamp":"2026-03-19T07:37:08.826Z","level":"INFO","message":"GET /daily/entries","data":{"status":304,"duration":"0ms","ip":"::1"}}
{"timestamp":"2026-03-19T07:37:09.006Z","level":"INFO","message":"GET /daily/entries","data":{"status":304,"duration":"1ms","ip":"::1"}}
{"timestamp":"2026-03-19T07:37:09.286Z","level":"INFO","message":"GET /daily/entries","data":{"status":304,"duration":"0ms","ip":"::1"}}
{"timestamp":"2026-03-19T07:37:09.689Z","level":"INFO","message":"GET /daily/entries","data":{"status":304,"duration":"0ms","ip":"::1"}}
{"timestamp":"2026-03-19T07:37:10.154Z","level":"INFO","message":"GET /daily/entries","data":{"status":304,"duration":"39ms","ip":"::1"}}
{"timestamp":"2026-03-19T07:37:10.587Z","level":"INFO","message":"GET /daily/entries","data":{"status":304,"duration":"15ms","ip":"::1"}}
{"timestamp":"2026-03-19T07:37:11.043Z","level":"INFO","message":"GET /daily/entries","data":{"status":304,"duration":"15ms","ip":"::1"}}
{"timestamp":"2026-03-19T07:37:11.832Z","level":"INFO","message":"GET /daily/entries","data":{"status":304,"duration":"21ms","ip":"::1"}}
{"timestamp":"2026-03-19T07:37:12.331Z","level":"INFO","message":"GET /daily/entries","data":{"status":304,"duration":"18ms","ip":"::1"}}
{"timestamp":"2026-03-19T07:37:15.315Z","level":"INFO","message":"GET /daily/entries","data":{"status":304,"duration":"16ms","ip":"::1"}}
{"timestamp":"2026-03-19T07:37:16.045Z","level":"INFO","message":"GET /daily/entries","data":{"status":304,"duration":"16ms","ip":"::1"}}
{"timestamp":"2026-03-19T07:37:16.531Z","level":"INFO","message":"GET /daily/entries","data":{"status":304,"duration":"15ms","ip":"::1"}}
{"timestamp":"2026-03-19T07:37:16.978Z","level":"INFO","message":"GET /daily/entries","data":{"status":304,"duration":"17ms","ip":"::1"}}
{"timestamp":"2026-03-19T07:37:17.877Z","level":"INFO","message":"GET /daily/entries","data":{"status":304,"duration":"0ms","ip":"::1"}}
{"timestamp":"2026-03-19T07:37:18.101Z","level":"INFO","message":"GET /daily/entries","data":{"status":304,"duration":"12ms","ip":"::1"}}
{"timestamp":"2026-03-19T07:37:18.255Z","level":"INFO","message":"GET /daily/entries","data":{"status":304,"duration":"3ms","ip":"::1"}}
{"timestamp":"2026-03-19T07:37:18.421Z","level":"INFO","message":"GET /daily/entries","data":{"status":304,"duration":"1ms","ip":"::1"}}
{"timestamp":"2026-03-19T07:37:18.585Z","level":"INFO","message":"GET /daily/entries","data":{"status":304,"duration":"1ms","ip":"::1"}}
{"timestamp":"2026-03-19T07:37:25.251Z","level":"INFO","message":"GET /","data":{"status":304,"duration":"70ms","ip":"::1"}}
{"timestamp":"2026-03-19T07:37:34.659Z","level":"INFO","message":"GET /daily/entries","data":{"status":304,"duration":"2ms","ip":"::1"}}
{"timestamp":"2026-03-19T07:38:06.045Z","level":"INFO","message":"GET /search","data":{"status":500,"duration":"60ms","ip":"::1"}}
{"timestamp":"2026-03-19T07:38:08.055Z","level":"INFO","message":"GET /search","data":{"status":200,"duration":"1ms","ip":"::1"}}
{"timestamp":"2026-03-19T07:42:34.493Z","level":"INFO","message":"GET /daily/entries","data":{"status":304,"duration":"27ms","ip":"::1"}}
{"timestamp":"2026-03-19T07:42:37.247Z","level":"INFO","message":"GET /daily/entries","data":{"status":304,"duration":"0ms","ip":"::1"}}
{"timestamp":"2026-03-19T07:43:03.377Z","level":"INFO","message":"GET /daily/entries","data":{"status":304,"duration":"0ms","ip":"::1"}}
{"timestamp":"2026-03-19T07:43:05.954Z","level":"INFO","message":"GET /daily/entries","data":{"status":304,"duration":"0ms","ip":"::1"}}
{"timestamp":"2026-03-19T07:43:50.759Z","level":"INFO","message":"GET /daily/entries","data":{"status":304,"duration":"0ms","ip":"::1"}}
{"timestamp":"2026-03-19T07:44:23.108Z","level":"INFO","message":"GET /daily/entries","data":{"status":304,"duration":"1ms","ip":"::1"}}
{"timestamp":"2026-03-19T07:44:33.979Z","level":"INFO","message":"GET /daily/entries","data":{"status":304,"duration":"16ms","ip":"::1"}}
{"timestamp":"2026-03-19T07:44:36.927Z","level":"INFO","message":"GET /daily/entries","data":{"status":304,"duration":"0ms","ip":"::1"}}
{"timestamp":"2026-03-19T07:44:39.120Z","level":"INFO","message":"GET /daily/entries","data":{"status":304,"duration":"0ms","ip":"::1"}}
{"timestamp":"2026-03-19T07:44:39.844Z","level":"INFO","message":"GET /daily/entries","data":{"status":304,"duration":"17ms","ip":"::1"}}
{"timestamp":"2026-03-19T07:44:41.123Z","level":"INFO","message":"GET /daily/entries","data":{"status":304,"duration":"1ms","ip":"::1"}}
{"timestamp":"2026-03-19T07:44:41.568Z","level":"INFO","message":"GET /daily/entries","data":{"status":304,"duration":"0ms","ip":"::1"}}
{"timestamp":"2026-03-19T07:47:19.071Z","level":"INFO","message":"POST /","data":{"status":400,"duration":"12ms","ip":"::1"}}
{"timestamp":"2026-03-19T07:47:21.092Z","level":"INFO","message":"POST /","data":{"status":400,"duration":"3ms","ip":"::1"}}
{"timestamp":"2026-03-19T07:47:25.108Z","level":"INFO","message":"POST /","data":{"status":400,"duration":"2ms","ip":"::1"}}
{"timestamp":"2026-03-19T07:47:33.132Z","level":"INFO","message":"POST /","data":{"status":400,"duration":"2ms","ip":"::1"}}
{"timestamp":"2026-03-19T07:53:10.760Z","level":"INFO","message":"GET /daily/entries","data":{"status":304,"duration":"28ms","ip":"::1"}}
{"timestamp":"2026-03-19T07:55:01.304Z","level":"INFO","message":"GET /daily/entries","data":{"status":304,"duration":"1ms","ip":"::1"}}
{"timestamp":"2026-03-19T07:58:48.677Z","level":"INFO","message":"GET /daily/entries","data":{"status":304,"duration":"15ms","ip":"::1"}}
{"timestamp":"2026-03-19T07:58:49.272Z","level":"INFO","message":"GET /daily/entries","data":{"status":304,"duration":"15ms","ip":"::1"}}
{"timestamp":"2026-03-19T07:58:49.708Z","level":"INFO","message":"GET /daily/entries","data":{"status":304,"duration":"25ms","ip":"::1"}}
{"timestamp":"2026-03-19T07:58:50.217Z","level":"INFO","message":"GET /daily/entries","data":{"status":304,"duration":"15ms","ip":"::1"}}
{"timestamp":"2026-03-19T07:58:50.638Z","level":"INFO","message":"GET /daily/entries","data":{"status":304,"duration":"16ms","ip":"::1"}}
{"timestamp":"2026-03-19T07:58:51.180Z","level":"INFO","message":"GET /daily/entries","data":{"status":304,"duration":"14ms","ip":"::1"}}
{"timestamp":"2026-03-19T07:58:51.861Z","level":"INFO","message":"GET /daily/entries","data":{"status":304,"duration":"18ms","ip":"::1"}}
{"timestamp":"2026-03-19T07:58:53.223Z","level":"INFO","message":"GET /daily/entries","data":{"status":304,"duration":"16ms","ip":"::1"}}
{"timestamp":"2026-03-19T07:58:53.594Z","level":"INFO","message":"GET /daily/entries","data":{"status":304,"duration":"20ms","ip":"::1"}}
{"timestamp":"2026-03-19T07:58:53.756Z","level":"INFO","message":"GET /daily/entries","data":{"status":304,"duration":"19ms","ip":"::1"}}
{"timestamp":"2026-03-19T07:58:53.914Z","level":"INFO","message":"GET /daily/entries","data":{"status":304,"duration":"13ms","ip":"::1"}}
{"timestamp":"2026-03-19T07:58:54.092Z","level":"INFO","message":"GET /daily/entries","data":{"status":304,"duration":"17ms","ip":"::1"}}
{"timestamp":"2026-03-19T07:58:54.248Z","level":"INFO","message":"GET /daily/entries","data":{"status":304,"duration":"22ms","ip":"::1"}}
{"timestamp":"2026-03-19T07:58:54.674Z","level":"INFO","message":"GET /daily/entries","data":{"status":304,"duration":"19ms","ip":"::1"}}
{"timestamp":"2026-03-19T07:58:55.704Z","level":"INFO","message":"GET /daily/entries","data":{"status":304,"duration":"0ms","ip":"::1"}}
{"timestamp":"2026-03-19T07:58:55.869Z","level":"INFO","message":"GET /daily/entries","data":{"status":304,"duration":"1ms","ip":"::1"}}
{"timestamp":"2026-03-19T07:58:56.185Z","level":"INFO","message":"GET /daily/entries","data":{"status":304,"duration":"1ms","ip":"::1"}}
{"timestamp":"2026-03-19T07:58:56.341Z","level":"INFO","message":"GET /daily/entries","data":{"status":304,"duration":"0ms","ip":"::1"}}
{"timestamp":"2026-03-19T07:58:56.504Z","level":"INFO","message":"GET /daily/entries","data":{"status":304,"duration":"0ms","ip":"::1"}}
{"timestamp":"2026-03-19T07:58:56.979Z","level":"INFO","message":"GET /daily/entries","data":{"status":304,"duration":"0ms","ip":"::1"}}
{"timestamp":"2026-03-19T07:58:57.173Z","level":"INFO","message":"GET /daily/entries","data":{"status":304,"duration":"0ms","ip":"::1"}}
{"timestamp":"2026-03-19T07:58:57.517Z","level":"INFO","message":"GET /daily/entries","data":{"status":304,"duration":"1ms","ip":"::1"}}
{"timestamp":"2026-03-19T07:58:59.611Z","level":"INFO","message":"GET /daily/entries","data":{"status":304,"duration":"1ms","ip":"::1"}}
{"timestamp":"2026-03-19T07:58:59.760Z","level":"INFO","message":"GET /daily/entries","data":{"status":304,"duration":"0ms","ip":"::1"}}
{"timestamp":"2026-03-19T07:58:59.909Z","level":"INFO","message":"GET /daily/entries","data":{"status":304,"duration":"0ms","ip":"::1"}}
{"timestamp":"2026-03-19T07:59:00.084Z","level":"INFO","message":"GET /daily/entries","data":{"status":304,"duration":"0ms","ip":"::1"}}
{"timestamp":"2026-03-19T07:59:00.240Z","level":"INFO","message":"GET /daily/entries","data":{"status":304,"duration":"0ms","ip":"::1"}}
{"timestamp":"2026-03-19T07:59:00.670Z","level":"INFO","message":"GET /daily/entries","data":{"status":304,"duration":"17ms","ip":"::1"}}
{"timestamp":"2026-03-19T07:59:51.053Z","level":"INFO","message":"POST /","data":{"status":400,"duration":"5ms","ip":"::1"}}
{"timestamp":"2026-03-19T07:59:53.066Z","level":"INFO","message":"POST /","data":{"status":400,"duration":"4ms","ip":"::1"}}
{"timestamp":"2026-03-19T07:59:57.090Z","level":"INFO","message":"POST /","data":{"status":400,"duration":"3ms","ip":"::1"}}
{"timestamp":"2026-03-19T08:00:05.137Z","level":"INFO","message":"POST /","data":{"status":400,"duration":"3ms","ip":"::1"}}
{"timestamp":"2026-03-19T08:15:02.124Z","level":"INFO","message":"POST /refresh","data":{"status":200,"duration":"20ms","ip":"::1"}}
{"timestamp":"2026-03-19T08:25:07.023Z","level":"INFO","message":"GET /daily/entries","data":{"status":304,"duration":"30ms","ip":"::1"}}
{"timestamp":"2026-03-19T08:25:59.408Z","level":"INFO","message":"GET /daily/entries","data":{"status":304,"duration":"0ms","ip":"::1"}}
{"timestamp":"2026-03-19T08:35:40.681Z","level":"INFO","message":"GET /daily/entries","data":{"status":304,"duration":"29ms","ip":"::1"}}
{"timestamp":"2026-03-19T08:36:08.494Z","level":"INFO","message":"GET /daily/entries","data":{"status":304,"duration":"1ms","ip":"::1"}}
{"timestamp":"2026-03-19T08:36:14.448Z","level":"INFO","message":"GET /daily/entries","data":{"status":304,"duration":"1ms","ip":"::1"}}
{"timestamp":"2026-03-19T08:36:43.038Z","level":"INFO","message":"GET /daily/entries","data":{"status":304,"duration":"1ms","ip":"::1"}}
{"timestamp":"2026-03-19T08:36:45.867Z","level":"INFO","message":"GET /daily/entries","data":{"status":304,"duration":"1ms","ip":"::1"}}
{"timestamp":"2026-03-19T08:37:13.006Z","level":"INFO","message":"GET /daily/entries","data":{"status":304,"duration":"1ms","ip":"::1"}}
{"timestamp":"2026-03-19T08:38:38.749Z","level":"INFO","message":"GET /daily/entries","data":{"status":304,"duration":"1ms","ip":"::1"}}
{"timestamp":"2026-03-19T08:40:38.203Z","level":"INFO","message":"GET /daily/entries","data":{"status":304,"duration":"1ms","ip":"::1"}}
{"timestamp":"2026-03-19T08:41:56.904Z","level":"INFO","message":"GET /daily/entries","data":{"status":304,"duration":"21ms","ip":"::1"}}
{"timestamp":"2026-03-19T08:41:57.454Z","level":"INFO","message":"GET /daily/entries","data":{"status":304,"duration":"13ms","ip":"::1"}}
{"timestamp":"2026-03-19T08:41:57.902Z","level":"INFO","message":"GET /daily/entries","data":{"status":304,"duration":"26ms","ip":"::1"}}
{"timestamp":"2026-03-19T08:41:58.322Z","level":"INFO","message":"GET /daily/entries","data":{"status":304,"duration":"16ms","ip":"::1"}}
{"timestamp":"2026-03-19T08:41:58.965Z","level":"INFO","message":"GET /daily/entries","data":{"status":304,"duration":"16ms","ip":"::1"}}
{"timestamp":"2026-03-19T08:41:59.480Z","level":"INFO","message":"GET /daily/entries","data":{"status":304,"duration":"16ms","ip":"::1"}}
{"timestamp":"2026-03-19T08:42:00.050Z","level":"INFO","message":"GET /daily/entries","data":{"status":304,"duration":"15ms","ip":"::1"}}
{"timestamp":"2026-03-19T08:42:03.092Z","level":"INFO","message":"GET /daily/entries","data":{"status":304,"duration":"17ms","ip":"::1"}}
{"timestamp":"2026-03-19T08:42:36.901Z","level":"INFO","message":"POST /","data":{"status":400,"duration":"8ms","ip":"::1"}}
{"timestamp":"2026-03-19T08:42:38.925Z","level":"INFO","message":"POST /","data":{"status":400,"duration":"3ms","ip":"::1"}}
{"timestamp":"2026-03-19T08:42:42.950Z","level":"INFO","message":"POST /","data":{"status":400,"duration":"4ms","ip":"::1"}}
{"timestamp":"2026-03-19T08:42:51.085Z","level":"INFO","message":"POST /","data":{"status":400,"duration":"3ms","ip":"::1"}}
{"timestamp":"2026-03-19T09:02:03.180Z","level":"INFO","message":"POST /refresh","data":{"status":200,"duration":"25ms","ip":"::1"}}
{"timestamp":"2026-03-19T09:22:03.134Z","level":"INFO","message":"POST /refresh","data":{"status":200,"duration":"9ms","ip":"::1"}}
{"timestamp":"2026-03-19T09:38:15.121Z","level":"INFO","message":"GET /daily/entries","data":{"status":304,"duration":"63ms","ip":"::1"}}
{"timestamp":"2026-03-19T09:39:06.009Z","level":"INFO","message":"GET /daily/entries","data":{"status":304,"duration":"0ms","ip":"::1"}}
{"timestamp":"2026-03-19T09:44:38.914Z","level":"INFO","message":"GET /daily/entries","data":{"status":304,"duration":"133ms","ip":"::1"}}
{"timestamp":"2026-03-19T10:04:06.825Z","level":"INFO","message":"GET /daily/entries","data":{"status":200,"duration":"109ms","ip":"::1"}}
{"timestamp":"2026-03-19T10:04:33.078Z","level":"INFO","message":"GET /daily/entries","data":{"status":200,"duration":"16ms","ip":"::1"}}
{"timestamp":"2026-03-19T10:04:33.220Z","level":"INFO","message":"GET /daily/entries","data":{"status":200,"duration":"20ms","ip":"::1"}}
{"timestamp":"2026-03-19T10:04:33.429Z","level":"INFO","message":"GET /daily/entries","data":{"status":200,"duration":"28ms","ip":"::1"}}
{"timestamp":"2026-03-19T10:04:33.611Z","level":"INFO","message":"GET /daily/entries","data":{"status":200,"duration":"69ms","ip":"::1"}}
{"timestamp":"2026-03-19T10:04:34.079Z","level":"INFO","message":"GET /daily/entries","data":{"status":200,"duration":"20ms","ip":"::1"}}
{"timestamp":"2026-03-19T10:04:34.488Z","level":"INFO","message":"GET /daily/entries","data":{"status":200,"duration":"16ms","ip":"::1"}}
{"timestamp":"2026-03-19T10:04:35.016Z","level":"INFO","message":"GET /daily/entries","data":{"status":200,"duration":"19ms","ip":"::1"}}
{"timestamp":"2026-03-19T10:04:41.735Z","level":"INFO","message":"GET /daily/entries","data":{"status":304,"duration":"0ms","ip":"::1"}}
{"timestamp":"2026-03-19T10:04:44.189Z","level":"INFO","message":"GET /daily/entries","data":{"status":304,"duration":"1ms","ip":"::1"}}
{"timestamp":"2026-03-19T10:04:44.631Z","level":"INFO","message":"GET /daily/entries","data":{"status":304,"duration":"0ms","ip":"::1"}}
{"timestamp":"2026-03-19T10:04:45.065Z","level":"INFO","message":"GET /daily/entries","data":{"status":304,"duration":"1ms","ip":"::1"}}
{"timestamp":"2026-03-19T10:04:46.592Z","level":"INFO","message":"GET /daily/entries","data":{"status":304,"duration":"1ms","ip":"::1"}}
{"timestamp":"2026-03-19T10:04:47.824Z","level":"INFO","message":"GET /daily/entries","data":{"status":304,"duration":"1ms","ip":"::1"}}
{"timestamp":"2026-03-19T10:04:48.397Z","level":"INFO","message":"GET /daily/entries","data":{"status":304,"duration":"1ms","ip":"::1"}}
{"timestamp":"2026-03-19T10:07:12.003Z","level":"INFO","message":"GET /daily/entries","data":{"status":304,"duration":"0ms","ip":"::1"}}
{"timestamp":"2026-03-19T10:07:12.935Z","level":"INFO","message":"GET /","data":{"status":304,"duration":"54ms","ip":"::1"}}
{"timestamp":"2026-03-19T10:07:16.970Z","level":"INFO","message":"GET /","data":{"status":304,"duration":"59ms","ip":"::1"}}
{"timestamp":"2026-03-19T10:07:16.978Z","level":"INFO","message":"GET /","data":{"status":304,"duration":"62ms","ip":"::1"}}
{"timestamp":"2026-03-19T10:07:18.250Z","level":"INFO","message":"GET /","data":{"status":304,"duration":"57ms","ip":"::1"}}
{"timestamp":"2026-03-19T10:07:21.125Z","level":"INFO","message":"GET /","data":{"status":304,"duration":"3ms","ip":"::1"}}
{"timestamp":"2026-03-19T10:07:21.665Z","level":"INFO","message":"GET /daily/entries","data":{"status":304,"duration":"1ms","ip":"::1"}}
{"timestamp":"2026-03-19T10:08:15.003Z","level":"INFO","message":"POST /","data":{"status":400,"duration":"16ms","ip":"::1"}}
{"timestamp":"2026-03-19T10:08:17.024Z","level":"INFO","message":"POST /","data":{"status":400,"duration":"13ms","ip":"::1"}}
{"timestamp":"2026-03-19T10:08:21.047Z","level":"INFO","message":"POST /","data":{"status":400,"duration":"3ms","ip":"::1"}}
{"timestamp":"2026-03-19T10:08:29.066Z","level":"INFO","message":"POST /","data":{"status":400,"duration":"3ms","ip":"::1"}}
{"timestamp":"2026-03-19T10:14:50.197Z","level":"INFO","message":"GET /daily/entries","data":{"status":304,"duration":"31ms","ip":"::1"}}
{"timestamp":"2026-03-19T10:14:54.373Z","level":"INFO","message":"GET /daily/entries","data":{"status":304,"duration":"1ms","ip":"::1"}}
{"timestamp":"2026-03-19T10:14:57.261Z","level":"INFO","message":"GET /daily/entries","data":{"status":304,"duration":"1ms","ip":"::1"}}
{"timestamp":"2026-03-19T10:15:17.081Z","level":"INFO","message":"GET /daily/entries","data":{"status":304,"duration":"1ms","ip":"::1"}}
{"timestamp":"2026-03-19T10:15:19.982Z","level":"INFO","message":"GET /daily/entries","data":{"status":304,"duration":"1ms","ip":"::1"}}
{"timestamp":"2026-03-19T10:16:00.562Z","level":"INFO","message":"GET /daily/entries","data":{"status":304,"duration":"1ms","ip":"::1"}}
{"timestamp":"2026-03-19T10:17:17.380Z","level":"INFO","message":"POST /","data":{"status":400,"duration":"4ms","ip":"::1"}}
{"timestamp":"2026-03-19T10:17:19.405Z","level":"INFO","message":"POST /","data":{"status":400,"duration":"3ms","ip":"::1"}}
{"timestamp":"2026-03-19T10:17:23.420Z","level":"INFO","message":"POST /","data":{"status":400,"duration":"4ms","ip":"::1"}}
{"timestamp":"2026-03-19T10:17:31.431Z","level":"INFO","message":"POST /","data":{"status":400,"duration":"3ms","ip":"::1"}}
{"timestamp":"2026-03-19T10:23:27.182Z","level":"INFO","message":"GET /daily/entries","data":{"status":304,"duration":"62ms","ip":"::1"}}
{"timestamp":"2026-03-19T10:24:09.241Z","level":"INFO","message":"POST /","data":{"status":400,"duration":"5ms","ip":"::1"}}
{"timestamp":"2026-03-19T10:24:11.274Z","level":"INFO","message":"POST /","data":{"status":400,"duration":"15ms","ip":"::1"}}
{"timestamp":"2026-03-19T10:24:15.303Z","level":"INFO","message":"POST /","data":{"status":400,"duration":"3ms","ip":"::1"}}
{"timestamp":"2026-03-19T10:24:24.105Z","level":"INFO","message":"POST /","data":{"status":400,"duration":"7ms","ip":"::1"}}
{"timestamp":"2026-03-19T10:24:33.853Z","level":"INFO","message":"POST /logout","data":{"status":200,"duration":"11ms","ip":"::1"}}
{"timestamp":"2026-03-19T10:24:38.738Z","level":"INFO","message":"Graceful shutdown initiated"}
{"timestamp":"2026-03-19T10:24:38.751Z","level":"INFO","message":"HTTP server closed"}
{"timestamp":"2026-03-19T10:24:38.864Z","level":"INFO","message":"Database disconnected"}
{"timestamp":"2026-03-19T10:24:51.061Z","level":"INFO","message":"✓ MongoDB connected"}
{"timestamp":"2026-03-19T10:24:51.067Z","level":"INFO","message":"✓ Server running on port 5000"}
{"timestamp":"2026-03-19T10:24:51.068Z","level":"INFO","message":"Environment: development"}
{"timestamp":"2026-03-19T10:27:05.181Z","level":"INFO","message":"POST /login","data":{"status":200,"duration":"403ms","ip":"::1"}}
{"timestamp":"2026-03-19T10:27:05.411Z","level":"INFO","message":"GET /","data":{"status":304,"duration":"59ms","ip":"::1"}}
{"timestamp":"2026-03-19T10:27:05.414Z","level":"INFO","message":"GET /","data":{"status":304,"duration":"53ms","ip":"::1"}}
{"timestamp":"2026-03-19T10:27:13.876Z","level":"INFO","message":"GET /daily/entries","data":{"status":304,"duration":"20ms","ip":"::1"}}
{"timestamp":"2026-03-19T10:27:46.119Z","level":"INFO","message":"POST /","data":{"status":400,"duration":"12ms","ip":"::1"}}
{"timestamp":"2026-03-19T10:27:48.145Z","level":"INFO","message":"POST /","data":{"status":400,"duration":"4ms","ip":"::1"}}
{"timestamp":"2026-03-19T10:27:52.166Z","level":"INFO","message":"POST /","data":{"status":400,"duration":"4ms","ip":"::1"}}
{"timestamp":"2026-03-19T10:28:00.190Z","level":"INFO","message":"POST /","data":{"status":400,"duration":"3ms","ip":"::1"}}
{"timestamp":"2026-03-19T10:29:08.781Z","level":"INFO","message":"GET /daily/entries","data":{"status":304,"duration":"21ms","ip":"::1"}}
{"timestamp":"2026-03-19T10:31:25.131Z","level":"INFO","message":"POST /","data":{"status":400,"duration":"5ms","ip":"::1"}}
{"timestamp":"2026-03-19T10:31:27.145Z","level":"INFO","message":"POST /","data":{"status":400,"duration":"3ms","ip":"::1"}}
{"timestamp":"2026-03-19T10:31:31.157Z","level":"INFO","message":"POST /","data":{"status":400,"duration":"3ms","ip":"::1"}}
{"timestamp":"2026-03-19T10:31:39.173Z","level":"INFO","message":"POST /","data":{"status":400,"duration":"3ms","ip":"::1"}}
{"timestamp":"2026-03-19T10:46:06.713Z","level":"INFO","message":"Graceful shutdown initiated"}
{"timestamp":"2026-03-19T10:46:06.739Z","level":"INFO","message":"HTTP server closed"}
{"timestamp":"2026-03-19T10:46:06.862Z","level":"INFO","message":"Database disconnected"}
{"timestamp":"2026-03-19T10:46:14.816Z","level":"INFO","message":"✓ MongoDB connected"}
{"timestamp":"2026-03-19T10:46:14.822Z","level":"INFO","message":"✓ Server running on port 5000"}
{"timestamp":"2026-03-19T10:46:14.822Z","level":"INFO","message":"Environment: development"}
{"timestamp":"2026-03-19T10:46:51.846Z","level":"INFO","message":"POST /","data":{"status":201,"duration":"76ms","ip":"::1"}}
{"timestamp":"2026-03-19T10:46:51.896Z","level":"INFO","message":"GET /daily/entries","data":{"status":200,"duration":"32ms","ip":"::1"}}
{"timestamp":"2026-03-19T10:46:59.457Z","level":"INFO","message":"GET /daily/entries","data":{"status":304,"duration":"26ms","ip":"::1"}}
{"timestamp":"2026-03-19T10:47:00.972Z","level":"INFO","message":"GET /daily/entries","data":{"status":304,"duration":"0ms","ip":"::1"}}
{"timestamp":"2026-03-19T10:47:16.105Z","level":"INFO","message":"GET /daily/entries","data":{"status":304,"duration":"1ms","ip":"::1"}}
{"timestamp":"2026-03-19T11:07:16.192Z","level":"INFO","message":"POST /refresh","data":{"status":200,"duration":"41ms","ip":"::1"}}
{"timestamp":"2026-03-19T11:27:16.179Z","level":"INFO","message":"POST /refresh","data":{"status":200,"duration":"26ms","ip":"::1"}}
{"timestamp":"2026-03-19T11:47:16.275Z","level":"INFO","message":"POST /refresh","data":{"status":200,"duration":"65ms","ip":"::1"}}
{"timestamp":"2026-03-19T12:07:16.225Z","level":"INFO","message":"POST /refresh","data":{"status":200,"duration":"59ms","ip":"::1"}}
{"timestamp":"2026-03-19T12:27:16.149Z","level":"INFO","message":"POST /refresh","data":{"status":200,"duration":"30ms","ip":"::1"}}
{"timestamp":"2026-03-19T12:43:19.599Z","level":"INFO","message":"GET /daily/entries","data":{"status":200,"duration":"234ms","ip":"::1"}}
{"timestamp":"2026-03-19T12:43:19.608Z","level":"INFO","message":"GET /daily/entries","data":{"status":304,"duration":"44ms","ip":"::1"}}
{"timestamp":"2026-03-19T12:43:25.846Z","level":"INFO","message":"GET /daily/entries","data":{"status":304,"duration":"18ms","ip":"::1"}}
{"timestamp":"2026-03-19T12:43:27.540Z","level":"INFO","message":"GET /daily/entries","data":{"status":304,"duration":"20ms","ip":"::1"}}
{"timestamp":"2026-03-19T12:43:27.964Z","level":"INFO","message":"GET /daily/entries","data":{"status":304,"duration":"21ms","ip":"::1"}}
{"timestamp":"2026-03-19T12:43:28.396Z","level":"INFO","message":"GET /daily/entries","data":{"status":304,"duration":"17ms","ip":"::1"}}
{"timestamp":"2026-03-19T12:43:29.001Z","level":"INFO","message":"GET /daily/entries","data":{"status":304,"duration":"26ms","ip":"::1"}}
{"timestamp":"2026-03-19T12:43:29.488Z","level":"INFO","message":"GET /daily/entries","data":{"status":304,"duration":"15ms","ip":"::1"}}
{"timestamp":"2026-03-19T12:43:29.994Z","level":"INFO","message":"GET /daily/entries","data":{"status":200,"duration":"29ms","ip":"::1"}}
{"timestamp":"2026-03-19T12:43:31.075Z","level":"INFO","message":"GET /daily/entries","data":{"status":304,"duration":"1ms","ip":"::1"}}
{"timestamp":"2026-03-19T12:43:31.291Z","level":"INFO","message":"GET /daily/entries","data":{"status":304,"duration":"1ms","ip":"::1"}}
{"timestamp":"2026-03-19T12:43:31.469Z","level":"INFO","message":"GET /daily/entries","data":{"status":304,"duration":"1ms","ip":"::1"}}
{"timestamp":"2026-03-19T12:43:31.618Z","level":"INFO","message":"GET /daily/entries","data":{"status":304,"duration":"0ms","ip":"::1"}}
{"timestamp":"2026-03-19T12:43:31.922Z","level":"INFO","message":"GET /daily/entries","data":{"status":304,"duration":"0ms","ip":"::1"}}
{"timestamp":"2026-03-19T12:43:32.088Z","level":"INFO","message":"GET /daily/entries","data":{"status":304,"duration":"1ms","ip":"::1"}}
{"timestamp":"2026-03-19T12:43:32.404Z","level":"INFO","message":"GET /daily/entries","data":{"status":304,"duration":"0ms","ip":"::1"}}
{"timestamp":"2026-03-19T12:43:43.972Z","level":"INFO","message":"GET /search","data":{"status":500,"duration":"51ms","ip":"::1"}}
{"timestamp":"2026-03-19T12:43:44.369Z","level":"INFO","message":"GET /search","data":{"status":500,"duration":"14ms","ip":"::1"}}
{"timestamp":"2026-03-19T12:43:45.371Z","level":"INFO","message":"GET /search","data":{"status":500,"duration":"3ms","ip":"::1"}}
{"timestamp":"2026-03-19T12:43:45.684Z","level":"INFO","message":"GET /search","data":{"status":500,"duration":"4ms","ip":"::1"}}
{"timestamp":"2026-03-19T12:43:45.985Z","level":"INFO","message":"GET /search","data":{"status":200,"duration":"1ms","ip":"::1"}}
{"timestamp":"2026-03-19T12:43:46.382Z","level":"INFO","message":"GET /search","data":{"status":200,"duration":"1ms","ip":"::1"}}
{"timestamp":"2026-03-19T12:43:47.386Z","level":"INFO","message":"GET /search","data":{"status":200,"duration":"0ms","ip":"::1"}}
{"timestamp":"2026-03-19T12:43:47.704Z","level":"INFO","message":"GET /search","data":{"status":200,"duration":"0ms","ip":"::1"}}
{"timestamp":"2026-03-19T12:43:48.850Z","level":"INFO","message":"GET /search","data":{"status":500,"duration":"3ms","ip":"::1"}}
{"timestamp":"2026-03-19T12:43:49.774Z","level":"INFO","message":"GET /search","data":{"status":500,"duration":"3ms","ip":"::1"}}
{"timestamp":"2026-03-19T12:43:50.872Z","level":"INFO","message":"GET /search","data":{"status":200,"duration":"0ms","ip":"::1"}}
{"timestamp":"2026-03-19T12:43:51.787Z","level":"INFO","message":"GET /search","data":{"status":200,"duration":"0ms","ip":"::1"}}
{"timestamp":"2026-03-19T12:43:52.862Z","level":"INFO","message":"GET /search","data":{"status":500,"duration":"2ms","ip":"::1"}}
{"timestamp":"2026-03-19T12:43:54.169Z","level":"INFO","message":"GET /search","data":{"status":500,"duration":"3ms","ip":"::1"}}
{"timestamp":"2026-03-19T12:43:54.870Z","level":"INFO","message":"GET /search","data":{"status":200,"duration":"0ms","ip":"::1"}}
{"timestamp":"2026-03-19T12:43:56.180Z","level":"INFO","message":"GET /search","data":{"status":200,"duration":"0ms","ip":"::1"}}
{"timestamp":"2026-03-19T12:45:29.409Z","level":"INFO","message":"GET /daily/entries","data":{"status":304,"duration":"1ms","ip":"::1"}}
{"timestamp":"2026-03-19T12:45:29.412Z","level":"INFO","message":"GET /daily/entries","data":{"status":304,"duration":"1ms","ip":"::1"}}
{"timestamp":"2026-03-19T12:45:42.708Z","level":"INFO","message":"GET /search","data":{"status":500,"duration":"11ms","ip":"::1"}}
{"timestamp":"2026-03-19T12:45:43.295Z","level":"INFO","message":"GET /search","data":{"status":304,"duration":"0ms","ip":"::1"}}
{"timestamp":"2026-03-19T12:45:44.719Z","level":"INFO","message":"GET /search","data":{"status":200,"duration":"1ms","ip":"::1"}}
{"timestamp":"2026-03-19T12:46:05.975Z","level":"INFO","message":"Graceful shutdown initiated"}
{"timestamp":"2026-03-19T12:46:05.986Z","level":"INFO","message":"HTTP server closed"}
{"timestamp":"2026-03-19T12:46:06.084Z","level":"INFO","message":"Database disconnected"}
