{"timestamp":"2026-03-23T07:04:17.950Z","level":"INFO","message":"✓ MongoDB connected"}
{"timestamp":"2026-03-23T07:04:17.957Z","level":"INFO","message":"✓ Server running on port 5000"}
{"timestamp":"2026-03-23T07:04:17.958Z","level":"INFO","message":"Environment: development"}
{"timestamp":"2026-03-23T07:04:59.314Z","level":"INFO","message":"POST /login","data":{"status":200,"duration":"360ms","ip":"::1"}}
{"timestamp":"2026-03-23T07:04:59.429Z","level":"INFO","message":"GET /","data":{"status":200,"duration":"50ms","ip":"::1"}}
{"timestamp":"2026-03-23T07:04:59.439Z","level":"INFO","message":"GET /","data":{"status":200,"duration":"50ms","ip":"::1"}}
{"timestamp":"2026-03-23T07:07:48.387Z","level":"INFO","message":"GET /","data":{"status":200,"duration":"37ms","ip":"::1"}}
{"timestamp":"2026-03-23T07:15:30.631Z","level":"INFO","message":"GET /","data":{"status":304,"duration":"143ms","ip":"::1"}}
{"timestamp":"2026-03-23T07:15:34.021Z","level":"INFO","message":"GET /","data":{"status":304,"duration":"39ms","ip":"::1"}}
{"timestamp":"2026-03-23T07:15:34.047Z","level":"INFO","message":"GET /","data":{"status":304,"duration":"57ms","ip":"::1"}}
{"timestamp":"2026-03-23T07:15:35.996Z","level":"INFO","message":"GET /69beed91082685e09a8474a0","data":{"status":200,"duration":"52ms","ip":"::1"}}
{"timestamp":"2026-03-23T07:15:37.792Z","level":"INFO","message":"GET /","data":{"status":304,"duration":"2ms","ip":"::1"}}
{"timestamp":"2026-03-23T07:15:37.797Z","level":"INFO","message":"GET /","data":{"status":304,"duration":"2ms","ip":"::1"}}
{"timestamp":"2026-03-23T07:15:38.916Z","level":"INFO","message":"GET /","data":{"status":304,"duration":"1ms","ip":"::1"}}
{"timestamp":"2026-03-23T07:21:08.644Z","level":"INFO","message":"GET /","data":{"status":304,"duration":"45ms","ip":"::1"}}
{"timestamp":"2026-03-23T07:21:11.203Z","level":"INFO","message":"POST /logout","data":{"status":200,"duration":"4ms","ip":"::1"}}
{"timestamp":"2026-03-23T07:21:24.831Z","level":"INFO","message":"POST /login","data":{"status":200,"duration":"379ms","ip":"::1"}}
{"timestamp":"2026-03-23T07:21:24.896Z","level":"INFO","message":"GET /","data":{"status":304,"duration":"28ms","ip":"::1"}}
{"timestamp":"2026-03-23T07:21:24.909Z","level":"INFO","message":"GET /","data":{"status":304,"duration":"36ms","ip":"::1"}}
{"timestamp":"2026-03-23T07:21:26.667Z","level":"INFO","message":"GET /","data":{"status":304,"duration":"2ms","ip":"::1"}}
{"timestamp":"2026-03-23T07:28:42.710Z","level":"INFO","message":"GET /","data":{"status":304,"duration":"34ms","ip":"::1"}}
{"timestamp":"2026-03-23T07:28:42.716Z","level":"INFO","message":"GET /","data":{"status":304,"duration":"34ms","ip":"::1"}}
{"timestamp":"2026-03-23T07:28:54.991Z","level":"INFO","message":"GET /","data":{"status":304,"duration":"50ms","ip":"::1"}}
{"timestamp":"2026-03-23T07:30:34.515Z","level":"INFO","message":"GET /","data":{"status":304,"duration":"1ms","ip":"::1"}}
{"timestamp":"2026-03-23T07:30:34.518Z","level":"INFO","message":"GET /","data":{"status":304,"duration":"1ms","ip":"::1"}}
{"timestamp":"2026-03-23T07:30:36.336Z","level":"INFO","message":"GET /69beed91082685e09a8474a0","data":{"status":304,"duration":"20ms","ip":"::1"}}
{"timestamp":"2026-03-23T07:30:39.084Z","level":"INFO","message":"GET /","data":{"status":304,"duration":"1ms","ip":"::1"}}
{"timestamp":"2026-03-23T07:30:39.090Z","level":"INFO","message":"GET /","data":{"status":304,"duration":"0ms","ip":"::1"}}
{"timestamp":"2026-03-23T07:30:42.144Z","level":"INFO","message":"GET /","data":{"status":304,"duration":"1ms","ip":"::1"}}
{"timestamp":"2026-03-23T07:37:51.742Z","level":"INFO","message":"GET /","data":{"status":304,"duration":"39ms","ip":"::1"}}
{"timestamp":"2026-03-23T07:38:05.838Z","level":"INFO","message":"GET /","data":{"status":304,"duration":"1ms","ip":"::1"}}
{"timestamp":"2026-03-23T07:38:23.281Z","level":"INFO","message":"GET /","data":{"status":304,"duration":"1ms","ip":"::1"}}
{"timestamp":"2026-03-23T07:38:27.071Z","level":"INFO","message":"GET /","data":{"status":304,"duration":"2ms","ip":"::1"}}
{"timestamp":"2026-03-23T07:40:59.412Z","level":"INFO","message":"GET /","data":{"status":304,"duration":"1ms","ip":"::1"}}
{"timestamp":"2026-03-23T07:41:44.200Z","level":"INFO","message":"GET /","data":{"status":304,"duration":"1ms","ip":"::1"}}
{"timestamp":"2026-03-23T07:41:58.708Z","level":"INFO","message":"GET /","data":{"status":304,"duration":"2ms","ip":"::1"}}
{"timestamp":"2026-03-23T07:42:01.349Z","level":"INFO","message":"GET /","data":{"status":304,"duration":"2ms","ip":"::1"}}
{"timestamp":"2026-03-23T07:42:14.805Z","level":"INFO","message":"GET /","data":{"status":304,"duration":"1ms","ip":"::1"}}
{"timestamp":"2026-03-23T07:42:43.123Z","level":"INFO","message":"GET /69beed91082685e09a8474a0","data":{"status":304,"duration":"40ms","ip":"::1"}}
{"timestamp":"2026-03-23T07:42:49.283Z","level":"INFO","message":"GET /","data":{"status":304,"duration":"1ms","ip":"::1"}}
{"timestamp":"2026-03-23T07:42:52.246Z","level":"INFO","message":"GET /69b297d4d6b3f43bd368bfa3","data":{"status":200,"duration":"20ms","ip":"::1"}}
{"timestamp":"2026-03-23T07:42:55.156Z","level":"INFO","message":"GET /","data":{"status":304,"duration":"41ms","ip":"::1"}}
{"timestamp":"2026-03-23T07:45:46.335Z","level":"INFO","message":"GET /","data":{"status":304,"duration":"2ms","ip":"::1"}}
{"timestamp":"2026-03-23T07:45:50.524Z","level":"INFO","message":"GET /","data":{"status":304,"duration":"1ms","ip":"::1"}}
{"timestamp":"2026-03-23T07:45:53.506Z","level":"INFO","message":"GET /","data":{"status":304,"duration":"1ms","ip":"::1"}}
{"timestamp":"2026-03-23T07:46:19.788Z","level":"INFO","message":"GET /","data":{"status":304,"duration":"1ms","ip":"::1"}}
{"timestamp":"2026-03-23T07:46:21.916Z","level":"INFO","message":"GET /","data":{"status":304,"duration":"1ms","ip":"::1"}}
{"timestamp":"2026-03-23T07:46:50.704Z","level":"INFO","message":"GET /","data":{"status":304,"duration":"1ms","ip":"::1"}}
{"timestamp":"2026-03-23T07:46:51.642Z","level":"INFO","message":"GET /","data":{"status":304,"duration":"1ms","ip":"::1"}}
{"timestamp":"2026-03-23T07:47:18.447Z","level":"INFO","message":"GET /","data":{"status":304,"duration":"0ms","ip":"::1"}}
{"timestamp":"2026-03-23T07:47:20.352Z","level":"INFO","message":"GET /","data":{"status":304,"duration":"1ms","ip":"::1"}}
{"timestamp":"2026-03-23T07:51:37.433Z","level":"INFO","message":"GET /","data":{"status":304,"duration":"47ms","ip":"::1"}}
{"timestamp":"2026-03-23T07:51:38.174Z","level":"INFO","message":"GET /","data":{"status":304,"duration":"2ms","ip":"::1"}}
{"timestamp":"2026-03-23T07:51:55.325Z","level":"INFO","message":"GET /","data":{"status":304,"duration":"0ms","ip":"::1"}}
{"timestamp":"2026-03-23T07:51:58.648Z","level":"INFO","message":"GET /","data":{"status":304,"duration":"2ms","ip":"::1"}}
{"timestamp":"2026-03-23T07:52:23.342Z","level":"INFO","message":"GET /69beed91082685e09a8474a0","data":{"status":304,"duration":"21ms","ip":"::1"}}
{"timestamp":"2026-03-23T07:52:26.114Z","level":"INFO","message":"GET /","data":{"status":304,"duration":"1ms","ip":"::1"}}
{"timestamp":"2026-03-23T07:52:37.343Z","level":"INFO","message":"DELETE /69b297d4d6b3f43bd368bfa3","data":{"status":200,"duration":"56ms","ip":"::1"}}
{"timestamp":"2026-03-23T07:52:41.278Z","level":"INFO","message":"GET /","data":{"status":200,"duration":"35ms","ip":"::1"}}
{"timestamp":"2026-03-23T07:52:47.411Z","level":"INFO","message":"GET /69beed91082685e09a8474a0","data":{"status":304,"duration":"18ms","ip":"::1"}}
{"timestamp":"2026-03-23T07:52:49.725Z","level":"INFO","message":"GET /","data":{"status":304,"duration":"1ms","ip":"::1"}}
{"timestamp":"2026-03-23T07:53:51.381Z","level":"INFO","message":"GET /","data":{"status":304,"duration":"1ms","ip":"::1"}}
{"timestamp":"2026-03-23T07:54:24.589Z","level":"INFO","message":"GET /","data":{"status":304,"duration":"0ms","ip":"::1"}}
{"timestamp":"2026-03-23T07:54:27.728Z","level":"INFO","message":"GET /","data":{"status":304,"duration":"1ms","ip":"::1"}}
{"timestamp":"2026-03-23T07:54:31.767Z","level":"INFO","message":"GET /69beed91082685e09a8474a0","data":{"status":304,"duration":"1ms","ip":"::1"}}
{"timestamp":"2026-03-23T07:54:43.509Z","level":"INFO","message":"GET /69beed91082685e09a8474a0","data":{"status":304,"duration":"0ms","ip":"::1"}}
{"timestamp":"2026-03-23T07:54:45.770Z","level":"INFO","message":"GET /","data":{"status":304,"duration":"1ms","ip":"::1"}}
{"timestamp":"2026-03-23T07:54:47.388Z","level":"INFO","message":"GET /69b29558d6b3f43bd368bf96","data":{"status":200,"duration":"62ms","ip":"::1"}}
{"timestamp":"2026-03-23T07:54:55.564Z","level":"INFO","message":"GET /69b29558d6b3f43bd368bf96","data":{"status":304,"duration":"1ms","ip":"::1"}}
{"timestamp":"2026-03-23T07:54:57.458Z","level":"INFO","message":"GET /","data":{"status":304,"duration":"1ms","ip":"::1"}}
{"timestamp":"2026-03-23T08:14:28.239Z","level":"INFO","message":"POST /refresh","data":{"status":200,"duration":"42ms","ip":"::1"}}
{"timestamp":"2026-03-23T08:34:28.180Z","level":"INFO","message":"POST /refresh","data":{"status":200,"duration":"25ms","ip":"::1"}}
{"timestamp":"2026-03-23T08:54:28.144Z","level":"INFO","message":"POST /refresh","data":{"status":200,"duration":"4ms","ip":"::1"}}
{"timestamp":"2026-03-23T09:14:28.217Z","level":"INFO","message":"POST /refresh","data":{"status":200,"duration":"36ms","ip":"::1"}}
{"timestamp":"2026-03-23T09:27:22.715Z","level":"INFO","message":"GET /69beed91082685e09a8474a0","data":{"status":304,"duration":"129ms","ip":"::1"}}
{"timestamp":"2026-03-23T09:27:24.154Z","level":"INFO","message":"GET /","data":{"status":304,"duration":"48ms","ip":"::1"}}
{"timestamp":"2026-03-23T09:34:28.161Z","level":"INFO","message":"POST /refresh","data":{"status":200,"duration":"20ms","ip":"::1"}}
{"timestamp":"2026-03-23T09:37:55.509Z","level":"INFO","message":"GET /","data":{"status":304,"duration":"84ms","ip":"::1"}}
{"timestamp":"2026-03-23T09:38:31.216Z","level":"INFO","message":"GET /","data":{"status":304,"duration":"0ms","ip":"::1"}}
{"timestamp":"2026-03-23T09:38:41.176Z","level":"INFO","message":"GET /","data":{"status":304,"duration":"1ms","ip":"::1"}}
{"timestamp":"2026-03-23T09:38:42.817Z","level":"INFO","message":"GET /","data":{"status":304,"duration":"1ms","ip":"::1"}}
{"timestamp":"2026-03-23T09:38:52.654Z","level":"INFO","message":"GET /","data":{"status":304,"duration":"1ms","ip":"::1"}}
{"timestamp":"2026-03-23T09:39:04.330Z","level":"INFO","message":"GET /","data":{"status":304,"duration":"1ms","ip":"::1"}}
{"timestamp":"2026-03-23T09:39:14.509Z","level":"INFO","message":"GET /","data":{"status":304,"duration":"1ms","ip":"::1"}}
{"timestamp":"2026-03-23T09:39:28.126Z","level":"INFO","message":"GET /","data":{"status":304,"duration":"0ms","ip":"::1"}}
{"timestamp":"2026-03-23T09:39:32.171Z","level":"INFO","message":"GET /","data":{"status":304,"duration":"0ms","ip":"::1"}}
{"timestamp":"2026-03-23T09:39:42.806Z","level":"INFO","message":"GET /","data":{"status":304,"duration":"0ms","ip":"::1"}}
{"timestamp":"2026-03-23T09:39:46.872Z","level":"INFO","message":"GET /","data":{"status":304,"duration":"1ms","ip":"::1"}}
{"timestamp":"2026-03-23T09:39:55.500Z","level":"INFO","message":"GET /","data":{"status":304,"duration":"0ms","ip":"::1"}}
{"timestamp":"2026-03-23T09:39:58.261Z","level":"INFO","message":"GET /","data":{"status":304,"duration":"1ms","ip":"::1"}}
{"timestamp":"2026-03-23T09:40:16.631Z","level":"INFO","message":"GET /","data":{"status":304,"duration":"1ms","ip":"::1"}}
{"timestamp":"2026-03-23T09:40:19.196Z","level":"INFO","message":"GET /","data":{"status":304,"duration":"1ms","ip":"::1"}}
{"timestamp":"2026-03-23T09:40:27.302Z","level":"INFO","message":"GET /","data":{"status":304,"duration":"0ms","ip":"::1"}}
{"timestamp":"2026-03-23T09:40:35.672Z","level":"INFO","message":"GET /","data":{"status":304,"duration":"1ms","ip":"::1"}}
{"timestamp":"2026-03-23T09:40:37.286Z","level":"INFO","message":"GET /","data":{"status":304,"duration":"1ms","ip":"::1"}}
{"timestamp":"2026-03-23T09:40:45.609Z","level":"INFO","message":"GET /","data":{"status":304,"duration":"2ms","ip":"::1"}}
{"timestamp":"2026-03-23T09:40:57.879Z","level":"INFO","message":"GET /","data":{"status":304,"duration":"2ms","ip":"::1"}}
{"timestamp":"2026-03-23T09:40:58.737Z","level":"INFO","message":"GET /","data":{"status":304,"duration":"0ms","ip":"::1"}}
{"timestamp":"2026-03-23T09:41:04.455Z","level":"INFO","message":"GET /","data":{"status":304,"duration":"1ms","ip":"::1"}}
{"timestamp":"2026-03-23T09:41:08.938Z","level":"INFO","message":"GET /","data":{"status":304,"duration":"1ms","ip":"::1"}}
{"timestamp":"2026-03-23T09:41:15.004Z","level":"INFO","message":"GET /","data":{"status":304,"duration":"1ms","ip":"::1"}}
{"timestamp":"2026-03-23T09:41:17.323Z","level":"INFO","message":"GET /","data":{"status":304,"duration":"0ms","ip":"::1"}}
{"timestamp":"2026-03-23T09:41:20.135Z","level":"INFO","message":"GET /","data":{"status":304,"duration":"1ms","ip":"::1"}}
{"timestamp":"2026-03-23T09:41:39.486Z","level":"INFO","message":"GET /","data":{"status":304,"duration":"0ms","ip":"::1"}}
{"timestamp":"2026-03-23T09:41:40.836Z","level":"INFO","message":"GET /","data":{"status":304,"duration":"0ms","ip":"::1"}}
{"timestamp":"2026-03-23T09:41:52.972Z","level":"INFO","message":"GET /","data":{"status":304,"duration":"0ms","ip":"::1"}}
{"timestamp":"2026-03-23T09:41:57.932Z","level":"INFO","message":"GET /","data":{"status":304,"duration":"0ms","ip":"::1"}}
{"timestamp":"2026-03-23T09:42:01.582Z","level":"INFO","message":"GET /","data":{"status":304,"duration":"1ms","ip":"::1"}}
{"timestamp":"2026-03-23T09:42:05.758Z","level":"INFO","message":"GET /","data":{"status":304,"duration":"1ms","ip":"::1"}}
{"timestamp":"2026-03-23T09:42:11.854Z","level":"INFO","message":"GET /","data":{"status":304,"duration":"1ms","ip":"::1"}}
{"timestamp":"2026-03-23T09:42:14.574Z","level":"INFO","message":"GET /","data":{"status":304,"duration":"1ms","ip":"::1"}}
{"timestamp":"2026-03-23T09:42:18.262Z","level":"INFO","message":"GET /","data":{"status":304,"duration":"1ms","ip":"::1"}}
{"timestamp":"2026-03-23T09:42:22.761Z","level":"INFO","message":"GET /","data":{"status":304,"duration":"0ms","ip":"::1"}}
{"timestamp":"2026-03-23T09:42:37.982Z","level":"INFO","message":"GET /","data":{"status":304,"duration":"2ms","ip":"::1"}}
{"timestamp":"2026-03-23T09:42:44.083Z","level":"INFO","message":"GET /","data":{"status":304,"duration":"3ms","ip":"::1"}}
{"timestamp":"2026-03-23T09:42:50.611Z","level":"INFO","message":"GET /","data":{"status":304,"duration":"0ms","ip":"::1"}}
{"timestamp":"2026-03-23T09:42:53.798Z","level":"INFO","message":"GET /","data":{"status":304,"duration":"1ms","ip":"::1"}}
{"timestamp":"2026-03-23T09:42:56.381Z","level":"INFO","message":"GET /","data":{"status":304,"duration":"117ms","ip":"::1"}}
{"timestamp":"2026-03-23T09:42:59.678Z","level":"INFO","message":"GET /","data":{"status":304,"duration":"1ms","ip":"::1"}}
{"timestamp":"2026-03-23T09:43:01.513Z","level":"INFO","message":"GET /","data":{"status":304,"duration":"0ms","ip":"::1"}}
{"timestamp":"2026-03-23T09:43:11.646Z","level":"INFO","message":"GET /","data":{"status":304,"duration":"1ms","ip":"::1"}}
{"timestamp":"2026-03-23T09:43:18.353Z","level":"INFO","message":"GET /","data":{"status":304,"duration":"1ms","ip":"::1"}}
{"timestamp":"2026-03-23T09:43:21.882Z","level":"INFO","message":"GET /","data":{"status":304,"duration":"2ms","ip":"::1"}}
{"timestamp":"2026-03-23T09:43:30.963Z","level":"INFO","message":"GET /","data":{"status":304,"duration":"1ms","ip":"::1"}}
{"timestamp":"2026-03-23T09:43:34.793Z","level":"INFO","message":"GET /","data":{"status":304,"duration":"1ms","ip":"::1"}}
{"timestamp":"2026-03-23T09:43:44.744Z","level":"INFO","message":"GET /","data":{"status":304,"duration":"1ms","ip":"::1"}}
{"timestamp":"2026-03-23T09:43:48.464Z","level":"INFO","message":"GET /","data":{"status":304,"duration":"0ms","ip":"::1"}}
{"timestamp":"2026-03-23T09:43:51.202Z","level":"INFO","message":"GET /","data":{"status":304,"duration":"1ms","ip":"::1"}}
{"timestamp":"2026-03-23T09:43:59.652Z","level":"INFO","message":"GET /","data":{"status":304,"duration":"1ms","ip":"::1"}}
{"timestamp":"2026-03-23T09:44:03.666Z","level":"INFO","message":"GET /","data":{"status":304,"duration":"0ms","ip":"::1"}}
{"timestamp":"2026-03-23T09:44:12.789Z","level":"INFO","message":"GET /","data":{"status":304,"duration":"1ms","ip":"::1"}}
{"timestamp":"2026-03-23T09:44:15.523Z","level":"INFO","message":"GET /","data":{"status":304,"duration":"0ms","ip":"::1"}}
{"timestamp":"2026-03-23T09:44:19.900Z","level":"INFO","message":"GET /","data":{"status":304,"duration":"1ms","ip":"::1"}}
{"timestamp":"2026-03-23T09:44:24.152Z","level":"INFO","message":"GET /","data":{"status":304,"duration":"2ms","ip":"::1"}}
{"timestamp":"2026-03-23T09:44:25.649Z","level":"INFO","message":"GET /","data":{"status":304,"duration":"0ms","ip":"::1"}}
{"timestamp":"2026-03-23T09:44:29.040Z","level":"INFO","message":"GET /","data":{"status":304,"duration":"0ms","ip":"::1"}}
{"timestamp":"2026-03-23T09:44:41.384Z","level":"INFO","message":"GET /","data":{"status":304,"duration":"0ms","ip":"::1"}}
{"timestamp":"2026-03-23T09:44:48.528Z","level":"INFO","message":"GET /","data":{"status":304,"duration":"1ms","ip":"::1"}}
{"timestamp":"2026-03-23T09:44:51.954Z","level":"INFO","message":"GET /","data":{"status":304,"duration":"1ms","ip":"::1"}}
{"timestamp":"2026-03-23T09:45:21.974Z","level":"INFO","message":"GET /","data":{"status":304,"duration":"0ms","ip":"::1"}}
{"timestamp":"2026-03-23T09:45:25.806Z","level":"INFO","message":"GET /","data":{"status":304,"duration":"1ms","ip":"::1"}}
{"timestamp":"2026-03-23T09:45:34.913Z","level":"INFO","message":"GET /","data":{"status":304,"duration":"0ms","ip":"::1"}}
{"timestamp":"2026-03-23T09:47:07.036Z","level":"INFO","message":"GET /","data":{"status":304,"duration":"1ms","ip":"::1"}}
{"timestamp":"2026-03-23T09:48:24.033Z","level":"INFO","message":"GET /","data":{"status":304,"duration":"139ms","ip":"::1"}}
{"timestamp":"2026-03-23T09:49:42.311Z","level":"INFO","message":"GET /","data":{"status":304,"duration":"1ms","ip":"::1"}}
{"timestamp":"2026-03-23T09:49:51.386Z","level":"INFO","message":"GET /69beed91082685e09a8474a0","data":{"status":304,"duration":"31ms","ip":"::1"}}
{"timestamp":"2026-03-23T09:49:53.908Z","level":"INFO","message":"GET /","data":{"status":304,"duration":"1ms","ip":"::1"}}
{"timestamp":"2026-03-23T09:53:30.720Z","level":"INFO","message":"GET /","data":{"status":304,"duration":"29ms","ip":"::1"}}
{"timestamp":"2026-03-23T09:53:35.685Z","level":"INFO","message":"GET /","data":{"status":304,"duration":"1ms","ip":"::1"}}
{"timestamp":"2026-03-23T09:56:40.885Z","level":"INFO","message":"GET /","data":{"status":304,"duration":"0ms","ip":"::1"}}
{"timestamp":"2026-03-23T09:56:44.098Z","level":"INFO","message":"GET /","data":{"status":304,"duration":"1ms","ip":"::1"}}
{"timestamp":"2026-03-23T09:57:40.850Z","level":"INFO","message":"GET /","data":{"status":304,"duration":"1ms","ip":"::1"}}
{"timestamp":"2026-03-23T09:58:36.909Z","level":"INFO","message":"GET /","data":{"status":304,"duration":"34ms","ip":"::1"}}
{"timestamp":"2026-03-23T10:00:10.089Z","level":"INFO","message":"POST /","data":{"status":201,"duration":"142ms","ip":"::1"}}
{"timestamp":"2026-03-23T10:00:10.130Z","level":"INFO","message":"GET /","data":{"status":200,"duration":"29ms","ip":"::1"}}
{"timestamp":"2026-03-23T10:00:16.958Z","level":"INFO","message":"DELETE /69c10f29b464f468ab55b59b","data":{"status":200,"duration":"22ms","ip":"::1"}}
{"timestamp":"2026-03-23T10:00:17.156Z","level":"INFO","message":"GET /","data":{"status":200,"duration":"36ms","ip":"::1"}}
{"timestamp":"2026-03-23T10:02:02.734Z","level":"INFO","message":"GET /69b29558d6b3f43bd368bf96","data":{"status":304,"duration":"18ms","ip":"::1"}}
{"timestamp":"2026-03-23T10:02:05.374Z","level":"INFO","message":"GET /","data":{"status":304,"duration":"2ms","ip":"::1"}}
{"timestamp":"2026-03-23T10:02:10.361Z","level":"INFO","message":"GET /","data":{"status":200,"duration":"36ms","ip":"::1"}}
{"timestamp":"2026-03-23T10:02:10.381Z","level":"INFO","message":"GET /","data":{"status":304,"duration":"51ms","ip":"::1"}}
{"timestamp":"2026-03-23T10:02:17.916Z","level":"INFO","message":"GET /","data":{"status":304,"duration":"1ms","ip":"::1"}}
{"timestamp":"2026-03-23T10:02:19.926Z","level":"INFO","message":"GET /","data":{"status":304,"duration":"1ms","ip":"::1"}}
{"timestamp":"2026-03-23T10:02:19.929Z","level":"INFO","message":"GET /","data":{"status":304,"duration":"1ms","ip":"::1"}}
{"timestamp":"2026-03-23T10:02:23.699Z","level":"INFO","message":"GET /","data":{"status":304,"duration":"1ms","ip":"::1"}}
{"timestamp":"2026-03-23T10:02:40.766Z","level":"INFO","message":"GET /","data":{"status":304,"duration":"1ms","ip":"::1"}}
{"timestamp":"2026-03-23T10:02:40.770Z","level":"INFO","message":"GET /","data":{"status":304,"duration":"2ms","ip":"::1"}}
{"timestamp":"2026-03-23T10:10:23.016Z","level":"INFO","message":"GET /","data":{"status":304,"duration":"217ms","ip":"::1"}}
{"timestamp":"2026-03-23T10:10:23.021Z","level":"INFO","message":"GET /","data":{"status":304,"duration":"164ms","ip":"::1"}}
{"timestamp":"2026-03-23T10:10:29.762Z","level":"INFO","message":"GET /","data":{"status":304,"duration":"0ms","ip":"::1"}}
{"timestamp":"2026-03-23T10:10:29.765Z","level":"INFO","message":"GET /","data":{"status":304,"duration":"1ms","ip":"::1"}}
{"timestamp":"2026-03-23T10:10:32.459Z","level":"INFO","message":"POST /logout","data":{"status":200,"duration":"5ms","ip":"::1"}}
{"timestamp":"2026-03-23T10:10:51.149Z","level":"INFO","message":"POST /login","data":{"status":200,"duration":"372ms","ip":"::1"}}
{"timestamp":"2026-03-23T10:10:51.165Z","level":"INFO","message":"GET /","data":{"status":304,"duration":"1ms","ip":"::1"}}
{"timestamp":"2026-03-23T10:10:51.169Z","level":"INFO","message":"GET /","data":{"status":304,"duration":"2ms","ip":"::1"}}
{"timestamp":"2026-03-23T10:12:00.081Z","level":"INFO","message":"GET /","data":{"status":304,"duration":"2ms","ip":"::1"}}
{"timestamp":"2026-03-23T10:12:00.083Z","level":"INFO","message":"GET /","data":{"status":304,"duration":"0ms","ip":"::1"}}
{"timestamp":"2026-03-23T10:13:02.753Z","level":"INFO","message":"GET /","data":{"status":304,"duration":"1ms","ip":"::1"}}
{"timestamp":"2026-03-23T10:13:02.756Z","level":"INFO","message":"GET /","data":{"status":304,"duration":"1ms","ip":"::1"}}
{"timestamp":"2026-03-23T10:13:08.229Z","level":"INFO","message":"GET /","data":{"status":304,"duration":"0ms","ip":"::1"}}
{"timestamp":"2026-03-23T10:13:08.233Z","level":"INFO","message":"GET /","data":{"status":304,"duration":"1ms","ip":"::1"}}
{"timestamp":"2026-03-23T10:13:11.389Z","level":"INFO","message":"GET /","data":{"status":304,"duration":"29ms","ip":"::1"}}
{"timestamp":"2026-03-23T10:13:14.631Z","level":"INFO","message":"GET /","data":{"status":304,"duration":"0ms","ip":"::1"}}
{"timestamp":"2026-03-23T10:13:19.754Z","level":"INFO","message":"GET /","data":{"status":304,"duration":"0ms","ip":"::1"}}
{"timestamp":"2026-03-23T10:13:48.455Z","level":"INFO","message":"POST /","data":{"status":201,"duration":"70ms","ip":"::1"}}
{"timestamp":"2026-03-23T10:13:48.497Z","level":"INFO","message":"GET /","data":{"status":200,"duration":"29ms","ip":"::1"}}
{"timestamp":"2026-03-23T10:16:21.952Z","level":"INFO","message":"GET /","data":{"status":200,"duration":"40ms","ip":"::1"}}
{"timestamp":"2026-03-23T10:16:21.956Z","level":"INFO","message":"GET /","data":{"status":304,"duration":"28ms","ip":"::1"}}
{"timestamp":"2026-03-23T10:26:45.404Z","level":"INFO","message":"GET /","data":{"status":304,"duration":"209ms","ip":"::1"}}
{"timestamp":"2026-03-23T10:26:45.410Z","level":"INFO","message":"GET /","data":{"status":304,"duration":"117ms","ip":"::1"}}
{"timestamp":"2026-03-23T10:32:41.211Z","level":"INFO","message":"GET /","data":{"status":304,"duration":"175ms","ip":"::1"}}
{"timestamp":"2026-03-23T10:32:41.217Z","level":"INFO","message":"GET /","data":{"status":304,"duration":"65ms","ip":"::1"}}
{"timestamp":"2026-03-23T10:33:43.086Z","level":"INFO","message":"GET /","data":{"status":304,"duration":"1ms","ip":"::1"}}
{"timestamp":"2026-03-23T10:33:43.088Z","level":"INFO","message":"GET /","data":{"status":304,"duration":"0ms","ip":"::1"}}
{"timestamp":"2026-03-23T10:33:55.082Z","level":"INFO","message":"GET /","data":{"status":304,"duration":"0ms","ip":"::1"}}
{"timestamp":"2026-03-23T10:33:55.085Z","level":"INFO","message":"GET /","data":{"status":304,"duration":"1ms","ip":"::1"}}
{"timestamp":"2026-03-23T10:33:56.815Z","level":"INFO","message":"GET /","data":{"status":304,"duration":"1ms","ip":"::1"}}
{"timestamp":"2026-03-23T10:33:56.819Z","level":"INFO","message":"GET /","data":{"status":304,"duration":"0ms","ip":"::1"}}
{"timestamp":"2026-03-23T10:35:29.074Z","level":"INFO","message":"GET /","data":{"status":304,"duration":"1ms","ip":"::1"}}
{"timestamp":"2026-03-23T10:35:29.079Z","level":"INFO","message":"GET /","data":{"status":304,"duration":"2ms","ip":"::1"}}
{"timestamp":"2026-03-23T10:35:29.297Z","level":"INFO","message":"GET /","data":{"status":304,"duration":"1ms","ip":"::1"}}
{"timestamp":"2026-03-23T10:35:29.299Z","level":"INFO","message":"GET /","data":{"status":304,"duration":"0ms","ip":"::1"}}
{"timestamp":"2026-03-23T10:35:33.456Z","level":"INFO","message":"GET /","data":{"status":304,"duration":"1ms","ip":"::1"}}
{"timestamp":"2026-03-23T10:35:33.459Z","level":"INFO","message":"GET /","data":{"status":304,"duration":"1ms","ip":"::1"}}
{"timestamp":"2026-03-23T10:37:37.512Z","level":"INFO","message":"GET /","data":{"status":304,"duration":"2ms","ip":"::1"}}
{"timestamp":"2026-03-23T10:37:37.514Z","level":"INFO","message":"GET /","data":{"status":304,"duration":"0ms","ip":"::1"}}
{"timestamp":"2026-03-23T10:37:39.086Z","level":"INFO","message":"GET /","data":{"status":304,"duration":"2ms","ip":"::1"}}
{"timestamp":"2026-03-23T10:37:39.088Z","level":"INFO","message":"GET /","data":{"status":304,"duration":"0ms","ip":"::1"}}
{"timestamp":"2026-03-23T10:40:18.972Z","level":"INFO","message":"GET /","data":{"status":304,"duration":"43ms","ip":"::1"}}
{"timestamp":"2026-03-23T10:40:18.980Z","level":"INFO","message":"GET /","data":{"status":304,"duration":"39ms","ip":"::1"}}
{"timestamp":"2026-03-23T10:40:20.994Z","level":"INFO","message":"GET /","data":{"status":304,"duration":"1ms","ip":"::1"}}
{"timestamp":"2026-03-23T10:40:20.996Z","level":"INFO","message":"GET /","data":{"status":304,"duration":"0ms","ip":"::1"}}
{"timestamp":"2026-03-23T10:41:42.801Z","level":"INFO","message":"GET /","data":{"status":304,"duration":"1ms","ip":"::1"}}
{"timestamp":"2026-03-23T10:41:42.805Z","level":"INFO","message":"GET /","data":{"status":304,"duration":"1ms","ip":"::1"}}
{"timestamp":"2026-03-23T10:41:46.161Z","level":"INFO","message":"GET /","data":{"status":304,"duration":"1ms","ip":"::1"}}
{"timestamp":"2026-03-23T10:41:46.164Z","level":"INFO","message":"GET /","data":{"status":304,"duration":"1ms","ip":"::1"}}
{"timestamp":"2026-03-23T10:43:41.103Z","level":"INFO","message":"GET /","data":{"status":304,"duration":"1ms","ip":"::1"}}
{"timestamp":"2026-03-23T10:43:41.105Z","level":"INFO","message":"GET /","data":{"status":304,"duration":"0ms","ip":"::1"}}
{"timestamp":"2026-03-23T10:45:43.360Z","level":"INFO","message":"GET /","data":{"status":304,"duration":"36ms","ip":"::1"}}
{"timestamp":"2026-03-23T10:45:43.364Z","level":"INFO","message":"GET /","data":{"status":304,"duration":"32ms","ip":"::1"}}
{"timestamp":"2026-03-23T10:46:04.831Z","level":"INFO","message":"GET /","data":{"status":304,"duration":"1ms","ip":"::1"}}
{"timestamp":"2026-03-23T10:46:04.835Z","level":"INFO","message":"GET /","data":{"status":304,"duration":"0ms","ip":"::1"}}
{"timestamp":"2026-03-23T10:46:21.626Z","level":"INFO","message":"GET /","data":{"status":304,"duration":"1ms","ip":"::1"}}
{"timestamp":"2026-03-23T10:46:21.628Z","level":"INFO","message":"GET /","data":{"status":304,"duration":"0ms","ip":"::1"}}
{"timestamp":"2026-03-23T10:46:45.348Z","level":"INFO","message":"GET /","data":{"status":304,"duration":"1ms","ip":"::1"}}
{"timestamp":"2026-03-23T10:46:45.352Z","level":"INFO","message":"GET /","data":{"status":304,"duration":"0ms","ip":"::1"}}
{"timestamp":"2026-03-23T10:46:48.004Z","level":"INFO","message":"GET /","data":{"status":304,"duration":"0ms","ip":"::1"}}
{"timestamp":"2026-03-23T10:46:48.008Z","level":"INFO","message":"GET /","data":{"status":304,"duration":"1ms","ip":"::1"}}
{"timestamp":"2026-03-23T10:46:50.011Z","level":"INFO","message":"GET /","data":{"status":304,"duration":"1ms","ip":"::1"}}
{"timestamp":"2026-03-23T10:46:50.013Z","level":"INFO","message":"GET /","data":{"status":304,"duration":"0ms","ip":"::1"}}
{"timestamp":"2026-03-23T10:47:02.187Z","level":"INFO","message":"GET /","data":{"status":304,"duration":"1ms","ip":"::1"}}
{"timestamp":"2026-03-23T10:47:02.190Z","level":"INFO","message":"GET /","data":{"status":304,"duration":"1ms","ip":"::1"}}
{"timestamp":"2026-03-23T10:47:37.177Z","level":"INFO","message":"GET /","data":{"status":304,"duration":"1ms","ip":"::1"}}
{"timestamp":"2026-03-23T10:47:37.181Z","level":"INFO","message":"GET /","data":{"status":304,"duration":"1ms","ip":"::1"}}
{"timestamp":"2026-03-23T10:47:37.380Z","level":"INFO","message":"GET /","data":{"status":304,"duration":"1ms","ip":"::1"}}
{"timestamp":"2026-03-23T10:47:37.382Z","level":"INFO","message":"GET /","data":{"status":304,"duration":"1ms","ip":"::1"}}
{"timestamp":"2026-03-23T10:48:56.364Z","level":"INFO","message":"GET /","data":{"status":304,"duration":"2ms","ip":"::1"}}
{"timestamp":"2026-03-23T10:48:56.367Z","level":"INFO","message":"GET /","data":{"status":304,"duration":"1ms","ip":"::1"}}
{"timestamp":"2026-03-23T10:49:51.606Z","level":"INFO","message":"GET /","data":{"status":304,"duration":"32ms","ip":"::1"}}
{"timestamp":"2026-03-23T10:49:55.144Z","level":"INFO","message":"GET /daily/entries","data":{"status":200,"duration":"53ms","ip":"::1"}}
{"timestamp":"2026-03-23T10:49:55.147Z","level":"INFO","message":"GET /daily/entries","data":{"status":200,"duration":"19ms","ip":"::1"}}
{"timestamp":"2026-03-23T11:03:46.499Z","level":"INFO","message":"GET /daily/entries","data":{"status":304,"duration":"116ms","ip":"::1"}}
{"timestamp":"2026-03-23T11:03:46.505Z","level":"INFO","message":"GET /daily/entries","data":{"status":304,"duration":"33ms","ip":"::1"}}
{"timestamp":"2026-03-23T11:03:49.995Z","level":"INFO","message":"GET /daily/entries","data":{"status":304,"duration":"0ms","ip":"::1"}}
{"timestamp":"2026-03-23T11:03:49.997Z","level":"INFO","message":"GET /daily/entries","data":{"status":304,"duration":"0ms","ip":"::1"}}
{"timestamp":"2026-03-23T11:09:08.096Z","level":"INFO","message":"GET /daily/entries","data":{"status":304,"duration":"19ms","ip":"::1"}}
{"timestamp":"2026-03-23T11:09:08.102Z","level":"INFO","message":"GET /daily/entries","data":{"status":304,"duration":"17ms","ip":"::1"}}
{"timestamp":"2026-03-23T11:09:10.040Z","level":"INFO","message":"GET /daily/entries","data":{"status":304,"duration":"1ms","ip":"::1"}}
{"timestamp":"2026-03-23T11:09:10.044Z","level":"INFO","message":"GET /daily/entries","data":{"status":304,"duration":"1ms","ip":"::1"}}
{"timestamp":"2026-03-23T11:12:49.643Z","level":"INFO","message":"GET /daily/entries","data":{"status":304,"duration":"1ms","ip":"::1"}}
{"timestamp":"2026-03-23T11:12:49.646Z","level":"INFO","message":"GET /daily/entries","data":{"status":304,"duration":"1ms","ip":"::1"}}
{"timestamp":"2026-03-23T11:14:43.403Z","level":"INFO","message":"GET /daily/entries","data":{"status":304,"duration":"29ms","ip":"::1"}}
{"timestamp":"2026-03-23T11:14:43.408Z","level":"INFO","message":"GET /daily/entries","data":{"status":304,"duration":"23ms","ip":"::1"}}
{"timestamp":"2026-03-23T11:18:01.697Z","level":"INFO","message":"GET /daily/entries","data":{"status":304,"duration":"1ms","ip":"::1"}}
{"timestamp":"2026-03-23T11:18:01.699Z","level":"INFO","message":"GET /daily/entries","data":{"status":304,"duration":"0ms","ip":"::1"}}
{"timestamp":"2026-03-23T11:18:13.886Z","level":"INFO","message":"GET /daily/entries","data":{"status":304,"duration":"1ms","ip":"::1"}}
{"timestamp":"2026-03-23T11:18:13.889Z","level":"INFO","message":"GET /daily/entries","data":{"status":304,"duration":"1ms","ip":"::1"}}
{"timestamp":"2026-03-23T11:18:15.380Z","level":"INFO","message":"GET /daily/entries","data":{"status":304,"duration":"1ms","ip":"::1"}}
{"timestamp":"2026-03-23T11:18:15.383Z","level":"INFO","message":"GET /daily/entries","data":{"status":304,"duration":"0ms","ip":"::1"}}
{"timestamp":"2026-03-23T11:18:47.979Z","level":"INFO","message":"GET /daily/entries","data":{"status":304,"duration":"0ms","ip":"::1"}}
{"timestamp":"2026-03-23T11:18:47.983Z","level":"INFO","message":"GET /daily/entries","data":{"status":304,"duration":"1ms","ip":"::1"}}
{"timestamp":"2026-03-23T11:18:57.415Z","level":"INFO","message":"GET /search","data":{"status":500,"duration":"49ms","ip":"::1"}}
{"timestamp":"2026-03-23T11:18:57.960Z","level":"INFO","message":"GET /search","data":{"status":500,"duration":"5ms","ip":"::1"}}
{"timestamp":"2026-03-23T11:18:58.303Z","level":"INFO","message":"GET /search","data":{"status":500,"duration":"3ms","ip":"::1"}}
{"timestamp":"2026-03-23T11:18:59.424Z","level":"INFO","message":"GET /search","data":{"status":200,"duration":"1ms","ip":"::1"}}
{"timestamp":"2026-03-23T11:18:59.976Z","level":"INFO","message":"GET /search","data":{"status":200,"duration":"1ms","ip":"::1"}}
{"timestamp":"2026-03-23T11:19:00.308Z","level":"INFO","message":"GET /search","data":{"status":200,"duration":"1ms","ip":"::1"}}
{"timestamp":"2026-03-23T11:26:03.435Z","level":"INFO","message":"GET /daily/entries","data":{"status":304,"duration":"106ms","ip":"::1"}}
{"timestamp":"2026-03-23T11:26:03.441Z","level":"INFO","message":"GET /daily/entries","data":{"status":304,"duration":"31ms","ip":"::1"}}
{"timestamp":"2026-03-23T11:27:08.250Z","level":"INFO","message":"GET /daily/entries","data":{"status":304,"duration":"0ms","ip":"::1"}}
{"timestamp":"2026-03-23T11:27:08.253Z","level":"INFO","message":"GET /daily/entries","data":{"status":304,"duration":"0ms","ip":"::1"}}
{"timestamp":"2026-03-23T11:27:10.848Z","level":"INFO","message":"GET /daily/entries","data":{"status":304,"duration":"0ms","ip":"::1"}}
{"timestamp":"2026-03-23T11:27:10.851Z","level":"INFO","message":"GET /daily/entries","data":{"status":304,"duration":"0ms","ip":"::1"}}
{"timestamp":"2026-03-23T11:27:15.052Z","level":"INFO","message":"GET /daily/entries","data":{"status":304,"duration":"0ms","ip":"::1"}}
{"timestamp":"2026-03-23T11:27:15.055Z","level":"INFO","message":"GET /daily/entries","data":{"status":304,"duration":"0ms","ip":"::1"}}
{"timestamp":"2026-03-23T11:27:20.755Z","level":"INFO","message":"GET /daily/entries","data":{"status":304,"duration":"0ms","ip":"::1"}}
{"timestamp":"2026-03-23T11:27:20.757Z","level":"INFO","message":"GET /daily/entries","data":{"status":304,"duration":"1ms","ip":"::1"}}
{"timestamp":"2026-03-23T11:27:29.975Z","level":"INFO","message":"GET /daily/entries","data":{"status":304,"duration":"0ms","ip":"::1"}}
{"timestamp":"2026-03-23T11:27:29.980Z","level":"INFO","message":"GET /daily/entries","data":{"status":304,"duration":"1ms","ip":"::1"}}
{"timestamp":"2026-03-23T11:27:33.416Z","level":"INFO","message":"GET /daily/entries","data":{"status":304,"duration":"1ms","ip":"::1"}}
{"timestamp":"2026-03-23T11:27:33.418Z","level":"INFO","message":"GET /daily/entries","data":{"status":304,"duration":"0ms","ip":"::1"}}
{"timestamp":"2026-03-23T11:27:34.758Z","level":"INFO","message":"GET /daily/entries","data":{"status":304,"duration":"1ms","ip":"::1"}}
{"timestamp":"2026-03-23T11:27:34.761Z","level":"INFO","message":"GET /daily/entries","data":{"status":304,"duration":"1ms","ip":"::1"}}
{"timestamp":"2026-03-23T11:27:37.866Z","level":"INFO","message":"GET /daily/entries","data":{"status":304,"duration":"1ms","ip":"::1"}}
{"timestamp":"2026-03-23T11:27:37.867Z","level":"INFO","message":"GET /daily/entries","data":{"status":304,"duration":"0ms","ip":"::1"}}
{"timestamp":"2026-03-23T11:27:42.650Z","level":"INFO","message":"GET /daily/entries","data":{"status":304,"duration":"0ms","ip":"::1"}}
{"timestamp":"2026-03-23T11:27:42.654Z","level":"INFO","message":"GET /daily/entries","data":{"status":304,"duration":"1ms","ip":"::1"}}
{"timestamp":"2026-03-23T11:27:44.017Z","level":"INFO","message":"GET /daily/entries","data":{"status":304,"duration":"0ms","ip":"::1"}}
{"timestamp":"2026-03-23T11:27:44.020Z","level":"INFO","message":"GET /daily/entries","data":{"status":304,"duration":"0ms","ip":"::1"}}
{"timestamp":"2026-03-23T11:27:48.107Z","level":"INFO","message":"GET /daily/entries","data":{"status":304,"duration":"1ms","ip":"::1"}}
{"timestamp":"2026-03-23T11:27:48.110Z","level":"INFO","message":"GET /daily/entries","data":{"status":304,"duration":"1ms","ip":"::1"}}
{"timestamp":"2026-03-23T11:27:51.215Z","level":"INFO","message":"GET /daily/entries","data":{"status":304,"duration":"1ms","ip":"::1"}}
{"timestamp":"2026-03-23T11:27:51.218Z","level":"INFO","message":"GET /daily/entries","data":{"status":304,"duration":"1ms","ip":"::1"}}
{"timestamp":"2026-03-23T11:27:54.543Z","level":"INFO","message":"GET /daily/entries","data":{"status":304,"duration":"1ms","ip":"::1"}}
{"timestamp":"2026-03-23T11:27:54.546Z","level":"INFO","message":"GET /daily/entries","data":{"status":304,"duration":"1ms","ip":"::1"}}
{"timestamp":"2026-03-23T11:27:55.515Z","level":"INFO","message":"GET /daily/entries","data":{"status":304,"duration":"0ms","ip":"::1"}}
{"timestamp":"2026-03-23T11:27:55.517Z","level":"INFO","message":"GET /daily/entries","data":{"status":304,"duration":"0ms","ip":"::1"}}
{"timestamp":"2026-03-23T11:27:59.847Z","level":"INFO","message":"GET /daily/entries","data":{"status":304,"duration":"0ms","ip":"::1"}}
{"timestamp":"2026-03-23T11:27:59.849Z","level":"INFO","message":"GET /daily/entries","data":{"status":304,"duration":"0ms","ip":"::1"}}
{"timestamp":"2026-03-23T11:28:03.134Z","level":"INFO","message":"GET /daily/entries","data":{"status":304,"duration":"0ms","ip":"::1"}}
{"timestamp":"2026-03-23T11:28:03.138Z","level":"INFO","message":"GET /daily/entries","data":{"status":304,"duration":"1ms","ip":"::1"}}
{"timestamp":"2026-03-23T11:28:41.662Z","level":"INFO","message":"GET /daily/entries","data":{"status":304,"duration":"1ms","ip":"::1"}}
{"timestamp":"2026-03-23T11:28:41.664Z","level":"INFO","message":"GET /daily/entries","data":{"status":304,"duration":"0ms","ip":"::1"}}
{"timestamp":"2026-03-23T11:28:44.818Z","level":"INFO","message":"GET /daily/entries","data":{"status":304,"duration":"1ms","ip":"::1"}}
{"timestamp":"2026-03-23T11:28:44.821Z","level":"INFO","message":"GET /daily/entries","data":{"status":304,"duration":"0ms","ip":"::1"}}
{"timestamp":"2026-03-23T11:28:46.682Z","level":"INFO","message":"GET /daily/entries","data":{"status":304,"duration":"1ms","ip":"::1"}}
{"timestamp":"2026-03-23T11:28:46.684Z","level":"INFO","message":"GET /daily/entries","data":{"status":304,"duration":"0ms","ip":"::1"}}
{"timestamp":"2026-03-23T11:29:25.711Z","level":"INFO","message":"GET /daily/entries","data":{"status":304,"duration":"1ms","ip":"::1"}}
{"timestamp":"2026-03-23T11:29:25.714Z","level":"INFO","message":"GET /daily/entries","data":{"status":304,"duration":"0ms","ip":"::1"}}
{"timestamp":"2026-03-23T11:31:06.109Z","level":"INFO","message":"GET /daily/entries","data":{"status":304,"duration":"20ms","ip":"::1"}}
{"timestamp":"2026-03-23T11:31:06.115Z","level":"INFO","message":"GET /daily/entries","data":{"status":304,"duration":"17ms","ip":"::1"}}
{"timestamp":"2026-03-23T11:38:10.159Z","level":"INFO","message":"GET /daily/entries","data":{"status":304,"duration":"113ms","ip":"::1"}}
{"timestamp":"2026-03-23T11:38:10.166Z","level":"INFO","message":"GET /daily/entries","data":{"status":304,"duration":"29ms","ip":"::1"}}
{"timestamp":"2026-03-23T11:38:11.670Z","level":"INFO","message":"GET /daily/entries","data":{"status":304,"duration":"0ms","ip":"::1"}}
{"timestamp":"2026-03-23T11:38:11.673Z","level":"INFO","message":"GET /daily/entries","data":{"status":304,"duration":"1ms","ip":"::1"}}
{"timestamp":"2026-03-23T11:38:30.750Z","level":"INFO","message":"GET /search","data":{"status":500,"duration":"18ms","ip":"::1"}}
{"timestamp":"2026-03-23T11:38:31.334Z","level":"INFO","message":"GET /search","data":{"status":500,"duration":"6ms","ip":"::1"}}
{"timestamp":"2026-03-23T11:38:31.778Z","level":"INFO","message":"GET /search","data":{"status":500,"duration":"3ms","ip":"::1"}}
{"timestamp":"2026-03-23T11:38:32.756Z","level":"INFO","message":"GET /search","data":{"status":200,"duration":"1ms","ip":"::1"}}
{"timestamp":"2026-03-23T11:38:33.354Z","level":"INFO","message":"GET /search","data":{"status":200,"duration":"1ms","ip":"::1"}}
{"timestamp":"2026-03-23T11:38:33.783Z","level":"INFO","message":"GET /search","data":{"status":200,"duration":"1ms","ip":"::1"}}
{"timestamp":"2026-03-23T11:51:04.942Z","level":"INFO","message":"GET /daily/entries","data":{"status":304,"duration":"144ms","ip":"::1"}}
{"timestamp":"2026-03-23T11:51:04.948Z","level":"INFO","message":"GET /daily/entries","data":{"status":304,"duration":"31ms","ip":"::1"}}
{"timestamp":"2026-03-23T11:51:10.904Z","level":"INFO","message":"GET /daily/entries","data":{"status":304,"duration":"1ms","ip":"::1"}}
{"timestamp":"2026-03-23T11:51:10.907Z","level":"INFO","message":"GET /daily/entries","data":{"status":304,"duration":"0ms","ip":"::1"}}
{"timestamp":"2026-03-23T11:51:18.628Z","level":"INFO","message":"GET /daily/entries","data":{"status":304,"duration":"1ms","ip":"::1"}}
{"timestamp":"2026-03-23T11:51:18.632Z","level":"INFO","message":"GET /daily/entries","data":{"status":304,"duration":"0ms","ip":"::1"}}
{"timestamp":"2026-03-23T11:51:23.759Z","level":"INFO","message":"GET /daily/entries","data":{"status":304,"duration":"1ms","ip":"::1"}}
{"timestamp":"2026-03-23T11:51:23.761Z","level":"INFO","message":"GET /daily/entries","data":{"status":304,"duration":"0ms","ip":"::1"}}
{"timestamp":"2026-03-23T11:52:11.588Z","level":"INFO","message":"GET /daily/entries","data":{"status":304,"duration":"1ms","ip":"::1"}}
{"timestamp":"2026-03-23T11:52:11.590Z","level":"INFO","message":"GET /daily/entries","data":{"status":304,"duration":"1ms","ip":"::1"}}
{"timestamp":"2026-03-23T11:52:29.150Z","level":"INFO","message":"GET /daily/entries","data":{"status":304,"duration":"1ms","ip":"::1"}}
{"timestamp":"2026-03-23T11:52:29.152Z","level":"INFO","message":"GET /daily/entries","data":{"status":304,"duration":"1ms","ip":"::1"}}
{"timestamp":"2026-03-23T11:52:30.328Z","level":"INFO","message":"GET /daily/entries","data":{"status":304,"duration":"1ms","ip":"::1"}}
{"timestamp":"2026-03-23T11:52:30.330Z","level":"INFO","message":"GET /daily/entries","data":{"status":304,"duration":"1ms","ip":"::1"}}
{"timestamp":"2026-03-23T11:52:33.149Z","level":"INFO","message":"GET /daily/entries","data":{"status":304,"duration":"0ms","ip":"::1"}}
{"timestamp":"2026-03-23T11:52:33.152Z","level":"INFO","message":"GET /daily/entries","data":{"status":304,"duration":"0ms","ip":"::1"}}
{"timestamp":"2026-03-23T11:52:46.991Z","level":"INFO","message":"GET /daily/entries","data":{"status":304,"duration":"1ms","ip":"::1"}}
{"timestamp":"2026-03-23T11:52:46.993Z","level":"INFO","message":"GET /daily/entries","data":{"status":304,"duration":"0ms","ip":"::1"}}
{"timestamp":"2026-03-23T11:52:53.420Z","level":"INFO","message":"GET /daily/entries","data":{"status":304,"duration":"0ms","ip":"::1"}}
{"timestamp":"2026-03-23T11:52:53.422Z","level":"INFO","message":"GET /daily/entries","data":{"status":304,"duration":"0ms","ip":"::1"}}
{"timestamp":"2026-03-23T11:53:00.350Z","level":"INFO","message":"GET /daily/entries","data":{"status":304,"duration":"2ms","ip":"::1"}}
{"timestamp":"2026-03-23T11:53:00.354Z","level":"INFO","message":"GET /daily/entries","data":{"status":304,"duration":"1ms","ip":"::1"}}
{"timestamp":"2026-03-23T11:53:18.459Z","level":"INFO","message":"GET /daily/entries","data":{"status":304,"duration":"0ms","ip":"::1"}}
{"timestamp":"2026-03-23T11:53:18.462Z","level":"INFO","message":"GET /daily/entries","data":{"status":304,"duration":"0ms","ip":"::1"}}
{"timestamp":"2026-03-23T11:54:25.776Z","level":"INFO","message":"GET /daily/entries","data":{"status":304,"duration":"1ms","ip":"::1"}}
{"timestamp":"2026-03-23T11:54:25.778Z","level":"INFO","message":"GET /daily/entries","data":{"status":304,"duration":"0ms","ip":"::1"}}
{"timestamp":"2026-03-23T11:54:29.347Z","level":"INFO","message":"GET /daily/entries","data":{"status":304,"duration":"0ms","ip":"::1"}}
{"timestamp":"2026-03-23T11:54:29.353Z","level":"INFO","message":"GET /daily/entries","data":{"status":304,"duration":"1ms","ip":"::1"}}
{"timestamp":"2026-03-23T11:54:31.347Z","level":"INFO","message":"GET /daily/entries","data":{"status":304,"duration":"1ms","ip":"::1"}}
{"timestamp":"2026-03-23T11:54:31.349Z","level":"INFO","message":"GET /daily/entries","data":{"status":304,"duration":"0ms","ip":"::1"}}
{"timestamp":"2026-03-23T11:54:33.006Z","level":"INFO","message":"GET /daily/entries","data":{"status":304,"duration":"1ms","ip":"::1"}}
{"timestamp":"2026-03-23T11:54:33.012Z","level":"INFO","message":"GET /daily/entries","data":{"status":304,"duration":"2ms","ip":"::1"}}
{"timestamp":"2026-03-23T11:54:45.670Z","level":"INFO","message":"GET /daily/entries","data":{"status":304,"duration":"0ms","ip":"::1"}}
{"timestamp":"2026-03-23T11:54:45.672Z","level":"INFO","message":"GET /daily/entries","data":{"status":304,"duration":"0ms","ip":"::1"}}
{"timestamp":"2026-03-23T11:56:47.533Z","level":"INFO","message":"GET /daily/entries","data":{"status":304,"duration":"113ms","ip":"::1"}}
{"timestamp":"2026-03-23T11:56:47.536Z","level":"INFO","message":"GET /daily/entries","data":{"status":304,"duration":"20ms","ip":"::1"}}
{"timestamp":"2026-03-23T11:56:50.160Z","level":"INFO","message":"GET /daily/entries","data":{"status":304,"duration":"0ms","ip":"::1"}}
{"timestamp":"2026-03-23T11:56:50.162Z","level":"INFO","message":"GET /daily/entries","data":{"status":304,"duration":"0ms","ip":"::1"}}
{"timestamp":"2026-03-23T11:56:52.201Z","level":"INFO","message":"GET /daily/entries","data":{"status":304,"duration":"1ms","ip":"::1"}}
{"timestamp":"2026-03-23T11:56:52.203Z","level":"INFO","message":"GET /daily/entries","data":{"status":304,"duration":"0ms","ip":"::1"}}
{"timestamp":"2026-03-23T11:57:20.077Z","level":"INFO","message":"GET /daily/entries","data":{"status":304,"duration":"1ms","ip":"::1"}}
{"timestamp":"2026-03-23T11:57:20.079Z","level":"INFO","message":"GET /daily/entries","data":{"status":304,"duration":"0ms","ip":"::1"}}
{"timestamp":"2026-03-23T11:59:40.103Z","level":"INFO","message":"GET /daily/entries","data":{"status":304,"duration":"1ms","ip":"::1"}}
{"timestamp":"2026-03-23T11:59:40.106Z","level":"INFO","message":"GET /daily/entries","data":{"status":304,"duration":"0ms","ip":"::1"}}
{"timestamp":"2026-03-23T11:59:41.105Z","level":"INFO","message":"GET /daily/entries","data":{"status":304,"duration":"1ms","ip":"::1"}}
{"timestamp":"2026-03-23T11:59:41.107Z","level":"INFO","message":"GET /daily/entries","data":{"status":304,"duration":"0ms","ip":"::1"}}
{"timestamp":"2026-03-23T11:59:43.974Z","level":"INFO","message":"GET /daily/entries","data":{"status":304,"duration":"1ms","ip":"::1"}}
{"timestamp":"2026-03-23T11:59:43.981Z","level":"INFO","message":"GET /daily/entries","data":{"status":304,"duration":"3ms","ip":"::1"}}
{"timestamp":"2026-03-23T11:59:57.656Z","level":"INFO","message":"GET /daily/entries","data":{"status":304,"duration":"1ms","ip":"::1"}}
{"timestamp":"2026-03-23T11:59:57.662Z","level":"INFO","message":"GET /daily/entries","data":{"status":304,"duration":"0ms","ip":"::1"}}
{"timestamp":"2026-03-23T12:01:06.614Z","level":"INFO","message":"GET /daily/entries","data":{"status":304,"duration":"0ms","ip":"::1"}}
{"timestamp":"2026-03-23T12:01:06.617Z","level":"INFO","message":"GET /daily/entries","data":{"status":304,"duration":"1ms","ip":"::1"}}
{"timestamp":"2026-03-23T12:01:09.763Z","level":"INFO","message":"GET /daily/entries","data":{"status":304,"duration":"1ms","ip":"::1"}}
{"timestamp":"2026-03-23T12:01:09.765Z","level":"INFO","message":"GET /daily/entries","data":{"status":304,"duration":"0ms","ip":"::1"}}
{"timestamp":"2026-03-23T12:01:11.714Z","level":"INFO","message":"GET /daily/entries","data":{"status":304,"duration":"1ms","ip":"::1"}}
{"timestamp":"2026-03-23T12:01:11.716Z","level":"INFO","message":"GET /daily/entries","data":{"status":304,"duration":"1ms","ip":"::1"}}
{"timestamp":"2026-03-23T12:01:30.992Z","level":"INFO","message":"GET /daily/entries","data":{"status":304,"duration":"1ms","ip":"::1"}}
{"timestamp":"2026-03-23T12:01:30.995Z","level":"INFO","message":"GET /daily/entries","data":{"status":304,"duration":"1ms","ip":"::1"}}
{"timestamp":"2026-03-23T12:01:42.796Z","level":"INFO","message":"GET /daily/entries","data":{"status":200,"duration":"189ms","ip":"::1"}}
{"timestamp":"2026-03-23T12:01:44.517Z","level":"INFO","message":"GET /daily/entries","data":{"status":200,"duration":"16ms","ip":"::1"}}
{"timestamp":"2026-03-23T12:01:45.383Z","level":"INFO","message":"GET /daily/entries","data":{"status":200,"duration":"17ms","ip":"::1"}}
{"timestamp":"2026-03-23T12:01:47.039Z","level":"INFO","message":"GET /daily/entries","data":{"status":200,"duration":"17ms","ip":"::1"}}
{"timestamp":"2026-03-23T12:02:09.792Z","level":"INFO","message":"GET /daily/entries","data":{"status":304,"duration":"0ms","ip":"::1"}}
{"timestamp":"2026-03-23T12:02:09.974Z","level":"INFO","message":"GET /daily/entries","data":{"status":304,"duration":"0ms","ip":"::1"}}
{"timestamp":"2026-03-23T12:02:10.133Z","level":"INFO","message":"GET /daily/entries","data":{"status":304,"duration":"0ms","ip":"::1"}}
{"timestamp":"2026-03-23T12:02:10.367Z","level":"INFO","message":"GET /daily/entries","data":{"status":304,"duration":"15ms","ip":"::1"}}
{"timestamp":"2026-03-23T12:03:30.759Z","level":"INFO","message":"GET /daily/entries","data":{"status":304,"duration":"0ms","ip":"::1"}}
{"timestamp":"2026-03-23T12:03:30.772Z","level":"INFO","message":"GET /daily/entries","data":{"status":304,"duration":"20ms","ip":"::1"}}
{"timestamp":"2026-03-23T12:04:49.324Z","level":"INFO","message":"GET /daily/entries","data":{"status":304,"duration":"0ms","ip":"::1"}}
{"timestamp":"2026-03-23T12:04:49.327Z","level":"INFO","message":"GET /daily/entries","data":{"status":304,"duration":"1ms","ip":"::1"}}
{"timestamp":"2026-03-23T12:04:54.752Z","level":"INFO","message":"GET /daily/entries","data":{"status":304,"duration":"1ms","ip":"::1"}}
{"timestamp":"2026-03-23T12:04:54.756Z","level":"INFO","message":"GET /daily/entries","data":{"status":304,"duration":"1ms","ip":"::1"}}
{"timestamp":"2026-03-23T12:05:09.781Z","level":"INFO","message":"GET /daily/entries","data":{"status":304,"duration":"1ms","ip":"::1"}}
{"timestamp":"2026-03-23T12:05:11.654Z","level":"INFO","message":"GET /daily/entries","data":{"status":304,"duration":"0ms","ip":"::1"}}
{"timestamp":"2026-03-23T12:05:47.715Z","level":"INFO","message":"POST /","data":{"status":201,"duration":"80ms","ip":"::1"}}
{"timestamp":"2026-03-23T12:05:47.737Z","level":"INFO","message":"GET /daily/entries","data":{"status":200,"duration":"17ms","ip":"::1"}}
{"timestamp":"2026-03-23T12:15:30.770Z","level":"INFO","message":"GET /daily/entries","data":{"status":200,"duration":"163ms","ip":"::1"}}
{"timestamp":"2026-03-23T12:15:30.777Z","level":"INFO","message":"GET /daily/entries","data":{"status":304,"duration":"42ms","ip":"::1"}}
{"timestamp":"2026-03-23T12:15:48.246Z","level":"INFO","message":"GET /daily/entries","data":{"status":304,"duration":"1ms","ip":"::1"}}
{"timestamp":"2026-03-23T12:15:48.250Z","level":"INFO","message":"GET /daily/entries","data":{"status":304,"duration":"0ms","ip":"::1"}}
{"timestamp":"2026-03-23T12:16:40.363Z","level":"INFO","message":"GET /daily/entries","data":{"status":304,"duration":"1ms","ip":"::1"}}
{"timestamp":"2026-03-23T12:16:40.366Z","level":"INFO","message":"GET /daily/entries","data":{"status":304,"duration":"1ms","ip":"::1"}}
{"timestamp":"2026-03-23T12:16:45.255Z","level":"INFO","message":"GET /daily/entries","data":{"status":304,"duration":"1ms","ip":"::1"}}
{"timestamp":"2026-03-23T12:16:45.258Z","level":"INFO","message":"GET /daily/entries","data":{"status":304,"duration":"1ms","ip":"::1"}}
{"timestamp":"2026-03-23T12:17:57.166Z","level":"INFO","message":"GET /daily/entries","data":{"status":304,"duration":"0ms","ip":"::1"}}
{"timestamp":"2026-03-23T12:17:57.169Z","level":"INFO","message":"GET /daily/entries","data":{"status":304,"duration":"1ms","ip":"::1"}}
{"timestamp":"2026-03-23T12:18:18.177Z","level":"INFO","message":"GET /daily/entries","data":{"status":304,"duration":"1ms","ip":"::1"}}
{"timestamp":"2026-03-23T12:18:18.179Z","level":"INFO","message":"GET /daily/entries","data":{"status":304,"duration":"0ms","ip":"::1"}}
{"timestamp":"2026-03-23T12:18:19.649Z","level":"INFO","message":"GET /daily/entries","data":{"status":304,"duration":"1ms","ip":"::1"}}
{"timestamp":"2026-03-23T12:18:19.651Z","level":"INFO","message":"GET /daily/entries","data":{"status":304,"duration":"0ms","ip":"::1"}}
{"timestamp":"2026-03-23T12:18:20.819Z","level":"INFO","message":"GET /daily/entries","data":{"status":304,"duration":"1ms","ip":"::1"}}
{"timestamp":"2026-03-23T12:18:20.822Z","level":"INFO","message":"GET /daily/entries","data":{"status":304,"duration":"1ms","ip":"::1"}}
{"timestamp":"2026-03-23T12:18:40.788Z","level":"INFO","message":"GET /daily/entries","data":{"status":304,"duration":"1ms","ip":"::1"}}
{"timestamp":"2026-03-23T12:18:40.791Z","level":"INFO","message":"GET /daily/entries","data":{"status":304,"duration":"1ms","ip":"::1"}}
{"timestamp":"2026-03-23T12:19:15.848Z","level":"INFO","message":"GET /daily/entries","data":{"status":304,"duration":"1ms","ip":"::1"}}
{"timestamp":"2026-03-23T12:19:15.852Z","level":"INFO","message":"GET /daily/entries","data":{"status":304,"duration":"2ms","ip":"::1"}}
{"timestamp":"2026-03-23T12:19:17.015Z","level":"INFO","message":"GET /daily/entries","data":{"status":304,"duration":"1ms","ip":"::1"}}
{"timestamp":"2026-03-23T12:19:17.018Z","level":"INFO","message":"GET /daily/entries","data":{"status":304,"duration":"1ms","ip":"::1"}}
{"timestamp":"2026-03-23T12:19:18.113Z","level":"INFO","message":"GET /daily/entries","data":{"status":304,"duration":"1ms","ip":"::1"}}
{"timestamp":"2026-03-23T12:19:18.115Z","level":"INFO","message":"GET /daily/entries","data":{"status":304,"duration":"0ms","ip":"::1"}}
{"timestamp":"2026-03-23T12:19:20.416Z","level":"INFO","message":"GET /daily/entries","data":{"status":304,"duration":"1ms","ip":"::1"}}
{"timestamp":"2026-03-23T12:19:20.418Z","level":"INFO","message":"GET /daily/entries","data":{"status":304,"duration":"0ms","ip":"::1"}}
{"timestamp":"2026-03-23T12:19:47.939Z","level":"INFO","message":"GET /daily/entries","data":{"status":304,"duration":"1ms","ip":"::1"}}
{"timestamp":"2026-03-23T12:19:47.942Z","level":"INFO","message":"GET /daily/entries","data":{"status":304,"duration":"1ms","ip":"::1"}}
{"timestamp":"2026-03-23T12:20:15.023Z","level":"INFO","message":"GET /daily/entries","data":{"status":304,"duration":"1ms","ip":"::1"}}
{"timestamp":"2026-03-23T12:20:15.026Z","level":"INFO","message":"GET /daily/entries","data":{"status":304,"duration":"1ms","ip":"::1"}}
{"timestamp":"2026-03-23T12:20:21.138Z","level":"INFO","message":"GET /daily/entries","data":{"status":304,"duration":"0ms","ip":"::1"}}
{"timestamp":"2026-03-23T12:20:21.141Z","level":"INFO","message":"GET /daily/entries","data":{"status":304,"duration":"1ms","ip":"::1"}}
{"timestamp":"2026-03-23T12:20:30.397Z","level":"INFO","message":"GET /daily/entries","data":{"status":304,"duration":"1ms","ip":"::1"}}
{"timestamp":"2026-03-23T12:20:30.401Z","level":"INFO","message":"GET /daily/entries","data":{"status":304,"duration":"1ms","ip":"::1"}}
{"timestamp":"2026-03-23T12:20:39.425Z","level":"INFO","message":"GET /daily/entries","data":{"status":304,"duration":"35ms","ip":"::1"}}
{"timestamp":"2026-03-23T12:20:39.431Z","level":"INFO","message":"GET /daily/entries","data":{"status":304,"duration":"29ms","ip":"::1"}}
{"timestamp":"2026-03-23T12:20:46.391Z","level":"INFO","message":"GET /daily/entries","data":{"status":304,"duration":"1ms","ip":"::1"}}
{"timestamp":"2026-03-23T12:20:46.394Z","level":"INFO","message":"GET /daily/entries","data":{"status":304,"duration":"1ms","ip":"::1"}}
{"timestamp":"2026-03-23T12:21:02.148Z","level":"INFO","message":"GET /daily/entries","data":{"status":304,"duration":"1ms","ip":"::1"}}
{"timestamp":"2026-03-23T12:21:02.150Z","level":"INFO","message":"GET /daily/entries","data":{"status":304,"duration":"0ms","ip":"::1"}}
{"timestamp":"2026-03-23T12:21:05.294Z","level":"INFO","message":"GET /daily/entries","data":{"status":304,"duration":"0ms","ip":"::1"}}
{"timestamp":"2026-03-23T12:21:05.297Z","level":"INFO","message":"GET /daily/entries","data":{"status":304,"duration":"1ms","ip":"::1"}}
{"timestamp":"2026-03-23T12:22:12.337Z","level":"INFO","message":"GET /daily/entries","data":{"status":304,"duration":"1ms","ip":"::1"}}
{"timestamp":"2026-03-23T12:22:12.343Z","level":"INFO","message":"GET /daily/entries","data":{"status":304,"duration":"1ms","ip":"::1"}}
{"timestamp":"2026-03-23T12:23:07.535Z","level":"INFO","message":"GET /daily/entries","data":{"status":304,"duration":"1ms","ip":"::1"}}
{"timestamp":"2026-03-23T12:23:07.538Z","level":"INFO","message":"GET /daily/entries","data":{"status":304,"duration":"1ms","ip":"::1"}}
{"timestamp":"2026-03-23T12:23:09.986Z","level":"INFO","message":"GET /daily/entries","data":{"status":304,"duration":"1ms","ip":"::1"}}
{"timestamp":"2026-03-23T12:23:09.989Z","level":"INFO","message":"GET /daily/entries","data":{"status":304,"duration":"0ms","ip":"::1"}}
{"timestamp":"2026-03-23T12:23:25.397Z","level":"INFO","message":"GET /daily/entries","data":{"status":304,"duration":"1ms","ip":"::1"}}
{"timestamp":"2026-03-23T12:23:25.400Z","level":"INFO","message":"GET /daily/entries","data":{"status":304,"duration":"1ms","ip":"::1"}}
{"timestamp":"2026-03-23T12:23:27.450Z","level":"INFO","message":"GET /daily/entries","data":{"status":304,"duration":"0ms","ip":"::1"}}
{"timestamp":"2026-03-23T12:23:27.454Z","level":"INFO","message":"GET /daily/entries","data":{"status":304,"duration":"2ms","ip":"::1"}}
{"timestamp":"2026-03-23T12:23:30.438Z","level":"INFO","message":"GET /daily/entries","data":{"status":304,"duration":"0ms","ip":"::1"}}
{"timestamp":"2026-03-23T12:23:30.449Z","level":"INFO","message":"GET /daily/entries","data":{"status":304,"duration":"0ms","ip":"::1"}}
{"timestamp":"2026-03-23T12:23:52.289Z","level":"INFO","message":"GET /daily/entries","data":{"status":304,"duration":"1ms","ip":"::1"}}
{"timestamp":"2026-03-23T12:23:52.293Z","level":"INFO","message":"GET /daily/entries","data":{"status":304,"duration":"1ms","ip":"::1"}}
{"timestamp":"2026-03-23T12:24:27.978Z","level":"INFO","message":"GET /daily/entries","data":{"status":304,"duration":"1ms","ip":"::1"}}
{"timestamp":"2026-03-23T12:24:27.980Z","level":"INFO","message":"GET /daily/entries","data":{"status":304,"duration":"0ms","ip":"::1"}}
{"timestamp":"2026-03-23T12:24:53.883Z","level":"INFO","message":"GET /daily/entries","data":{"status":304,"duration":"1ms","ip":"::1"}}
{"timestamp":"2026-03-23T12:24:53.886Z","level":"INFO","message":"GET /daily/entries","data":{"status":304,"duration":"2ms","ip":"::1"}}
{"timestamp":"2026-03-23T12:25:37.107Z","level":"INFO","message":"GET /daily/entries","data":{"status":304,"duration":"1ms","ip":"::1"}}
{"timestamp":"2026-03-23T12:25:37.114Z","level":"INFO","message":"GET /daily/entries","data":{"status":304,"duration":"1ms","ip":"::1"}}
{"timestamp":"2026-03-23T12:26:11.054Z","level":"INFO","message":"GET /daily/entries","data":{"status":304,"duration":"21ms","ip":"::1"}}
{"timestamp":"2026-03-23T12:26:11.056Z","level":"INFO","message":"GET /daily/entries","data":{"status":304,"duration":"16ms","ip":"::1"}}
{"timestamp":"2026-03-23T12:27:12.642Z","level":"INFO","message":"GET /daily/entries","data":{"status":304,"duration":"1ms","ip":"::1"}}
{"timestamp":"2026-03-23T12:27:12.644Z","level":"INFO","message":"GET /daily/entries","data":{"status":304,"duration":"0ms","ip":"::1"}}
{"timestamp":"2026-03-23T12:27:46.479Z","level":"INFO","message":"GET /daily/entries","data":{"status":304,"duration":"0ms","ip":"::1"}}
{"timestamp":"2026-03-23T12:27:46.483Z","level":"INFO","message":"GET /daily/entries","data":{"status":304,"duration":"1ms","ip":"::1"}}
{"timestamp":"2026-03-23T12:27:48.191Z","level":"INFO","message":"GET /daily/entries","data":{"status":304,"duration":"5ms","ip":"::1"}}
{"timestamp":"2026-03-23T12:27:48.194Z","level":"INFO","message":"GET /daily/entries","data":{"status":304,"duration":"1ms","ip":"::1"}}
{"timestamp":"2026-03-23T12:28:33.258Z","level":"INFO","message":"GET /daily/entries","data":{"status":304,"duration":"1ms","ip":"::1"}}
{"timestamp":"2026-03-23T12:28:33.261Z","level":"INFO","message":"GET /daily/entries","data":{"status":304,"duration":"1ms","ip":"::1"}}
{"timestamp":"2026-03-23T12:33:16.179Z","level":"INFO","message":"GET /daily/entries","data":{"status":304,"duration":"126ms","ip":"::1"}}
{"timestamp":"2026-03-23T12:33:16.185Z","level":"INFO","message":"GET /daily/entries","data":{"status":304,"duration":"38ms","ip":"::1"}}
{"timestamp":"2026-03-23T12:33:21.524Z","level":"INFO","message":"GET /daily/entries","data":{"status":304,"duration":"0ms","ip":"::1"}}
{"timestamp":"2026-03-23T12:33:21.530Z","level":"INFO","message":"GET /daily/entries","data":{"status":304,"duration":"1ms","ip":"::1"}}
{"timestamp":"2026-03-23T12:33:44.999Z","level":"INFO","message":"GET /daily/entries","data":{"status":304,"duration":"2ms","ip":"::1"}}
{"timestamp":"2026-03-23T12:33:45.003Z","level":"INFO","message":"GET /daily/entries","data":{"status":304,"duration":"1ms","ip":"::1"}}
{"timestamp":"2026-03-23T12:34:00.808Z","level":"INFO","message":"GET /daily/entries","data":{"status":304,"duration":"1ms","ip":"::1"}}
{"timestamp":"2026-03-23T12:34:00.811Z","level":"INFO","message":"GET /daily/entries","data":{"status":304,"duration":"1ms","ip":"::1"}}
{"timestamp":"2026-03-23T12:34:02.402Z","level":"INFO","message":"GET /daily/entries","data":{"status":304,"duration":"0ms","ip":"::1"}}
{"timestamp":"2026-03-23T12:34:02.405Z","level":"INFO","message":"GET /daily/entries","data":{"status":304,"duration":"1ms","ip":"::1"}}
{"timestamp":"2026-03-23T12:34:03.482Z","level":"INFO","message":"GET /daily/entries","data":{"status":304,"duration":"1ms","ip":"::1"}}
{"timestamp":"2026-03-23T12:34:03.485Z","level":"INFO","message":"GET /daily/entries","data":{"status":304,"duration":"1ms","ip":"::1"}}
{"timestamp":"2026-03-23T12:34:07.746Z","level":"INFO","message":"GET /daily/entries","data":{"status":304,"duration":"0ms","ip":"::1"}}
{"timestamp":"2026-03-23T12:34:07.750Z","level":"INFO","message":"GET /daily/entries","data":{"status":304,"duration":"1ms","ip":"::1"}}
{"timestamp":"2026-03-23T12:34:11.528Z","level":"INFO","message":"GET /daily/entries","data":{"status":304,"duration":"1ms","ip":"::1"}}
{"timestamp":"2026-03-23T12:34:11.532Z","level":"INFO","message":"GET /daily/entries","data":{"status":304,"duration":"2ms","ip":"::1"}}
{"timestamp":"2026-03-23T12:34:13.269Z","level":"INFO","message":"GET /daily/entries","data":{"status":304,"duration":"1ms","ip":"::1"}}
{"timestamp":"2026-03-23T12:34:13.272Z","level":"INFO","message":"GET /daily/entries","data":{"status":304,"duration":"0ms","ip":"::1"}}
{"timestamp":"2026-03-23T12:34:24.320Z","level":"INFO","message":"GET /daily/entries","data":{"status":304,"duration":"0ms","ip":"::1"}}
{"timestamp":"2026-03-23T12:34:24.323Z","level":"INFO","message":"GET /daily/entries","data":{"status":304,"duration":"0ms","ip":"::1"}}
{"timestamp":"2026-03-23T12:35:27.670Z","level":"INFO","message":"GET /daily/entries","data":{"status":304,"duration":"1ms","ip":"::1"}}
{"timestamp":"2026-03-23T12:35:27.674Z","level":"INFO","message":"GET /daily/entries","data":{"status":304,"duration":"1ms","ip":"::1"}}
{"timestamp":"2026-03-23T12:35:50.516Z","level":"INFO","message":"GET /daily/entries","data":{"status":304,"duration":"1ms","ip":"::1"}}
{"timestamp":"2026-03-23T12:35:50.518Z","level":"INFO","message":"GET /daily/entries","data":{"status":304,"duration":"1ms","ip":"::1"}}
{"timestamp":"2026-03-23T12:36:46.333Z","level":"INFO","message":"GET /daily/entries","data":{"status":304,"duration":"0ms","ip":"::1"}}
{"timestamp":"2026-03-23T12:36:46.337Z","level":"INFO","message":"GET /daily/entries","data":{"status":304,"duration":"1ms","ip":"::1"}}
{"timestamp":"2026-03-23T12:37:15.983Z","level":"INFO","message":"GET /daily/entries","data":{"status":304,"duration":"1ms","ip":"::1"}}
{"timestamp":"2026-03-23T12:37:15.986Z","level":"INFO","message":"GET /daily/entries","data":{"status":304,"duration":"1ms","ip":"::1"}}
{"timestamp":"2026-03-23T12:37:28.525Z","level":"INFO","message":"GET /daily/entries","data":{"status":304,"duration":"0ms","ip":"::1"}}
{"timestamp":"2026-03-23T12:37:28.528Z","level":"INFO","message":"GET /daily/entries","data":{"status":304,"duration":"1ms","ip":"::1"}}
{"timestamp":"2026-03-23T12:37:36.719Z","level":"INFO","message":"GET /daily/entries","data":{"status":304,"duration":"1ms","ip":"::1"}}
{"timestamp":"2026-03-23T12:37:36.721Z","level":"INFO","message":"GET /daily/entries","data":{"status":304,"duration":"1ms","ip":"::1"}}
{"timestamp":"2026-03-23T12:37:44.594Z","level":"INFO","message":"GET /","data":{"status":200,"duration":"112ms","ip":"::1"}}
{"timestamp":"2026-03-23T12:37:45.655Z","level":"INFO","message":"GET /","data":{"status":304,"duration":"59ms","ip":"::1"}}
{"timestamp":"2026-03-23T12:37:47.195Z","level":"INFO","message":"GET /","data":{"status":304,"duration":"1ms","ip":"::1"}}
{"timestamp":"2026-03-23T12:37:49.917Z","level":"INFO","message":"GET /","data":{"status":304,"duration":"37ms","ip":"::1"}}
{"timestamp":"2026-03-23T12:37:49.928Z","level":"INFO","message":"GET /","data":{"status":304,"duration":"40ms","ip":"::1"}}
{"timestamp":"2026-03-23T12:37:53.290Z","level":"INFO","message":"GET /","data":{"status":304,"duration":"0ms","ip":"::1"}}
{"timestamp":"2026-03-23T12:37:55.613Z","level":"INFO","message":"GET /daily/entries","data":{"status":304,"duration":"1ms","ip":"::1"}}
{"timestamp":"2026-03-23T12:37:55.618Z","level":"INFO","message":"GET /daily/entries","data":{"status":304,"duration":"1ms","ip":"::1"}}
{"timestamp":"2026-03-23T12:38:05.733Z","level":"INFO","message":"Graceful shutdown initiated"}
{"timestamp":"2026-03-23T12:38:05.738Z","level":"INFO","message":"HTTP server closed"}
{"timestamp":"2026-03-23T12:38:05.833Z","level":"INFO","message":"Database disconnected"}
