{"timestamp":"2026-03-31T06:23:17.070Z","level":"INFO","message":"✓ MongoDB connected"}
{"timestamp":"2026-03-31T06:23:17.077Z","level":"INFO","message":"✓ Server running on port 5000"}
{"timestamp":"2026-03-31T06:23:17.078Z","level":"INFO","message":"Environment: development"}
{"timestamp":"2026-03-31T06:24:23.911Z","level":"INFO","message":"POST /login","data":{"status":200,"duration":"584ms","ip":"::1"}}
{"timestamp":"2026-03-31T06:24:24.040Z","level":"INFO","message":"GET /","data":{"status":200,"duration":"50ms","ip":"::1"}}
{"timestamp":"2026-03-31T06:24:24.052Z","level":"INFO","message":"GET /","data":{"status":200,"duration":"39ms","ip":"::1"}}
{"timestamp":"2026-03-31T06:24:27.778Z","level":"INFO","message":"GET /","data":{"status":200,"duration":"38ms","ip":"::1"}}
{"timestamp":"2026-03-31T06:24:28.402Z","level":"INFO","message":"GET /daily/entries","data":{"status":200,"duration":"22ms","ip":"::1"}}
{"timestamp":"2026-03-31T06:24:28.409Z","level":"INFO","message":"GET /daily/entries","data":{"status":200,"duration":"21ms","ip":"::1"}}
{"timestamp":"2026-03-31T06:24:29.132Z","level":"INFO","message":"GET /","data":{"status":200,"duration":"35ms","ip":"::1"}}
{"timestamp":"2026-03-31T06:24:29.691Z","level":"INFO","message":"GET /dashboard","data":{"status":200,"duration":"66ms","ip":"::1"}}
{"timestamp":"2026-03-31T06:44:15.304Z","level":"INFO","message":"GET /dashboard","data":{"status":200,"duration":"128ms","ip":"::1"}}
{"timestamp":"2026-03-31T06:46:07.708Z","level":"INFO","message":"GET /dashboard","data":{"status":200,"duration":"32ms","ip":"::1"}}
{"timestamp":"2026-03-31T06:46:46.557Z","level":"INFO","message":"GET /dashboard","data":{"status":200,"duration":"37ms","ip":"::1"}}
{"timestamp":"2026-03-31T06:47:07.585Z","level":"INFO","message":"GET /dashboard","data":{"status":200,"duration":"38ms","ip":"::1"}}
{"timestamp":"2026-03-31T06:47:31.473Z","level":"INFO","message":"GET /dashboard","data":{"status":200,"duration":"37ms","ip":"::1"}}
{"timestamp":"2026-03-31T06:48:00.979Z","level":"INFO","message":"GET /dashboard","data":{"status":200,"duration":"31ms","ip":"::1"}}
{"timestamp":"2026-03-31T06:48:37.348Z","level":"INFO","message":"GET /dashboard","data":{"status":200,"duration":"28ms","ip":"::1"}}
{"timestamp":"2026-03-31T06:48:46.142Z","level":"INFO","message":"GET /dashboard","data":{"status":200,"duration":"29ms","ip":"::1"}}
{"timestamp":"2026-03-31T06:48:49.748Z","level":"INFO","message":"GET /dashboard","data":{"status":200,"duration":"56ms","ip":"::1"}}
{"timestamp":"2026-03-31T06:48:53.087Z","level":"INFO","message":"GET /dashboard","data":{"status":200,"duration":"41ms","ip":"::1"}}
{"timestamp":"2026-03-31T06:49:06.203Z","level":"INFO","message":"GET /export","data":{"status":200,"duration":"111ms","ip":"::1"}}
{"timestamp":"2026-03-31T06:49:15.800Z","level":"INFO","message":"GET /dashboard","data":{"status":200,"duration":"31ms","ip":"::1"}}
{"timestamp":"2026-03-31T06:49:16.857Z","level":"INFO","message":"GET /dashboard","data":{"status":200,"duration":"31ms","ip":"::1"}}
{"timestamp":"2026-03-31T06:49:20.092Z","level":"INFO","message":"GET /dashboard","data":{"status":200,"duration":"25ms","ip":"::1"}}
{"timestamp":"2026-03-31T06:56:37.514Z","level":"INFO","message":"GET /dashboard","data":{"status":200,"duration":"38ms","ip":"::1"}}
{"timestamp":"2026-03-31T06:56:39.540Z","level":"INFO","message":"GET /dashboard","data":{"status":200,"duration":"33ms","ip":"::1"}}
{"timestamp":"2026-03-31T06:56:41.189Z","level":"INFO","message":"GET /dashboard","data":{"status":200,"duration":"31ms","ip":"::1"}}
{"timestamp":"2026-03-31T06:57:30.905Z","level":"INFO","message":"GET /dashboard","data":{"status":200,"duration":"33ms","ip":"::1"}}
{"timestamp":"2026-03-31T06:57:33.021Z","level":"INFO","message":"GET /dashboard","data":{"status":200,"duration":"29ms","ip":"::1"}}
{"timestamp":"2026-03-31T06:57:36.225Z","level":"INFO","message":"GET /dashboard","data":{"status":200,"duration":"32ms","ip":"::1"}}
{"timestamp":"2026-03-31T06:57:37.870Z","level":"INFO","message":"GET /dashboard","data":{"status":200,"duration":"29ms","ip":"::1"}}
{"timestamp":"2026-03-31T06:57:44.856Z","level":"INFO","message":"GET /dashboard","data":{"status":200,"duration":"34ms","ip":"::1"}}
{"timestamp":"2026-03-31T06:57:47.508Z","level":"INFO","message":"GET /dashboard","data":{"status":200,"duration":"30ms","ip":"::1"}}
{"timestamp":"2026-03-31T06:58:28.386Z","level":"INFO","message":"GET /dashboard","data":{"status":200,"duration":"33ms","ip":"::1"}}
{"timestamp":"2026-03-31T06:58:30.833Z","level":"INFO","message":"GET /dashboard","data":{"status":200,"duration":"32ms","ip":"::1"}}
{"timestamp":"2026-03-31T07:00:09.893Z","level":"INFO","message":"GET /dashboard","data":{"status":200,"duration":"25ms","ip":"::1"}}
{"timestamp":"2026-03-31T07:00:34.918Z","level":"INFO","message":"GET /dashboard","data":{"status":200,"duration":"30ms","ip":"::1"}}
{"timestamp":"2026-03-31T07:01:39.857Z","level":"INFO","message":"GET /dashboard","data":{"status":200,"duration":"32ms","ip":"::1"}}
{"timestamp":"2026-03-31T07:01:42.511Z","level":"INFO","message":"GET /dashboard","data":{"status":200,"duration":"31ms","ip":"::1"}}
{"timestamp":"2026-03-31T07:01:49.426Z","level":"INFO","message":"GET /dashboard","data":{"status":200,"duration":"33ms","ip":"::1"}}
{"timestamp":"2026-03-31T07:01:51.727Z","level":"INFO","message":"GET /dashboard","data":{"status":200,"duration":"43ms","ip":"::1"}}
{"timestamp":"2026-03-31T07:01:52.743Z","level":"INFO","message":"GET /dashboard","data":{"status":200,"duration":"70ms","ip":"::1"}}
{"timestamp":"2026-03-31T07:01:56.965Z","level":"INFO","message":"GET /dashboard","data":{"status":200,"duration":"29ms","ip":"::1"}}
{"timestamp":"2026-03-31T07:01:58.552Z","level":"INFO","message":"GET /dashboard","data":{"status":200,"duration":"40ms","ip":"::1"}}
{"timestamp":"2026-03-31T07:02:02.441Z","level":"INFO","message":"GET /dashboard","data":{"status":200,"duration":"28ms","ip":"::1"}}
{"timestamp":"2026-03-31T07:04:19.972Z","level":"INFO","message":"GET /dashboard","data":{"status":200,"duration":"29ms","ip":"::1"}}
{"timestamp":"2026-03-31T07:05:16.655Z","level":"INFO","message":"GET /dashboard","data":{"status":200,"duration":"31ms","ip":"::1"}}
{"timestamp":"2026-03-31T07:05:20.381Z","level":"INFO","message":"GET /dashboard","data":{"status":200,"duration":"39ms","ip":"::1"}}
{"timestamp":"2026-03-31T07:05:32.327Z","level":"INFO","message":"GET /dashboard","data":{"status":200,"duration":"30ms","ip":"::1"}}
{"timestamp":"2026-03-31T07:05:35.070Z","level":"INFO","message":"GET /dashboard","data":{"status":200,"duration":"38ms","ip":"::1"}}
{"timestamp":"2026-03-31T07:05:39.219Z","level":"INFO","message":"GET /dashboard","data":{"status":200,"duration":"41ms","ip":"::1"}}
{"timestamp":"2026-03-31T07:05:44.726Z","level":"INFO","message":"GET /dashboard","data":{"status":200,"duration":"38ms","ip":"::1"}}
{"timestamp":"2026-03-31T07:06:44.450Z","level":"INFO","message":"GET /dashboard","data":{"status":200,"duration":"59ms","ip":"::1"}}
{"timestamp":"2026-03-31T07:07:33.761Z","level":"INFO","message":"GET /dashboard","data":{"status":200,"duration":"27ms","ip":"::1"}}
{"timestamp":"2026-03-31T07:25:20.659Z","level":"INFO","message":"POST /refresh","data":{"status":200,"duration":"24ms","ip":"::1"}}
{"timestamp":"2026-03-31T07:33:12.335Z","level":"INFO","message":"GET /dashboard","data":{"status":200,"duration":"72ms","ip":"::1"}}
{"timestamp":"2026-03-31T07:49:05.999Z","level":"INFO","message":"GET /dashboard","data":{"status":200,"duration":"47ms","ip":"::1"}}
{"timestamp":"2026-03-31T07:49:07.581Z","level":"INFO","message":"GET /dashboard","data":{"status":200,"duration":"27ms","ip":"::1"}}
{"timestamp":"2026-03-31T07:52:54.027Z","level":"INFO","message":"GET /dashboard","data":{"status":200,"duration":"284ms","ip":"::1"}}
{"timestamp":"2026-03-31T07:52:55.278Z","level":"INFO","message":"GET /dashboard","data":{"status":200,"duration":"41ms","ip":"::1"}}
{"timestamp":"2026-03-31T07:53:14.928Z","level":"INFO","message":"GET /dashboard","data":{"status":200,"duration":"38ms","ip":"::1"}}
{"timestamp":"2026-03-31T07:53:19.565Z","level":"INFO","message":"GET /dashboard","data":{"status":200,"duration":"37ms","ip":"::1"}}
{"timestamp":"2026-03-31T07:53:47.363Z","level":"INFO","message":"GET /dashboard","data":{"status":200,"duration":"28ms","ip":"::1"}}
{"timestamp":"2026-03-31T07:53:57.929Z","level":"INFO","message":"GET /dashboard","data":{"status":200,"duration":"28ms","ip":"::1"}}
{"timestamp":"2026-03-31T07:57:01.908Z","level":"INFO","message":"GET /dashboard","data":{"status":200,"duration":"73ms","ip":"::1"}}
{"timestamp":"2026-03-31T07:57:08.582Z","level":"INFO","message":"GET /dashboard","data":{"status":200,"duration":"37ms","ip":"::1"}}
{"timestamp":"2026-03-31T07:59:20.648Z","level":"INFO","message":"GET /dashboard","data":{"status":200,"duration":"30ms","ip":"::1"}}
{"timestamp":"2026-03-31T08:01:25.957Z","level":"INFO","message":"GET /dashboard","data":{"status":200,"duration":"32ms","ip":"::1"}}
{"timestamp":"2026-03-31T08:04:34.950Z","level":"INFO","message":"GET /dashboard","data":{"status":200,"duration":"31ms","ip":"::1"}}
{"timestamp":"2026-03-31T08:04:41.408Z","level":"INFO","message":"GET /dashboard","data":{"status":200,"duration":"30ms","ip":"::1"}}
{"timestamp":"2026-03-31T08:04:45.735Z","level":"INFO","message":"GET /dashboard","data":{"status":200,"duration":"41ms","ip":"::1"}}
{"timestamp":"2026-03-31T08:05:18.581Z","level":"INFO","message":"GET /dashboard","data":{"status":200,"duration":"33ms","ip":"::1"}}
{"timestamp":"2026-03-31T08:06:12.258Z","level":"INFO","message":"GET /dashboard","data":{"status":200,"duration":"71ms","ip":"::1"}}
{"timestamp":"2026-03-31T08:06:18.679Z","level":"INFO","message":"GET /dashboard","data":{"status":200,"duration":"30ms","ip":"::1"}}
{"timestamp":"2026-03-31T08:06:26.891Z","level":"INFO","message":"GET /dashboard","data":{"status":200,"duration":"28ms","ip":"::1"}}
{"timestamp":"2026-03-31T08:06:27.789Z","level":"INFO","message":"GET /dashboard","data":{"status":200,"duration":"49ms","ip":"::1"}}
{"timestamp":"2026-03-31T08:16:53.774Z","level":"INFO","message":"GET /","data":{"status":304,"duration":"107ms","ip":"::1"}}
{"timestamp":"2026-03-31T08:16:53.781Z","level":"INFO","message":"GET /","data":{"status":304,"duration":"66ms","ip":"::1"}}
{"timestamp":"2026-03-31T08:17:10.153Z","level":"INFO","message":"GET /","data":{"status":304,"duration":"21ms","ip":"::1"}}
{"timestamp":"2026-03-31T08:17:11.080Z","level":"INFO","message":"GET /daily/entries","data":{"status":304,"duration":"18ms","ip":"::1"}}
{"timestamp":"2026-03-31T08:17:11.083Z","level":"INFO","message":"GET /daily/entries","data":{"status":304,"duration":"9ms","ip":"::1"}}
{"timestamp":"2026-03-31T08:17:13.532Z","level":"INFO","message":"GET /","data":{"status":304,"duration":"20ms","ip":"::1"}}
{"timestamp":"2026-03-31T08:17:14.002Z","level":"INFO","message":"GET /","data":{"status":304,"duration":"1ms","ip":"::1"}}
{"timestamp":"2026-03-31T08:17:14.005Z","level":"INFO","message":"GET /","data":{"status":304,"duration":"1ms","ip":"::1"}}
{"timestamp":"2026-03-31T08:17:21.098Z","level":"INFO","message":"POST /logout","data":{"status":200,"duration":"5ms","ip":"::1"}}
{"timestamp":"2026-03-31T08:17:36.115Z","level":"INFO","message":"POST /login","data":{"status":200,"duration":"359ms","ip":"::1"}}
{"timestamp":"2026-03-31T08:17:36.135Z","level":"INFO","message":"GET /","data":{"status":304,"duration":"0ms","ip":"::1"}}
{"timestamp":"2026-03-31T08:17:36.139Z","level":"INFO","message":"GET /","data":{"status":304,"duration":"1ms","ip":"::1"}}
{"timestamp":"2026-03-31T08:19:50.883Z","level":"INFO","message":"GET /","data":{"status":304,"duration":"1ms","ip":"::1"}}
{"timestamp":"2026-03-31T08:19:50.888Z","level":"INFO","message":"GET /","data":{"status":304,"duration":"1ms","ip":"::1"}}
{"timestamp":"2026-03-31T08:19:57.938Z","level":"INFO","message":"GET /","data":{"status":304,"duration":"2ms","ip":"::1"}}
{"timestamp":"2026-03-31T08:19:57.943Z","level":"INFO","message":"GET /","data":{"status":304,"duration":"2ms","ip":"::1"}}
{"timestamp":"2026-03-31T08:23:02.385Z","level":"INFO","message":"GET /","data":{"status":304,"duration":"53ms","ip":"::1"}}
{"timestamp":"2026-03-31T08:23:06.443Z","level":"INFO","message":"GET /daily/entries","data":{"status":304,"duration":"13ms","ip":"::1"}}
{"timestamp":"2026-03-31T08:23:06.450Z","level":"INFO","message":"GET /daily/entries","data":{"status":304,"duration":"13ms","ip":"::1"}}
{"timestamp":"2026-03-31T08:23:09.969Z","level":"INFO","message":"GET /daily/entries","data":{"status":200,"duration":"20ms","ip":"::1"}}
{"timestamp":"2026-03-31T08:23:11.460Z","level":"INFO","message":"GET /daily/entries","data":{"status":304,"duration":"0ms","ip":"::1"}}
{"timestamp":"2026-03-31T08:23:12.723Z","level":"INFO","message":"GET /","data":{"status":304,"duration":"35ms","ip":"::1"}}
{"timestamp":"2026-03-31T08:39:46.734Z","level":"INFO","message":"POST /refresh","data":{"status":200,"duration":"34ms","ip":"::1"}}
{"timestamp":"2026-03-31T08:59:46.672Z","level":"INFO","message":"POST /refresh","data":{"status":200,"duration":"24ms","ip":"::1"}}
{"timestamp":"2026-03-31T09:19:46.581Z","level":"INFO","message":"POST /refresh","data":{"status":200,"duration":"5ms","ip":"::1"}}
{"timestamp":"2026-03-31T09:32:28.122Z","level":"INFO","message":"GET /","data":{"status":304,"duration":"139ms","ip":"::1"}}
{"timestamp":"2026-03-31T09:44:10.837Z","level":"INFO","message":"GET /","data":{"status":304,"duration":"90ms","ip":"::1"}}
{"timestamp":"2026-03-31T09:44:12.158Z","level":"INFO","message":"GET /","data":{"status":304,"duration":"1ms","ip":"::1"}}
{"timestamp":"2026-03-31T09:45:44.531Z","level":"INFO","message":"GET /","data":{"status":304,"duration":"0ms","ip":"::1"}}
{"timestamp":"2026-03-31T10:05:44.874Z","level":"INFO","message":"POST /refresh","data":{"status":200,"duration":"41ms","ip":"::1"}}
{"timestamp":"2026-03-31T10:07:48.866Z","level":"INFO","message":"GET /","data":{"status":304,"duration":"102ms","ip":"::1"}}
{"timestamp":"2026-03-31T10:07:59.100Z","level":"INFO","message":"GET /","data":{"status":304,"duration":"0ms","ip":"::1"}}
{"timestamp":"2026-03-31T10:09:01.356Z","level":"INFO","message":"GET /","data":{"status":304,"duration":"8ms","ip":"::1"}}
{"timestamp":"2026-03-31T10:09:03.365Z","level":"INFO","message":"GET /","data":{"status":304,"duration":"1ms","ip":"::1"}}
{"timestamp":"2026-03-31T10:09:06.285Z","level":"INFO","message":"GET /","data":{"status":304,"duration":"3ms","ip":"::1"}}
{"timestamp":"2026-03-31T10:27:59.646Z","level":"INFO","message":"POST /refresh","data":{"status":200,"duration":"27ms","ip":"::1"}}
{"timestamp":"2026-03-31T10:47:59.584Z","level":"INFO","message":"POST /refresh","data":{"status":200,"duration":"6ms","ip":"::1"}}
{"timestamp":"2026-03-31T10:55:54.315Z","level":"INFO","message":"GET /","data":{"status":304,"duration":"71ms","ip":"::1"}}
{"timestamp":"2026-03-31T10:56:04.471Z","level":"INFO","message":"GET /","data":{"status":304,"duration":"39ms","ip":"::1"}}
{"timestamp":"2026-03-31T10:56:05.731Z","level":"INFO","message":"GET /","data":{"status":304,"duration":"0ms","ip":"::1"}}
{"timestamp":"2026-03-31T11:15:19.696Z","level":"INFO","message":"POST /refresh","data":{"status":200,"duration":"27ms","ip":"::1"}}
{"timestamp":"2026-03-31T11:19:55.113Z","level":"INFO","message":"GET /dashboard","data":{"status":200,"duration":"82ms","ip":"::1"}}
{"timestamp":"2026-03-31T11:19:55.121Z","level":"INFO","message":"GET /dashboard","data":{"status":200,"duration":"50ms","ip":"::1"}}
{"timestamp":"2026-03-31T11:20:03.605Z","level":"INFO","message":"GET /dashboard","data":{"status":200,"duration":"48ms","ip":"::1"}}
{"timestamp":"2026-03-31T11:20:03.609Z","level":"INFO","message":"GET /dashboard","data":{"status":200,"duration":"76ms","ip":"::1"}}
{"timestamp":"2026-03-31T11:20:11.289Z","level":"INFO","message":"GET /dashboard","data":{"status":200,"duration":"36ms","ip":"::1"}}
{"timestamp":"2026-03-31T11:20:11.302Z","level":"INFO","message":"GET /dashboard","data":{"status":200,"duration":"42ms","ip":"::1"}}
{"timestamp":"2026-03-31T11:20:17.542Z","level":"INFO","message":"GET /dashboard","data":{"status":200,"duration":"30ms","ip":"::1"}}
{"timestamp":"2026-03-31T11:20:17.545Z","level":"INFO","message":"GET /dashboard","data":{"status":200,"duration":"28ms","ip":"::1"}}
{"timestamp":"2026-03-31T11:20:25.754Z","level":"INFO","message":"GET /dashboard","data":{"status":200,"duration":"41ms","ip":"::1"}}
{"timestamp":"2026-03-31T11:20:25.761Z","level":"INFO","message":"GET /dashboard","data":{"status":200,"duration":"42ms","ip":"::1"}}
{"timestamp":"2026-03-31T11:21:01.789Z","level":"INFO","message":"GET /dashboard","data":{"status":200,"duration":"38ms","ip":"::1"}}
{"timestamp":"2026-03-31T11:21:01.798Z","level":"INFO","message":"GET /dashboard","data":{"status":200,"duration":"43ms","ip":"::1"}}
{"timestamp":"2026-03-31T11:21:07.094Z","level":"INFO","message":"GET /dashboard","data":{"status":200,"duration":"51ms","ip":"::1"}}
{"timestamp":"2026-03-31T11:21:07.125Z","level":"INFO","message":"GET /dashboard","data":{"status":200,"duration":"79ms","ip":"::1"}}
{"timestamp":"2026-03-31T11:21:10.635Z","level":"INFO","message":"GET /export","data":{"status":200,"duration":"53ms","ip":"::1"}}
{"timestamp":"2026-03-31T11:24:18.153Z","level":"INFO","message":"GET /dashboard","data":{"status":200,"duration":"35ms","ip":"::1"}}
{"timestamp":"2026-03-31T11:24:18.157Z","level":"INFO","message":"GET /dashboard","data":{"status":200,"duration":"33ms","ip":"::1"}}
{"timestamp":"2026-03-31T11:24:47.446Z","level":"INFO","message":"GET /dashboard","data":{"status":200,"duration":"43ms","ip":"::1"}}
{"timestamp":"2026-03-31T11:24:47.449Z","level":"INFO","message":"GET /dashboard","data":{"status":200,"duration":"39ms","ip":"::1"}}
{"timestamp":"2026-03-31T11:24:53.897Z","level":"INFO","message":"GET /dashboard","data":{"status":200,"duration":"32ms","ip":"::1"}}
{"timestamp":"2026-03-31T11:24:53.899Z","level":"INFO","message":"GET /dashboard","data":{"status":200,"duration":"30ms","ip":"::1"}}
{"timestamp":"2026-03-31T11:24:57.347Z","level":"INFO","message":"GET /dashboard","data":{"status":200,"duration":"31ms","ip":"::1"}}
{"timestamp":"2026-03-31T11:24:57.353Z","level":"INFO","message":"GET /dashboard","data":{"status":200,"duration":"33ms","ip":"::1"}}
{"timestamp":"2026-03-31T11:25:08.003Z","level":"INFO","message":"GET /dashboard","data":{"status":200,"duration":"38ms","ip":"::1"}}
{"timestamp":"2026-03-31T11:25:08.006Z","level":"INFO","message":"GET /dashboard","data":{"status":200,"duration":"35ms","ip":"::1"}}
{"timestamp":"2026-03-31T11:25:22.321Z","level":"INFO","message":"GET /dashboard","data":{"status":200,"duration":"29ms","ip":"::1"}}
{"timestamp":"2026-03-31T11:25:22.328Z","level":"INFO","message":"GET /dashboard","data":{"status":200,"duration":"31ms","ip":"::1"}}
{"timestamp":"2026-03-31T11:26:04.530Z","level":"INFO","message":"GET /","data":{"status":304,"duration":"42ms","ip":"::1"}}
{"timestamp":"2026-03-31T11:26:04.536Z","level":"INFO","message":"GET /","data":{"status":304,"duration":"27ms","ip":"::1"}}
{"timestamp":"2026-03-31T11:26:09.764Z","level":"INFO","message":"GET /","data":{"status":304,"duration":"18ms","ip":"::1"}}
{"timestamp":"2026-03-31T11:26:11.461Z","level":"INFO","message":"GET /daily/entries","data":{"status":304,"duration":"17ms","ip":"::1"}}
{"timestamp":"2026-03-31T11:26:11.468Z","level":"INFO","message":"GET /daily/entries","data":{"status":304,"duration":"14ms","ip":"::1"}}
{"timestamp":"2026-03-31T11:26:12.175Z","level":"INFO","message":"GET /","data":{"status":304,"duration":"21ms","ip":"::1"}}
{"timestamp":"2026-03-31T11:26:12.711Z","level":"INFO","message":"GET /dashboard","data":{"status":200,"duration":"32ms","ip":"::1"}}
{"timestamp":"2026-03-31T11:26:12.715Z","level":"INFO","message":"GET /dashboard","data":{"status":200,"duration":"30ms","ip":"::1"}}
{"timestamp":"2026-03-31T11:26:14.422Z","level":"INFO","message":"GET /dashboard","data":{"status":200,"duration":"38ms","ip":"::1"}}
{"timestamp":"2026-03-31T11:26:14.429Z","level":"INFO","message":"GET /dashboard","data":{"status":200,"duration":"40ms","ip":"::1"}}
{"timestamp":"2026-03-31T11:26:25.777Z","level":"INFO","message":"GET /dashboard","data":{"status":200,"duration":"28ms","ip":"::1"}}
{"timestamp":"2026-03-31T11:26:25.779Z","level":"INFO","message":"GET /dashboard","data":{"status":200,"duration":"27ms","ip":"::1"}}
{"timestamp":"2026-03-31T11:26:26.349Z","level":"INFO","message":"GET /dashboard","data":{"status":200,"duration":"26ms","ip":"::1"}}
{"timestamp":"2026-03-31T11:26:26.351Z","level":"INFO","message":"GET /dashboard","data":{"status":200,"duration":"24ms","ip":"::1"}}
{"timestamp":"2026-03-31T11:26:28.276Z","level":"INFO","message":"GET /dashboard","data":{"status":200,"duration":"28ms","ip":"::1"}}
{"timestamp":"2026-03-31T11:26:28.278Z","level":"INFO","message":"GET /dashboard","data":{"status":200,"duration":"25ms","ip":"::1"}}
{"timestamp":"2026-03-31T11:26:28.675Z","level":"INFO","message":"GET /dashboard","data":{"status":200,"duration":"42ms","ip":"::1"}}
{"timestamp":"2026-03-31T11:26:28.679Z","level":"INFO","message":"GET /dashboard","data":{"status":200,"duration":"50ms","ip":"::1"}}
{"timestamp":"2026-03-31T11:26:30.695Z","level":"INFO","message":"GET /export","data":{"status":200,"duration":"27ms","ip":"::1"}}
{"timestamp":"2026-03-31T11:26:55.584Z","level":"INFO","message":"GET /","data":{"status":304,"duration":"1ms","ip":"::1"}}
{"timestamp":"2026-03-31T11:26:55.588Z","level":"INFO","message":"GET /","data":{"status":304,"duration":"1ms","ip":"::1"}}
{"timestamp":"2026-03-31T11:28:02.357Z","level":"INFO","message":"GET /","data":{"status":304,"duration":"1ms","ip":"::1"}}
{"timestamp":"2026-03-31T11:28:02.360Z","level":"INFO","message":"GET /","data":{"status":304,"duration":"0ms","ip":"::1"}}
{"timestamp":"2026-03-31T11:28:04.852Z","level":"INFO","message":"GET /","data":{"status":304,"duration":"1ms","ip":"::1"}}
{"timestamp":"2026-03-31T11:28:04.855Z","level":"INFO","message":"GET /","data":{"status":304,"duration":"1ms","ip":"::1"}}
{"timestamp":"2026-03-31T11:28:14.473Z","level":"INFO","message":"GET /dashboard","data":{"status":200,"duration":"34ms","ip":"::1"}}
{"timestamp":"2026-03-31T11:28:14.476Z","level":"INFO","message":"GET /dashboard","data":{"status":200,"duration":"32ms","ip":"::1"}}
{"timestamp":"2026-03-31T11:28:18.290Z","level":"INFO","message":"GET /dashboard","data":{"status":200,"duration":"35ms","ip":"::1"}}
{"timestamp":"2026-03-31T11:28:18.292Z","level":"INFO","message":"GET /dashboard","data":{"status":200,"duration":"26ms","ip":"::1"}}
{"timestamp":"2026-03-31T11:28:20.796Z","level":"INFO","message":"GET /dashboard","data":{"status":200,"duration":"29ms","ip":"::1"}}
{"timestamp":"2026-03-31T11:28:20.801Z","level":"INFO","message":"GET /dashboard","data":{"status":200,"duration":"32ms","ip":"::1"}}
{"timestamp":"2026-03-31T11:28:24.307Z","level":"INFO","message":"GET /dashboard","data":{"status":200,"duration":"29ms","ip":"::1"}}
{"timestamp":"2026-03-31T11:28:24.311Z","level":"INFO","message":"GET /dashboard","data":{"status":200,"duration":"28ms","ip":"::1"}}
{"timestamp":"2026-03-31T11:31:11.304Z","level":"INFO","message":"GET /dashboard","data":{"status":200,"duration":"24ms","ip":"::1"}}
{"timestamp":"2026-03-31T11:31:11.311Z","level":"INFO","message":"GET /dashboard","data":{"status":200,"duration":"29ms","ip":"::1"}}
{"timestamp":"2026-03-31T11:31:22.879Z","level":"INFO","message":"GET /dashboard","data":{"status":200,"duration":"26ms","ip":"::1"}}
{"timestamp":"2026-03-31T11:31:22.888Z","level":"INFO","message":"GET /dashboard","data":{"status":200,"duration":"31ms","ip":"::1"}}
{"timestamp":"2026-03-31T11:31:43.880Z","level":"INFO","message":"GET /dashboard","data":{"status":200,"duration":"47ms","ip":"::1"}}
{"timestamp":"2026-03-31T11:31:43.882Z","level":"INFO","message":"GET /dashboard","data":{"status":200,"duration":"45ms","ip":"::1"}}
{"timestamp":"2026-03-31T11:32:07.748Z","level":"INFO","message":"GET /","data":{"status":304,"duration":"27ms","ip":"::1"}}
{"timestamp":"2026-03-31T11:32:07.755Z","level":"INFO","message":"GET /","data":{"status":304,"duration":"27ms","ip":"::1"}}
{"timestamp":"2026-03-31T11:32:09.561Z","level":"INFO","message":"GET /","data":{"status":304,"duration":"35ms","ip":"::1"}}
{"timestamp":"2026-03-31T11:32:10.656Z","level":"INFO","message":"GET /","data":{"status":304,"duration":"1ms","ip":"::1"}}
{"timestamp":"2026-03-31T11:32:11.262Z","level":"INFO","message":"GET /","data":{"status":304,"duration":"0ms","ip":"::1"}}
{"timestamp":"2026-03-31T11:32:11.266Z","level":"INFO","message":"GET /","data":{"status":304,"duration":"2ms","ip":"::1"}}
{"timestamp":"2026-03-31T11:32:12.107Z","level":"INFO","message":"GET /","data":{"status":304,"duration":"1ms","ip":"::1"}}
{"timestamp":"2026-03-31T11:32:12.569Z","level":"INFO","message":"GET /daily/entries","data":{"status":304,"duration":"51ms","ip":"::1"}}
{"timestamp":"2026-03-31T11:32:12.572Z","level":"INFO","message":"GET /daily/entries","data":{"status":304,"duration":"50ms","ip":"::1"}}
{"timestamp":"2026-03-31T11:32:12.974Z","level":"INFO","message":"GET /","data":{"status":304,"duration":"30ms","ip":"::1"}}
{"timestamp":"2026-03-31T11:32:13.347Z","level":"INFO","message":"GET /dashboard","data":{"status":200,"duration":"34ms","ip":"::1"}}
{"timestamp":"2026-03-31T11:32:13.351Z","level":"INFO","message":"GET /dashboard","data":{"status":200,"duration":"31ms","ip":"::1"}}
{"timestamp":"2026-03-31T11:32:15.737Z","level":"INFO","message":"GET /","data":{"status":304,"duration":"1ms","ip":"::1"}}
{"timestamp":"2026-03-31T11:32:15.753Z","level":"INFO","message":"GET /","data":{"status":304,"duration":"5ms","ip":"::1"}}
{"timestamp":"2026-03-31T11:35:07.709Z","level":"INFO","message":"Graceful shutdown initiated"}
{"timestamp":"2026-03-31T11:35:07.723Z","level":"INFO","message":"HTTP server closed"}
{"timestamp":"2026-03-31T11:35:07.847Z","level":"INFO","message":"Database disconnected"}
{"timestamp":"2026-03-31T11:41:43.939Z","level":"INFO","message":"✓ MongoDB connected"}
{"timestamp":"2026-03-31T11:41:43.944Z","level":"INFO","message":"✓ Server running on port 5000"}
{"timestamp":"2026-03-31T11:41:43.945Z","level":"INFO","message":"Environment: development"}
{"timestamp":"2026-03-31T11:42:03.403Z","level":"INFO","message":"GET /","data":{"status":304,"duration":"58ms","ip":"::1"}}
{"timestamp":"2026-03-31T11:42:03.411Z","level":"INFO","message":"GET /","data":{"status":304,"duration":"41ms","ip":"::1"}}
{"timestamp":"2026-03-31T11:42:04.610Z","level":"INFO","message":"POST /logout","data":{"status":200,"duration":"2ms","ip":"::1"}}
{"timestamp":"2026-03-31T11:42:15.947Z","level":"INFO","message":"POST /login","data":{"status":200,"duration":"334ms","ip":"::1"}}
{"timestamp":"2026-03-31T11:42:15.970Z","level":"INFO","message":"GET /","data":{"status":304,"duration":"1ms","ip":"::1"}}
{"timestamp":"2026-03-31T11:42:15.974Z","level":"INFO","message":"GET /","data":{"status":304,"duration":"1ms","ip":"::1"}}
{"timestamp":"2026-03-31T11:42:17.873Z","level":"INFO","message":"GET /dashboard","data":{"status":200,"duration":"35ms","ip":"::1"}}
{"timestamp":"2026-03-31T11:42:17.879Z","level":"INFO","message":"GET /dashboard","data":{"status":200,"duration":"34ms","ip":"::1"}}
{"timestamp":"2026-03-31T11:42:21.423Z","level":"INFO","message":"GET /","data":{"status":304,"duration":"27ms","ip":"::1"}}
{"timestamp":"2026-03-31T11:42:25.253Z","level":"INFO","message":"GET /daily/entries","data":{"status":304,"duration":"15ms","ip":"::1"}}
{"timestamp":"2026-03-31T11:42:25.257Z","level":"INFO","message":"GET /daily/entries","data":{"status":304,"duration":"12ms","ip":"::1"}}
{"timestamp":"2026-03-31T11:42:26.270Z","level":"INFO","message":"GET /","data":{"status":304,"duration":"30ms","ip":"::1"}}
{"timestamp":"2026-03-31T11:42:27.275Z","level":"INFO","message":"GET /","data":{"status":304,"duration":"1ms","ip":"::1"}}
{"timestamp":"2026-03-31T11:42:27.279Z","level":"INFO","message":"GET /","data":{"status":304,"duration":"2ms","ip":"::1"}}
{"timestamp":"2026-03-31T11:45:00.133Z","level":"INFO","message":"GET /","data":{"status":304,"duration":"3ms","ip":"::1"}}
{"timestamp":"2026-03-31T11:45:00.139Z","level":"INFO","message":"GET /","data":{"status":304,"duration":"2ms","ip":"::1"}}
{"timestamp":"2026-03-31T11:46:48.936Z","level":"INFO","message":"GET /","data":{"status":304,"duration":"1ms","ip":"::1"}}
{"timestamp":"2026-03-31T11:46:48.941Z","level":"INFO","message":"GET /","data":{"status":304,"duration":"1ms","ip":"::1"}}
{"timestamp":"2026-03-31T11:46:50.149Z","level":"INFO","message":"GET /dashboard","data":{"status":200,"duration":"40ms","ip":"::1"}}
{"timestamp":"2026-03-31T11:46:50.151Z","level":"INFO","message":"GET /dashboard","data":{"status":200,"duration":"35ms","ip":"::1"}}
{"timestamp":"2026-03-31T11:46:51.959Z","level":"INFO","message":"GET /dashboard","data":{"status":200,"duration":"41ms","ip":"::1"}}
{"timestamp":"2026-03-31T11:46:51.967Z","level":"INFO","message":"GET /dashboard","data":{"status":200,"duration":"44ms","ip":"::1"}}
{"timestamp":"2026-03-31T11:46:54.417Z","level":"INFO","message":"GET /dashboard","data":{"status":200,"duration":"28ms","ip":"::1"}}
{"timestamp":"2026-03-31T11:46:54.422Z","level":"INFO","message":"GET /dashboard","data":{"status":200,"duration":"28ms","ip":"::1"}}
{"timestamp":"2026-03-31T11:46:54.946Z","level":"INFO","message":"GET /dashboard","data":{"status":200,"duration":"30ms","ip":"::1"}}
{"timestamp":"2026-03-31T11:46:54.952Z","level":"INFO","message":"GET /dashboard","data":{"status":200,"duration":"31ms","ip":"::1"}}
{"timestamp":"2026-03-31T11:46:58.922Z","level":"INFO","message":"GET /","data":{"status":304,"duration":"2ms","ip":"::1"}}
{"timestamp":"2026-03-31T11:46:58.926Z","level":"INFO","message":"GET /","data":{"status":304,"duration":"1ms","ip":"::1"}}
{"timestamp":"2026-03-31T11:47:16.538Z","level":"INFO","message":"Graceful shutdown initiated"}
{"timestamp":"2026-03-31T11:47:16.539Z","level":"INFO","message":"HTTP server closed"}
{"timestamp":"2026-03-31T11:47:16.563Z","level":"INFO","message":"Database disconnected"}
