{"timestamp":"2026-03-24T04:59:22.732Z","level":"INFO","message":"✓ MongoDB connected"}
{"timestamp":"2026-03-24T04:59:22.744Z","level":"INFO","message":"✓ Server running on port 5000"}
{"timestamp":"2026-03-24T04:59:22.749Z","level":"INFO","message":"Environment: development"}
{"timestamp":"2026-03-24T05:01:14.476Z","level":"INFO","message":"POST /login","data":{"status":200,"duration":"930ms","ip":"::1"}}
{"timestamp":"2026-03-24T05:01:14.801Z","level":"INFO","message":"GET /","data":{"status":200,"duration":"209ms","ip":"::1"}}
{"timestamp":"2026-03-24T05:01:14.833Z","level":"INFO","message":"GET /","data":{"status":200,"duration":"153ms","ip":"::1"}}
{"timestamp":"2026-03-24T05:01:41.984Z","level":"INFO","message":"GET /","data":{"status":200,"duration":"72ms","ip":"::1"}}
{"timestamp":"2026-03-24T05:01:43.934Z","level":"INFO","message":"GET /daily/entries","data":{"status":200,"duration":"29ms","ip":"::1"}}
{"timestamp":"2026-03-24T05:01:43.951Z","level":"INFO","message":"GET /daily/entries","data":{"status":200,"duration":"32ms","ip":"::1"}}
{"timestamp":"2026-03-24T05:21:15.209Z","level":"INFO","message":"POST /refresh","data":{"status":200,"duration":"43ms","ip":"::1"}}
{"timestamp":"2026-03-24T05:27:23.525Z","level":"INFO","message":"GET /daily/entries","data":{"status":304,"duration":"68ms","ip":"::1"}}
{"timestamp":"2026-03-24T05:27:23.530Z","level":"INFO","message":"GET /daily/entries","data":{"status":304,"duration":"30ms","ip":"::1"}}
{"timestamp":"2026-03-24T05:37:48.977Z","level":"INFO","message":"GET /daily/entries","data":{"status":304,"duration":"32ms","ip":"::1"}}
{"timestamp":"2026-03-24T05:37:48.982Z","level":"INFO","message":"GET /daily/entries","data":{"status":304,"duration":"31ms","ip":"::1"}}
{"timestamp":"2026-03-24T05:39:07.030Z","level":"INFO","message":"GET /daily/entries","data":{"status":304,"duration":"1ms","ip":"::1"}}
{"timestamp":"2026-03-24T05:39:07.033Z","level":"INFO","message":"GET /daily/entries","data":{"status":304,"duration":"0ms","ip":"::1"}}
{"timestamp":"2026-03-24T05:41:29.706Z","level":"INFO","message":"GET /daily/entries","data":{"status":200,"duration":"93ms","ip":"::1"}}
{"timestamp":"2026-03-24T05:41:37.930Z","level":"INFO","message":"GET /daily/entries","data":{"status":200,"duration":"86ms","ip":"::1"}}
{"timestamp":"2026-03-24T05:41:49.422Z","level":"INFO","message":"GET /daily/entries","data":{"status":304,"duration":"3ms","ip":"::1"}}
{"timestamp":"2026-03-24T05:41:49.631Z","level":"INFO","message":"GET /daily/entries","data":{"status":304,"duration":"1ms","ip":"::1"}}
{"timestamp":"2026-03-24T05:42:10.891Z","level":"INFO","message":"GET /","data":{"status":304,"duration":"94ms","ip":"::1"}}
{"timestamp":"2026-03-24T05:42:15.064Z","level":"INFO","message":"GET /daily/entries","data":{"status":304,"duration":"2ms","ip":"::1"}}
{"timestamp":"2026-03-24T05:42:15.071Z","level":"INFO","message":"GET /daily/entries","data":{"status":304,"duration":"2ms","ip":"::1"}}
{"timestamp":"2026-03-24T05:42:16.884Z","level":"INFO","message":"GET /","data":{"status":200,"duration":"90ms","ip":"::1"}}
{"timestamp":"2026-03-24T05:42:17.847Z","level":"INFO","message":"GET /","data":{"status":304,"duration":"83ms","ip":"::1"}}
{"timestamp":"2026-03-24T05:42:17.860Z","level":"INFO","message":"GET /","data":{"status":304,"duration":"71ms","ip":"::1"}}
{"timestamp":"2026-03-24T05:42:55.671Z","level":"INFO","message":"GET /","data":{"status":304,"duration":"3ms","ip":"::1"}}
{"timestamp":"2026-03-24T05:59:07.079Z","level":"INFO","message":"POST /refresh","data":{"status":200,"duration":"8ms","ip":"::1"}}
{"timestamp":"2026-03-24T06:19:07.216Z","level":"INFO","message":"POST /refresh","data":{"status":200,"duration":"24ms","ip":"::1"}}
{"timestamp":"2026-03-24T06:24:33.656Z","level":"INFO","message":"GET /","data":{"status":304,"duration":"100ms","ip":"::1"}}
{"timestamp":"2026-03-24T06:36:09.280Z","level":"INFO","message":"GET /","data":{"status":304,"duration":"129ms","ip":"::1"}}
{"timestamp":"2026-03-24T06:36:33.028Z","level":"INFO","message":"GET /","data":{"status":304,"duration":"1ms","ip":"::1"}}
{"timestamp":"2026-03-24T08:11:13.905Z","level":"INFO","message":"POST /refresh","data":{"status":200,"duration":"23ms","ip":"::1"}}
{"timestamp":"2026-03-24T08:16:33.023Z","level":"INFO","message":"POST /refresh","data":{"status":200,"duration":"3ms","ip":"::1"}}
{"timestamp":"2026-03-24T08:21:02.399Z","level":"INFO","message":"GET /","data":{"status":304,"duration":"74ms","ip":"::1"}}
{"timestamp":"2026-03-24T08:22:30.170Z","level":"INFO","message":"GET /","data":{"status":304,"duration":"1ms","ip":"::1"}}
{"timestamp":"2026-03-24T08:24:24.301Z","level":"INFO","message":"GET /","data":{"status":304,"duration":"1ms","ip":"::1"}}
{"timestamp":"2026-03-24T08:29:22.244Z","level":"INFO","message":"GET /","data":{"status":304,"duration":"50ms","ip":"::1"}}
{"timestamp":"2026-03-24T08:30:57.737Z","level":"INFO","message":"GET /","data":{"status":304,"duration":"1ms","ip":"::1"}}
{"timestamp":"2026-03-24T08:31:28.894Z","level":"INFO","message":"GET /","data":{"status":304,"duration":"1ms","ip":"::1"}}
{"timestamp":"2026-03-24T08:40:03.057Z","level":"INFO","message":"GET /","data":{"status":304,"duration":"60ms","ip":"::1"}}
{"timestamp":"2026-03-24T08:40:29.945Z","level":"INFO","message":"GET /","data":{"status":304,"duration":"1ms","ip":"::1"}}
{"timestamp":"2026-03-24T08:41:05.599Z","level":"INFO","message":"GET /","data":{"status":304,"duration":"1ms","ip":"::1"}}
{"timestamp":"2026-03-24T08:41:08.416Z","level":"INFO","message":"GET /","data":{"status":304,"duration":"1ms","ip":"::1"}}
{"timestamp":"2026-03-24T08:42:02.082Z","level":"INFO","message":"GET /daily/entries","data":{"status":304,"duration":"35ms","ip":"::1"}}
{"timestamp":"2026-03-24T08:42:02.093Z","level":"INFO","message":"GET /daily/entries","data":{"status":304,"duration":"32ms","ip":"::1"}}
{"timestamp":"2026-03-24T08:42:04.897Z","level":"INFO","message":"GET /","data":{"status":304,"duration":"66ms","ip":"::1"}}
{"timestamp":"2026-03-24T08:42:06.481Z","level":"INFO","message":"GET /","data":{"status":304,"duration":"1ms","ip":"::1"}}
{"timestamp":"2026-03-24T08:42:19.523Z","level":"INFO","message":"PUT /69b2999ed6b3f43bd368bfbd","data":{"status":200,"duration":"129ms","ip":"::1"}}
{"timestamp":"2026-03-24T08:42:19.607Z","level":"INFO","message":"GET /","data":{"status":200,"duration":"79ms","ip":"::1"}}
{"timestamp":"2026-03-24T08:46:10.136Z","level":"INFO","message":"GET /","data":{"status":304,"duration":"1ms","ip":"::1"}}
{"timestamp":"2026-03-24T08:46:12.631Z","level":"INFO","message":"GET /","data":{"status":304,"duration":"1ms","ip":"::1"}}
{"timestamp":"2026-03-24T08:46:30.691Z","level":"INFO","message":"GET /","data":{"status":304,"duration":"0ms","ip":"::1"}}
{"timestamp":"2026-03-24T08:52:33.733Z","level":"INFO","message":"GET /","data":{"status":304,"duration":"171ms","ip":"::1"}}
{"timestamp":"2026-03-24T08:52:49.715Z","level":"INFO","message":"GET /","data":{"status":304,"duration":"0ms","ip":"::1"}}
{"timestamp":"2026-03-24T08:52:51.594Z","level":"INFO","message":"GET /","data":{"status":304,"duration":"1ms","ip":"::1"}}
{"timestamp":"2026-03-24T08:52:53.120Z","level":"INFO","message":"GET /","data":{"status":304,"duration":"0ms","ip":"::1"}}
{"timestamp":"2026-03-24T08:53:06.854Z","level":"INFO","message":"GET /","data":{"status":304,"duration":"1ms","ip":"::1"}}
{"timestamp":"2026-03-24T08:53:40.768Z","level":"INFO","message":"GET /","data":{"status":304,"duration":"1ms","ip":"::1"}}
{"timestamp":"2026-03-24T08:56:00.340Z","level":"INFO","message":"GET /","data":{"status":304,"duration":"1ms","ip":"::1"}}
{"timestamp":"2026-03-24T08:56:01.769Z","level":"INFO","message":"GET /","data":{"status":304,"duration":"0ms","ip":"::1"}}
{"timestamp":"2026-03-24T12:12:00.726Z","level":"INFO","message":"POST /refresh","data":{"status":200,"duration":"21ms","ip":"::1"}}
{"timestamp":"2026-03-24T12:15:59.231Z","level":"INFO","message":"POST /refresh","data":{"status":200,"duration":"8ms","ip":"::1"}}
{"timestamp":"2026-03-24T12:35:59.263Z","level":"INFO","message":"POST /refresh","data":{"status":200,"duration":"7ms","ip":"::1"}}
{"timestamp":"2026-03-24T12:55:59.288Z","level":"INFO","message":"POST /refresh","data":{"status":200,"duration":"12ms","ip":"::1"}}
{"timestamp":"2026-03-24T13:17:11.087Z","level":"INFO","message":"POST /refresh","data":{"status":200,"duration":"6ms","ip":"::1"}}
{"timestamp":"2026-03-24T13:20:22.806Z","level":"INFO","message":"GET /","data":{"status":304,"duration":"54ms","ip":"::1"}}
{"timestamp":"2026-03-24T13:20:38.857Z","level":"INFO","message":"GET /","data":{"status":304,"duration":"1ms","ip":"::1"}}
{"timestamp":"2026-03-24T13:20:40.826Z","level":"INFO","message":"GET /","data":{"status":304,"duration":"1ms","ip":"::1"}}
{"timestamp":"2026-03-24T13:20:43.227Z","level":"INFO","message":"GET /","data":{"status":304,"duration":"1ms","ip":"::1"}}
{"timestamp":"2026-03-24T13:20:44.205Z","level":"INFO","message":"GET /","data":{"status":304,"duration":"1ms","ip":"::1"}}
{"timestamp":"2026-03-24T13:20:45.316Z","level":"INFO","message":"GET /","data":{"status":304,"duration":"1ms","ip":"::1"}}
{"timestamp":"2026-03-24T13:21:52.123Z","level":"INFO","message":"GET /","data":{"status":304,"duration":"0ms","ip":"::1"}}
{"timestamp":"2026-03-24T13:21:53.257Z","level":"INFO","message":"GET /","data":{"status":304,"duration":"0ms","ip":"::1"}}
{"timestamp":"2026-03-24T13:21:55.173Z","level":"INFO","message":"GET /","data":{"status":304,"duration":"1ms","ip":"::1"}}
{"timestamp":"2026-03-24T13:24:13.237Z","level":"INFO","message":"GET /","data":{"status":304,"duration":"1ms","ip":"::1"}}
{"timestamp":"2026-03-24T13:24:43.488Z","level":"INFO","message":"GET /","data":{"status":304,"duration":"1ms","ip":"::1"}}
{"timestamp":"2026-03-24T13:24:44.660Z","level":"INFO","message":"GET /","data":{"status":304,"duration":"2ms","ip":"::1"}}
{"timestamp":"2026-03-24T13:25:25.397Z","level":"INFO","message":"GET /","data":{"status":304,"duration":"24ms","ip":"::1"}}
{"timestamp":"2026-03-24T13:25:26.913Z","level":"INFO","message":"GET /","data":{"status":304,"duration":"1ms","ip":"::1"}}
{"timestamp":"2026-03-24T13:25:27.841Z","level":"INFO","message":"GET /","data":{"status":304,"duration":"0ms","ip":"::1"}}
{"timestamp":"2026-03-24T13:28:27.984Z","level":"INFO","message":"GET /","data":{"status":304,"duration":"1ms","ip":"::1"}}
{"timestamp":"2026-03-24T13:28:48.415Z","level":"INFO","message":"GET /","data":{"status":304,"duration":"1ms","ip":"::1"}}
{"timestamp":"2026-03-24T13:29:24.792Z","level":"INFO","message":"GET /","data":{"status":304,"duration":"2ms","ip":"::1"}}
{"timestamp":"2026-03-24T13:29:25.921Z","level":"INFO","message":"GET /","data":{"status":304,"duration":"1ms","ip":"::1"}}
{"timestamp":"2026-03-24T13:29:27.296Z","level":"INFO","message":"GET /","data":{"status":304,"duration":"0ms","ip":"::1"}}
{"timestamp":"2026-03-24T13:29:28.349Z","level":"INFO","message":"GET /","data":{"status":304,"duration":"0ms","ip":"::1"}}
{"timestamp":"2026-03-24T13:30:34.212Z","level":"INFO","message":"GET /","data":{"status":304,"duration":"25ms","ip":"::1"}}
{"timestamp":"2026-03-24T13:30:36.512Z","level":"INFO","message":"GET /","data":{"status":304,"duration":"1ms","ip":"::1"}}
{"timestamp":"2026-03-24T13:30:39.949Z","level":"INFO","message":"GET /","data":{"status":304,"duration":"1ms","ip":"::1"}}
{"timestamp":"2026-03-24T13:31:11.334Z","level":"INFO","message":"GET /","data":{"status":304,"duration":"0ms","ip":"::1"}}
{"timestamp":"2026-03-24T13:31:31.457Z","level":"INFO","message":"GET /","data":{"status":304,"duration":"0ms","ip":"::1"}}
{"timestamp":"2026-03-24T13:31:32.893Z","level":"INFO","message":"GET /","data":{"status":304,"duration":"0ms","ip":"::1"}}
{"timestamp":"2026-03-24T13:33:42.508Z","level":"INFO","message":"GET /","data":{"status":304,"duration":"1ms","ip":"::1"}}
{"timestamp":"2026-03-24T13:33:44.037Z","level":"INFO","message":"GET /","data":{"status":304,"duration":"1ms","ip":"::1"}}
{"timestamp":"2026-03-24T13:34:05.415Z","level":"INFO","message":"GET /","data":{"status":304,"duration":"1ms","ip":"::1"}}
{"timestamp":"2026-03-24T13:35:45.433Z","level":"INFO","message":"GET /","data":{"status":304,"duration":"28ms","ip":"::1"}}
{"timestamp":"2026-03-24T13:35:46.718Z","level":"INFO","message":"GET /","data":{"status":304,"duration":"1ms","ip":"::1"}}
{"timestamp":"2026-03-24T13:41:41.219Z","level":"INFO","message":"GET /","data":{"status":304,"duration":"35ms","ip":"::1"}}
{"timestamp":"2026-03-24T13:41:43.328Z","level":"INFO","message":"GET /","data":{"status":304,"duration":"1ms","ip":"::1"}}
{"timestamp":"2026-03-24T13:57:45.874Z","level":"INFO","message":"GET /","data":{"status":304,"duration":"41ms","ip":"::1"}}
{"timestamp":"2026-03-24T13:57:47.864Z","level":"INFO","message":"GET /","data":{"status":304,"duration":"1ms","ip":"::1"}}
{"timestamp":"2026-03-24T13:58:27.487Z","level":"INFO","message":"GET /","data":{"status":304,"duration":"2ms","ip":"::1"}}
{"timestamp":"2026-03-24T13:59:13.208Z","level":"INFO","message":"GET /","data":{"status":304,"duration":"1ms","ip":"::1"}}
{"timestamp":"2026-03-24T13:59:18.252Z","level":"INFO","message":"GET /","data":{"status":304,"duration":"1ms","ip":"::1"}}
{"timestamp":"2026-03-24T14:01:15.259Z","level":"INFO","message":"GET /","data":{"status":304,"duration":"1ms","ip":"::1"}}
{"timestamp":"2026-03-24T14:01:17.084Z","level":"INFO","message":"GET /","data":{"status":304,"duration":"1ms","ip":"::1"}}
{"timestamp":"2026-03-24T14:03:22.845Z","level":"INFO","message":"GET /","data":{"status":304,"duration":"34ms","ip":"::1"}}
{"timestamp":"2026-03-24T14:05:24.312Z","level":"INFO","message":"GET /","data":{"status":304,"duration":"0ms","ip":"::1"}}
{"timestamp":"2026-03-24T14:06:08.554Z","level":"INFO","message":"GET /","data":{"status":304,"duration":"1ms","ip":"::1"}}
{"timestamp":"2026-03-24T14:06:39.454Z","level":"INFO","message":"GET /","data":{"status":304,"duration":"2ms","ip":"::1"}}
{"timestamp":"2026-03-24T14:06:46.576Z","level":"INFO","message":"GET /","data":{"status":304,"duration":"1ms","ip":"::1"}}
{"timestamp":"2026-03-24T14:06:47.800Z","level":"INFO","message":"GET /","data":{"status":304,"duration":"1ms","ip":"::1"}}
{"timestamp":"2026-03-24T14:06:56.102Z","level":"INFO","message":"GET /","data":{"status":304,"duration":"2ms","ip":"::1"}}
{"timestamp":"2026-03-24T14:07:03.758Z","level":"INFO","message":"GET /","data":{"status":304,"duration":"1ms","ip":"::1"}}
{"timestamp":"2026-03-24T14:07:10.823Z","level":"INFO","message":"GET /","data":{"status":304,"duration":"1ms","ip":"::1"}}
{"timestamp":"2026-03-24T14:10:05.125Z","level":"INFO","message":"GET /","data":{"status":304,"duration":"39ms","ip":"::1"}}
{"timestamp":"2026-03-24T14:30:05.332Z","level":"INFO","message":"POST /refresh","data":{"status":200,"duration":"24ms","ip":"::1"}}
{"timestamp":"2026-03-24T15:07:03.071Z","level":"INFO","message":"POST /refresh","data":{"status":200,"duration":"5ms","ip":"::1"}}
{"timestamp":"2026-03-24T15:10:05.156Z","level":"INFO","message":"POST /refresh","data":{"status":200,"duration":"2ms","ip":"::1"}}
{"timestamp":"2026-03-24T15:30:05.220Z","level":"INFO","message":"POST /refresh","data":{"status":200,"duration":"24ms","ip":"::1"}}
{"timestamp":"2026-03-24T16:32:23.272Z","level":"INFO","message":"POST /refresh","data":{"status":200,"duration":"4ms","ip":"::1"}}
{"timestamp":"2026-03-24T16:50:05.157Z","level":"INFO","message":"POST /refresh","data":{"status":200,"duration":"12ms","ip":"::1"}}
{"timestamp":"2026-03-24T17:10:05.097Z","level":"INFO","message":"POST /refresh","data":{"status":200,"duration":"5ms","ip":"::1"}}
{"timestamp":"2026-03-24T17:30:05.114Z","level":"INFO","message":"POST /refresh","data":{"status":200,"duration":"3ms","ip":"::1"}}
{"timestamp":"2026-03-24T17:50:05.104Z","level":"INFO","message":"POST /refresh","data":{"status":200,"duration":"3ms","ip":"::1"}}
{"timestamp":"2026-03-24T18:10:05.096Z","level":"INFO","message":"POST /refresh","data":{"status":200,"duration":"3ms","ip":"::1"}}
{"timestamp":"2026-03-24T18:30:05.082Z","level":"INFO","message":"POST /refresh","data":{"status":200,"duration":"2ms","ip":"::1"}}
{"timestamp":"2026-03-24T18:50:05.101Z","level":"INFO","message":"POST /refresh","data":{"status":200,"duration":"4ms","ip":"::1"}}
{"timestamp":"2026-03-24T19:10:05.124Z","level":"INFO","message":"POST /refresh","data":{"status":200,"duration":"41ms","ip":"::1"}}
{"timestamp":"2026-03-24T19:30:05.084Z","level":"INFO","message":"POST /refresh","data":{"status":200,"duration":"2ms","ip":"::1"}}
{"timestamp":"2026-03-24T19:50:05.105Z","level":"INFO","message":"POST /refresh","data":{"status":200,"duration":"3ms","ip":"::1"}}
{"timestamp":"2026-03-24T20:10:00.763Z","level":"INFO","message":"Graceful shutdown initiated"}
{"timestamp":"2026-03-24T20:10:00.772Z","level":"INFO","message":"HTTP server closed"}
{"timestamp":"2026-03-24T20:10:00.847Z","level":"INFO","message":"Database disconnected"}
