{"timestamp":"2026-03-15T12:12:41.542Z","level":"INFO","message":"✓ MongoDB connected"}
{"timestamp":"2026-03-15T12:12:41.549Z","level":"INFO","message":"✓ Server running on port 3000"}
{"timestamp":"2026-03-15T12:12:41.549Z","level":"INFO","message":"Environment: development"}
{"timestamp":"2026-03-15T12:14:22.842Z","level":"INFO","message":"POST /login","data":{"status":200,"duration":"385ms","ip":"::1"}}
{"timestamp":"2026-03-15T12:14:22.912Z","level":"INFO","message":"GET /","data":{"status":200,"duration":"40ms","ip":"::1"}}
{"timestamp":"2026-03-15T12:14:22.918Z","level":"INFO","message":"GET /","data":{"status":200,"duration":"36ms","ip":"::1"}}
{"timestamp":"2026-03-15T12:14:37.283Z","level":"INFO","message":"GET /","data":{"status":200,"duration":"47ms","ip":"::1"}}
{"timestamp":"2026-03-15T12:14:39.048Z","level":"INFO","message":"GET /","data":{"status":200,"duration":"35ms","ip":"::1"}}
{"timestamp":"2026-03-15T12:14:40.372Z","level":"INFO","message":"GET /","data":{"status":200,"duration":"50ms","ip":"::1"}}
{"timestamp":"2026-03-15T12:14:41.645Z","level":"INFO","message":"GET /dashboard","data":{"status":200,"duration":"46ms","ip":"::1"}}
{"timestamp":"2026-03-15T12:14:45.463Z","level":"INFO","message":"GET /dashboard","data":{"status":200,"duration":"63ms","ip":"::1"}}
{"timestamp":"2026-03-15T12:14:46.505Z","level":"INFO","message":"GET /dashboard","data":{"status":200,"duration":"58ms","ip":"::1"}}
{"timestamp":"2026-03-15T12:14:47.461Z","level":"INFO","message":"GET /dashboard","data":{"status":200,"duration":"39ms","ip":"::1"}}
{"timestamp":"2026-03-15T12:14:51.778Z","level":"INFO","message":"GET /","data":{"status":304,"duration":"1ms","ip":"::1"}}
{"timestamp":"2026-03-15T12:14:51.781Z","level":"INFO","message":"GET /","data":{"status":304,"duration":"1ms","ip":"::1"}}
{"timestamp":"2026-03-15T12:20:00.690Z","level":"INFO","message":"Graceful shutdown initiated"}
{"timestamp":"2026-03-15T12:20:00.699Z","level":"INFO","message":"HTTP server closed"}
{"timestamp":"2026-03-15T12:20:00.754Z","level":"INFO","message":"Database disconnected"}
{"timestamp":"2026-03-15T12:46:46.788Z","level":"INFO","message":"✓ MongoDB connected"}
{"timestamp":"2026-03-15T12:46:46.795Z","level":"INFO","message":"✓ Server running on port 3000"}
{"timestamp":"2026-03-15T12:46:46.796Z","level":"INFO","message":"Environment: development"}
{"timestamp":"2026-03-15T12:47:39.776Z","level":"INFO","message":"POST /login","data":{"status":200,"duration":"403ms","ip":"::1"}}
{"timestamp":"2026-03-15T12:47:39.870Z","level":"INFO","message":"GET /","data":{"status":304,"duration":"70ms","ip":"::1"}}
{"timestamp":"2026-03-15T12:47:39.877Z","level":"INFO","message":"GET /","data":{"status":304,"duration":"62ms","ip":"::1"}}
{"timestamp":"2026-03-15T12:47:48.351Z","level":"INFO","message":"GET /","data":{"status":304,"duration":"30ms","ip":"::1"}}
{"timestamp":"2026-03-15T12:47:53.024Z","level":"INFO","message":"GET /","data":{"status":304,"duration":"55ms","ip":"::1"}}
{"timestamp":"2026-03-15T12:47:55.324Z","level":"INFO","message":"GET /","data":{"status":304,"duration":"75ms","ip":"::1"}}
{"timestamp":"2026-03-15T12:47:56.098Z","level":"INFO","message":"GET /dashboard","data":{"status":200,"duration":"60ms","ip":"::1"}}
{"timestamp":"2026-03-15T12:48:03.266Z","level":"INFO","message":"GET /","data":{"status":304,"duration":"4ms","ip":"::1"}}
{"timestamp":"2026-03-15T12:48:03.275Z","level":"INFO","message":"GET /","data":{"status":304,"duration":"1ms","ip":"::1"}}
{"timestamp":"2026-03-15T12:48:23.162Z","level":"INFO","message":"GET /","data":{"status":304,"duration":"4ms","ip":"::1"}}
{"timestamp":"2026-03-15T12:48:23.167Z","level":"INFO","message":"GET /","data":{"status":304,"duration":"1ms","ip":"::1"}}
{"timestamp":"2026-03-15T13:26:33.446Z","level":"INFO","message":"POST /login","data":{"status":200,"duration":"510ms","ip":"::1"}}
{"timestamp":"2026-03-15T13:26:33.539Z","level":"INFO","message":"GET /","data":{"status":200,"duration":"50ms","ip":"::1"}}
{"timestamp":"2026-03-15T13:26:33.546Z","level":"INFO","message":"GET /","data":{"status":200,"duration":"37ms","ip":"::1"}}
{"timestamp":"2026-03-15T13:26:36.837Z","level":"INFO","message":"GET /","data":{"status":200,"duration":"52ms","ip":"::1"}}
{"timestamp":"2026-03-15T13:26:38.228Z","level":"INFO","message":"GET /","data":{"status":200,"duration":"60ms","ip":"::1"}}
{"timestamp":"2026-03-15T13:26:39.547Z","level":"INFO","message":"GET /","data":{"status":200,"duration":"26ms","ip":"::1"}}
{"timestamp":"2026-03-15T13:26:40.985Z","level":"INFO","message":"GET /dashboard","data":{"status":200,"duration":"51ms","ip":"::1"}}
{"timestamp":"2026-03-15T13:26:47.425Z","level":"INFO","message":"GET /","data":{"status":304,"duration":"2ms","ip":"::1"}}
{"timestamp":"2026-03-15T13:26:50.172Z","level":"INFO","message":"GET /","data":{"status":304,"duration":"1ms","ip":"::1"}}
{"timestamp":"2026-03-15T13:26:51.031Z","level":"INFO","message":"GET /","data":{"status":304,"duration":"1ms","ip":"::1"}}
{"timestamp":"2026-03-15T13:27:36.228Z","level":"INFO","message":"POST /logout","data":{"status":200,"duration":"6ms","ip":"::1"}}
{"timestamp":"2026-03-15T13:41:22.887Z","level":"INFO","message":"POST /login","data":{"status":200,"duration":"404ms","ip":"::1"}}
{"timestamp":"2026-03-15T13:41:22.954Z","level":"INFO","message":"GET /","data":{"status":304,"duration":"40ms","ip":"::1"}}
{"timestamp":"2026-03-15T13:41:22.966Z","level":"INFO","message":"GET /","data":{"status":304,"duration":"38ms","ip":"::1"}}
{"timestamp":"2026-03-15T13:41:43.837Z","level":"INFO","message":"GET /me","data":{"status":200,"duration":"151ms","ip":"::1"}}
{"timestamp":"2026-03-15T13:41:43.877Z","level":"INFO","message":"GET /","data":{"status":304,"duration":"4ms","ip":"::1"}}
{"timestamp":"2026-03-15T13:41:43.884Z","level":"INFO","message":"GET /","data":{"status":304,"duration":"1ms","ip":"::1"}}
{"timestamp":"2026-03-15T13:41:46.691Z","level":"INFO","message":"GET /me","data":{"status":304,"duration":"18ms","ip":"::1"}}
{"timestamp":"2026-03-15T13:41:46.729Z","level":"INFO","message":"GET /","data":{"status":304,"duration":"2ms","ip":"::1"}}
{"timestamp":"2026-03-15T13:41:46.735Z","level":"INFO","message":"GET /","data":{"status":304,"duration":"1ms","ip":"::1"}}
{"timestamp":"2026-03-15T13:41:51.133Z","level":"INFO","message":"GET /","data":{"status":304,"duration":"30ms","ip":"::1"}}
{"timestamp":"2026-03-15T13:41:54.161Z","level":"INFO","message":"GET /","data":{"status":304,"duration":"48ms","ip":"::1"}}
{"timestamp":"2026-03-15T13:41:58.331Z","level":"INFO","message":"GET /","data":{"status":304,"duration":"67ms","ip":"::1"}}
{"timestamp":"2026-03-15T13:42:01.208Z","level":"INFO","message":"GET /dashboard","data":{"status":200,"duration":"92ms","ip":"::1"}}
{"timestamp":"2026-03-15T13:42:09.517Z","level":"INFO","message":"GET /","data":{"status":304,"duration":"1ms","ip":"::1"}}
{"timestamp":"2026-03-15T13:42:09.525Z","level":"INFO","message":"GET /","data":{"status":304,"duration":"1ms","ip":"::1"}}
{"timestamp":"2026-03-15T13:49:48.924Z","level":"INFO","message":"GET /me","data":{"status":304,"duration":"349ms","ip":"::1"}}
{"timestamp":"2026-03-15T13:49:49.326Z","level":"INFO","message":"GET /","data":{"status":304,"duration":"307ms","ip":"::1"}}
{"timestamp":"2026-03-15T13:49:49.334Z","level":"INFO","message":"GET /","data":{"status":304,"duration":"306ms","ip":"::1"}}
{"timestamp":"2026-03-15T14:09:48.791Z","level":"INFO","message":"POST /refresh","data":{"status":200,"duration":"32ms","ip":"::1"}}
{"timestamp":"2026-03-15T14:29:48.865Z","level":"INFO","message":"POST /refresh","data":{"status":200,"duration":"36ms","ip":"::1"}}
{"timestamp":"2026-03-15T14:45:35.577Z","level":"INFO","message":"GET /","data":{"status":304,"duration":"157ms","ip":"::1"}}
{"timestamp":"2026-03-15T14:45:36.215Z","level":"INFO","message":"GET /","data":{"status":304,"duration":"76ms","ip":"::1"}}
{"timestamp":"2026-03-15T14:45:40.113Z","level":"INFO","message":"GET /","data":{"status":304,"duration":"1ms","ip":"::1"}}
{"timestamp":"2026-03-15T14:45:42.985Z","level":"INFO","message":"GET /dashboard","data":{"status":200,"duration":"74ms","ip":"::1"}}
{"timestamp":"2026-03-15T14:45:55.775Z","level":"INFO","message":"GET /me","data":{"status":304,"duration":"26ms","ip":"::1"}}
{"timestamp":"2026-03-15T14:45:55.981Z","level":"INFO","message":"GET /","data":{"status":304,"duration":"64ms","ip":"::1"}}
{"timestamp":"2026-03-15T14:45:55.992Z","level":"INFO","message":"GET /","data":{"status":304,"duration":"51ms","ip":"::1"}}
{"timestamp":"2026-03-15T14:45:58.280Z","level":"INFO","message":"GET /me","data":{"status":304,"duration":"30ms","ip":"::1"}}
{"timestamp":"2026-03-15T14:45:58.346Z","level":"INFO","message":"GET /","data":{"status":304,"duration":"1ms","ip":"::1"}}
{"timestamp":"2026-03-15T14:45:58.349Z","level":"INFO","message":"GET /","data":{"status":304,"duration":"1ms","ip":"::1"}}
{"timestamp":"2026-03-15T14:46:00.934Z","level":"INFO","message":"GET /me","data":{"status":304,"duration":"23ms","ip":"::1"}}
{"timestamp":"2026-03-15T14:46:00.961Z","level":"INFO","message":"GET /","data":{"status":304,"duration":"1ms","ip":"::1"}}
{"timestamp":"2026-03-15T14:46:00.964Z","level":"INFO","message":"GET /","data":{"status":304,"duration":"1ms","ip":"::1"}}
{"timestamp":"2026-03-15T14:46:02.895Z","level":"INFO","message":"GET /me","data":{"status":304,"duration":"16ms","ip":"::1"}}
{"timestamp":"2026-03-15T14:46:02.922Z","level":"INFO","message":"GET /","data":{"status":304,"duration":"1ms","ip":"::1"}}
{"timestamp":"2026-03-15T14:46:02.934Z","level":"INFO","message":"GET /","data":{"status":304,"duration":"6ms","ip":"::1"}}
{"timestamp":"2026-03-15T14:46:06.791Z","level":"INFO","message":"GET /me","data":{"status":304,"duration":"16ms","ip":"::1"}}
{"timestamp":"2026-03-15T14:46:06.825Z","level":"INFO","message":"GET /","data":{"status":304,"duration":"1ms","ip":"::1"}}
{"timestamp":"2026-03-15T14:46:06.829Z","level":"INFO","message":"GET /","data":{"status":304,"duration":"2ms","ip":"::1"}}
{"timestamp":"2026-03-15T14:46:50.015Z","level":"INFO","message":"GET /","data":{"status":304,"duration":"7ms","ip":"::1"}}
{"timestamp":"2026-03-15T14:46:51.054Z","level":"INFO","message":"GET /","data":{"status":304,"duration":"1ms","ip":"::1"}}
{"timestamp":"2026-03-15T14:46:52.114Z","level":"INFO","message":"GET /","data":{"status":304,"duration":"79ms","ip":"::1"}}
{"timestamp":"2026-03-15T14:46:53.085Z","level":"INFO","message":"GET /dashboard","data":{"status":200,"duration":"87ms","ip":"::1"}}
{"timestamp":"2026-03-15T14:47:05.491Z","level":"INFO","message":"GET /","data":{"status":304,"duration":"2ms","ip":"::1"}}
{"timestamp":"2026-03-15T14:47:05.495Z","level":"INFO","message":"GET /","data":{"status":304,"duration":"0ms","ip":"::1"}}
{"timestamp":"2026-03-15T14:47:07.440Z","level":"INFO","message":"POST /logout","data":{"status":200,"duration":"2ms","ip":"::1"}}
{"timestamp":"2026-03-15T14:47:07.467Z","level":"INFO","message":"GET /me","data":{"status":401,"duration":"18ms","ip":"::1"}}
{"timestamp":"2026-03-15T14:47:09.492Z","level":"INFO","message":"GET /me","data":{"status":401,"duration":"3ms","ip":"::1"}}
{"timestamp":"2026-03-15T14:47:13.507Z","level":"INFO","message":"GET /me","data":{"status":401,"duration":"6ms","ip":"::1"}}
{"timestamp":"2026-03-15T14:47:21.527Z","level":"INFO","message":"GET /me","data":{"status":401,"duration":"6ms","ip":"::1"}}
{"timestamp":"2026-03-15T15:53:05.762Z","level":"INFO","message":"POST /login","data":{"status":200,"duration":"508ms","ip":"::1"}}
{"timestamp":"2026-03-15T15:53:06.074Z","level":"INFO","message":"GET /","data":{"status":304,"duration":"37ms","ip":"::1"}}
{"timestamp":"2026-03-15T15:53:06.082Z","level":"INFO","message":"GET /","data":{"status":304,"duration":"31ms","ip":"::1"}}
{"timestamp":"2026-03-15T15:53:12.382Z","level":"INFO","message":"GET /","data":{"status":304,"duration":"32ms","ip":"::1"}}
{"timestamp":"2026-03-15T15:53:14.785Z","level":"INFO","message":"GET /","data":{"status":304,"duration":"39ms","ip":"::1"}}
{"timestamp":"2026-03-15T15:53:15.757Z","level":"INFO","message":"GET /","data":{"status":304,"duration":"38ms","ip":"::1"}}
{"timestamp":"2026-03-15T15:53:16.551Z","level":"INFO","message":"GET /dashboard","data":{"status":200,"duration":"40ms","ip":"::1"}}
{"timestamp":"2026-03-15T15:53:23.705Z","level":"INFO","message":"GET /","data":{"status":304,"duration":"1ms","ip":"::1"}}
{"timestamp":"2026-03-15T15:53:23.707Z","level":"INFO","message":"GET /","data":{"status":304,"duration":"0ms","ip":"::1"}}
{"timestamp":"2026-03-15T15:53:27.984Z","level":"INFO","message":"GET /","data":{"status":304,"duration":"2ms","ip":"::1"}}
{"timestamp":"2026-03-15T15:53:30.375Z","level":"INFO","message":"GET /","data":{"status":304,"duration":"1ms","ip":"::1"}}
{"timestamp":"2026-03-15T15:53:35.753Z","level":"INFO","message":"GET /","data":{"status":304,"duration":"1ms","ip":"::1"}}
{"timestamp":"2026-03-15T15:53:36.709Z","level":"INFO","message":"GET /dashboard","data":{"status":200,"duration":"54ms","ip":"::1"}}
{"timestamp":"2026-03-15T15:53:47.974Z","level":"INFO","message":"POST /logout","data":{"status":200,"duration":"2ms","ip":"::1"}}
{"timestamp":"2026-03-15T15:58:40.151Z","level":"INFO","message":"POST /login","data":{"status":200,"duration":"548ms","ip":"::1"}}
{"timestamp":"2026-03-15T15:58:40.277Z","level":"INFO","message":"GET /","data":{"status":304,"duration":"49ms","ip":"::1"}}
{"timestamp":"2026-03-15T15:58:40.309Z","level":"INFO","message":"GET /","data":{"status":304,"duration":"52ms","ip":"::1"}}
{"timestamp":"2026-03-15T15:58:42.799Z","level":"INFO","message":"GET /","data":{"status":304,"duration":"36ms","ip":"::1"}}
{"timestamp":"2026-03-15T16:04:41.788Z","level":"INFO","message":"GET /me","data":{"status":304,"duration":"35ms","ip":"::1"}}
{"timestamp":"2026-03-15T16:04:41.944Z","level":"INFO","message":"GET /","data":{"status":304,"duration":"34ms","ip":"::1"}}
{"timestamp":"2026-03-15T16:04:50.566Z","level":"INFO","message":"GET /me","data":{"status":304,"duration":"25ms","ip":"::1"}}
{"timestamp":"2026-03-15T16:04:50.603Z","level":"INFO","message":"GET /","data":{"status":304,"duration":"0ms","ip":"::1"}}
{"timestamp":"2026-03-15T16:10:47.898Z","level":"INFO","message":"POST /logout","data":{"status":200,"duration":"6ms","ip":"::1"}}
{"timestamp":"2026-03-15T16:10:47.911Z","level":"INFO","message":"GET /me","data":{"status":401,"duration":"5ms","ip":"::1"}}
{"timestamp":"2026-03-15T16:10:49.928Z","level":"INFO","message":"GET /me","data":{"status":401,"duration":"2ms","ip":"::1"}}
{"timestamp":"2026-03-15T16:17:05.710Z","level":"INFO","message":"POST /login","data":{"status":200,"duration":"446ms","ip":"::1"}}
{"timestamp":"2026-03-15T16:17:05.800Z","level":"INFO","message":"GET /","data":{"status":304,"duration":"44ms","ip":"::1"}}
{"timestamp":"2026-03-15T16:17:05.810Z","level":"INFO","message":"GET /","data":{"status":304,"duration":"37ms","ip":"::1"}}
{"timestamp":"2026-03-15T16:17:10.035Z","level":"INFO","message":"GET /","data":{"status":304,"duration":"30ms","ip":"::1"}}
{"timestamp":"2026-03-15T16:17:13.143Z","level":"INFO","message":"GET /","data":{"status":304,"duration":"51ms","ip":"::1"}}
{"timestamp":"2026-03-15T16:17:17.021Z","level":"INFO","message":"GET /","data":{"status":304,"duration":"46ms","ip":"::1"}}
{"timestamp":"2026-03-15T16:17:21.290Z","level":"INFO","message":"GET /dashboard","data":{"status":200,"duration":"45ms","ip":"::1"}}
{"timestamp":"2026-03-15T16:17:39.426Z","level":"INFO","message":"GET /me","data":{"status":304,"duration":"16ms","ip":"::1"}}
{"timestamp":"2026-03-15T16:17:39.495Z","level":"INFO","message":"GET /","data":{"status":304,"duration":"5ms","ip":"::1"}}
{"timestamp":"2026-03-15T16:17:39.498Z","level":"INFO","message":"GET /","data":{"status":304,"duration":"0ms","ip":"::1"}}
{"timestamp":"2026-03-15T16:17:43.307Z","level":"INFO","message":"GET /","data":{"status":304,"duration":"2ms","ip":"::1"}}
{"timestamp":"2026-03-15T16:17:44.300Z","level":"INFO","message":"GET /","data":{"status":304,"duration":"1ms","ip":"::1"}}
{"timestamp":"2026-03-15T16:17:45.399Z","level":"INFO","message":"GET /","data":{"status":304,"duration":"1ms","ip":"::1"}}
{"timestamp":"2026-03-15T16:17:47.174Z","level":"INFO","message":"GET /dashboard","data":{"status":200,"duration":"142ms","ip":"::1"}}
{"timestamp":"2026-03-15T16:17:53.994Z","level":"INFO","message":"POST /logout","data":{"status":200,"duration":"1ms","ip":"::1"}}
{"timestamp":"2026-03-15T16:17:54.001Z","level":"INFO","message":"GET /me","data":{"status":401,"duration":"2ms","ip":"::1"}}
{"timestamp":"2026-03-15T16:17:56.033Z","level":"INFO","message":"GET /me","data":{"status":401,"duration":"5ms","ip":"::1"}}
{"timestamp":"2026-03-15T16:18:00.682Z","level":"INFO","message":"GET /me","data":{"status":401,"duration":"2ms","ip":"::1"}}
{"timestamp":"2026-03-15T16:18:09.693Z","level":"INFO","message":"GET /me","data":{"status":401,"duration":"1ms","ip":"::1"}}
{"timestamp":"2026-03-15T18:41:48.334Z","level":"INFO","message":"Graceful shutdown initiated"}
{"timestamp":"2026-03-15T18:41:48.387Z","level":"INFO","message":"HTTP server closed"}
{"timestamp":"2026-03-15T18:41:48.512Z","level":"INFO","message":"Database disconnected"}
